12600
156704
32488
156532
43920
123288
25552
48700
21652
115944
99972
187760
65960
150912
203136
9520
5944
37972
23016
106640
22696
54744
84724
94684
71232
124232
112536
151576
23660
140540
147752
57272
96044
47756
127388
178100
204608
44064
123000
57864
89752
144656
26024
94744
69484
88424
65920
130448
164600
56884
120968
203588
120184
99256
17444
182212
120944
182072
33936
33484
12188
191728
91748
119400
87952
159832
135140
179536
39656
47388
190048
110152
162496
170020
135944
157616
160124
170588
143584
145144
69900
85928
170808
86304
86064
178844
88664
142432
91504
203224
56764
35688
13352
117572
52004
178928
155448
42064
19164
116176
146972
35200
167664
28560
202120
148748
202516
80740
37036
111404
103824
64152
150368
127592
9888
85008
9008
82736
163368
22296
103008
84664
138212
135424
142824
36076
138760
161444
163872
149672
109696
76432
102756
93200
50560
82248
76488
119816
159444
116792
24412
19416
88888
138400
119776
62376
49648
49856
189892
195936
164592
105056
180824
9432
185680
37152
109412
46192
109312
24100
88228
199444
74216
80092
108028
83752
100260
157008
173088
944
98504
35344
41896
188992
88576
31000
7048
60480
37616
168872
110532
62620
72512
87920
47260
39352
68208
193048
43176
19440
189824
167488
12028
196184
152928
74760
164640
54632
17144
174188
165484
204532
71040
152380
14692
71336
153796
56680
157000
168552
89116
150052
84792
29544
130884
114328
150552
114424
16080
166160
76700
16256
48072
200648
128264
23448
130264
143716
72804
35192
177208
85864
42944
196488
79736
96912
80600
129216
186768
149624
199992
106456
68140
41224
20496
13520
25148
151600
19592
53104
10872
61848
146388
77012
25456
178328
122148
60820
155388
94492
52988
34904
191588
81500
109220
145572
83752
43256
177644
184692
144888
71284
80292
89112
204760
24464
37648
116952
115448
199828
116664
166864
194948
123432
193680
16604
110792
184860
200488
153428
128776
73992
125280
44544
140508
178824
160552
97912
202292
95664
45204
46704
47792
25864
60856
2508
68260
6388
56664
12632
201424
86956
189712
29368
48600
111048
165224
42776
145704
133028
59800
22156
109380
159572
111304
34984
161124
13348
103000
183536
98864
82008
46568
116856
175988
44488
98536
23320
3276
28984
4788
175784
142024
83424
94600
119992
34184
125032
17376
137204
27680
173264
125608
92664
113384
150416
43968
163556
38996
78892
156640
202680
8432
171136
138204
162584
45020
190104
56176
205264
106544
62656
21296
34760
58808
79896
5252
181240
160304
196740
121220
57616
125440
75256
108564
47836
110568
188500
168140
157912
27384
76708
33228
41040
121456
47456
78912
136544
52716
146816
110344
69280
16752
7264
46140
26204
132584
204836
202736
33956
181696
78544
33072
159628
40944
54312
35424
67764
24760
137920
118736
136256
26924
151304
172708
79080
172236
150944
45064
179912
35952
41568
136424
40740
151192
103872
25816
157544
188536
3112
48392
205072
15936
71528
138160
161536
52744
149048
40448
3208
149512
205784
154656
198564
201592
68788
95120
162832
55164
26492
13676
1004
95856
34360
117328
13716
57736
111016
118864
3400
112080
79472
43176
68536
153128
199320
4700
174008
84940
23040
163816
200712
113288
112992
127116
12764
154128
38300
44804
16916
30588
176880
174172
112908
186272
110908
148248
170892
64488
127252
79020
149640
49432
41604
179480
110040
8296
3304
31428
83968
119852
192224
139880
62320
117728
129944
103628
53048
166704
96108
173292
66788
109328
3868
103872
186112
111396
84256
19496
160416
41320
182480
76736
133032
1304
147592
146376
76280
186720
188476
5092
169032
197828
174620
22264
101064
113856
44872
154964
155264
162476
104324
121912
203876
51324
76328
5528
77392
147504
3696
43256
126692
19420
27552
85464
89132
25248
69844
155240
4600
13272
156484
131768
70336
4104
141188
177096
90272
6464
190632
154328
135268
126948
163064
52744
197212
187832
66488
87472
35952
8264
157872
23764
91664
191140
167452
82736
133208
31384
130488
114744
13904
3480
57520
4136
27968
107244
87800
51624
94964
69116
8852
185088
203024
101728
197736
32592
105920
187564
194736
153272
86160
84668
44756
80084
159684
85856
7120
54144
155936
192400
66264
42560
101768
10280
179732
47608
56400
102912
41228
26024
55776
116892
102580
133296
136084
185976
170104
30632
72292
88216
198432
11588
27224
3064
15784
29716
109752
10924
115400
196980
29108
123528
57280
66696
144408
46668
123992
74296
150968
56840
61952
176688
203512
126940
182416
96832
105364
125884
66696
126520
116244
85800
156944
97096
50040
62816
44644
4176
6968
23992
166800
96852
16100
112400
111032
11312
99852
81424
33820
110048
81440
93296
35884
73204
29792
30088
93124
179064
56024
135856
119400
96428
136104
126000
76348
26352
121488
5236
136112
39264
2576
137024
176792
170016
156100
95940
60644
16740
11312
38280
191008
185632
10236
187376
87428
12920
138128
124788
21776
78340
120288
78328
175956
32400
112328
110672
100444
39656
188136
40784
122732
73784
124880
109452
90904
15884
56624
67176
182648
127160
5240
1264
189648
133976
80532
167316
167760
194400
185960
47260
83488
118516
203984
77924
119528
136544
111540
100384
94952
178884
178384
26260
73148
157172
72932
71356
195384
63004
128876
77376
169144
83048
85388
9528
168344
205384
5480
124084
52904
103040
122680
4512
116960
10888
195992
112500
67512
100280
75724
112496
61608
78984
205080
82304
89952
34812
44232
103476
86584
128292
148248
29360
155056
147136
134068
57368
195796
38408
94296
1656
170264
157384
184392
160440
95552
90252
169208
11168
172216
139064
32520
119528
136400
624
158516
180776
100264
179824
110176
38976
116224
37080
76500
90908
103832
73720
115788
93864
63792
102476
21436
7332
154616
62524
75136
14756
129408
81540
178112
73048
720
164064
90504
46072
179084
4464
114336
146968
65488
145840
16600
75648
150384
30644
60160
75184
7684
138640
80672
23640
112320
49936
57824
200792
85288
43280
198396
52880
50080
127520
53768
37660
180148
196856
33384
187312
184604
157140
127816
68336
183440
6320
3820
160616
193572
152916
24424
58928
99744
108376
160912
117096
197372
156268
45144
80584
74180
22880
14776
96896
30928
170976
17344
113040
134792
162256
138080
173096
77332
120804
31124
92152
66224
151168
190208
197536
177528
40772
76760
177552
26016
64664
160936
187984
105112
87080
10396
28392
58044
33344
94580
129152
174808
161844
65316
155848
145628
93236
147636
1676
121440
180732
47308
10100
183352
50372
159832
43376
168468
161692
102392
6112
82904
199776
175496
6064
167452
130392
167444
71736
8156
11140
64628
88380
102264
55904
