22348
175932
112928
190868
27784
153128
191052
145068
163464
124480
97328
170476
160224
130572
46128
140504
199136
140336
133472
79164
176424
29344
99996
92708
63196
155032
4424
204176
106300
176620
187352
93092
82644
74896
202256
61772
49064
196656
24048
104744
161492
174736
145296
58864
146884
128352
153964
196448
123628
72928
14612
80280
59972
139396
154356
179632
181460
198032
49920
176040
22264
47616
50188
91992
96016
201808
175508
24796
159840
116292
3092
93800
108800
66792
169568
81776
155152
11732
136976
184296
152152
9760
166024
68160
64696
56848
72524
143480
11360
200600
50124
166800
27620
38276
35148
126408
25520
98592
14920
180184
108860
98856
32584
40012
66224
76600
6424
162972
59144
6556
190328
184356
84816
191328
123108
44500
32056
100424
184992
68688
171464
5872
115544
101512
191768
198880
45896
128984
125012
86280
46196
17024
37104
182272
49048
186260
179904
25460
40448
24608
122204
191904
128900
186476
10700
195720
175452
15744
196492
29008
32568
150384
128876
28936
80992
118168
151804
18880
15888
142248
113648
28696
110864
61544
67532
51232
19800
61208
61368
99764
173252
13432
180716
87240
6440
80972
102808
172240
130728
202224
157852
70512
11176
76296
51412
23240
120240
154204
145952
75804
118400
110936
480
156268
186108
21472
97700
66004
151196
127580
23744
31128
29516
71208
48624
92016
114136
73204
504
21464
135128
5988
110324
99496
137544
52472
190048
108144
132432
156048
184096
182060
146280
90368
83680
37624
177764
23924
4936
27812
65980
132264
51560
121816
192808
145764
139560
47432
159824
67956
43752
8400
59972
72464
26364
47640
48744
191208
59800
152972
151400
74216
53240
204908
130080
38584
128400
18296
128364
201064
59192
205064
32500
138336
7068
11584
146804
192472
24120
57544
85544
77688
38496
148792
118220
22632
63104
111804
30924
95728
76088
185664
137508
71228
136972
74968
133208
24028
187760
194336
7680
75884
100120
104248
149216
112992
43104
120512
127280
170016
77256
78532
74624
19080
80652
200
38444
102120
152764
134352
197816
94528
125800
193504
191392
112596
183732
187264
45552
18136
193028
204568
127628
204736
153248
108984
132280
131272
189292
204832
93208
48032
37136
125572
134800
124284
144040
106244
97204
150280
3744
14480
76780
10932
176856
113900
132476
167960
127252
173928
200344
100948
160908
54512
111856
121968
19336
47000
143940
172524
145896
178980
140140
5016
32976
64556
101512
116096
79488
139944
88056
15948
126892
123072
50696
187288
76384
47856
123384
8256
88056
136400
139320
51040
189748
116636
129852
194136
97576
7464
172056
120792
111888
124664
85188
21144
176892
25680
47836
34700
28528
144080
145636
167848
190336
62736
123868
46116
165884
51256
49672
29368
168204
27360
54492
167548
50232
99320
76488
172252
148752
139076
28896
172452
161084
72292
87656
82660
147964
197448
78012
27536
8552
112556
128772
54276
50080
114676
125632
149020
47160
133396
137208
14128
36536
64584
169452
36412
8812
79404
184272
23148
123076
28348
179652
18388
40448
10068
29652
183600
20032
376
124084
146376
122732
202764
30336
159176
159748
204120
124712
138136
24252
54060
130704
165988
168604
109440
123936
174736
3428
88904
1116
130760
155048
146176
90440
75544
198544
86848
134228
116276
50976
152072
148736
140180
144916
114924
183832
148516
129488
109168
14912
175992
71304
145160
114264
74896
196212
85120
205488
182576
55800
113288
30476
62204
153864
196416
83020
45672
136452
199856
141820
93308
68744
190952
148168
74816
138120
120952
30232
107032
168992
77332
134452
122032
41592
76644
102568
161456
143832
174852
116452
176648
65648
93396
89132
6904
11412
146840
100536
153364
58296
202788
134816
126928
88060
122604
149744
122536
44192
36484
173208
126536
56524
2228
30196
152804
77576
89976
38816
30440
15856
4864
4960
181600
16152
132072
128128
163364
10372
21044
116344
113496
45800
108512
124084
29568
104584
15056
7960
155328
94528
44596
116892
98480
168488
41564
104776
141096
199544
176352
1384
115096
3352
80984
49208
122632
179500
79680
28400
117704
2768
111600
139544
164668
57284
90948
49280
32848
93348
197744
20616
155608
190284
76064
118732
125624
38276
204104
175944
69576
98032
75136
204592
32000
72928
143760
48400
36588
89324
153548
11604
79616
27048
144752
1644
32568
135560
74160
191484
167848
11940
27280
105944
6376
113792
17904
159688
114376
3656
146416
91472
30168
168964
99248
171520
21552
171616
199752
40412
67376
185256
116292
22404
59220
102836
116316
186192
175016
201528
142688
144180
61492
3056
156072
9208
113508
140032
122716
147860
180144
177936
199032
145160
18408
64088
105172
182520
125572
21824
103032
94776
58032
166640
94340
141180
74664
24460
77376
178300
125440
53380
129320
45716
169408
190424
57660
124200
168472
10400
187296
129376
35464
35072
133644
45808
139056
138840
109812
31048
185708
148280
181432
107288
166200
24256
170888
171556
149684
184384
136448
114528
147200
189680
28468
171700
130448
61624
87580
54888
178020
168676
169000
76988
15440
62616
192008
149704
193796
6736
84012
60480
50152
29652
202088
6308
42020
36588
176972
51416
107280
131896
49152
162624
201248
164768
201052
108896
3328
113104
41080
53856
52776
112832
186056
100608
50232
108064
54152
23568
95612
191584
160744
130268
191392
152224
194064
163432
61608
154172
106456
60476
190664
15192
40404
109596
148432
28068
139664
194672
56584
204696
183648
200476
17244
40456
104752
31892
77360
2700
78184
89288
70804
62328
15760
29952
58428
161256
40384
160224
93856
1260
112200
201708
30856
169352
187552
188432
171044
117460
115016
81052
154632
178784
15056
193608
200960
28632
159548
44516
38920
173264
60144
182952
44704
102860
102992
94344
136892
92912
92776
19496
115444
106696
96104
201764
88424
85272
7584
44704
143336
32924
146192
170696
168604
60768
122248
178472
18760
31616
127164
35484
90460
204808
61984
172808
50200
56840
8676
176892
94384
171188
145144
4992
8688
54768
122120
127076
8016
59380
105220
182724
50952
72888
4052
178964
181508
65960
119568
123304
23824
86364
151952
36224
190024
74784
203160
166240
25968
163416
96632
60452
17904
189780
45448
8
175328
131516
2724
180400
57196
162568
113984
104860
195592
4176
28948
161876
77332
182428
93632
31164
55656
109888
126824
7776
90480
154676
40444
96104
18016
126092
68364
73984
204952
127148
115392
125704
98112
88244
123152
80744
99376
34784
135424
173204
