189044
98620
202896
53096
92676
33848
146652
173784
8072
90896
107280
31712
195904
3480
56124
29592
43480
142696
101608
190664
177852
131496
39252
102072
94148
33432
25200
199516
187792
32240
27428
155864
135720
173252
108612
114908
55384
202632
6972
122848
80128
52856
78308
203612
45552
174024
8408
138352
81816
8264
28616
161160
90960
184624
16856
188296
144160
132360
192056
18404
188188
5336
11584
201520
63156
35768
15104
27680
90808
47404
134104
158080
116764
68968
35276
178248
174128
28504
161464
29116
29568
107560
185800
138948
149512
