28888
119396
29360
7988
85348
36072
96016
139788
189264
130224
95640
160532
153552
117552
10064
157940
122164
71456
70840
60548
4668
80704
41512
159968
58112
174532
948
32988
161144
63980
8572
185364
143076
23860
46372
190092
151104
23944
95560
135740
141024
57996
88088
172368
129368
18296
6752
34972
95736
15092
80876
136104
158280
96996
109400
110024
84640
71804
129064
133568
28984
20352
22196
73996
101232
160936
64840
127336
33756
24712
15696
83680
73104
135392
192152
31492
14872
180668
64576
73048
960
164936
93492
193744
187564
181484
62288
144312
26780
130440
45592
47836
37264
191072
161256
160044
7448
67300
81328
85304
14504
72120
11604
184604
43956
28752
12672
149360
73872
74232
178980
127920
109312
165456
197832
16940
184300
112120
199420
30788
11236
21780
169708
9404
154872
101132
52372
175832
98936
112220
72592
183248
199688
104160
116152
187408
42800
31112
166932
168680
187844
101192
18224
13128
6592
78496
53504
61264
64672
192504
81768
112688
93740
42064
79576
103376
180392
756
22312
14624
130192
52392
203876
186052
109764
166824
34688
203328
192768
28888
17180
204664
67440
156736
157576
114140
29784
178744
123092
17696
189264
7076
176080
68272
54232
80944
155224
59796
145656
45244
70624
141220
198848
61372
1888
123400
122288
5800
173284
96272
134772
121992
139040
17056
71324
36952
19800
153656
33468
129152
28152
46740
127560
77332
4896
148336
12140
35344
141992
80876
118488
85564
74296
153592
122308
115600
3680
81256
28292
92024
197184
94440
56836
2928
62620
41592
178568
61624
141732
13624
8356
11604
191984
161852
99132
2108
201688
148844
17608
13404
175632
13720
197408
85352
200096
14140
63736
195920
110040
203648
63480
182284
64064
176036
76128
196808
120792
153736
196028
40656
114560
150928
78744
119720
197792
21608
148824
108764
43224
25616
49480
130392
168008
173864
100144
114416
79472
54144
109968
85344
200992
76656
83232
142984
17604
69400
32808
204368
8520
83064
167320
100296
23456
151952
93760
135764
19120
166136
149416
9416
126660
99744
14724
97204
12304
113648
196872
147128
47520
147224
76744
189176
139780
165872
181152
158784
181664
72496
108196
149504
21296
25648
167580
62936
38764
177680
37000
161120
22904
163728
3184
44056
102076
31252
163256
41208
197540
58916
63456
61976
109584
121080
116268
97904
180080
172552
71456
105944
145448
29592
1260
164292
22208
31892
100408
67964
2332
136136
26992
96852
144424
53556
59792
44080
113632
52884
55308
96844
167920
89008
134768
51976
148680
171776
106772
24484
144272
59560
118752
181312
199920
149584
163512
180344
60820
3588
104744
157984
45040
97960
111036
56500
94952
137920
80020
155888
186856
145904
4640
199928
167400
133748
52024
8064
131944
37584
59972
188928
42136
57480
100260
71604
99256
187056
153032
136424
168328
105920
148792
70560
175256
86968
60832
160832
183088
158448
65960
17680
15084
40560
46908
85308
12524
181984
106056
136388
110464
29316
125264
199688
70872
39160
33744
189664
96748
53540
72976
182472
149836
150936
24312
68388
73932
83624
194952
122376
80564
122696
49208
201520
201788
40104
148396
113060
115856
74848
3944
135348
12636
1832
170880
83008
200648
143444
173176
29628
116536
31124
163032
64828
202652
7632
175072
109424
123712
22528
142212
76972
58192
94408
94904
151024
197388
196460
205688
31848
47780
121888
100824
17128
56580
175748
205784
78612
177884
153424
186816
17552
164960
148772
180504
152220
94832
15888
45304
55872
172512
204736
80184
162972
159956
194468
93856
40016
154124
104404
40356
8320
183652
74552
167888
110692
131160
109168
163240
20052
141308
118648
190880
71456
127760
185996
16344
201992
191240
160472
143336
84272
151672
64040
114184
113544
1024
193264
175256
150816
102664
139036
25560
9624
55712
152672
7320
30048
5568
139284
114560
159716
3344
144788
120792
13808
179112
81448
109864
186728
13192
73960
184300
70112
76456
16688
72776
81832
205052
120320
88520
48916
154224
10792
49584
9680
206032
16320
71424
116008
147384
145972
59120
137512
69844
190000
155632
186536
164824
141912
5452
81412
93648
62024
122288
202936
46264
23508
126624
20052
141728
67760
27624
30584
95400
3184
135652
194580
127240
1564
21508
203200
80572
170592
131896
13376
9848
63896
93612
13496
15788
10288
344
76056
123024
79232
149488
164104
37792
206168
169848
94184
190376
182560
12080
87032
1384
149308
31456
138400
116872
90700
168288
25960
29576
2312
191072
58360
90188
45784
176432
55292
157648
109600
115380
160744
182736
135152
77380
157936
110860
22112
24236
62580
93696
52108
93348
115164
30292
25288
30472
40564
42984
119288
31816
48888
95712
3976
23152
137768
146972
62704
58808
160352
69896
197596
93240
125384
129128
93740
163272
83408
204344
121972
59728
105336
193436
147576
149960
118640
12400
191312
150872
106532
163672
181984
192628
21464
54208
81576
169312
124328
202840
97472
48492
78904
139036
196824
20440
179008
6960
82752
75828
157048
133288
78040
163364
199032
193144
171112
93148
7144
67656
132968
133008
136640
99648
25864
28332
7792
173476
95848
68832
103064
53904
192056
72220
83180
12744
186728
116132
123632
44988
79588
137840
86636
3612
38976
151672
123684
188352
91144
70240
4104
193972
115656
57864
142624
73828
69476
185536
182012
189936
67316
120500
164680
97412
34128
86460
142716
38464
203224
117600
181984
43520
121792
82716
100708
4568
106208
182144
76316
52832
139188
56400
30928
60376
152256
142808
142836
79824
173432
105220
4048
127656
179760
34232
201024
92068
193672
84368
131776
31132
32748
103732
169360
193088
98592
90928
124808
202112
130652
134104
55000
48536
192652
58080
117808
38064
5164
121932
163760
94400
47856
86976
72208
96104
158412
67376
109820
188476
61244
86992
31352
94504
32576
82496
115348
48208
162344
166896
195504
130432
124368
23840
63980
8808
188432
114732
200896
169280
10056
71232
29736
72704
82816
47384
65524
80672
95152
199912
2224
107936
116760
151004
139848
4176
102824
195784
52888
173928
111544
141792
45272
22544
54452
3040
113664
158496
117360
91680
115712
168668
45288
200280
191060
159744
103740
144640
183056
152236
37576
135616
200600
167432
74768
157312
41024
30908
99480
104840
24988
85312
8852
86392
135152
196276
48616
151028
15432
86780
32680
