153732
118988
45664
102992
151280
45144
99220
45840
176232
120184
98472
42968
61832
4600
179088
159000
160376
198016
49408
26064
45224
89060
114336
140040
204744
684
110300
105828
129544
65260
28184
118848
67256
14160
161376
126688
67088
134208
101684
78572
76224
66360
124704
33064
58080
14900
36720
22952
9072
18000
165584
103296
47680
2488
193148
66512
56128
165844
87200
73920
85232
104600
73720
38440
160568
133256
199000
42312
93000
123868
129592
34376
1168
147048
150560
55168
66528
77148
94388
70984
37792
189012
53932
32648
99072
124784
12880
74240
101612
87864
191536
25044
19600
13648
67440
201676
74820
158992
131616
189760
84152
86308
15948
56680
187468
116756
138880
71528
46596
156360
96440
95080
98320
178788
128576
67336
110400
159008
104568
65568
64976
26736
104992
143292
49900
108720
143152
55656
78124
167528
195636
118560
4912
178824
163872
13732
54144
124080
106008
76008
68104
96276
151720
22576
48360
53168
36992
80520
101068
99036
129216
79424
89080
18120
185352
27192
197744
171288
182516
7832
31048
8832
67380
25732
135864
23448
109728
114292
54732
90736
132544
93880
103708
29316
121004
122048
163672
64728
101592
184024
200192
20504
113768
82624
117552
78080
22652
130572
180408
67468
20880
187268
6960
132696
99336
142352
43384
151900
168728
84588
33928
127112
143940
184924
29928
171820
21992
178776
110568
34512
86384
109312
27944
83680
42376
178192
99984
203360
90528
115576
33280
158664
68648
37152
85656
143848
82888
113236
19580
146060
196024
197556
46472
117488
130384
27120
38312
944
37152
113676
176232
177140
18876
32244
137564
120328
58880
191764
197336
165856
96192
90156
104812
65544
71864
161952
148016
41836
74824
27728
55776
88016
6640
38192
155640
132544
134864
155400
18096
105384
95808
188628
39152
69656
189672
160516
162776
46208
54752
84656
167280
129628
9504
191536
31088
111448
143544
67196
79700
11268
189352
5996
45680
139392
189780
148892
17296
16440
54584
106224
174184
129120
82360
183120
996
92752
123304
117616
53672
66564
85912
158864
184304
33564
66120
179612
173800
84232
146872
13400
187620
11872
185664
201692
198392
136424
56868
180880
118520
9568
50496
67200
202128
6416
43540
11152
164788
197564
22148
174776
72880
58696
158872
28412
16904
3208
146328
52600
180216
62280
104396
187100
163700
189804
89972
184216
9968
203640
108496
120812
128840
123684
135272
51076
114160
164348
184248
134420
20936
107652
144212
18948
182592
187720
32788
59000
59952
144424
189080
44152
15232
1168
200208
87264
122024
55528
188112
167868
113648
136760
183416
96352
136432
146528
174840
104324
30840
87700
50584
119832
96760
148648
188300
192800
41616
88384
37092
134156
95132
133024
191848
10768
161000
146728
160908
173208
179368
127256
2228
198864
17864
22652
73440
160704
30352
53012
89132
97852
182416
164936
169560
80972
102584
4096
118444
36156
36440
92740
46408
67904
116736
35884
1304
46316
183972
3744
82016
7680
49240
82872
142632
147492
163408
31124
145620
91912
115888
3524
66560
142096
85352
46516
199848
61408
166040
166268
159912
154964
45288
1176
94388
13960
126132
107964
142860
69852
169744
191536
10888
113528
69504
197016
40448
120952
70776
3532
102860
8976
90296
139588
145432
173040
188288
84456
169416
32788
9492
77268
185956
159736
55384
108816
171584
55496
131608
171680
169840
35152
104844
176276
158160
118672
171392
108024
10392
53792
194744
70992
14776
164524
65316
171880
9404
157868
19616
96128
59116
102568
185904
188648
127604
103320
163116
176600
14712
204512
145016
30956
103696
131208
90256
125764
70132
198400
87160
51724
11160
119108
68832
36688
111800
126448
161964
203152
19716
98856
42264
188868
11044
102136
21112
109764
179552
71388
164208
50528
142032
198276
189264
87816
24712
168604
126272
87184
72860
45216
174084
40448
60704
110300
158424
198976
168328
3876
95520
112232
181832
27576
3568
141096
122188
202940
77900
47612
180920
182648
166612
69588
201544
112504
83792
108608
70960
197584
118204
188352
35464
103408
177140
65184
27996
57608
12396
116080
118488
45908
204216
168024
149104
8408
172744
21308
33672
94016
106468
191196
31904
174460
184624
40020
1960
158948
67760
44060
27620
91476
82004
26580
192808
130604
53948
99296
47304
23784
108968
48680
58444
17056
8808
4608
42728
139528
103400
187252
163616
11512
67208
92072
99844
23208
133964
58560
132352
68044
180872
32680
147980
169456
140424
103896
118144
18592
179964
96744
103336
104672
8072
132948
37964
23160
68364
59460
42840
137384
78368
51212
61912
121040
132832
104360
193832
149680
41260
97928
104104
115668
57312
193776
126144
166224
116616
182384
162200
16
115096
195880
33772
16600
201536
179712
63272
99216
122708
132960
181832
163460
76480
139036
58328
105140
72424
153664
178660
182512
41456
9064
5176
95368
162420
9424
126376
51352
145972
109504
14536
31104
40740
106368
145824
124128
56804
81520
94468
3160
125348
6428
137512
205440
187056
29104
24216
193064
70464
144420
186736
194696
173800
139640
81168
141640
142344
177464
164768
36448
64552
20192
140912
203296
147148
136312
186104
2488
78976
20640
46620
41008
34820
59696
58584
77308
195260
2952
198848
132236
114744
168864
198464
84860
174312
95224
122076
113232
62760
141500
108824
155656
21464
134716
141444
125736
11284
161880
167368
81064
58504
57708
202584
35220
22336
35412
149048
36484
203324
12800
157544
11844
197240
93808
49116
196476
95008
186208
78992
3504
201280
149688
90964
65628
69624
138760
186288
158600
42336
37776
155676
203876
102084
131204
181476
148980
60860
68652
56376
167448
11056
95132
49512
53840
113152
177888
41784
81360
97360
183424
63272
146200
18024
18528
94352
73552
166636
7364
195848
182656
36144
15744
75392
42276
14704
56476
175104
63792
128296
69984
101940
174832
144200
162828
183696
204936
71544
43184
126200
147144
39484
152456
141368
186508
10668
162772
160188
104776
172888
5112
44864
5456
2680
118872
108712
122320
120280
145480
124552
8336
4464
134896
46280
536
2228
9956
1348
134912
87744
115668
105120
8688
95560
34760
129780
112536
63928
154796
183140
118080
56764
68296
182036
187268
163136
147008
88244
180264
30060
175200
132456
138636
91520
135168
122304
31520
125248
127548
133544
61624
178768
184748
44512
138548
137080
60324
4048
45224
68988
165308
114752
104136
105496
11424
186088
190880
126764
84676
107764
187252
82232
5240
49648
131636
182736
128852
1520
68648
132240
63716
136780
129440
164168
21000
67192
11392
144916
132616
108196
36224
