19683
28431
26244
2187
19683
8748
19683
6561
6561
19683
19683
19791
6561
6561
19683
2214
279
19683
19683
19683
22869
810
19683
59049
59049
19683
19683
7290
59049
26244
19794
6561
6561
19683
28431
59049
19683
19683
19683
26244
729
28431
19683
19683
21870
21870
26244
6642
19683
19683
19683
19683
27001
26244
22680
8748
8859
19683
19683
26244
29241
7290
21870
21870
26244
26244
26244
21870
19683
59049
26244
19683
6561
19683
729
19683
26568
19683
2187
19683
21870
8748
22599
6561
729
6597
6561
6669
6561
19683
21870
8748
20691
108
19683
59049
9828
19683
6561
8856
19683
19683
28431
