8748
19683
6561
19683
28431
21870
3267
19683
19683
19683
19683
59049
9477
19683
19683
19683
8748
19683
19683
2430
26244
19683
6561
351
2430
26244
19683
6561
19683
2187
27054
19683
19683
59049
19683
6642
19683
20412
19683
28431
20412
8991
6561
6804
6561
28431
2430
59049
9099
6561
19683
26257
59049
59049
729
9720
2919
972
8748
59049
22842
243
19683
6561
19683
59049
59049
21951
59049
19683
19683
21874
6561
19683
19683
29160
59049
19683
6561
27216
2187
26244
26244
19683
19683
19683
19683
6561
21870
19683
26244
26244
19683
19683
29487
279
27055
19683
6561
972
6561
8748
19683
6561
9562
19683
8748
59049
28431
20442
19683
19683
9477
6561
26244
6561
19683
9477
26244
59049
6642
2916
19683
19683
2430
21870
19683
19684
19683
19683
59049
59049
6561
28431
59049
19683
19936
19683
19683
22194
6561
2916
19683
27297
27
26244
29412
59049
19683
26244
6804
26514
19683
59049
19683
6561
19683
729
972
19683
9477
6561
26244
19683
2430
19683
8748
26244
59049
19683
29160
59049
26244
19683
19683
59049
19683
22194
19683
29403
2187
6561
9721
26325
19683
19683
59049
19683
19683
59049
7533
2430
3162
19683
19683
59049
28431
19683
22599
6561
19683
2187
19683
59049
8748
21870
19683
26244
19683
19683
59049
59049
19683
20736
19683
59049
7563
26244
59049
21870
26244
