19683
21963
59049
26244
26244
59049
26244
8748
26244
19683
19683
26244
6561
19683
29403
26244
6561
19683
19683
26253
6642
8991
9477
59049
59049
2187
19683
26244
6561
19683
7290
26244
9756
7533
6561
2430
59049
6561
19683
9720
19683
19683
9486
28431
59049
8748
59049
19683
29160
9720
19683
19926
19683
19683
19683
8991
22599
6561
19683
19683
26244
19962
2187
59049
21951
19683
19683
6561
6561
8760
19683
19683
20655
19683
22710
6561
28431
59049
6561
6804
28431
59049
26244
19683
7371
19683
9477
6561
29160
19683
26244
59049
19683
26244
26244
19683
19683
29241
6561
21870
26244
28431
6561
8748
59049
21870
19683
26244
2272
19926
8841
20007
21870
26325
28431
26244
26244
19683
59049
19683
28431
19683
19683
8748
19683
8748
19683
9477
6561
26244
19683
19683
19683
26244
59049
19683
20043
19683
6669
26244
6561
26244
59049
19683
59049
243
6561
21870
19683
3243
59049
8748
59049
6561
19683
59049
26244
26244
6561
20412
19683
19683
