9477
19683
19683
19683
26244
26487
59049
26244
2916
19683
19683
28431
26244
19683
21870
6561
6561
28431
59049
59049
19683
19683
6804
59049
2187
59049
2187
19683
26244
7290
729
20520
19683
3240
26244
21870
21870
19683
29160
2187
59049
19683
26244
975
19683
2187
19683
8748
2916
7290
28431
6651
22599
6561
22599
9477
19683
6561
19683
22113
26244
19683
8748
2187
20655
6561
6561
59049
19683
59049
19683
19683
29160
59049
19683
19683
29160
26244
6561
729
19683
19683
26244
19683
19683
59049
19683
6561
8829
19683
26244
19683
19683
6561
26973
26244
6561
20412
6561
19683
59049
19683
26973
6561
20664
59049
9477
19683
59049
6561
28431
837
59049
19683
19683
59049
19926
19683
26973
6561
19683
22842
19683
19683
19683
19683
29160
19683
19683
810
21963
21870
26244
9477
59049
59049
6561
59049
26244
7533
20739
59049
26244
2268
19683
19683
19683
27243
19683
59049
19683
1053
6561
2187
59049
19683
19683
29160
19683
2187
19683
19683
29160
19683
28683
7614
28431
19683
19683
28431
8748
28431
19683
28701
59049
7560
59049
7290
28431
2187
9504
7560
59049
26244
19683
19683
8748
6561
2187
7641
29160
26244
