26244
19683
2277
6804
26244
6561
19683
7290
8991
19683
19683
19683
6561
59049
21870
8748
20691
59049
26244
729
19683
19926
19683
19683
9810
28431
19683
8748
6561
21870
2187
19683
729
29484
19683
19683
19683
59049
6651
19683
6561
26973
8748
8748
26244
19683
21870
19683
19683
59049
26244
20655
22923
19683
2187
6561
2187
2187
59049
26244
19683
26244
28755
6561
19683
2227
59049
27054
22599
273
59049
26244
2187
8748
28431
6561
59049
2187
21870
19683
19683
59049
19926
26595
19683
28431
19683
19683
59049
19683
729
29241
19683
26244
29160
26244
26244
819
8748
19683
6561
19683
22842
19683
27081
19683
26244
20412
6561
2187
6561
59049
6561
19683
117
19683
26244
6561
19683
28431
19683
26244
2187
19683
21870
59049
19683
8748
9477
29160
6642
26244
19683
19683
2187
26514
