59049
19683
20412
9720
19683
19683
8748
26244
28431
19683
19683
6561
26244
26244
19683
29191
59049
21870
2187
19683
19683
19683
19683
7290
22599
19683
2187
7533
8748
28431
19683
59049
7290
59049
59049
19683
59049
26487
26244
6561
29403
2187
6561
26244
19683
26244
19683
26244
19683
972
2187
26244
19683
26244
19683
26244
2430
1000
19683
28470
3276
29160
6561
21870
59049
59049
19683
8748
28431
19683
6561
7290
6561
28512
19764
729
19683
9018
59049
21870
9477
28431
6561
6561
19683
26244
59049
28431
19683
29484
19683
19683
19683
21870
29403
28431
26325
6561
26244
22923
21870
26244
2916
19683
19683
28431
59049
8748
333
19683
26973
6561
26244
26244
28782
27297
3240
26244
19683
19683
19683
19683
19683
19683
28431
26244
59049
59049
29403
6561
2943
28431
19683
22923
19683
20749
59049
59049
19683
972
28431
9720
2187
19683
6561
19683
19683
59049
59049
19683
19683
59049
26244
3159
59049
19683
117
19683
59049
59049
6561
19683
28431
2187
351
59049
29403
6561
27324
9477
19683
6561
22842
6561
2191
22113
26244
8748
6561
