729
19683
243
19683
7398
19683
2187
8748
19683
19683
19683
2187
6561
21870
26244
19683
29160
6561
19683
19683
19683
19683
19683
6804
21870
19683
19683
19683
21870
756
21870
3252
6561
2187
9072
26973
8748
19683
19683
19683
8748
6561
26244
19683
28431
29403
26244
2187
6561
6561
19683
6561
2187
59049
6831
26244
19683
6561
21870
19683
6561
6561
59049
19683
729
6588
21870
19683
19683
21870
9072
6561
28431
19683
26244
21870
19683
19683
29160
28431
22599
19683
6561
2430
9489
6561
59049
28431
59049
29160
19683
59049
19683
8778
26973
19926
6561
19683
22923
324
19683
6561
19683
19683
29430
19683
729
21870
6561
27054
7650
26244
19683
2187
19683
20736
6885
27054
21870
20655
22599
1053
6561
9072
3186
19683
19683
26244
26244
26325
26244
19683
243
6561
19683
6561
19683
19683
59049
19683
19683
6561
8748
26244
19683
59049
2187
26595
729
