19683
6561
6561
59049
8748
26568
26244
6804
810
19683
19683
21870
6561
7290
19683
59049
19683
22707
28431
20412
19683
26244
26244
21870
59049
8748
19683
2187
22599
9507
19683
22878
29160
26244
19683
19683
29403
19683
6561
19683
6561
19683
26244
59049
26244
6561
19683
59049
20412
26244
59049
6561
19683
59049
59049
19683
26244
59049
6561
59049
28431
19683
26244
26244
26244
59049
8748
6561
59049
19683
22608
19683
9477
6561
59049
21870
19683
19683
19683
6561
19683
19683
2187
19683
19683
19683
6561
6570
1053
26244
21951
28431
19683
8748
59049
26973
19683
19683
26244
26244
28431
19926
59049
21870
26244
6561
19683
19683
7290
8748
6561
2187
29160
19683
19683
19683
6561
19683
2187
2187
19683
19683
29160
