59049
19683
7380
6561
19683
9477
19683
19683
6561
19683
19683
7371
8748
27054
19683
8748
81
6561
19683
22230
26973
22599
9072
7533
26244
6561
19683
59049
28431
22113
8748
26244
9477
26328
19683
59049
26244
2187
8748
59049
19683
29403
19926
59049
6561
19683
59049
19683
19683
59049
19683
19683
20493
19683
28674
26244
26244
59049
19683
6561
2187
19683
19683
26244
59049
26244
8748
27
8748
59049
3159
9814
19683
19683
19683
19683
19683
2187
59049
19683
29160
7533
7290
8748
19683
19683
2430
28431
26244
59049
19683
21951
19683
2187
59049
6561
19683
59049
26244
19683
26973
19683
26244
8748
7290
6561
59049
28440
59049
28431
19683
19683
837
19683
19683
1053
59049
21870
19683
6561
729
26244
19683
20412
20412
243
19683
2916
2916
19683
19683
6561
21870
8748
19683
6561
19683
19683
3198
19683
19683
19683
28444
8991
21870
21870
28431
6561
59049
8748
1053
22599
59049
59049
19683
2916
26244
20655
19683
19683
117
8748
22194
6561
6804
3159
9477
19683
19683
26244
2187
8748
733
19683
19683
19683
8829
22842
22842
59049
19683
59049
19683
26244
22935
19683
26244
2187
7641
6561
19683
6561
2430
756
2187
9018
9477
59049
19683
22869
26604
22599
28431
2430
19683
6561
28431
19683
