37 10 64
36 25 49
38 20 53
35 8 65
39 10 63
34 2 71
40 15 58
33 35 39
41 18 56
32 15 58
42 13 60
31 30 43
43 14 60
30 21 52
44 26 47
29 25 48
45 28 45
28 6 67
46 13 61
27 24 50
47 16 58
26 23 50
33 22 34
48 27 47
25 17 56
33 40 57
49 24 49
24 10 64
50 2 72
31 44 47
23 22 52
51 19 55
22 26 47
52 11 63
21 14 60
53 22 51
31 26 29
20 29 45
54 8 65
19 28 46
55 23 51
36 10 24
18 9 64
56 6 68
36 50 58
17 23 50
57 28 46
16 14 60
31 48 56
45 46 53
58 8 65
15 18 55
59 1 72
14 14 59
60 5 68
13 7 66
61 18 55
31 14 25
12 22 51
38 54 72
62 13 61
44 48 63
45 23 27
11 9 64
63 3 70
10 9 64
64 20 53
9 15 58
48 1 26
65 23 50
8 7 66
66 14 60
38 7 19
7 11 63
67 2 71
44 14 25
29 49 54
6 14 60
68 6 68
33 15 21
5 6 68
69 19 55
4 3 70
29 14 24
48 48 48
70 2 72
20 1 28
3 4 69
30 53 53
71 8 65
36 59 63
45 2 22
48 49 67
2 20 54
72 9 65
1 9 65
73 12 62
20 46 71
-1
27 2 23
-1
-1
-1
-1
-1
-1
-1
27 51 69
19 1 27
30 7 20
-1
-1
30 54 67
-1
49 50 73
41 12 17
-1
-1
41 57 70
-1
-1
-1
26 51 73
-1
-1
-1
45 54 72
-1
-1
-1
-1
22 48 68
22 2 25
-1
-1
-1
-1
33 58 58
-1
40 59 69
26 14 22
49 2 23
-1
-1
19 47 72
29 55 72
31 57 73
-1
-1
-1
-1
-1
-1
33 59 62
-1
-1
40 14 14
-1
-1
-1
-1
-1
23 4 21
-1
-1
-1
57 5 27
-1
-1
-1
-1
-1
32 59 62
-1
-1
-1
-1
-1
33 11 14
-1
-1
-1
40 4 13
-1
32 3 14
42 61 71
-1
-1
23 53 69
57 47 70
-1
36 64 73
-1
37 2 9
-1
-1
53 52 68
-1
-1
37 65 72
-1
-1
-1
-1
25 57 71
-1
-1
55 1 22
-1
-1
-1
-1
-1
-1
-1
36 2 9
-1
55 52 73
-1
-1
-1
-1
-1
-1
31 1 13
39 64 68
53 4 21
-1
-1
-1
17 51 69
-1
-1
-1
-1
-1
-1
-1
-1
17 2 22
-1
-1
25 1 16
-1
-1
-1
-1
-1
47 1 15
-1
-1
-1
-1
-1
-1
-1
-1
51 3 18
-1
-1
33 63 69
-1
12 52 70
-1
47 59 72
39 7 9
41 6 11
51 56 71
-1
42 1 12
43 4 13
-1
43 61 66
-1
12 1 21
32 63 63
-1
33 2 10
65 51 72
-1
65 1 22
-1
35 66 67
-1
-1
44 8 13
29 9 13
32 64 65
35 7 7
46 2 12
-1
-1
-1
-1
-1
-1
-1
26 1 13
46 62 72
-1
-1
-1
-1
-1
-1
-1
-1
-1
-1
-1
-1
64 54 73
64 1 19
-1
32 66 73
-1
21 2 13
21 61 73
-1
-1
15 56 67
-1
-1
-1
-1
-1
-1
15 5 17
-1
61 56 71
-1
-1
-1
-1
-1
-1
-1
61 2 17
-1
69 2 18
-1
-1
-1
-1
-1
-1
-1
-1
44 64 73
-1
69 56 71
-1
-1
-1
38 2 6
-1
-1
-1
-1
35 1 6
2 4 19
-1
29 1 8
-1
-1
-1
-1
35 68 73
43 67 73
16 1 13
