21 7 35
20 20 22
22 6 35
19 1 40
23 2 39
18 20 21
24 5 36
17 15 26
25 14 28
16 9 33
26 4 37
15 10 32
27 6 35
14 5 37
20 17 19
28 8 33
13 12 30
29 11 31
12 4 37
20 23 28
18 22 29
18 16 19
20 3 16
30 13 29
11 14 28
31 16 26
10 2 39
32 9 32
18 3 15
9 12 30
20 29 32
33 6 35
8 14 27
34 6 35
7 10 32
17 27 30
35 13 29
6 13 28
36 5 37
17 5 14
5 7 35
18 30 33
25 8 13
37 3 38
4 3 38
38 3 38
3 14 27
39 5 36
2 10 32
25 29 33
31 3 15
20 33 39
17 31 32
40 4 37
1 5 37
21 5 6
-1
-1
-1
-1
-1
21 36 37
-1
-1
-1
31 27 39
-1
11 1 13
-1
-1
-1
11 29 37
17 33 38
30 1 12
18 34 40
13 4 11
-1
-1
-1
-1
-1
8 28 40
-1
22 36 36
-1
-1
-1
-1
21 1 4
25 34 39
21 38 40
-1
22 3 5
-1
22 37 39
-1
-1
13 31 39
-1
-1
-1
-1
-1
-1
-1
15 8 9
-1
-1
8 1 13
30 30 39
-1
-1
15 33 39
16 4 8
29 2 10
6 29 40
-1
-1
-1
-1
-1
-1
35 1 12
-1
16 34 36
-1
-1
-1
-1
-1
-1
-1
-1
-1
29 32 40
25 5 7
9 1 11
-1
-1
6 1 12
-1
15 3 7
-1
-1
24 37 39
-1
-1
-1
28 34 40
-1
-1
9 31 38
-1
-1
28 1 7
-1
-1
20 2 2
-1
-1
-1
-1
35 30 40
3 28 37
20 40 40
3 4 13
-1
-1
-1
7 1 9
-1
-1
-1
-1
-1
-1
27 36 40
-1
-1
-1
-1
-1
-1
-1
-1
27 1 5
-1
32 33 40
-1
-1
-1
24 1 4
-1
22 1 2
-1
-1
-1
-1
-1
16 37 40
-1
17 3 4
32 2 8
-1
-1
-1
-1
-1
-1
-1
-1
-1
-1
2 1 9
-1
-1
-1
25 1 4
17 39 40
7 33 37
-1
-1
-1
-1
-1
-1
2 33 40
-1
-1
-1
-1
26 38 40
-1
-1
5 1 6
-1
-1
-1
18 1 2
-1
-1
-1
-1
16 1 3
-1
-1
-1
-1
-1
-1
-1
14 1 4
-1
-1
-1
-1
-1
33 36 40
-1
-1
-1
-1
-1
-1
-1
