27 8 46
26 3 50
28 6 48
25 12 42
29 3 51
24 23 31
30 7 47
23 17 37
31 16 37
22 5 49
32 14 40
21 22 32
33 1 52
20 5 48
34 20 34
19 20 34
35 14 39
18 9 45
36 5 48
17 8 46
37 10 43
16 19 35
38 6 48
24 11 22
15 13 40
39 16 38
14 6 47
24 32 46
40 9 45
13 20 33
41 7 46
21 13 21
12 3 51
42 14 40
11 16 37
21 33 45
43 3 51
10 7 46
44 15 39
9 5 49
45 12 42
8 11 43
46 3 51
23 7 16
23 38 50
7 5 48
47 2 51
31 38 45
6 3 50
48 3 50
34 7 19
34 35 35
5 12 41
49 11 43
19 3 19
4 16 37
50 10 44
3 3 50
51 4 49
2 12 42
52 15 39
1 11 43
19 35 47
31 12 15
-1
-1
-1
-1
34 36 46
-1
-1
-1
-1
-1
-1
-1
-1
32 2 13
25 4 11
-1
-1
-1
25 43 49
-1
-1
-1
32 41 52
-1
-1
-1
-1
16 13 18
16 36 44
-1
-1
-1
-1
-1
13 34 48
13 5 19
-1
24 5 10
-1
31 2 11
-1
21 2 12
-1
27 6 7
35 40 47
-1
39 2 15
-1
27 47 48
-1
-1
-1
-1
-1
-1
-1
27 1 5
-1
11 38 52
-1
-1
-1
27 49 52
-1
-1
35 1 13
-1
-1
-1
-1
-1
39 39 48
-1
-1
-1
15 41 48
-1
-1
16 4 12
-1
15 2 12
11 4 15
-1
-1
42 4 13
42 41 50
-1
-1
-1
-1
-1
-1
-1
-1
24 47 51
-1
-1
37 44 52
-1
-1
4 38 52
-1
-1
28 2 5
18 1 8
-1
31 46 50
37 1 9
-1
-1
-1
44 1 14
44 40 49
-1
-1
-1
16 45 52
-1
-1
-1
40 1 8
-1
45 1 11
-1
4 2 15
52 2 14
-1
-1
28 49 51
-1
-1
-1
-1
-1
-1
-1
-1
-1
-1
-1
-1
45 43 51
-1
-1
-1
52 40 51
30 2 6
-1
-1
-1
-1
-1
-1
-1
-1
-1
-1
-1
-1
-1
-1
-1
