15 6 24
14 8 22
16 3 26
13 9 21
17 9 20
12 8 22
18 6 24
11 12 18
19 5 24
10 12 17
20 15 15
9 14 15
21 7 22
8 6 24
22 12 18
20 10 14
7 8 22
20 16 24
23 1 28
6 9 21
24 4 25
9 16 19
5 2 27
25 8 22
4 3 27
26 7 22
9 13 13
10 18 18
11 4 11
11 19 26
3 1 28
17 21 23
27 2 28
2 3 27
9 5 12
28 2 27
1 9 21
10 4 11
10 19 27
-1
13 6 8
22 2 11
-1
13 22 27
-1
-1
14 5 7
14 23 27
22 19 28
17 7 8
-1
9 20 25
15 4 5
-1
-1
-1
-1
-1
20 2 9
-1
-1
-1
-1
15 25 26
-1
-1
12 2 7
6 1 8
-1
12 23 24
-1
-1
-1
-1
1 1 8
-1
17 3 6
17 24 25
13 5 5
-1
-1
-1
-1
-1
-1
-1
-1
6 22 28
-1
-1
-1
-1
-1
-1
-1
-1
14 3 4
7 1 7
-1
-1
-1
-1
12 25 28
-1
-1
-1
-1
25 1 7
-1
-1
-1
-1
-1
-1
-1
-1
-1
15 1 3
15 27 28
-1
-1
-1
-1
-1
-1
-1
-1
-1
1 22 28
-1
-1
-1
-1
13 4 4
-1
-1
-1
-1
-1
-1
-1
21 23 28
21 1 6
-1
-1
-1
-1
-1
-1
-1
-1
-1
-1
18 1 5
-1
-1
-1
-1
18 25 28
19 25 28
-1
-1
-1
-1
-1
17 26 28
-1
16 27 28
-1
-1
-1
7 23 28
-1
-1
25 23 28
-1
-1
-1
-1
-1
26 23 28
-1
-1
-1
13 1 3
-1
-1
-1
14 2 2
-1
-1
-1
-1
19 2 4
-1
-1
-1
-1
-1
-1
-1
-1
-1
-1
-1
-1
-1
-1
-1
-1
-1
-1
-1
-1
-1
-1
-1
-1
-1
-1
-1
-1
20 25 28
-1
-1
-1
-1
-1
-1
11 1 3
-1
-1
-1
8 3 5
-1
-1
-1
-1
-1
-1
-1
-1
-1
8 25 28
-1
-1
-1
-1
-1
-1
-1
-1
-1
-1
-1
-1
9 2 4
9 26 28
-1
-1
14 28 28
-1
-1
-1
-1
16 1 2
-1
-1
26 2 6
17 1 2
-1
-1
-1
-1
-1
-1
-1
-1
-1
13 28 28
-1
-1
-1
-1
10 1 3
-1
-1
-1
-1
-1
11 27 28
-1
-1
-1
-1
-1
-1
-1
-1
-1
-1
-1
-1
-1
