18 17 19
17 9 26
19 17 18
16 5 30
20 12 23
15 14 22
21 14 21
14 9 26
22 12 23
13 2 33
23 9 26
12 4 31
18 16 16
18 20 20
24 7 28
19 19 33
11 7 28
25 5 30
18 4 15
10 9 26
18 21 21
19 16 16
26 9 26
9 8 27
18 22 32
27 7 28
8 2 34
19 5 15
28 9 26
21 22 31
15 5 13
7 9 27
29 10 25
6 11 24
30 2 33
5 10 26
15 23 32
31 8 28
4 4 32
20 24 28
21 3 13
20 2 11
32 8 28
22 24 33
3 7 28
17 27 32
33 4 32
2 2 34
17 2 8
34 12 24
1 4 31
-1
-1
-1
-1
-1
22 8 11
-1
14 27 30
-1
-1
14 1 8
-1
-1
-1
-1
20 29 34
-1
23 27 30
34 1 11
22 2 7
23 1 8
-1
-1
-1
6 25 34
10 27 33
16 31 34
24 29 33
-1
-1
-1
-1
26 27 31
19 1 4
-1
-1
10 1 8
18 2 3
16 1 4
-1
14 31 34
-1
15 2 4
11 29 33
29 26 34
-1
-1
-1
26 2 8
-1
-1
-1
-1
21 32 34
23 31 33
-1
-1
-1
-1
24 3 6
9 28 33
6 1 10
11 2 6
-1
28 27 32
-1
9 4 7
29 1 9
-1
-1
27 29 33
-1
18 33 34
28 3 8
5 1 9
-1
17 33 34
-1
-1
-1
-1
-1
-1
-1
7 3 8
-1
-1
-1
-1
-1
-1
18 1 1
-1
7 28 33
-1
-1
12 32 34
-1
19 34 34
25 31 33
-1
5 27 34
-1
-1
-1
-1
-1
-1
-1
27 1 6
15 33 34
-1
-1
-1
-1
-1
21 1 2
-1
-1
25 1 4
-1
-1
-1
34 25 31
-1
31 3 7
-1
-1
17 1 1
32 1 7
-1
-1
-1
-1
-1
-1
-1
-1
-1
-1
-1
12 2 3
-1
26 32 34
9 1 3
-1
-1
-1
31 29 32
-1
-1
-1
-1
-1
-1
-1
-1
-1
-1
-1
-1
-1
-1
-1
-1
-1
32 29 32
-1
24 1 2
-1
-1
-1
-1
-1
3 29 32
-1
-1
3 1 6
4 1 3
-1
-1
-1
-1
-1
-1
-1
-1
-1
-1
-1
-1
28 33 34
-1
-1
-1
-1
33 1 3
-1
-1
-1
-1
-1
-1
-1
-1
-1
34 32 34
20 1 1
-1
-1
-1
-1
-1
-1
-1
-1
-1
-1
-1
-1
15 1 1
-1
-1
-1
-1
-1
-1
-1
-1
-1
-1
22 34 34
13 34 34
-1
-1
-1
-1
-1
-1
-1
-1
-1
-1
-1
-1
-1
-1
-1
-1
-1
-1
-1
-1
-1
-1
-1
-1
-1
-1
-1
-1
-1
-1
-1
-1
-1
-1
-1
-1
-1
-1
-1
1 32 34
-1
-1
-1
-1
-1
-1
-1
-1
-1
-1
-1
-1
-1
-1
28 1 2
-1
-1
-1
-1
-1
-1
-1
-1
-1
-1
-1
-1
-1
22 1 1
-1
-1
-1
-1
-1
-1
-1
-1
-1
-1
-1
-1
-1
-1
-1
23 34 34
-1
-1
1 1 3
-1
-1
-1
-1
-1
7 1 2
-1
-1
-1
-1
-1
-1
-1
-1
-1
-1
-1
-1
-1
-1
-1
-1
-1
-1
-1
-1
-1
-1
-1
-1
-1
-1
-1
-1
-1
-1
-1
-1
-1
31 33 34
-1
-1
-1
-1
-1
-1
-1
-1
-1
-1
-1
-1
4 33 34
-1
-1
-1
-1
-1
-1
-1
-1
-1
-1
31 1 2
-1
-1
-1
-1
-1
-1
-1
-1
-1
-1
-1
-1
-1
-1
-1
-1
-1
-1
-1
-1
13 1 1
-1
-1
-1
-1
-1
-1
-1
-1
-1
-1
-1
32 33 34
-1
-1
-1
-1
-1
-1
-1
-1
-1
-1
-1
-1
-1
-1
-1
-1
-1
-1
-1
-1
-1
-1
-1
-1
-1
-1
-1
-1
-1
-1
-1
-1
-1
24 34 34
-1
-1
-1
-1
-1
-1
-1
-1
-1
-1
-1
-1
-1
-1
-1
-1
-1
-1
-1
-1
-1
-1
-1
-1
11 34 34
3 33 34
-1
-1
-1
-1
-1
-1
-1
12 1 1
-1
-1
-1
-1
-1
-1
-1
-1
-1
-1
-1
-1
-1
-1
-1
-1
-1
-1
-1
-1
-1
-1
33 33 34
-1
-1
-1
-1
-1
-1
-1
-1
-1
-1
-1
-1
-1
-1
-1
-1
-1
-1
-1
-1
-1
-1
-1
-1
-1
-1
-1
25 34 34
-1
-1
-1
-1
-1
-1
-1
-1
-1
-1
-1
-1
-1
-1
-1
-1
-1
-1
-1
-1
-1
-1
-1
-1
-1
-1
-1
-1
-1
-1
-1
-1
-1
-1
-1
-1
-1
10 34 34
-1
-1
-1
-1
-1
-1
-1
-1
-1
-1
-1
-1
-1
-1
-1
-1
-1
-1
-1
-1
-1
-1
-1
11 1 1
-1
-1
-1
-1
-1
-1
-1
-1
-1
-1
-1
-1
-1
-1
-1
-1
-1
-1
-1
-1
-1
-1
-1
-1
-1
-1
-1
-1
-1
-1
-1
-1
-1
-1
-1
-1
-1
-1
-1
-1
-1
-1
-1
-1
-1
-1
-1
-1
-1
-1
-1
-1
-1
-1
-1
-1
-1
-1
-1
9 34 34
-1
-1
-1
-1
-1
-1
-1
-1
-1
-1
-1
-1
-1
-1
-1
-1
-1
-1
-1
-1
-1
-1
-1
-1
-1
26 1 1
-1
-1
-1
-1
-1
-1
-1
-1
-1
-1
-1
-1
-1
-1
-1
-1
-1
-1
-1
-1
-1
-1
-1
27 34 34
-1
-1
-1
-1
-1
-1
-1
-1
-1
-1
-1
-1
-1
-1
-1
-1
-1
-1
-1
7 34 34
-1
-1
-1
-1
-1
-1
-1
-1
-1
-1
-1
-1
-1
-1
-1
-1
8 1 1
-1
-1
-1
-1
-1
-1
-1
-1
-1
-1
-1
-1
-1
-1
-1
-1
-1
-1
-1
-1
-1
-1
-1
-1
-1
-1
-1
-1
-1
-1
-1
-1
-1
-1
-1
-1
-1
-1
-1
-1
-1
-1
-1
-1
-1
-1
-1
-1
-1
-1
-1
-1
-1
-1
-1
-1
-1
-1
30 34 34
-1
-1
-1
-1
-1
-1
-1
-1
-1
-1
-1
-1
-1
-1
-1
-1
-1
-1
-1
-1
-1
-1
-1
-1
-1
-1
-1
