31 12 50
30 15 46
32 8 54
29 28 33
33 1 60
28 9 52
34 23 39
27 26 35
35 7 54
26 20 41
36 28 34
29 34 36
25 6 56
37 12 49
24 15 46
38 22 39
23 22 40
29 25 27
39 10 52
22 16 45
40 3 59
21 2 60
41 23 39
20 11 50
42 15 47
29 37 49
27 36 36
29 23 24
36 27 27
19 7 55
43 19 43
18 8 54
44 1 61
17 7 55
45 16 45
16 13 49
46 1 61
36 35 42
15 3 58
27 7 25
47 7 55
27 37 38
14 1 61
48 8 54
13 10 52
49 7 55
36 7 26
27 39 61
29 12 22
12 12 50
34 3 22
50 4 58
11 19 42
51 14 48
34 40 50
10 14 47
38 40 60
26 42 43
52 8 53
26 8 19
30 47 49
9 12 49
53 8 53
8 3 59
54 13 49
7 15 46
36 43 47
38 9 21
23 1 21
23 41 41
55 16 46
6 1 61
56 14 48
5 16 45
57 14 48
4 16 46
58 7 55
3 5 56
26 44 50
59 17 45
30 5 14
2 1 60
23 42 46
41 16 22
41 40 51
60 21 40
1 16 45
30 50 56
61 1 60
-1
31 4 11
60 41 60
-1
-1
-1
-1
-1
-1
-1
-1
-1
-1
-1
-1
31 51 61
29 50 54
29 7 11
-1
-1
36 48 50
-1
-1
-1
24 47 52
-1
-1
-1
-1
34 51 53
-1
-1
43 1 18
22 46 53
-1
23 47 51
-1
-1
-1
24 12 14
22 13 15
-1
-1
-1
-1
-1
-1
-1
-1
-1
-1
-1
-1
26 51 57
-1
-1
-1
-1
-1
28 53 59
-1
-1
36 51 60
-1
-1
-1
37 50 61
-1
-1
32 7 7
-1
-1
-1
43 44 58
-1
-1
-1
-1
32 55 58
-1
-1
-1
-1
41 1 15
-1
-1
-1
45 46 61
28 1 8
-1
-1
29 55 60
-1
-1
-1
-1
-1
-1
42 1 14
-1
32 6 6
34 54 54
-1
37 6 11
-1
-1
24 7 11
-1
-1
34 55 61
-1
-1
-1
-1
-1
-1
-1
11 43 59
-1
-1
-1
-1
-1
-1
-1
-1
-1
-1
11 3 18
60 3 20
-1
-1
-1
5 46 61
22 4 12
-1
29 1 6
42 48 59
-1
45 1 15
30 57 61
-1
-1
-1
-1
-1
32 5 5
-1
-1
-1
-1
-1
-1
-1
23 52 61
-1
-1
-1
-1
24 53 60
-1
35 55 59
-1
26 3 7
-1
20 51 61
-1
-1
-1
-1
-1
59 1 16
39 1 9
-1
30 2 4
-1
-1
-1
31 3 3
10 48 61
-1
27 2 6
32 1 4
-1
-1
-1
-1
-1
-1
-1
-1
41 52 61
-1
7 47 60
38 1 8
39 53 60
-1
-1
-1
31 1 2
-1
-1
55 2 15
20 3 10
16 2 12
-1
-1
-1
-1
-1
-1
-1
16 50 60
-1
32 59 60
-1
-1
-1
-1
-1
-1
-1
35 4 6
-1
-1
-1
-1
51 4 13
-1
-1
55 47 61
-1
-1
-1
-1
-1
-1
-1
-1
-1
-1
-1
-1
-1
-1
-1
5 1 15
-1
22 54 60
-1
-1
-1
-1
4 1 15
36 2 6
51 49 61
-1
-1
-1
-1
-1
-1
-1
10 3 13
-1
24 5 6
-1
18 1 7
-1
-1
12 2 11
-1
-1
-1
-1
-1
-1
-1
-1
-1
-1
25 4 5
-1
-1
-1
-1
-1
-1
-1
-1
30 1 1
-1
25 57 58
-1
-1
-1
-1
4 47 61
-1
-1
-1
-1
-1
-1
-1
-1
-1
-1
-1
7 3 14
-1
-1
9 50 61
-1
-1
18 55 60
12 51 57
-1
-1
9 2 11
