11 9 12
10 3 18
12 4 18
9 5 16
13 1 20
8 4 17
14 3 18
7 6 16
15 3 19
11 13 16
6 4 18
11 1 8
16 2 20
5 1 20
11 17 17
17 6 15
4 1 20
18 10 12
3 7 15
19 2 19
2 7 15
20 6 16
1 7 14
21 5 17
-1
-1
-1
18 3 9
-1
-1
18 13 19
1 15 21
-1
-1
-1
-1
-1
11 18 20
-1
-1
-1
17 16 21
9 17 17
-1
9 3 4
-1
-1
-1
3 1 6
9 18 21
-1
-1
7 1 5
-1
-1
3 16 21
-1
-1
-1
2 1 6
-1
-1
7 17 20
10 19 20
-1
-1
-1
-1
-1
-1
-1
12 2 3
-1
-1
8 18 21
17 2 5
-1
-1
12 19 21
2 16 21
-1
10 1 2
-1
-1
-1
-1
8 2 3
-1
-1
-1
1 1 6
-1
-1
11 21 21
-1
-1
-1
-1
20 1 5
-1
-1
-1
20 17 21
-1
-1
-1
-1
21 1 4
-1
-1
14 19 21
-1
-1
-1
-1
-1
-1
-1
9 2 2
6 1 3
6 19 21
-1
10 21 21
-1
-1
-1
-1
-1
-1
-1
-1
21 18 20
-1
-1
-1
-1
-1
12 1 1
-1
-1
-1
-1
-1
14 1 2
-1
-1
-1
-1
-1
15 1 2
-1
-1
-1
-1
-1
-1
-1
-1
-1
-1
-1
-1
-1
-1
-1
-1
-1
-1
-1
-1
9 1 1
-1
-1
-1
-1
-1
-1
-1
-1
-1
-1
-1
-1
-1
-1
-1
-1
-1
-1
-1
