46 35 56
45 33 58
47 39 53
44 24 67
48 22 70
43 12 80
49 38 53
42 17 75
50 40 52
41 27 64
51 17 75
40 20 72
52 45 47
39 18 74
53 1 90
38 24 67
54 11 81
37 7 85
55 39 53
52 37 44
36 7 85
56 1 90
52 48 48
35 20 71
47 37 38
57 23 69
34 18 74
58 14 78
33 3 88
59 9 83
47 54 61
32 13 79
60 31 61
31 2 89
61 24 67
52 49 58
30 4 87
46 57 67
62 15 76
29 17 75
63 5 87
28 4 88
47 20 36
64 9 83
49 54 73
50 37 39
27 24 67
65 5 87
50 53 76
26 18 74
66 6 85
25 23 68
67 16 76
24 17 74
46 12 34
68 7 85
23 10 81
69 18 73
49 37 37
49 8 36
45 59 62
22 16 76
70 6 85
21 11 80
71 10 81
20 14 77
50 28 36
45 13 32
52 36 36
52 4 35
72 4 88
19 5 86
47 62 65
73 18 74
55 26 38
55 54 89
45 63 73
18 3 89
52 59 88
47 66 87
74 19 73
17 11 81
75 17 75
16 11 80
76 15 77
15 4 88
46 68 69
77 8 84
14 23 68
50 9 27
78 1 90
13 2 90
79 16 76
41 65 90
12 18 73
80 1 90
11 21 70
44 68 73
46 70 76
41 24 26
81 13 78
10 6 85
44 15 23
82 17 74
9 8 84
83 10 82
60 5 30
8 5 86
84 19 72
7 17 74
48 3 21
48 71 75
41 22 23
85 23 69
6 8 83
86 3 89
5 4 87
87 12 79
4 18 74
88 22 69
3 25 67
38 68 87
60 62 87
89 12 79
47 7 19
2 31 61
45 74 90
90 22 69
41 5 21
1 3 88
44 74 74
55 6 25
38 2 23
44 75 82
91 21 70
-1
-1
61 68 91
-1
40 1 19
-1
2 2 30
57 1 22
2 62 91
46 77 79
-1
-1
-1
-1
-1
-1
-1
-1
49 74 75
