22 7 36
21 21 23
23 13 31
20 15 28
24 6 38
19 13 31
25 10 34
18 8 35
26 6 38
17 15 29
27 2 41
21 11 20
16 14 30
28 10 34
21 24 27
15 10 34
29 20 24
14 2 42
30 9 34
21 28 30
13 18 25
31 14 29
12 4 40
20 29 30
32 4 40
11 9 34
33 19 25
10 1 43
34 4 40
9 4 40
35 1 43
8 7 37
20 12 14
36 4 40
7 8 35
29 1 19
21 31 34
37 2 42
6 6 38
29 25 32
38 11 33
5 2 42
39 4 39
4 4 39
40 12 32
13 26 41
3 9 35
13 2 17
20 31 33
41 11 32
23 4 12
23 32 32
23 33 38
33 2 18
2 7 37
42 12 31
1 2 42
43 4 39
-1
33 26 43
-1
-1
-1
17 13 14
-1
17 30 41
19 12 12
19 32 41
20 11 11
19 1 11
-1
-1
-1
-1
-1
-1
16 1 13
-1
16 31 41
21 1 10
-1
-1
-1
-1
20 5 10
-1
-1
17 2 12
-1
-1
20 34 42
31 30 43
-1
-1
-1
-1
-1
-1
-1
-1
-1
-1
-1
-1
21 35 39
25 2 9
-1
-1
-1
22 37 42
29 33 43
-1
-1
22 5 6
31 4 13
42 32 43
-1
25 35 35
-1
-1
-1
-1
-1
-1
-1
-1
25 36 39
-1
-1
-1
-1
-1
-1
-1
-1
-1
18 36 36
-1
38 1 10
-1
-1
-1
28 2 9
18 2 7
18 37 43
-1
-1
-1
-1
40 1 11
-1
-1
-1
-1
-1
-1
38 34 43
28 35 41
15 3 9
22 2 4
-1
15 35 41
-1
30 35 41
-1
-1
-1
-1
23 39 42
-1
-1
-1
-1
-1
-1
-1
24 1 5
30 3 8
-1
-1
-1
-1
-1
21 40 40
-1
-1
40 33 42
24 39 43
-1
-1
-1
-1
-1
-1
-1
-1
-1
-1
-1
-1
-1
-1
-1
11 35 40
-1
-1
-1
-1
-1
11 1 8
-1
-1
-1
-1
7 36 43
-1
-1
-1
-1
-1
-1
-1
-1
7 2 7
-1
-1
-1
-1
-1
20 2 4
-1
-1
21 41 41
25 40 43
-1
-1
-1
-1
-1
23 2 3
-1
-1
21 42 43
-1
-1
-1
-1
-1
26 2 5
-1
26 39 43
-1
-1
-1
8 1 6
22 1 1
-1
8 38 43
-1
-1
-1
-1
22 43 43
-1
-1
41 33 42
-1
-1
-1
31 1 3
-1
-1
-1
-1
-1
41 2 10
-1
-1
-1
-1
-1
-1
-1
-1
-1
-1
-1
-1
12 1 3
23 1 1
42 6 11
-1
-1
-1
-1
-1
-1
-1
3 3 8
-1
-1
-1
-1
-1
-1
-1
-1
-1
-1
-1
3 36 39
-1
-1
-1
-1
-1
-1
-1
-1
-1
-1
-1
-1
-1
-1
-1
-1
-1
-1
-1
-1
-1
-1
-1
