68978010192
936715374
436860756696
232268074856
99275244012
1303801913876
575117344472
14752781791
23736823308
1580479465422
391369484396
55757167349
3701007331
7157095280
5554714904
9187821906
3684526263
707495303970
964228448547
482730304
853283127620
262295244587
404354082048
865842999504
89118286565
38012512743
417081617558
12728520819
61712604270
442996365790
35266785827
39816576168
1740141630
65155776644
44651426534
392038184426
2132783890832
927182397577
279501907323
1564913710360
749410363775
1381491223502
65480705420
95643522590
45491308303
131357759841
471666472004
885767911175
1930115413213
3263189160
18127551239
19702726402
656532916920
282428993
2747403971
25503303089
866384095896
889771919366
672971004519
157602502810
1338087240074
166044002318
1064687719919
94480230931
248963862110
188620740963
65238298209
567005394995
451915368256
1148253150
262943998460
285905780559
105507935216
74601056180
9714694807
1502250721
25839875698
313342766716
697686476847
314083402864
1161692591420
560205542558
816713339805
1041745409667
1620925484040
2063883577
14725920216
1565762211111
442047979940
65657081184
462210704639
2056218011463
43964109368
47470514
350645765904
36558753588
548191947039
2024337501
65017060317
882093
35413133040
438968704056
150325676
889436338816
674761558260
527917932
121539509
992452511505
11200149828
598058957866
27346480094
141623046695
14000987
296371962116
43800334
422728090785
969964640060
23770332159
11767820238
94757641472
853484549624
19658917109
3072107136
590816795312
392222798604
91623035840
5843040
169152335924
1117701031636
9248652249
1122625357812
351940208225
1564408933605
95267774864
713207
2795371943
826697697793
612750359816
143341115612
302068954901
1381491223502
20112214338
1901670351
119488282330
28474077008
588983756844
507748426692
68508275528
44543706779
98530792016
2010090599344
486430278077
140084235990
1987033157397
3682266259
26599437480
196261093
610125291
244064394000
81059076
366857751988
6241746389
83617834920
167784364125
726492647391
416593914392
2312346556582
1258985823771
99600496359
624656676213
707006979900
528581026863
1718456813535
1357520925530
139465610648
62158096
220307419938
21338440570
65890239303
1163615979714
25000867981
583737956328
1901631705082
705155558040
947412486131
1712677666721
80248156868
1425836879961
264464664702
572711760
1320282539191
339396797180
97418922031
438706762501
107595656700
505265751459
7897859048
194261989824
1223698961373
902832549255
990290462903
191377970630
451455638
51279242476
448633851606
1665141797781
44400857256
792952143
1541810953182
105078586725
933017592199
493271723308
1963479330
171609962615
2079765363
671780191810
202015710428
658548385
112288969
1366560670376
1300818475736
272636317188
557725817196
1335688991987
4899529758
2062343780
147472921393
1000445247684
6515692553
44320799292
85129240140
17156915591
75171038327
550324689252
282488284078
3462978
59646445391
115056576073
44561210630
635080930236
612750359816
460103110758
2251800
168858814534
53735535
1118443496859
250893033314
813043026992
187058351207
17667415410
27181955199
690960416244
5379457662
893924164770
2009757391
32965001712
975832839
182714563752
130265875796
186913328895
29652427763
149602169936
5581460379
1823937324
1107295
409493691816
28745522014
2167954389889
16637538712
1357845235926
1015557111828
65785128448
1393805315133
402355330
2170307329428
1402789688712
4368067010
99904044872
51279242476
5626439
375662852983
1140252264481
327116408918
508251403044
737042663889
388418767209
386819024
742238325570
2256162174
75317416733
1936792331154
960796782498
2208336
289361718100
1953284667768
343262512746
346230438195
33195709821
105741544878
469732607509
302548622544
43023441692
471968177031
49832081438
911149541694
649693378464
11937262194
82294391
54383050672
650913707612
385758
165642108476
347879635191
1243143648292
24816378146
3034998
1721014021846
71134609
2617063589
322743685082
8527668877
1963038194
204333077424
19523230895
1540580342000
164156500053
302438930976
44509513405
270114120029
1301944772583
149528572778
37681075600
23058028692
791557804464
408143189909
12259078335
1125535696103
1821141728
811052665220
127367735508
287019167336
18882221742
2219869181079
961716054740
135946693256
24120685127
68607214819
53019528005
517815797892
21724537835
168172170556
1000445247684
695492181306
234708784309
1916641652342
49725719897
10327857862
732197253117
39189974803
1538713963566
601074052380
567005394995
494829881179
98157336134
71484603047
327263847456
330237291195
29664435311
176453333186
1385767388928
194991050807
490063983024
568106232876
695355489850
2147680971083
13893824923
22004034404
217146814612
57945179677
929273246748
879859801100
1560923265307
44357325828
9802464
159402427436
1268510004265
2101300051080
64848549890
8468362890
217769818487
7283925077
1266875673414
236743186680
130469856904
1349461087751
319805100001
439834772806
161378369074
861872132316
242328724659
877559281391
921097352
795934081891
32815383575
75541130280
654804324832
1204121890004
41217333408
606886461
40193473728
309605194332
18909388035
255376454
889352299269
653095182328
341219858
403176573198
83379390255
784886657347
7242500902
1791845218467
180730141449
1464735403495
173457572981
472367285130
1252429847
1782014090934
1751375360
1159028609024
840438076912
1408601257492
862566965859
3124539936
7843190992
1773031832604
272344501200
954951508
10532758887
14841609783
5171414024
236791766016
134481433086
1304853309816
2252350022
65966078745
699262925536
15152288841
356431699239
243135628137
381918527091
443072824992
220905991010
935926143884
23844814224
626222577456
1292557147108
1872158031900
278061943928
755599163732
159131610864
84693475188
22617201747
22269324
2492500492
90675546176
399133795379
443706999120
171920253545
52944144785
3145470
377459534
807085852980
4302527922
2018093581202
1067030665869
1029581965260
3270008259
63663814596
106768357123
343979793432
5136028
45682274167
888326596063
902256334
43648954206
1075454378172
528148094214
405985665072
3963423555
192904009551
629547430784
514273166160
527875615740
388701794144
617471712616
1738943955958
632178139768
2987180
17703470668
8324557028
569304572144
12696897591
1141698470472
540762682355
9076562088
8206096360
912345017265
1238962175792
2206266387864
4219949195
171896702364
683147165168
756511686735
1335844345088
420834844535
29445763815
399418059793
415699183263
11200149828
78815161211
2011168061550
160879179314
881356269599
1902351097920
204010802384
1022377007113
10813403880
1737600293912
377646170447
1696086952560
1635629566844
201485014038
1000445247684
1791845218467
289874664605
1199741534992
87119844500
131273703400
177623218604
866081027
123562728177
32890509267
545480805674
84120799
923909411964
3206022072
11245091
450822689772
234866424313
389437021356
1498635878278
6985837791
350965983148
1540772856
293332080811
1048301296175
16907584701
977861015347
1054522852240
54255406902
67479337611
119073858572
192159375373
155066270352
64482062060
1738492965612
162153510662
548188171692
216157662885
2832389872
204115572461
1461525258312
367613231580
2508966036
429825444594
123347458611
42395902472
834015873570
326283395823
968274730100
290331198663
801490726092
134948823079
12284316
94705140557
682832044503
1415504554200
51304143366
204115572461
1871457314409
73555787136
457282936768
47827301391
153959932812
5266320248
17746690940
739251092195
1495055503188
167136545199
12813538959
7902124719
302715468594
2219534279744
23756031137
1245978752795
251008231726
33678457857
1770099814487
315654677163
1819855323
785695616188
326191943
763046072685
250185618549
384087213536
955298859669
657397949670
375554760
2621745552
1507056899901
5133119040
33520052
358563342340
20540966831
15500782198
1039917668288
19217085894
648184812678
1028374121060
1400229881166
200008433196
825197241552
359730756
163753551072
1518954163020
319369873614
212692870404
1770099814487
7701859
65017060317
1017733666964
37210204350
841496040
14982991410
355790178492
39077836
136256022396
699802955072
180094327020
78796785935
293227692575
15205179267
239515903515
132450838786
276864504
611201678521
111926257930
1552828070640
25868148306
17284461
1020372338622
108355812194
386159930625
121643414487
243191828250
201004151166
465772975856
881256185751
49132701572
36798301404
135065072
1249315055120
63687751974
2991486162
9491574978
777525967204
2089923110401
88288694410
149165086
1874478709591
140416423908
577718374464
900735527034
42210902
109271068032
1409715649864
99560962272
736352219348
165450198134
862164660
497491399881
140014521423
105844668805
371688
66790980
482762714118
5052380
1944301997232
254667062871
28844621546
97716787410
1648594259
194592583146
114418593191
140171058012
68241541088
417212583632
115304225301
2261293618990
873513718878
1290194229280
140619788694
1789172561766
409493691816
59625622375
26315268014
49954292
111926257930
17734111542
141891285393
20677510643
213979059420
180859774038
85619823255
75780625622
882119658420
10824126544
254376161502
842265189941
307879936
11154037680
177669909558
266986532924
2116055190732
613050449487
6133666450
17302776751
251881083342
639092181546
795100666530
46863049308
271431257040
36812158416
161014560
951086189017
600234068616
20471680836
413443899632
1612898664608
19134155105
262101893715
134258966737
467428370825
887973146060
77981031513
1060171009836
58022592131
1287549285568
771342192376
200344509
49834080
502556562695
769204062
1194644170239
137074140837
1025745329232
1438927
697222785
193382772008
633372197226
28419779402
389169151742
1057570874469
194484054159
1193463004980
9647513408
7035559500
1277594276959
14639279592
1816401147670
43997314
204217413435
44223907013
59625622375
312384867940
1429913436578
577710140991
25350426444
1911574224
909873612935
