1608508741125
24057655524
1400314732201
594747809832
42849128
40067642325
88631752977
84574952982
57117847814
1159699149427
366496393712
966431456145
14531544612
262687421060
175401721032
1618712189439
664578866819
243308693908
624581588176
1921145588544
62411416704
1405813521419
71417834047
49816484801
632720592
12800925411
1536066550402
264763350306
104707850
889603616208
28609599795
1244668227659
3319887640
1541260797384
745683668794
148500376530
1323117903492
940246204764
616135244232
344996492040
2051911691466
30435105355
481710943545
129118316228
537852319648
643329954080
165665510348
698698899254
613101312855
1047507220038
545490346782
17269761276
518984825807
17670573468
484063375060
192866173308
1250961571332
186731200970
208614416976
254154396665
20048807196
313441628994
1626838647
16482497544
540864637929
4343422720
235017185130
67709064870
731833207959
923867880364
486980
156506552583
935843633
151457269138
3241512435
20994389804
1281720224610
499335231442
310287462420
842735583695
1054978233078
1621771271547
19791416932
685703108090
10622401042
32357507
922432
323139388110
63615881889
699439531707
95240631717
368358960042
79383313764
54758217996
468941599808
235518714
230865074505
5815651088
1684519291806
862907009504
41683242089
9453915036
581246054381
1369862042535
217449603
140787051561
454447964740
1730037464532
24265069
1463281259076
26655577179
351147385232
11335625703
9692371010
208356852123
1566834698286
22896442647
69678418810
933589561794
517968801088
1196927226936
1000839333018
4134293260
68829774
343976418929
3189373056
1890974303048
15149026991
1719172296972
1040783035481
1970723475000
36566137881
6956739636
2159677632
114505736454
813624372882
807176720896
588900624871
386688511651
17156915591
1914111315
1287158441139
5114668
78495285141
2018552064386
224087632272
31962334992
1376405232602
1039335548750
240558259598
679474530
29226295
201004151166
998691415892
6609466500
133355317446
419126428
1366155515172
1226488399884
815142875274
10307304
27587
1601322655636
72619925490
1096624503
375932565519
1200007509068
162106880178
1298598578199
10528572600
221801482
2941671810
626075827152
16701887871
99916035167
2193335973489
290392760224
7124432068
443500617735
431373500774
6481736954
51106018403
846162131000
1213229778
11106237666
6751620423
501201908130
1996526869678
76983749120
402160043058
93008917112
21783481109
871964761571
683805984120
1456339046448
112675372894
3579081363
828265069980
42891918752
992959104386
197984232992
831466218312
1209305164470
16299686018
62411416704
30505717572
863294634
333089959403
11816344316
6476888208
53181887584
957656859044
39157430475
6950765003
87912889407
461767337850
408231187
105794702424
9647513408
653850243761
682330637053
388484223735
1424488631360
4206230392
82281812795
232480014988
932439706618
1566314668976
201377623678
1367312930016
104568101768
60160559479
4331767825
1557346465983
78856260426
17522009757
247526261297
293055986667
502937118341
47531506659
15929960739
1106467962803
1220590338968
568253979
354449087265
25257258
188107417476
283583323881
54838845488
21834081534
54982847943
1102513029030
1014020786240
205448074076
62961851232
181904126072
7099808337
1402382725113
24163374816
101524150042
2887725960
19679
1095533499242
84414408208
1351808129
1022644563486
1897617692160
234513333
1849021172824
802802383950
10620837612
1389235782688
735970239
129849130320
884230606068
618948367323
271202266223
8671510836
1512837990643
231781485255
15810752230
298557523836
5174351280
271485649071
284542133631
220905991010
1211166044
884864556326
421391904955
89654144570
181271651139
316543663293
1528170340095
144454540503
4604825428
60460266456
70584
259373943345
168697728656
1136902501384
647468233841
101750132450
377272922436
8377982415
65272670930
4265933048
907892570823
290836756794
68158154295
1218263145770
200275170284
576032556791
62861191103
37513086849
1601104700328
85599786773
1193011197084
1076616123804
1217399040
6257181060
270679035270
43066376298
405432310777
1438876460
761532701787
60026192639
50979929770
1847973568460
349469676290
512331166446
27932161446
186589903395
1674679923
1093465619
61968565890
91573787844
680335796943
6436236270
1550281148280
1703386412418
2039963480178
20910612996
23508409428
11077665192
26230151430
650487458499
315349721756
274090079540
93619400940
326539194800
2488013176
180730141449
301491664422
222849547635
1163431007816
1326676736187
23770332159
573573
393524097785
14972959534
647093077169
374034046320
1239848646782
201183525816
16827500300
254141809383
946743264369
1251199668350
159225885
9984962
342704597048
659696576
237293384192
559655863326
92886578187
617018204
849616662720
841223229048
935262844620
1354443260640
229182191916
832417865138
1813709532446
50106749616
732891410888
32111102808
8017206687
86687920484
372551547984
1207214837735
180138072035
246845126061
78335050638
936715374
330989970168
264626595
149602169936
56909257571
2183224
75991630649
241807562217
1427412639800
125541639804
258680645685
1250771797386
501923048222
77534281629
946010119852
1511904314312
528456047959
1039385892103
255325835961
109609587730
1922369171415
2747403971
342112542606
5078794812
63056704912
40500924060
7109027217
16456703780
707406512
1155239616
47491705325
183848478
125456340
94486281383
276435584919
223733979567
33298553178
14962933843
7146528480
13223277416
34868734988
2111387760619
533896925881
1261637543530
44277893784
91929350800
65060144
1200213902903
78187689195
157574233089
104393998763
254157414620
1048897795
6748099589
1643500973205
1483299708
122587440590
21834081534
806421
602061363
5451694416
406678801949
189124851111
342499584448
342483306022
1505046816
693522043368
1969682492239
141661333124
14380640505
22665344910
313847572563
231866590604
17191041515
11672281775
503420461530
32801581
930197727958
1262018641884
297012367512
43345073473
1494700996620
100855065360
17026663491
138217711320
668416759037
126902005392
4085786520
206481611963
32360633668
1824427822032
1094313122714
179493805278
1303835128064
2962069065
1302482805078
95140571754
23503184100
77108228847
17485605
2577413503
917297388
33756890076
1090804
2160035682
229637119353
1502250721
63272890699
138941211656
333182513579
118216306936
61529130
24091867800
66771757080
78812935488
238426374944
359933821328
635390721880
128502716578
811929211275
305948213298
1547516842256
85698809280
459352550828
105846244392
36382052454
260312197691
848774508640
347397317330
43997314
909618329984
101648904686
23756848952
402465823760
1963479330
72663487876
161026179552
192752297192
1335626735145
26219267057
470540695284
39395389124
114306716342
103315482270
16632290357
773790271524
585393900
7098875589
158328189704
1680325799152
11476927504
526912904470
877635472896
845129246751
174520241688
424821751781
204776380697
1526367275
1613358425039
544295752910
5132108430
286803524403
493091468146
698118063400
1402382725113
54328732403
1202054977935
48129447412
15390162096
851511814759
772347566880
720007617
136064899278
1583013699271
334037040183
193790797440
739063312722
11161276455
33682308033
749732876083
1173799382976
221801482
238562246547
1184980422852
5144223838
913571233134
598929637950
16365046313
5228048700
742250895734
816907774872
17667415410
8036329813
187047327060
366920918176
1457425281920
331345047033
474135900732
2117120240
1571084833626
662171761328
1430701136451
1974761277355
28375570496
208849475632
266160644854
2219534279744
8846125680
130451058360
87547503351
52055679690
230757206015
726027314734
237016441849
654532752720
53649096882
2445062823
1577786800184
32781168531
298237944879
1023834473290
36714783006
116813189532
69256358127
290167869237
42265503263
262012330832
770974168140
563277708585
1769707599387
113879457297
42720172929
763116127592
49209950019
39426638076
651898843379
141824080776
380661690969
9068686263
615590104976
79505030126
2042451684
475857020688
90865113824
267580890115
484335799430
814759451381
80557750172
39425520204
690172415647
7343798
1686974954345
322452031737
233275953687
165450198134
57397311095
284715222008
14040401984
13376510910
960910547464
757875204122
1057179706856
771465026436
773925779250
64232356671
24647440264
74250993115
79914684096
104475928571
45043650379
290694183892
95221616
66922015635
1836177741465
1906539716115
139689899108
570098794230
258141732160
288769147744
55164785697
104875244200
10894500783
333799573919
253876759357
12575228811
177566312
701973027977
118097959824
1765321688
3063691631
1505639885804
34477640901
1391210802150
1503378122854
24621134960
120304841384
164591629287
21416725392
11757125216
45727061852
193342740604
150291746696
505764975674
885778023312
95014894612
877524038374
13658302152
28933674497
66306380348
796383678552
1924565917736
753437269988
314100027053
239615553267
9052725318
474675328127
4577488014
1079602446
30123298104
243049031324
301003701999
1356594344962
1037309349969
664279015744
799214689
57182546628
1261103456774
1549974557131
134495140560
300018815523
8367376374
20581274
34677606710
20314565370
1325945291
29568139920
1159051224
710880948570
1015179005776
793559105911
1024022166816
251633892224
2667404828
23878796039
1509444
151457269138
324875
7066552581
230815003034
1098959529161
215798521770
390699428504
535076003
1366771639968
1172881360728
78917615998
53356124920
46338809670
4607766020
1689324085085
271485649071
2720570
1832290
778828923908
784667754486
1338087240074
788106079992
22978022816
491460134627
48690558126
154395589331
50877985808
37094625175
215516942888
195400087058
631054431882
12709164448
5
1983911017764
512073686079
552147199
1858752534821
2056423040
205142589750
1466094329952
2217753981180
514273166160
299318365172
140714067753
1356594344962
42109944822
1414857738987
8976063244
1767488592961
1649168136
14973173688
71826547832
1371361195209
40550245554
393524097785
3184611924
455421010617
1264545197829
709586169929
399133795379
1596587523552
884600080241
29764410632
168697728656
1138331441884
941190835832
17437866921
576014240430
176074602
20936
1970925115357
22272219
270600494283
1185098044
28580502348
545250495075
777167992926
385696424456
495599867014
473814451845
1191127713559
1958727029
93691
6604808342
2113665470
826812120562
43314997076
159055391313
1106410603064
695933403
9218814
8281451958
66040926848
4194745685
1621231735284
63802640895
1107448521998
1288415791972
