159355067333
339036508608
17646993
556456039335
323457326049
1688914789555
123102395630
63156278640
86135337792
1121231297284
282999783339
197688024
10708171621
1787854522376
180933602733
351832513032
939909865284
33703838471
1792716224880
377918689985
203501447956
1200246835
697862419046
12761358173
541171061744
1275184524880
1379970049590
21952054775
404423793140
268174633122
462149228002
4818579864
2203224043955
667192722474
870484819880
13411623456
9552921384
57044701110
378642271683
574233949900
1703791041225
1451317302441
4077066035
434394576
450335167575
55405666602
192811578102
6978019928
1608230948139
349047825048
932488403784
682334902431
283696437024
872874482123
197539039113
4859371391
233863343285
163639592256
17083458
1490516590962
430442254480
1958771248
169299
1312884288243
6198527454
79818031
1131449126800
1196927226936
1917423303432
8402613408
555122913741
1041395040
41854372222
9477820268
75059852350
1102943766735
114954263488
4949255632
53106361812
21930367641
259373943345
103691010176
495861301299
236197183235
28409801680
1006423759572
277427253961
75298156848
531918486164
20246515237
1185145052980
239757677432
22594551993
1100531120546
1674382232809
10212208825
1901484035
684695599011
223227490707
2194213800
8184468
130090931432
1660631439357
1868927445567
1891749387303
32389282478
76009525445
1503378122854
791914034
1010782904
3205629289
102191735048
7819062336
164160019023
1081114895
736956653511
758869614787
1164833578944
284542133631
1571632726164
448593214706
232707653136
491864
1320942623
75614236698
226323084540
1678213281935
694672498520
167915117370
2046201817751
91579746215
350201974551
338476165209
287326167887
5046283530
164299595733
547040468898
953998547824
51516544575
132048
128198231280
55780382252
46419964822
141000886481
46833694182
161008422662
39712617282
2145523915920
43819646085
49600992
1444009867118
1668819890166
701272
940246204764
5564329355
95675003176
92142403974
158328189704
9915419787
851602676424
770724635538
1053612648
1810237867009
490685998
80557750172
65892662192
1562001107076
80670458855
6978215825
508703349084
46760296947
124506565848
6463911848
181553766491
180427354524
170973507683
40391876196
1738617131
344159186
296033094038
438523559071
15944338927
309050000427
377586272
169097089980
197188161391
101900470161
653589385119
84670254045
1761260383708
1640412855510
46420451863
911614903759
65933158389
349244218421
2206804945152
556279415069
42588416150
673002
52009442100
1360516483638
116015902128
14620641798
196875282092
104730071672
820697626100
93019423413
1798336803
1949301915192
245067875975
45779581309
507267068022
44150992493
101648904686
10754161082
1811454826350
980534663885
1336942302195
493273796015
338342120760
236849955888
35934378844
964820338605
16496497820
6640417328
4227319044
90943813443
928541721296
20477400244
131719935908
778969634846
898593562440
82467091504
512474070348
1655979198869
1296198386802
49434663940
1692777670857
3015758337
2101490868
1519454543
16281959707
454661375870
56037240
3249793041
329433613892
486351363960
1118381024333
7072400335
871334599632
795535026741
1732922135581
376736290327
6302083843
202352849412
246785281974
11361580782
1039917668288
1328607600998
4359938561
18881420130
35994502992
1197696079899
2320595277
7526408250
991236650812
17719455497
527351523192
11008970861
71898885675
1862545185735
89762866268
151203061604
22152617695
586990672823
65857238727
2457045416
1253690848300
222228513584
586259095653
7528104514
7471660130
60725301384
1284895916487
914092642463
2049600070323
32013745064
7632110304
289863860
648647743744
825765278195
16800702594
252902360032
1451317302441
120557341300
8671510836
56444266249
33927655939
749732876083
2065595265487
206041001342
804312535590
470204289724
1201071594645
12059751
293055986667
36651
3302379758
78312740363
858636909
1081019144072
68462301
45860709608
37733653818
94255434
308950117623
987316045695
58813622
734593398
388674958430
1051287437
21263024640
276329988
27197481948
68582129896
572443645197
1088985381246
356115207816
1315929904281
1749141569396
2157087377991
194789116080
1191905624588
356892604166
623827708758
13518705158
1967509932255
2152740187280
1855668089055
538440818992
40377980234
341809135206
147505966384
1680319401229
1352704426367
5706221823
118639521451
7540021883
6691653618
7178389746
275348157263
599667574168
678842237996
349980950956
697821328570
297170412
1113792559
10628034767
2152809611568
173457572981
171707378094
9446085411
211538570544
576628909506
679002314
174204883824
128309879223
483996990861
386852079768
231746743143
2102823165287
806910893928
36043758419
117927359024
1113748522124
1850598372581
298789504
209286006732
1046107683236
18068613633
3636570
389569792248
55776409920
119817309612
856475334546
40404578500
318944137574
75554191366
74659830809
798666091032
40418674310
423757734227
1321895034548
402812715921
820348234310
82293502588
11011828608
4937150036
2291814296298
79010521821
151792812990
23598513939
10951624410
169847668550
1318233190788
1707624464175
100617296975
173457572981
70311770190
2747647232
682710147348
7612733310
1720181201466
302403190876
771673402024
2815434174
1325397302541
1047076357985
7604869090
13996282898
586867311051
241613499225
53542483806
75614704368
103253492556
1136902501384
1874483118235
11985422352
6537051365
149480765952
289842170805
57008952022
20744361
2002644882
376202343699
58840703603
1049779902262
1358195359157
677582787408
96209598507
8521704165
62436312216
291456573044
57986368341
782526611958
71484603047
95398288524
22299924560
6974714180
1556393475895
734559066
855970043481
4334651622
38739108751
81251942805
380312973222
586544523011
60937669895
23804922250
37108142236
64108424809
112782558924
766070797807
94039317372
463342372038
9948406520
908625467152
147661874437
94564313844
154771561
401223317472
289422390114
607883271
265539406137
1444878656312
1336330783655
3502208196
448633851606
62225409521
1662322852971
580441306016
86739739255
2668427619
2161874657313
378504918995
127570941960
933663038175
244291010828
485159108
1408601257492
1045751768657
61612553753
1528067478
1753202835104
88788744
602472314686
71081335527
631550894384
28139212023
23392983632
42355287806
3604240068
39626630208
254747926482
310568487075
743771668605
40376508580
165876868388
1021497855
211239
1885187693172
290351477
1459855493103
569570009652
57297114381
8391003782
4103262667
72166631185
252666613980
74222784
50959847740
5939695650
309274344995
488711435016
13255073
1365844216191
38879923497
1575667594
1218272762
282614441200
1288034241088
209895774920
1124506744452
2021856265583
83583770816
346252593708
88017231996
53908813696
175965478143
977939036151
1410120089690
65475431036
2503107273
54682035093
524959042356
338378143761
8933282316
223436497592
11682289381
1541605200248
2181509803071
17244676
792905366220
3248151543
303093018774
628253819291
1393186462416
148941302874
347397317330
124705670804
10466786215
2252350022
259771980582
2066813719424
213153011710
56200672528
275348157263
4817652462
114476872832
526501710
68490646432
74068367009
386325225705
1136902501384
111574084408
1197430408
1032223665291
711508185927
1622535178824
33869883936
13302309251
156506552583
1621771271547
1853269070240
383175669408
366433661794
174737563400
27497415799
95794984719
12761358173
238073474615
71956542672
2263483950
221015593386
1126517127736
33548229
806415698403
6062739732
98206086825
1223185072032
47090778
705162614652
341809135206
157818528
44261285
414092637123
5078794812
717314348849
1161971553127
2047697178576
660190275227
245810915129
632774226084
391106864980
69411816900
599291985950
7044880920
1168039222779
742872536
393087388496
1073147383693
24248254608
259781522078
527196528452
91245659580
1602518749520
88465808683
7286604829
55701059231
37345813299
464835989583
155641464418
456694563156
1733893209
11210191848
579910291
336183246567
838364955659
137172860694
31577918112
198767460132
725455986476
59642973621
283583323881
528594337271
1674167033
1959475080381
714862129158
1724861819
16437477623
138148506
1367951680759
24755156659
48621440396
516749586428
766609623475
1743165972288
342499584448
377928664632
7898701244
413845263
277262270615
2056570056981
669887333280
395424557385
984510850622
206605222765
3566478120
557947375458
42646919640
1164136114218
143682401681
66217468005
251627559742
1031596482
13085102121
98398244
276169395350
430141482624
195400087058
298618099
1139037835047
1769803367189
1155557318929
2887725960
1281058309188
956609653104
1018478959056
47491244570
1641596422284
660357516
434394576
112150415
20581274
567694329111
548574193772
1022084012880
238829998420
2013111844069
1075039912793
28387199028
683775680205
3715323514
94497642090
1572423325296
95014894612
155186605704
1148586240755
668761893492
883870739975
168643394430
1740141630
561609055469
474740768060
1811142936
5655208207
1525484967314
8489521404
390929435043
864640159362
142209243
3889752048
1701694008837
87377701502
128036819313
347068644741
858433928616
50120782348
525678144894
934692836
1079962555
27779217060
41645368856
44543706779
903189313278
504092293569
42203179864
1092475191267
291267499432
303161626800
111148212
2242631907
710130036
630116484746
25314782962
299930488400
1708122102049
43819646085
17670573468
358984457577
16624197135
133789698328
598615167396
423757734227
135249927351
144939643324
126000161924
19570161156
5136028
104182324791
88021833112
501471405925
4946515198
376726745225
2063870811288
3121391
70837753523
530418851235
180427354524
69549929540
359320887387
213742681998
168858814534
11476927504
821232564878
373010271127
1997917799791
305308479255
1091250103335
259404740595
1389294319069
1807223292
710394320328
391178583744
466664486768
732891410888
447151101336
402022975032
616390742065
5721269182
2602806138
2271652974591
363566121282
56745040898
199125140669
503044894198
1220040169082
14999817632
894103664244
6515692553
829010450772
458554499403
76088518740
213742681998
162516608507
1328194607868
256530334730
960749717837
421810377724
858433928616
727020113204
98632765725
1387656692136
1250592775224
25782846089
11807380320
239091409267
1333337521808
25096020211
395702650161
1309917967974
17064030872
92559771395
