118757865
57186583577
1444525702178
231783556180
187969366767
103365542568
45786783
30660518627
4673487692
1294975744432
271358455914
202916965615
123267081
68939396817
729013252058
133355317446
2719941210
1186843065980
39394081650
186438938175
7250891328
8742763260
5252891963
345310093590
1844641941604
1642620462483
1159028609024
88120631167
113227419908
484967459
1578527866188
914123040
253870437896
506123758952
439002795517
238362318945
65717665728
459572830640
104012135725
33139257598
185655063799
111675972512
39064367745
2263483950
20269743858
1663792130020
4468884
989295716210
2134689330081
104099128380
7720295685
368538820923
21122244056
13475229141
321763806462
878784
185655063799
163498266138
722629068795
683147165168
120262807313
1212791539483
101357970384
1067544064440
1568911217952
12113735067
1197378784818
17546848
475761075790
424442975616
71826547832
14679543890
22180792738
325055268
1133646974768
3657633322
161008422662
730497872306
992126687748
2294466860
27922430900
205111376106
134935921324
672314520992
3334421853
62686701
953457613745
610571827866
356872047116
403661808
29351714407
1047332364390
651050986880
1850258
1291098666676
1303282309833
297182011
134859862883
290153047836
167027178294
105774387
356171708134
3709635748
107713945344
222249385787
223961862532
1150476674081
389569792248
124370607284
229819747388
1185316956
4367857384
527352
347068644741
88202806902
3431198510
1659435080303
910332751800
7941234281
1110162777230
1604178403048
5295780126
228147845075
1207214837735
1714865555688
172562969201
1568443630
114954263488
21832777659
285820018200
304768640891
114418593191
110916565
23684402291
23388729004
610346073935
258388938066
538858600291
598058957866
283246281731
895773914847
719550203764
91301177600
4531577868
1311863623343
402625609659
105244110851
1227191008932
272768206608
110474209559
43849643719
2019304288
480710124699
5078794812
2625533736
35396654
374165053374
229716562868
1366935648741
831249916928
147439955052
437498957650
39712617282
102601056655
25085745560
103977753516
10253209527
53914340991
264226424
56926365597
74387930470
226868713236
2864199123
1612909536964
13468728
925448634474
794555042988
9844170824
427542227875
2210842185
2060995537584
277785684596
797252565031
843051106971
32138188832
804434972709
122280610394
442604226096
459572830640
1588382571510
396203150655
386902596052
340462715265
110918816190
75344513015
5543160280
1225829254550
71014976221
1109635569112
635753088360
921097352
1686446290396
285946556839
2167954389889
412267950380
1550281148280
810640520529
231358349502
1738551383619
1019991843123
526835873574
1151925292440
1199686993200
576340374575
26466395952
1807791427988
809371484306
915914782640
233074750607
2075060334757
828088041
38117523521
2815434174
127106907180
53698746906
186515342486
292303352091
52409642712
3265823717
177512211260
1416790237104
82998850916
170202558924
3888137358
302584587120
685259582040
185956447474
1720122980330
113519997338
1932061676272
107706141230
1738551383619
107180577
29192442840
53230740048
366468552207
6198527454
348308404415
7864570054
955589867783
1009517079459
71781797764
84864782233
272768206608
2187091263828
1501134389622
400007035334
9799356840
157455339266
300807931468
12975377636
37318345841
367151867102
5153404221
1688928382232
74236461390
28680832674
6005208447
4166157073
73569805551
968707916523
567442376073
416267559
739063312722
703970404022
269510847113
352395296220
1126349819
6512976218
1101125580126
90321356944
12014478216
894145341376
1385397999401
528148094214
16178605869
1060171009836
219595857392
1006044149240
685337578128
4298083836
154554307425
199504378080
59870460663
1577524168870
27246182752
701408300479
602484708672
354631688639
1105576856433
67122003
884133658950
69549929540
126206486861
509308567695
84306241747
38121110566
18109672035
65657081184
1045830067278
990290462903
1247572107012
507748426692
1754020228011
497726279523
109619710641
2336873812
718316755247
1483299708
36805533408
375844041391
967713392674
2021779160764
6344334711
13388660128
9986021591
272589871008
290481449474
1187974276412
23938754592
76496756804
2067103643506
47644538580
368010394395
1720181201466
172248016556
381904530
237681939803
1557500585
4673487692
1922369171415
2006184065657
35887838546
446769657831
1641753239932
1538713963566
182718720744
1475837590500
472339683288
96541998390
1744169929688
5615076404
181435777627
68029627211
223809321411
2456505744
192063975600
182373177798
456405085266
779149274680
32213659184
4560937788
1020044708
677208854
1300289067396
288881816563
80670458855
88407698232
696879862671
1705012363584
12014478216
2244239125055
382579993050
1180641507948
235852494339
1084447112463
40036517388
1571238252285
1399376180608
1737607434948
591663544164
461754595455
7967690360
37078833564
615284607600
4731272
254998212448
25289109279
2590968296
239924090
4082643390
19041683049
477168089112
194691656887
1816015155227
597385823792
620115430671
561012692968
1820212977180
2183189252438
263555733144
49800563645
3904642175
1440726981344
30225249522
1449334573390
1974761277355
20518018586
85207158
32622700338
711395542592
2643921
378301351560
241182000576
2186740424628
96240621344
118967135287
554883589623
147439955052
88807447989
87242220
191684282319
616473583164
497933777627
1376517338924
398616040647
65155776644
592372344
60931391514
139188025982
245728400693
468386534748
22579166267
62194170240
53220702818
2007018572
2502231157
1447087534240
368342084671
60514610715
1300569275520
12025968455
57230380295
532198074870
19911729222
1359565325150
486985498321
1094910341290
1955797757635
229778377920
163610316909
110560364922
1468583988104
385886502
398004773109
43930900902
114563686650
481721841887
2437190176
1652552485695
1027305580
895738590
110109349
773822380324
19813021382
302438930976
172386602616
89695722060
573770736
2110611669201
833591386264
201465331119
306255998763
186015419948
329981278570
37688867835
38881908450
5478918176
371973376200
58211361702
18446452050
38493933408
17672202828
29334475989
31312591848
474996743704
550648695814
108696588
14131
902348056052
1555584159429
447993578586
37726371
1290830244
105983352990
28175944959
364523179932
16733932768
66954913580
1104519475981
224151191810
103316410670
55683549495
1207548319432
53372836438
656535290424
1402895819423
292452975549
128854696464
1702751974014
12828325510
36794690426
95719334490
674534184786
233701724690
1007060092136
165007971744
66790980
18678676275
23388729004
1526328116144
191425920266
768118021055
2034937234946
1229808468063
121708244
7603191903
25335380688
970568709405
183830642320
487684954328
1988507472515
379554465742
208276365151
896228905108
1702475280508
74529598820
200207376915
1017594034267
1849247419812
6465564
1994638546544
41276348784
353529839088
26663
17601356700
48058348
6720755206
1521982557648
592750679110
967713392674
643296822804
495982227006
2916374258
11855025
166201340094
3151876
1571715468411
13059076176
257362623583
1714562122817
227003868
201377623678
102577597920
1777792122722
16281639418
628405143366
17137897049
7624703639
491537912450
689919414560
24030205914
252498890202
86739739255
4449012546
310506058422
11216548693
1223714573345
169384624884
15920582943
641552670660
2018967954112
12165655788
761056687052
15544648623
172432666
956542327117
439422543216
1252156537827
161776319322
286822009712
543291518319
77557260410
350645765904
2147988997931
246802260945
98096259825
581579995880
863247948693
1274457973734
347276096801
22455455841
63381512558
1678213281935
4299989656
626920629082
1484136731023
30813204256
129949979718
101375976569
1310101457841
24543
119817309612
1255953451767
642867599827
882770774262
197708572
25382693655
80027992660
38774862786
151466323491
184581942727
438146953880
9692371010
457231305760
96739146075
10204367259
92886578187
145936277073
485455785815
926565916224
354449087265
35225661987
51629315235
28956784415
1467208139129
2712255252
99405482079
918871162110
530031632
62935153246
2273544917
340379632780
465740230319
296801556383
81048681952
991760677056
1462285060056
32778
416852221644
206843339583
65060144
40718322540
55308747
8533685251
172386602616
1663081287
331092069980
1960164620216
36486720512
349936016481
1197909648054
400601366968
443041431140
521362224733
35593037852
607972646841
580564384470
119391093208
87409196803
12709374194
32876979
77246716547
13172432
903352241960
26115146904
37333236832
1218852649635
76844309976
1193086622
44277893784
312611877864
658548385
295161101053
2054483319
1609079682600
84524864921
9815903685
1807518451290
877635472896
1652994216280
532201995
47956485164
421103185146
1352298250611
303701234837
1468583988104
1062737110833
111791002218
27530438
78738410576
2372880320
1278939362893
544966029740
6633973036
225433451861
185668003726
1267241624495
179130180093
1511952894
169220184063
1983761273307
98662818821
249756724833
1385039146124
1667812359462
52088
702424990770
29361562734
840939689822
886569341
40322557620
40819283610
2622522
1319590325144
1621231735284
185384030832
114563686650
364389382433
2702940
1600379157263
1213908240636
114055951508
1650349072638
45065754903
27580532
914209468779
1520059972646
