693545001897
1744593498354
346083617199
6084236015
10181021416
286169558851
1316543574294
16286560864
153976135
108899709947
317446454546
725455986476
1567814532086
299244401742
56745040898
5043109883
204010802384
17681010984
1217338535
116391
141661333124
437790788512
2117365988500
5333226353
239194323732
140605852968
1020784688420
33379782863
8383385595
18684689870
117927359024
1289184978501
422956708405
30435105355
74746514016
174833566614
2194361156
38286061996
516012286799
379105652097
58391736624
213153011710
100855065360
138876741344
768139386
1102151043
7692421282
102780432549
1093266537
1623466230317
119477495043
83816314176
135122445920
297462891348
7170115952
2159677632
139781350058
912618494190
61894924392
274046663456
1003303887443
10566123630
16812077106
56106872966
61776335292
564135041050
362249911134
921963977108
27508973079
320156149698
709202016
935008296560
66163971888
46641942848
1715378445027
124593030289
48745685024
597570544
5657097186
17906360976
43819646085
1605486746376
305141780769
4166157073
1287911479414
51484748308
81048681952
90610994677
130370471
7124252730
765058839532
1511952894
793913406370
36179102466
345806667180
6463911848
352395296220
1071513100515
104639194926
99589192668
47469865149
729108233616
48129447412
17373900236
84064028071
538621842
230852753495
210126510473
277671855454
323807778
2085565545536
20845978
1398443228035
92826143494
37442975427
2270833164072
8231682417
6276442692
1479391435152
1228331387140
8439254
5810069
430381286720
156738475647
52455698046
150439515904
7992714951
855034926
616210613072
914623283906
6202828592
122442023844
144702639216
12517761200
2117120240
224396895520
293043631572
949698116679
761398663032
15370633992
55784116451
559485261472
2900314053
866048764599
270115232760
1565762211111
742388385323
73523563360
214472373377
376202343699
92238134103
978866819434
1638686219280
28894284260
1785020787
507739644516
64980335049
12284316
65247739083
3462978
27904747616
1032251001067
694266732047
888326596063
380865556575
209712653304
45005359750
242429664436
2299209822
319805100001
842535272800
1839685116588
1461066675068
173359268456
1635976459711
86830543471
367159723
89654144570
769118023359
47675010222
269683997427
80944628160
822548678897
332402408338
360429494271
18109672035
138246333792
967713392674
71197814361
200206368
288312827959
24056633989
140341790684
304174301592
28771434000
1658401569957
63788229544
290392760224
514970991106
162494532837
559211410
69807231
29135329881
1539818692083
363831455
4312341180
313492598455
196870686038
1740849625745
210970555607
7157894751
318030259734
1124229689406
471364093310
56040543668
297651491844
489105689870
1064951628377
1646753137414
80250004881
212867659719
254005287120
866670666153
19791416932
8816695286
139479249858
93019423413
139188025982
1590460154255
48382622540
548486766141
965267450161
57175175324
9634766316
2210844922
1291064370099
222418692288
106688602040
486351363960
313355052283
612481632
87838223202
211313336868
176613365929
27970223456
21317515407
220509618
313493676860
1253710930784
726879215106
163104389112
8708054789
1015004339136
251800774848
386721985566
1068845847615
67259650136
1807101930942
79010521821
16713444906
86328478622
296662292640
1155557318929
21156998765
172016395194
7894278293
181271651139
313104335907
13679031674
1152155528027
1017978502572
384332131190
264226424
216465655086
1125168291247
21343362438
439775081064
657571545752
1770414652830
1580821142136
330122643410
331821604016
4711228137
1117541379427
647801407792
3335276486
574309671208
24298107
723285630171
108314460875
115672586702
25344552376
1684861368725
1998381
73332187299
843051106971
1167166
1100305082457
28290419487
74251730025
1819882512
112122683600
30253844894
719008169022
148412132853
319926408760
147472921393
149847320
42044006792
187821267712
1353396230648
7549794116
128945999
196712304516
1257797028956
656261768349
12109775818
1231213980352
7146528480
64031844336
842101989512
735939556492
127268023038
8211283290
4219334496
27370644028
2760546887
38054601
139008218760
61627044122
1069866866159
1096164086871
692524449947
708362302185
1384241478235
730582597521
355317886595
485422255136
1263918819989
1357520925530
46866583450
301084781228
317805750504
293423345774
48280653421
14274549
57609740760
2261544722463
25819319869
1561552564824
1252579526146
21832777659
145782321255
17342402000
649688859050
264596558730
516107832188
303035533332
19283463
7018975802
89137699476
842702577354
2595696818
284549554574
502229897
615590104976
81177374236
1187403879
79802168166
48795878495
493864385144
1562447922994
54934450600
9658763435
463950576180
347730120
183546289685
1123007319280
6237521780
68769086432
112366940238
2569146047
239351126760
1294636335005
78345607802
461506386947
886749971835
74306459567
759547216529
1146363054704
273448028
33502692451
97537466187
23649483654
784054817
887973146060
806184362
27898343
1191897340522
9614723895
671422281231
499532400378
745471394712
365799027132
649026956424
564826194816
1098787311546
98423215011
850897292042
149137722087
80741573177
14973173688
459034072915
73620423890
1809629989146
70123959906
3998286663
80250004881
7502765732
1671542138
35740534056
162754313904
118534215072
912996851800
279379277
1104448055512
52175700829
743372797064
5004176562
806918507010
567714221872
727097098
349176962420
68693833140
120557341300
53396549772
76942504956
3463662069
194605035366
8894536399
6582293172
5172704438
1491105868959
23844814224
628954743690
148832377344
508948421617
413845263
381488219364
196854735578
1325272932521
9285875624
276275104963
46226502
1211406166998
430060220100
579891185376
1200956700866
720619072338
55858130364
14413989223
37558726387
65377479244
31634288777
1381119768243
1000445247684
2786308238
114952050993
12096304136
941879661520
3122574
635246703567
878190071792
2145597596
209929343239
15066302633
66193618009
3796593755
449448129
1252520572121
402696360944
3787300647
541214039054
72819032026
793940364
104682187764
303192310694
626454668730
334331371
60988703721
907346467710
5808610770
764180627973
884357841540
18222772260
182127816572
25409514814
303348990175
404354082048
595989399954
17788996082
153459149238
1011658070280
1449793955
757380967896
98579941338
49891782301
41498698329
64803501224
36140988
643329954080
1491916053263
22447190675
1225541580536
660655989882
1533126315480
1369368308
30088381791
1381491223502
361070120
307551637614
889175140664
15806154468
92811649047
63156278640
364523179932
2130667
2150508029219
193655627165
1076111948048
479143164916
1913193926131
535831983621
1562001107076
1813709532446
7446547815
53072169423
2219869181079
32180701091
28613484414
128572166832
156832706205
838141031511
71920619628
1133623561827
506735644483
759330062033
259383838
155369913696
678094946320
171254942631
1461525258312
443734495451
2670018582
1429277122
689210878349
221729250260
54131537628
559345797010
746408540412
15887950442
98790828332
235464662976
1359434118704
164293776262
579855300338
155207053836
958223568600
490685998
923831983815
924588754472
1099304383023
177028807268
600547306275
225703148993
226898955497
654532752720
765118848564
90735988629
813967714116
162516608507
26047224437
744249658880
1364992088811
643296822804
1966354
18142055757
71578627022
906053866809
1022382721745
78264639486
37560087509
262955818972
392003661091
35384267562
308950117623
117319380288
95463822168
429825444594
2105131644
629547430784
116391
463686004488
9564759266
4627266
410411270633
24543
108539760092
149097015455
350477451632
1287158441139
322206063696
37442975427
208614416976
1113505302
474714442048
488911060554
68128354392
14307332753
276169395350
437185760102
248200586802
66202654891
929666771936
281166350465
30697042311
2522324
72166631185
2123615594081
18112312470
70821157043
702409017275
1384258499001
493172718336
1000807972767
44882801820
98460240
285815587464
105663422956
4604825428
732581951563
536695897257
109004771135
10631955856
737581615992
42720172929
111868005900
9683531
29147317232
33862397342
505465168
64803501224
120284530404
142411087302
416820599052
186589903395
150384080637
1290619131572
339724207360
5975706227
5477983616
826812120562
11025110002
19698774191
398123063030
504549533682
1096499319224
12713233164
1501402940975
103535178156
219596936328
269625695317
232662673188
23282104775
221935175
864640159362
9933232540
417708694172
1164210044207
284914136819
416713926010
95240631717
214038517
1839571296507
107325525048
1690755165414
277787445264
2174514417
1336942302195
10180697219
258183513224
106216488326
326813777892
65298030455
46670766391
1154788304461
2167954389889
1303318250240
1092946025808
464790447968
332711370390
78517846960
12096304136
26164172847
671780191810
