765434681088
106688602040
139587
1765465763152
306841199301
288312827959
1016062938
849853995582
2784588814
1699142332713
365656506369
1745569373570
443734495451
911804233327
293398156693
110960378001
59504129776
173129611522
9020240096
46688273184
38690594905
14403262797
35269777136
241287116400
496032537539
339078279
91311926888
21923802663
1351202765
3596135445
22919008
601660821600
20269743858
491104948887
234701878212
23604576840
1281084046522
13376510910
53356124920
7220850
7862881026
128383504704
201878919112
235852494339
614177982506
1955805362732
4428267004
772723003776
122934820624
125608169649
463342372038
83489396858
582372348128
828757230387
1777742084188
1091871474157
42605900280
1487315165355
72007659441
90532293488
240819001056
33148950211
659736711675
411141985191
9045325464
118778400
220623353496
481975454088
1054781587882
611034149
256311664308
1966010301600
1096830716415
3806364848
424422495420
10219611012
603404183745
16952285448
1525477039242
2057821440
133138058232
793638142416
19059400261
2085565545536
812584554782
391610742432
10263377307
71081335527
63595362020
1289439076718
1917423303432
617234022504
415042873056
7590862440
163805684350
1157327028
122134661649
1306833631983
965679535743
239315401656
105498136562
537772662280
5367082055
273409987422
17478816978
1584960717273
5754263653
9629070633
35521838079
1745137783500
329365535933
1696270192435
1471930985098
478945832274
1854917970780
184800537392
218806263203
1742697779886
819700656091
1400314732201
33891549211
34779786444
10204367259
218405851983
145721050020
799305853374
366857751988
116680561760
17906360976
144176334012
13906942488
320151920
5778496724
27833577797
118468211190
1741190708348
453508888690
40433435679
82953902115
15683969422
12335954687
715795476120
1860550485332
11135275983
441748242
271932729866
38978742348
213631821
855084400401
143004816
127212776964
1920202599017
218697115253
3069009
548450899157
163306666377
936504928324
6520231008
859865162156
702173448977
1321882038776
92299346370
273836130336
16002000140
95398288524
482838614901
219832426737
396838001360
115257698901
920326165182
1143340436160
1244016004
28070287711
13045745181
1128507822351
453253624407
78506544116
929392904874
39879959256
1647035385450
25385353
1464757464128
170061758144
1844505551240
279286765345
459141403965
1186869752621
385758
1275555754620
209056582
61141677675
16530607181
265946597280
700705581795
956609653104
29334475989
164560575348
138291111
761721510375
1823207237082
130138949367
2071515084756
252666613980
1136006776632
279121068369
245796157919
702324357130
303162823917
87922476852
63397743444
598535056184
2716316813
252818532260
667640284098
399409557615
135301166
5906107251
256358646411
1587731775
6537051365
183757283742
391827045155
1185098044
2304631316
3453491652
434359689953
1654829324946
119290621894
797035701
684246329228
1564911931338
1162370193072
209081101814
710880948570
374910165838
480731101515
1103112582527
207412806491
1613658739772
7098875589
10665104090
1101861403268
21072773916
546339560256
268472281350
81032318913
185490212925
1309453794341
6325200475
413737072560
171207781848
382179661874
1046432881897
219595857392
107051637329
778828923908
1806349179138
174621660530
584526998520
650141490999
9303559488
1142592499440
37908281319
457559767314
54154432467
4689
71119801532
8130190264
39571621160
586000094922
870593092066
1083467104227
217349533848
169733062226
548574193772
67944089300
592425456116
1043254006116
10766824506
583498664
4148983136
6874428015
1741938966
130370471
56221501067
213581558091
1321713624
334340241408
200514795656
23598072812
914517765
18616752084
4404254179
23289839573
1095981624101
445960863999
669095450457
885556616768
762854616084
1455721066506
607989550
44261285
499770334297
118759454352
13154990852
21736732024
1008922298454
1527087013397
1343363257368
149165086
392010657264
3026730252
181379529155
201574514635
939502762681
633130529640
1799655233040
312776930655
530525395548
488911060554
17658899840
112150415
16940693835
79743114414
107428244687
131403044688
1417157924928
49834080
1486329616002
1133646974768
521926136445
10056869172
201097300474
49546275723
882093
132981386834
694254117674
619626748867
1556258913
30418314936
2412871948
8521443
211532595875
641555791356
12898650345
292535849286
21183309057
1328542757304
101750132450
1129803474300
1525544023718
221338271385
583180824324
2061637180127
190442076
9081722776
23167118475
216234220871
269361777484
10253209527
1333860348632
1448051324467
17235846950
15706426624
1715614433397
1384943105
24120685127
81454731488
885778023312
1212751
3042932141
164555818669
194567095528
186594504443
906227608
1156049760950
51352000557
5186694747
665610316063
586187554680
590312107
370811969892
147656534389
865950315399
886688801474
10137896804
684246329228
948055970225
1223737921
1260578466224
407286166
1552588047659
229317288354
43849126820
203706083599
3063691631
52205574205
52455698046
2005341450497
1082179676
149335633629
3742066867
456737218805
1148617790
248885824
381337396890
27891464018
4620509361
176851849328
1672267804389
1208500742645
155176237460
186772103
7526593734
5896866580
56093625
990575971840
69411816900
23440064928
220509618
290793730374
5908684734
745830101678
76236617370
23252646529
4027819832
1562924180363
19581804
57006640383
417708700740
249787854729
402696360944
614740328804
725054934248
1965398600799
114698355717
5207942877
23752566936
1250461117318
134993071703
8779749635
1288583490571
272344501200
234676815611
445502316914
16112433351
537998530797
711965973618
421096153807
668366973300
1148133572454
1781357477319
259674676064
15709401183
1060469630968
210302084552
384567175356
1598119420716
346962054250
1443846680256
97024203836
2230271123591
653455716367
42290664309
2731462936
881229418277
1849021172824
252818532260
172039747
2172590914214
17811729702
3095619384
162487083472
292918431700
1044125383140
28417863726
222006247
117359855025
1426964802165
978004509216
593351742368
1483406870033
305049343346
4359938561
936085200939
225613661412
417292077072
1834609542876
591381795310
8473664745
510818342411
258085445856
1194727456
1620345097503
782720892721
175939746462
57762488987
15493729008
10628034767
2038788070
87995123944
17156915591
9525030657
15616483064
1806556710244
90875649735
221960291666
1281694701
142646700167
733006283065
750597977479
1642545866241
2103498873
1030071793157
688637262236
85034047592
162106880178
58144176108
237745395216
57482409257
69831059480
119407565409
272344501200
188266886479
431698698606
30123298104
442831841452
895305196071
56761729289
190225324065
196202996444
308815526279
1696827477258
309381793644
1281883200
194991050807
1330935241370
19465696536
147228888676
19698145544
580071461424
308142387
1880766821796
1950391615848
568418947908
82281812795
138319216497
6952266711
110201710632
183015876708
1288728076141
150734386264
66790115788
1025892098
14999817632
4002786515
104373789135
191285610035
489127266530
538975199534
299639710336
91773738
134558021934
929666771936
1598988645111
806891108715
222003177055
209278052802
1613997958580
2668427619
228886126788
63290674712
759304965
136256565654
216335031836
1812237023
279943075412
27779217060
1250780969664
17677790
387906148
309587089323
3673287826
385170197958
3738175749
157907353588
365662782356
138941211656
1338690132122
3796593755
1175952725472
355538889300
107349184140
70821157043
1034286690528
31487168866
881229418277
49814521095
1720974888864
11752180132
757916481888
230493976062
403884652952
464233837158
96419608488
65512304
70837753523
47470514
1985516567880
13537435329
517220152147
106263602632
20910577282
245560235690
645943644346
34228761741
5758780
537968538809
538440818992
2065101973636
429802948504
1492518849976
180352678331
175224210896
491202232807
17194528611
554319175711
207751353656
3334421853
658057214178
16987014636
37457873376
21558855955
345806667180
364521927520
30472605750
139324443104
47295429213
71891234415
1103738722086
1275149924895
257308487160
697490023742
138415256795
378542487960
258141732160
2320595277
1499218893472
198116919
18853329443
24056633989
3432868509
98460240
3143963988
1045432549392
545510465544
132345478584
313661232157
330754893021
50029706688
9634766316
961059404536
87080396352
11444516892
165213661696
86528987664
327718224648
2720570
182701660075
1118019251388
672960867086
406547031
111368620689
20604561705
1401488805332
312419042145
139996771880
38712924163
842915893323
692504292584
114825039
157818528
130890645631
657903131228
1982034522
112655031762
1675668169
199699879158
204187630562
7234840788
159402427436
368018732506
16705205
292678628992
23020830162
8719811002
206450920
320444524764
1025745596084
34436705601
1474988419647
544670674353
8474600862
587406362400
537875491752
1542094538607
1081114895
385404323262
5451694416
23598513939
168958456576
276303928394
260381933448
429438803360
4148983136
29341888802
333156014604
1671424666758
326174752103
236257895775
5706221823
528998113573
881522152
10631955856
63036386336
103077734617
167596110969
875453065500
163468062924
237438941648
548596999223
13937631471
360631632921
78056831244
196904386
884554876821
3679765107
1110007547945
906019271751
1510863594099
1357222802958
793940364
47943318852
894880394451
9261038784
739279466352
212193830261
36843756444
120839670952
235204614218
511275574880
59648449406
104697649914
1963462493776
921273007365
1557490020582
1346729903897
922069278
50394456
43045605496
114446974422
21585790772
712544028716
256529525504
92182165821
590846019876
99405482079
53220702818
1554762683110
1746037423053
230355953531
2452670010
8125080249
445502316914
