296151031728
1115642368730
90759054652
848419075
1859518781835
90259514688
13937631471
1004098062695
49905868716
1420900993785
373508858639
535683788816
599069973936
229182191916
901575669688
318608595207
178437590156
1250780969664
87062997058
621066879675
1665822541
90443122156
445960863999
1950339725565
49761690
272794966220
125754692076
940462586088
209090150808
15656285
196712304516
4214
553893120
401604
359618096
1502536561472
799657166
442831841452
9648566487
827730836415
66927954380
40426072887
26323845072
19734820079
1859235
1343551812392
10163153
23625
190122888788
1223698961373
7683467883
217937265912
495557393067
130795734438
46718390919
794615717350
3186291997
359693286512
354930737370
102601056655
41526323118
760285738772
1233678027302
1379164134
1223033753016
79006916130
736017548096
832536087327
34586371442
5713066226
2447159455
116180397090
759768486420
927182397577
126825908352
1490716990785
1025209842780
1306833631983
251130303368
1769810133702
10207169930
302382235701
15093424602
615973734009
607061840
162332852406
1362041572423
573999708386
12924555396
429802948504
5875165581
47647194236
184033582110
1576617035866
914092642463
409865056349
1406716454057
136166401917
412267950380
449448129
4015608552
112084124030
1880746480300
351522761853
133201981224
37733653818
605036897784
67315084407
1214235000
111579715816
1061816718417
3982948398
1427411678
182347725504
349219682
724450487112
65017060317
171014782988
1827260784426
1172378626956
17746690940
223551826761
126625505
949580550776
18151208
1632681100029
51403329283
752803940
925647209136
426490127840
438523559071
158465384
605685119996
207829815689
429873645552
48892729941
109534178754
41966336061
2165135282464
674534184786
544435445412
981812701818
14725920216
421778442519
155579999212
1945603114
1868698287531
308011907853
1108887696480
828485182548
122280610394
35449879647
18671097289
1671635944082
580138149584
564517986120
42726635840
975726340056
57262500936
116384942102
6059403504
9248652249
8334163929
42723513326
3606111
34511179757
108183124634
896941575
74168888808
564407671860
206041001342
38633
339036508608
774947209824
1749141569396
23048771522
715307256328
414499597390
14408952446
904227469873
75317416733
182171530690
192904009551
16836813
16425212341
15627601990
1245042015770
953176616064
5608290284
22395171
93674527695
1826086789176
535096161685
101261406386
7994862
156346911768
1598494409694
1313071762067
1588809008032
42792175026
1122345677525
342886024864
558491286990
551428211882
302584587120
62300879375
586943685465
516783236487
43991584004
171817242464
239388936644
3270008259
579518818088
302234698861
398794118690
70705353348
13820357793
317252364480
1139128120638
382710766328
19681994472
130032298220
51466314060
547966474328
5705240992
474811991388
1990768805307
43028924442
22532700490
1315929904281
5021584722
317805750504
151382707784
99680292063
23252186322
74713419162
1059156753837
10622401042
355477456124
1520059972646
222849547635
165450198134
689431387190
12181991976
370895101416
12509006159
343247456419
1268844226800
49963741296
401474540768
335368432014
105234193932
104353946624
2283107463
1060499152323
1580278748336
7925451352
170744584131
2299845120
1701095115454
27828350704
1206051579117
589347
368758763835
247194486968
11319904155
35522478432
311033126261
18467451594
3504317863
231549593982
761532701787
1423000833384
20910577282
36650331242
19005198471
92573593196
3513835013
226907303636
2116055190732
624296
543557648501
1562924180363
1525716150
18773355986
906837377655
13906942488
1897661867605
362536467458
345300268896
1194934454910
303573407045
780183026175
394301600028
15100397080
769565038067
177136796223
1410904009326
228427318
48745685024
14119
231437566976
294320264410
3180364440
124137977472
3186291997
234411445652
1944536451
1005615228126
106768357123
57687731696
939234400923
2077012223472
196853342
484729718665
99594988955
412267950380
92460335130
85698809280
468386534748
3252611319
9606769020
851216898662
65717665728
1418837792
267511023200
1502771589
207949576412
6563743900
724977671292
19207547434
73523942811
246641031
2006843064
968595628
723830170406
1619713807065
97622129394
49130869592
189441949437
1476530405151
106471326303
131979382834
1136119905515
340809061194
512420092345
114639432299
412974582867
466676627326
798229899104
2047493857079
41411580132
247597988820
41661803456
931645755352
990897414390
4228996785
164578327148
7936998225
595799938692
373599488871
142989266508
434008154151
487899023138
751543807508
419126428
15162543
301409907610
1499730407
796189681112
694672498520
707486895848
1649124175140
7157894751
1598494409694
468682696664
6243598179
723654197
581849381183
223293620
55678066946
26621623919
2145523915920
17289267716
200206368
231081463360
7958831934
283177038804
18902562272
1188693552
18837312728
653594560416
806891108715
273647189088
21675003999
1330744488363
1106164749767
498294261668
1885170665952
1775854535868
1211166044
20299473360
276777
13418936145
422793761556
923403582192
135474935288
532776
1092134318618
841526326290
10159232681
32013745064
2281621
65774455299
1369779117
1181432252
19652866506
579862823126
152695954534
67040926204
106354597167
1316880792
1246801374
100469394324
1720181201466
193884
1878390838588
12463109594
706334996528
397651833152
136601923248
788130083
193584179880
262687421060
1432933498073
143946615078
10480024
255008348
111927616
561456265839
1235477463120
1822118494372
6634099668
35994502992
27898343
509032749708
167340406464
133006348720
558693048804
1105587176787
122886957466
4008167940
1366155515172
38461392312
245067875975
13943841132
91137788469
1285520362763
42286603
203413761023
527352
158442441587
120152296748
616210613072
317321068635
109848360692
3944347490
224039329241
1906155284222
41037732
1671635944082
3036899320
570268217264
25032130032
1538487912384
5477983616
864973046
6938804376
1403364759986
27057487270
85587195561
1081019144072
1751236022375
38371752
1932061676272
1165023738
724936510238
54361383804
379331824932
775376025637
846407840012
63843738
174828741352
63017643689
1737607434948
119397417495
1860550485332
1315881487277
24942535464
17194528611
454434109204
18594448925
707475360592
759304965
301409907610
421279113507
14976
254154396665
379686545100
414791928642
17822757131
40646215896
14784655977
1359406574583
199172017676
19531796328
1751252018451
893647216
1290194229280
222418692288
560672815498
28616919786
19680139238
63288966391
40690519276
65857238727
788106079992
149457440
1617065481982
29074668414
49492547830
155635271311
647468233841
256023884368
651185469659
29192442840
1245567759359
14565875994
187029873030
1663173016407
3504391688
172681656030
228886126788
5795223147
1223698961373
1925940471000
35763527436
2990718924
964403251266
36794104578
349664025504
8280182274
49281738716
2253808458
416146113
1231213980352
84120799
1185098044
60201185135
220837667337
46760355618
486612024420
197526947331
4053579012
1753815302467
11921671368
1937083978006
1785739359291
379784405
2424459072
123856018304
120708343609
1433726804
270520348371
3388264908
940184686683
37535951
45738688296
3316655209
264532321352
149691658494
444349872734
558491286990
221600467638
491383793043
856550537252
8530939638
120434046726
1800241297939
386721985566
637636854930
1139542385
13896623930
194541606217
204866125367
531918486164
582424622514
2892
1131256339080
110731069
57158086916
8006094866
43216933877
529891645392
222896528591
933302979
17545368323
1031821410879
1863541850951
135711471
811432551719
838567851232
958686470833
81044837528
211313336868
18322888584
6894131413
63436932515
374888847592
361924794847
302438930976
7827507013
320409949625
1718456813535
739805706255
78335050638
470061007000
1785146217735
245123853734
718679637
495982227006
10130444410
606221200808
46118732699
105531881
1534427180111
216504476136
111023659467
708065044983
844140912888
387443225988
2184282715724
10272497788
1543614474103
135482023359
163172402991
274197311544
204157409616
1223412011136
267821111544
716237323424
307561269
1036956872700
737370384045
54542582030
674991396560
5835658574
19710113416
853745389662
448633851606
159746442372
1784938123098
979923165750
161778342908
83288987116
5046283530
336448737482
194261989824
607883271
1523144786031
168513728565
383377778658
56562008825
2183224
458178669767
193452916088
49980692010
159092962903
48091277815
13119115401
410152890161
15149026991
141891285393
155579999212
1323031844134
78395294725
509601359435
557709712560
112122683600
2008565705790
1386942890652
33704035332
484269725520
163201237836
1247744241821
8635056759
1660390646850
95184084576
15239352271
195196003938
743060283732
185600668923
96541998390
1416747800
1507359924
1290194229280
101622234
983866871
827489801523
21333126276
58602488175
23086544481
55725619268
88005313287
142854060349
23685615297
95644340649
884230606068
1575869362326
2223868680
936740178633
30916736741
711865550088
109277329343
107231289435
6656400774
13700406
154817385982
1214785881986
409905879128
502351662358
1571084833626
126644899732
508704314391
19640539912
274366022112
37733653818
11476927504
321516025290
550648695814
621890497106
278094318348
9565129574
89406500283
356237550496
653095182328
6231020016
1723526945448
458898264600
1642686318420
93580256977
158324836455
152036033058
819883719200
340006609144
327318546105
1810045719183
426803632668
95587236864
228230996312
739063312722
6705999515
746869821264
913571233134
419309266152
1449953169786
314517874080
1430816863718
1502485126450
312428617347
20690943
649674921
696697003830
50559124473
53091059364
44726855096
427089193286
25674787200
27554956
53298993860
102780432549
25982899020
2105222189037
10775276772
568418947908
614584668446
512737719
20007279604
74562163613
1426964802165
321516025290
1015179005776
9692371010
17618013600
378941757600
397480929192
198295046742
151672830260
1153512399
1092389802984
174280577471
73758798824
737264376
1677445539
24073207139
1075538707191
36833780
