1075454378172
5762586330
259164476750
15490839112
1585287908568
855034926
166327682304
22263820347
2078679036980
2117431323130
222685030901
953998547824
12528656
498609595512
404069120767
3773732300
1344188657175
140052334917
123428155167
1488488352
46863049308
88202806902
36981037457
1050372688482
196964894672
55731809312
743060283732
2551241084
1662373177262
515531930935
53422589997
107469956975
13996282898
156694553124
816797256
44078224650
440039517190
2081171994
16411770956
58605564017
99950400342
17083458
743708963360
1320282539191
8205550301
120448329920
691528373327
13514925546
20230883085
10131216984
259720159314
267557625
1558488930348
434998988996
43297114289
87589520221
8559133310
18363859706
1245954804549
1428604523094
915108178530
65589011719
44520149882
5243904112
26353887560
80837379
3679765107
111926257930
930189454919
2067527824551
10008306
1004098062695
232851329820
1887702178824
1346470786800
491753189158
1494437968158
1651747776
322895948186
375134412907
710763417
3078879231
1657645275762
206970676234
23578590679
1102271372748
86655582156
79288179824
2272592457727
283708781552
157602502810
47562659136
648481536108
300815765523
1687222245618
1189097920402
334628796161
1798505946108
461981637
1210618376084
814316053278
1283699917248
123067714484
179799226992
134398543188
21761021898
147529997384
344432054224
128309879223
465856071876
69314460
2689806098
980389193070
490898438992
890924100144
3496533905
153459149238
2294466860
1581955060406
2043395220412
259686154926
1859518781835
3205629289
1314710175636
205206944592
1963479330
2759956948
1040913312663
865600688848
494829881179
1233927
298790623856
130500218016
430245326207
856357971525
155587364051
164389685175
1647035385450
113230161338
186589903395
2116748827200
1346835854
633955466648
391178583744
209929343239
267007985440
41966336061
1320924612
3435345142
5626439
2828223992
2151750571867
9427061280
11816344316
2278114794
2179886135175
8170657130
1901670351
35887838546
277427253961
3339913257
355162442544
18012007676
3374698224
29981156064
4058708224
33608851423
688330317168
55943886159
545105583232
255325835961
177594704
5931469918
3189373056
11039868509
2993307920
272130374776
68582129896
1619949184425
4986056565
157085185303
632508760286
1861129179420
1466567649575
455346409727
1652696350664
18333849765
88807447989
76282273496
28642780215
620122448512
948520440
379892415147
413685930
1152524120
217467171775
24647440264
1163064630013
289862299160
391178583744
122667442326
444688899941
1337893198059
5802616092
1612262979080
137891152203
4402357982
267387575
306255998763
3008988236
382999181268
492942238612
672809739228
992383357581
1386766502968
11576128067
239962102512
4488390668
1425121679688
505442122835
1527172415768
1368052680015
20084554048
1701739384839
1696677840
44261285
33960655428
3513835013
587980702003
586524229486
2143370858588
633362987232
211636727510
558113790855
770828962904
74300824717
41567699734
46943044533
664279015744
86528987664
31609917591
25126055964
1249665942140
4827874072
600736894767
184815045505
61210613184
433655630331
5574139792
95184084576
24748170249
141027943428
4246794497
138423626100
17822757131
1350813330880
637072846488
857546536
6302083843
14344631158
30836767402
734376963978
611634838633
172745076
1152524120
36921125279
25086765501
146438563173
99453085123
1245954804549
435220350068
16130901150
483973481061
478779339989
525047183752
58601846077
13347377743
881229418277
1555967159544
23545056348
1154908354348
2206266387864
87242220
14437214984
1352073156962
1810045719183
1744540612867
1369756082079
13223277416
2272592457727
179807718627
9477668844
202434869
773060300480
14619980025
1832010180
459611691
22370941772
1137346332331
1179656468308
653372279791
28070287711
173356284766
7143024636
75471810148
1465739020569
332460430848
904648802335
53830028391
170792842
15301648479
7230413463
167589549855
1924270373350
682215743648
785875563260
4662282232
159958890
5061820575
688289372379
50523441696
390982934048
92588889222
107636494104
897754572564
503505682687
665610316063
21990441564
1303282309833
378261103737
30189432681
1238962175792
74426553
5440574
94039317372
210218712858
45552818975
71522654385
1573904628
1444525702178
28609599795
85299709068
137730887330
56032790517
281233365075
119589078726
126269625
231437566976
395883641888
209081101814
44753740383
15490839112
146930643264
1357520925530
87811883271
42657112640
35098889111
470461599888
3145870
1898066048867
1406917485
1124229689406
775199618928
151466323491
894489902190
283398644984
713207
766716223
150861247272
198751439941
89501458995
915538967844
521891275529
39136047069
91911925840
790404372027
368906396032
421544293632
56859517
9192846910
6583298652
315138094600
108999587676
64785823827
340606067952
232277474
1075202683287
1462800780
827778371504
1970723475000
1353174991555
41966336061
2089300080
189525268156
4530671663
987834042530
168241683232
110872488636
1547781106304
340434664176
98180173119
3039987132
1578650385048
1019965732799
20694973158
13326543703
268862248655
1139627556984
196368526836
886161901730
313998542039
549850880324
9249400895
162938675476
288626542049
1149859434080
531657083
357192855712
63127312451
170744584131
133789698328
1421828921240
126066857
112782558924
9217598364
230252180979
519875246639
1226564905298
9468401124
7225140072
11575337872
1030742145780
55164785697
14901647910
4108185730
1277727147213
55478881640
484667207900
1874840657079
694672498520
9066706572
111965968953
176851849328
141883640480
184232836130
752803940
890924100144
1775120864
537661162742
1504550739356
131807917105
2339364831
575557902101
25503303089
54703461540
21996470048
54451438272
1360621086606
7898780396
213964350012
66330043884
59656438356
314083402864
1048020162202
302234698861
41688180695
431529296
37160422488
689304558956
536504686416
567967974756
4581406010
7124252730
174833566614
294775771794
340809061194
2803231481
20725909155
483708661510
691277625104
216700031202
49581688242
290288741561
46756979588
933691663807
12379923423
49833946386
1541372914978
1296723604
141964180467
82487586896
146688692892
526501710
1422870738036
146752095524
23625
15752849876
808660922339
10466786215
1409173893972
98180173119
21762989215
1572563056218
537661162742
281979399
1921513074263
633739741712
602577872946
114055951508
59486099745
120775276272
1106467962803
278355317317
2031581820983
2024551247535
49725719897
1536202841893
1372635843
222978614336
391657166061
88681477500
1987033157397
121770238025
190370552872
147402325896
430925491955
1474988419647
91797344952
828757230387
438870020658
10141681
302178226273
2084673447636
477249002
539680747967
22600170060
77890880704
80620423080
120653329104
514903261522
184815045505
1023671401911
563831575066
544081536362
6303260688
1960164620216
229182191916
195232077698
292994791803
95634163
200104542820
1167164335180
764347160983
665390333
1504822592471
296038310526
14437803392
231929638262
692281458960
2051911691466
1075202683287
1229809186144
54510543724
375722399905
20947186715
146510
7347498617
571257589770
24097430952
6588431714
222374633558
43387969072
201702931012
127310279418
145403904620
1027719700
7208785519
400187885450
940757193893
925448634474
1413106581804
37128081991
134280721528
9020240096
144005070528
543148793642
457981297246
185855183952
121371438430
231232095738
5252891963
1874483118235
525625283071
115398294480
1719172296972
427357897815
811369972160
65998306777
343247456419
909916169376
77862317205
709637235587
556477442079
424377207177
604984468102
75991630649
318847109312
33551294959
1941045479923
135440327092
842702577354
5746227806
356181051160
65623053951
875893193406
1425059714
40653000409
403983831447
7480533116
100311687476
358585063452
208951560090
76009525445
155529190008
1301944772583
317252364480
1703828571302
886524292017
29644589
655791105
968333768416
410725227280
497899150151
33501090
73175510079
179946986387
29410464248
10704091684
20713723437
283845932643
310396195179
8659545314
124266936279
44613949344
80447052543
1645054004680
5095554573
1926442056
1009783024866
30771259680
136657114942
931106056497
601654575235
1184000420610
1907156125732
366857751988
45464571459
216227738706
98095245849
1220011881291
30411107208
420556052
982846055061
639270730455
6237521780
862907009504
5552699495
179300730223
1479760222728
17494941536
331364254523
740053099107
208625175351
235106565967
595994940949
109808975835
1159028609024
1031675
1873855186515
1508011262352
2218014701354
33349619270
1432973787817
376880551794
1540577
1602584517716
80371331838
187873253126
380312973222
188378283072
26963665899
2219421300030
63099
1303801913876
1173799382976
656348011267
1835711696
13514925546
385098937461
657482071048
248325980331
471145873484
6241708122
274435791896
48690558126
140060899377
428497691688
289874664605
402022975032
374165053374
1983308800
1623649746410
396260234937
229606201584
2324761880
82459688115
30891865312
915538967844
268029033048
541803817401
32319560384
3352530048
16178605869
233002068
7954032678
