341929586
356604288656
27913095126
43498407134
7994374094
66790980
327587253752
40796368613
1363390392
1818782115305
282161214270
149810976408
703814774
120115442942
888162829763
46303201035
225318562308
4854148312
185815975585
41239390414
18090
1765101134759
166073158020
42720172929
875893193406
1013916396507
540004205943
9000797455
2830442307
210217973328
816755969757
517815797892
50651663384
1525544023718
183757283742
1833066639936
1174117014180
280307809509
112150415
6550207612
254106014344
808140150945
142206379490
485616721317
24748170249
152695954534
579709861038
317037856015
3250085288
600778672000
33020192
53372836438
62288811804
127102080798
921686524083
88822104679
1006366466378
111869058
38879923497
1452388422583
89459927352
1034128637388
282651202253
562235783431
1459163649554
112655031762
95581251987
332090800167
28894284260
109598398
17327183094
8281357798
38402252646
544745667879
631629988808
109917213452
1950976104
1473023692080
2831394586
71578627022
2066637694968
1350813330880
635390721880
10634330720
290755246719
162608395950
892231720155
488004934788
1044229946932
123203273200
37333236832
55876602974
117432232652
43994374408
18979523625
889175140664
5367082055
168794457087
16800702594
1680325799152
44726855096
720413269227
6744091073
641259377871
547870733640
655500613248
208847291772
572709649673
10950301840
14248660448
2324761880
181520579772
1524623345824
668803320913
2117346315210
94574524023
1436981431
672571282019
1062767580
2010013761182
907532844147
1859741618
1193036404
40550245554
1067867010
23661094275
722781532
2156408345
81885735932
125684842072
221185397496
135686879892
60673275626
72322695263
1425836879961
989367929903
15438294942
1357077340276
16037928
470498
174948218900
1854544736
802277390863
1351322360329
78796785935
14205419200
234676815611
547511410855
17302776751
789011462625
116435142
2412871948
737042663889
661980319
3268810048
1149990086
516665511232
105966043092
1655017833235
45738688296
87421652708
120767272522
866760844523
1087901851914
13253812
1429436830016
4286862360
54326419940
134558739518
932344678935
968771111
760487660964
560364029082
272128183371
41404954599
463739841468
487364115
35683340097
416141012882
1643243355187
819538763659
9261038784
1024262812118
1781518693040
15932881200
156181760272
48835661490
2127458925
395702650161
3788884593
643387110520
1208500742645
104023321472
1109326882509
48855447858
425160170260
279801307877
17235846950
62760006036
7333208288
596297205504
325060893024
2016902295219
18902562272
1070260933742
4537045240
29104929672
576573867
1255480992051
28894284260
9741751019
31599990279
993318953120
796763860508
7999180
256836405144
428446180449
2453475276
14413989223
48624534324
127447166343
866618864384
204693014736
98879369064
1702979800
103178943
84021450029
198814
801297157096
3750345148
32937167907
119161808836
172128564199
742374843885
6013038080
12689816976
22814700108
653210489978
251130303368
11115407435
336576672289
1485862098551
28771055120
1052394155995
2016210951456
5478918176
123203273200
283928231205
217689639104
165876868388
924156320976
482970413440
34908881399
5455494499
667640284098
2355795927
1568746062873
10965295502
1540553980797
176016931935
36278268184
238808286612
75344513015
187769568
273177379937
101357970384
136820329380
45738688296
13710833928
116805206228
25767272674
48777232238
1421158484240
584193503565
17533488553
466310388264
3879492846
1899558206
3175709814
2462735198
717628837863
201295627148
1133527834152
261805107686
1019303847660
33592309927
51592088
60386840388
6730341650
22388813886
7808649134
46385009964
331661336238
1738617131
398616040647
171197267481
1151925292440
17064030872
2935532392
21558855955
465272101791
1061840301522
145108276040
123189695676
75371628396
998969420176
102282513003
1278581765479
75048103990
94564313844
1337990654
285804929080
6123644904
85969415888
234066824431
111891249470
156491885
80877195
3935099344
605132043984
25193466639
1023834473290
1032991931088
64541067507
184232836130
34586371442
33682308033
328261494694
18863156684
881256185751
584193503565
812202552
189991451538
1462588988329
199837952412
22370941772
436773221140
16456703780
126179615694
8817899311
1512206564000
939530429507
7903592528
229492736676
1866487636530
54800937471
11262729478
145111312158
2815434174
107725850835
102348380524
128945999
327318546105
65717665728
8106301522
1441469955497
31126027685
8587782070
611884275849
207906217305
1628469480634
27415730880
631234156761
1752921073511
334215926520
490024737384
1232634636279
31127760591
3501589
9624002388
487632746601
324675703154
10148013126
19680139238
9049173879
217769818487
124705670804
445296004032
488004934788
133789698328
190171389032
19549819401
2308565056
253086340507
202434869
219595857392
106734666150
1260011798640
2200713122860
19585795815
116776825
430396344
88393999271
10673683524
255634197
748961000424
49628
1874271662240
1833218748111
721665871789
1042561447
8576418872
116153467619
62262
642956947483
175417693900
627909013127
816907774872
668890772407
120143912213
2452651684
303238440252
2564567070
417431837235
542795886336
7942
35130446169
21273716288
433301762727
1253623548989
14639279592
538926699920
47181323779
294807982476
308822182344
53327088087
1156219965486
2011817852982
160535508905
38314094
173966751
33176107400
3767299078
20114919131
20829928
691105870400
5252672903
27287333512
25058606594
1545886783254
1062964106307
159657065821
7984008648
791243817184
960796782498
261465376764
435599808
899813394851
114328320561
1267170181992
1996326189626
68926164815
99560962272
40404578500
2208098253494
3625709920
28959707940
1562924180363
319368198180
499872140
361287584
856357971525
26826530388
636656638514
1701253939112
1706693556825
64238654713
254157414620
457547945162
2196037576262
78289577301
1645736731965
6123644904
201878919112
780962343931
473356521169
3044084939
3121391
213038239176
5569005809
78131456550
91573787844
88017231996
11036845742
12568173597
579545980
249919800303
9724235598
12124648822
1820632434586
398687538483
19986237901
41624009420
50651663384
579654139337
1889353933254
2066043522725
4769127142
7208785519
200799087
797158235790
19134155105
80906230008
1205633410982
144135624906
22771030932
7594402088
47956485164
970792869849
29654119928
1789393650275
50756351492
534592455872
1791963641490
1014102916465
88631752977
90293463533
1455721066506
1430751442078
795704276268
233744393701
739063312722
5574139792
107694916450
152482392321
607896937536
49519623
474555616080
15596521743
22104414598
1417585159718
92460335130
1425936865155
47470514
253086340507
32985095
84064028071
1535163000588
76626236973
63272890699
920448383400
7246369612
11147202073
723243281772
321480125120
167779751744
1058425422327
422822576090
1764838880
1279938414512
967976399196
227675514255
342704597048
747451971
951366262959
25033560751
547982362676
3123486135
49714552316
1075673596881
230080461872
605036897784
115743965216
53323956
102658707536
237063770336
81489029510
33678457857
31517770628
2922051236
260816734140
294551976719
351147385232
74986296420
3984514020
890206739856
877653690914
703116242598
68916343704
48904620035
85389916242
1845894192160
1604539670937
1518494992
1349403517165
619033548377
18222772260
135918553183
174776116716
664898744017
22822014378
145553700849
97894548297
85822642021
317653922576
107654493471
195030438232
486511054848
175840956105
113688730771
34760105995
9577125516
44465957492
151594092962
588983756844
299331301770
117476535678
4175648829
1417585159718
27658573215
317180577624
313910717022
580713467369
208451646585
713914431459
865416244635
63876661200
67315084407
5429521776
1729574368
44748290367
273409987422
189920146200
1213288826870
20352066
593926413489
344159186
20725909155
190973165625
185956447474
4709278944
1182085792965
111965968953
889626504195
515248536023
155813
110201710632
609601340
526421930904
139324443104
6300153405
1092774884058
648609476325
890598611903
8672407622
1527087013397
1343345667222
1729272890916
660767568237
303348990175
1949301915192
226641042303
342434000181
38690594905
282472752940
411115452280
1131283946727
11460764931
911997799020
1813709532446
250993172164
24056633989
8521704165
24712443
75474420736
2143249871
1092946025808
28775000975
209802757239
44670197410
52970568396
95581251987
150036775980
64585320619
64354013045
60494188854
1474658088397
4787088360
252498890202
122626867014
614935884024
200953593792
1040783035481
22782910544
931240061504
1516194389556
1310822906600
279641465532
218610064062
40855621653
5393166527
574826796936
711374785401
2231327765667
177136796223
616210613072
822180247
357129624
87979080
404471008
145273796208
110201351703
703115679357
1857249067012
1610411272569
117116796216
402311975364
1366155515172
50214440491
585535159440
2063182544352
412163431120
4400991413
379304638559
81964790914
65618372526
5247065571
122587440590
1113899756377
37806223
674534727972
598737368255
1665141797781
76672911336
36052529604
1556393475895
497933777627
6202828592
173324403684
10878816
30559161906
1003363039095
415664968310
695181914434
307603289448
70076394268
110731069
1994019671
2241924322512
1663456534575
59180480769
66308434080
220104234278
208951560090
55856107783
2123615594081
435220350068
1543317186759
761721510375
829513816063
1136006776632
27641302164
171801749581
638557570
11576128067
69193410
39918516374
77999580474
