9975455483
9186340256
1508523279081
789269423124
484725117578
108532326
48556099344
41327179509
84303646
17677790
243534636436
79611208989
231467073640
6856288959
657542461079
3566891328
705104965066
2078679036980
264025111104
41802687927
773422528
56073385485
989140654209
1250771797386
1392350718402
2154691770
37214588772
949975878663
116162354
745569569181
36314892614
237299876730
772122164450
267751668387
179887125022
402311975364
51715629
254106014344
37222027227
665347628064
401809071174
2042983972736
185176889128
301491664422
286558329391
516524091608
806918507010
9477820268
494965284594
9644614590
2268925936
23878796039
87286101539
1917629532
1986856723431
656248518282
55404404358
1612255872784
7670141760
8572497273
138006389520
29371248
1093955049
145483799058
1432599469007
9915457366
23922827346
877573956735
402812715921
126829411776
157074161566
138148506
444263249547
1099762601483
404471008
299867626046
820043677607
729540879409
73370944449
779149274680
1403240426315
200344509
1260609207
62802951925
633592247808
267387575
507418442661
686389111738
509308567695
780846490130
12613379975
916059147392
349469676290
52774967245
169433724448
791243817184
82455291193
274944681452
1213868743868
56558920670
34487650351
836636257431
87253715296
484967459
729179502744
1520945354831
1523144786031
284866642746
176020623695
72026457591
191684282319
197738239475
1221074873150
866642875956
3368861055
985673795568
468814079824
154412569710
86641702539
1307572002720
113095753089
1825992627242
507520611234
7644092733
2032730523504
163347518
722866114431
192904009551
2183189252438
91723466581
116805206228
1613665946799
378122386894
46736311965
304961650485
62026730910
100785288968
217687088892
512420092345
2057321319506
391588626156
1443976996
988788720689
321362725478
53230740048
472355146624
113246202027
170170
1956783002580
185956447474
1057735536676
6195658448
13414882425
21261001216
289860839086
98206086825
1414592276
45292714012
57230380295
643222366878
577494246602
354878771153
1064284695177
770272743449
26047224437
458657274264
226898955497
8238254388
5862039183
443051546067
1104684751218
381598006384
19444920929
73851265620
93506504669
6938804376
1268844226800
533496763464
2219013924127
111990429546
101894971082
28556508903
24790352454
1094920650807
4242982226
1841964808215
1459490154420
3893022
10137896804
3802584456
1972761347585
1076183449306
202916965615
730069539039
635200177527
125413425476
342499584448
432945666
238808286612
515730046656
214038517
306525985003
347289663952
17672202828
10800854975
232634657815
3935099344
1862545185735
124879119768
419607853665
140171058012
64980335049
6028190896
315930283983
912913881999
2526284235
72464630
118540220148
2246864802
437062403666
52546224717
441266583996
18121726984
230301425783
28387199028
1618987605872
1379970049590
2165959748673
1580278748336
796794326538
1834566518621
172618149060
209687167842
5240297332
12800925411
56701533142
990575971840
414994142430
13906942488
57201696990
92595204580
20804043351
92752432808
1227418573920
614935884024
1446098866295
593346744858
434639772028
37725665068
469230491422
121100474383
668503776
443221716105
486191280959
208276365151
10509314163
40773609765
1259407064664
334118944588
179290800
94198649636
5669468375
296641445205
792622988899
879718176705
51546721232
188598335618
644656830948
12065777646
548542446431
374766716247
4773384
250854435
1307415827078
476291215504
519949203692
3269455420
111867735
923598061344
1604722877056
24764657290
504046600759
722721674989
21797013490
4537045240
1870741211972
287019167336
1101320687180
49891782301
68707022860
261465376764
287915601776
26985243143
1359821914776
105808058136
785695616188
4670781720
34237835658
486300799816
890598611903
468096207425
5108045558
9082238508
2234803935255
1060191418881
270993847
19665989
1251123740262
989605052436
809566743416
120271584615
1581831345042
373973436096
14477018423
56761729289
129302452986
35333148389
75699816236
347780009264
61701927287
893141601215
677158425335
3510436320
14258964876
1167471255512
2051932194
275166234140
911149541694
325637330025
63397743444
901768652
582029931787
1409715649864
47700462425
46420451863
48039412300
429990340968
5298206928
13725673616
1535156676271
1858584571589
58551893120
4038961758
154612166358
25194536651
395265106751
42540757659
385170197958
27530438
103270760439
26481835023
1009517079459
129792718631
364173478493
659302375662
18235937209
485543864972
8945831715
4963147020
186589903395
258183513224
1986035679334
5775165780
175108283714
354636696975
8713340416
3180364440
516177116
492103079714
184815045505
45003282597
990575971840
35395101
1465933490294
505559236039
171422029485
301049798693
161127680384
1799079602005
116345844045
568368772400
341553107763
26207187255
866666293395
643727264964
1148462336952
611201678521
211532595875
676583033588
10660731030
155813
401271652639
24413286866
3426013638
515430548646
158332794872
1090609918437
48671322336
1634676871823
936108826436
9189733805
630755487200
322625617041
225440415110
144567046988
302900459666
19873456603
935838335133
825799370
32801581
572709649673
22814700108
567967974756
877524038374
190798370048
57985685732
9449298126
13345598214
190347988961
2014162109856
761278839783
3325548882
2160374780
351182563394
815162174754
1516165499520
49015816848
645524132847
1988705870420
1527920366676
4300768022
1224413296392
1010782904
17692304
115709767976
164578327148
265170437480
27779217060
953344487420
446690032965
1289451283308
355429275939
123188878293
7170115952
302688408
290063981018
320494755
6604124360
42042674718
167780370996
482730304
456223558824
72819032026
20016326
612481632
23577979691
54552415421
1093165500821
302870167950
176277912444
3867692497
161223456707
46909814420
1645319322647
634316509872
197708572
659578039978
134258966737
888648775630
878094307776
6786343525
34569304172
42355287806
1964801287469
129767795640
444059952434
49376573988
1730468475653
262112067812
14078614912
4396930691
25770822154
735154447743
97422284736
221051140849
636627742244
115528118125
61593
237422460891
273505694
799256121440
1042347659199
49034447
313719584
18799850034
2015659235844
1536781803825
708643451758
336954342400
533478115716
190968859389
74562163613
754880
709844695658
104112378650
53279775330
514216136
312042348
895773914847
243902030911
1081608973263
11154037680
518292427156
1061251865450
29481848821
1862794554236
1735416535803
1371341560233
33673048110
245560235690
823788513756
1382315238210
1265919485831
223880706
442387018892
148952862289
193540317282
1398782611071
11755435920
187356785177
11631638557
3636570
478894721788
130154638751
264596558730
710621565095
424114278588
24045124131
1157389535544
99127244528
494092610115
772355639517
1592602738573
22768869123
657903131228
1211655753594
9971101907
267999437952
5225183055
16637538712
838564948620
872296308
649674921
2616114870
302293581576
931645755352
732943625583
1002830482610
97812182524
273310608911
50282899146
2264123954183
188378283072
9081722776
124491617712
274096611271
75957102
254141809383
367960758760
1018478959056
982475845295
18948132984
1032046970136
33156823830
988411059
351081474106
1509494826665
7069311843
727020113204
773148801087
815698904339
101639784180
188459166805
262501625304
232606659492
2176004693335
745213885758
333313322243
50513240736
9971101907
1743165972288
99118019
478779339989
360647189432
377287713
34093320976
129302452986
25305626731
11767820238
31452975233
19698145544
84864782233
52409642712
1019938995192
122833539423
2941359278
67481194
259074074620
146837884661
938724228246
1715913625608
1075538707191
14446310229
400601366968
15771602803
36172553505
803711349540
6699298452
1637159552496
32399970080
116396252336
56511667496
133614689520
248383170
1494843822945
183941677539
26395624808
7648737167
44320799292
14729000
44596295826
32080061187
2271465769055
971847533796
1119574493499
1799655233040
2263214580735
624983996
671629521040
489903789008
1116849190376
1590174984068
13645506672
187047327060
42947345769
770825566830
1205796333
1803211872
1282538154339
313503036320
812900469409
183270160766
698589021123
594468596526
65394918810
265448515332
349469676290
223629346584
1008094981800
430943247054
518194468520
18480582064
7117500880
377711950
245351869458
38013797718
2147680971083
188788183326
33020192
457656286752
1148219952
916007752902
144145534311
54703461540
414462827592
409493784225
299493959247
595439575234
295950022676
55981421418
4300768022
454067963713
347987997480
89011914915
358484
126545766620
415008304788
385587895
27898343
