27874
12095
24247
11613
21161
31350
10962
18681
12291
27690
8170
6302
7706
9792
26959
26220
31056
27716
15349
27359
3012
10048
6589
17664
21833
14732
6797
22554
23554
12782
29964
22370
14736
15380
21915
8198
15779
18033
31366
3472
18402
29249
28355
20326
9574
22282
20036
31137
15269
14562
3715
7318
10974
12469
23864
31253
25749
18550
6045
11911
24640
24359
29495
18784
18079
26039
753
27895
9817
30358
11243
22928
6161
31803
7633
22741
6587
27773
15281
9336
4739
16812
21511
19974
2941
16329
28192
15594
2531
16874
13844
12884
28152
533
14857
30223
14989
9535
4683
1276
9328
6814
2081
17690
30777
23447
14876
24055
5042
2240
2064
17431
8883
25312
15071
3807
3804
6770
27272
7380
1987
7926
20577
316
16977
27684
2994
7791
6567
17994
22241
4493
22571
22378
20029
2501
3135
11138
31852
16128
936
30203
4976
17552
31763
16240
18552
4334
8671
16993
15859
5308
19498
225
16369
2247
22004
3796
26941
21628
8072
17226
3241
3456
2389
15882
18786
5884
4241
27182
7765
31604
14218
14172
29841
18376
22707
25440
27337
1677
18646
3878
7726
18057
6708
27250
591
27870
18972
22914
1480
30377
17415
30243
29578
22534
5699
30686
19820
30059
7903
28932
3617
21500
29623
12464
13059
20453
24062
9418
6292
18932
46886
28196
3603
17895
43602
581
17067
12466
7503
1217
9570
12860
10007
12822
1823
17889
31588
27288
5214
9604
30405
23089
14537
10307
19341
24813
29752
14347
11355
17776
7147
9631
3439
12999
5717
22695
1494
25206
20785
29327
12926
18848
16862
13979
17597
17413
4721
11651
1521
17636
1983
9336
31500
32719
26873
3422
15637
17075
27488
16624
11003
20867
18671
30540
22562
25972
23479
9736
10491
13051
5284
18647
4771
26417
27687
11893
4620
11364
17778
7179
7802
10339
32322
4550
22033
13854
14002
6398
21632
8659
8764
16179
24725
30496
16066
1763
402
8651
11753
7142
28395
21734
30865
7038
31189
23421
17595
15817
24575
5927
23322
11735
21825
25748
22191
9719
29084
26947
2110
10303
22982
21735
18140
16810
9257
26712
5611
2064
32251
23411
235
468
3471
30935
17272
23065
18349
30627
29588
21307
21110
3717
6652
14903
21257
10437
1821
1878
11672
19293
2650
7900
8596
9601
8767
7288
6396
28287
5426
1526
31454
27968
6918
18304
29278
5864
3099
31774
1255
15669
12618
19417
20404
4685
4453
15115
8901
29918
23727
29894
4799
13452
31809
10752
17389
5457
1962
19879
27639
19641
3024
10883
3394
20780
3073
314
10900
18993
9497
1310
160
1195
26075
6593
23189
3699
17333
22854
28998
940
29979
29931
7202
25864
4047
30870
20954
789
25016
11701
9291
9657
2711
1440
28111
4655
1291
58780
31230
23342
3993
21370
27098
21903
8832
6569
1752
12924
30581
24159
28304
4512
13638
32101
1043
1708
16645
21775
17638
8660
19594
16564
12623
2933
30121
30336
25516
16115
20430
1031
5366
14173
15191
11625
20420
23253
17582
17466
13751
7931
13692
28347
31350
25877
16703
791
20992
24085
22030
30526
380
10247
29507
18318
41064
21180
5323
22417
24387
5804
22552
12525
1158
4323
23410
24767
10948
5063
20066
26475
10397
14872
11383
3092
5167
2329
11510
12343
32151
3863
7290
30396
25183
20624
7676
5392
11206
20848
2136
3157
28199
7001
28741
47434
24835
2816
7680
9693
30850
6067
13176
25882
6557
6981
7064
20493
18699
30679
6302
3563
25248
13423
5876
20061
6204
22097
3193
7104
30461
14174
13712
28675
21701
23201
24929
16204
17774
22761
20813
15847
19498
32447
4602
9345
19566
3336
26774
25594
15971
5628
14820
16081
6660
25647
29392
32232
5724
27919
13656
8520
7951
18468
13377
18213
5106
23678
13634
7916
26421
18985
15542
11022
26441
4509
27073
23554
9264
18443
28183
25239
2246
29873
3800
28715
5979
6088
25912
26598
2631
21046
30892
19110
3645
1208
29854
24404
6259
16353
29386
12756
18263
17878
9385
13198
16091
12738
23491
5312
5868
28723
12029
24493
21144
30741
9784
25906
22336
20840
24433
14657
1553
23186
27386
15723
25302
18494
12163
18422
25648
14272
19843
21034
8702
5468
17494
2502
23165
32364
26548
13785
2494
20520
17894
15088
15005
15521
32276
17829
108
21112
11229
30908
13990
6831
4448
32455
11152
16203
17153
1010
25717
30167
17265
31265
10129
30177
7942
18889
19721
7370
16300
16425
13599
2312
3650
4992
11419
2757
3284
5170
17623
32439
17531
45374
13221
9041
23751
9278
31416
2327
31640
11626
10165
22045
5068
6601
16482
32440
31462
5528
14172
27090
8960
10949
30171
14037
31818
9710
21562
2470
13646
7360
14116
8085
20634
4130
907
25413
23226
318
24269
30758
1685
23843
21864
1597
29958
17400
5195
17073
15900
16006
12709
11916
4211
31024
26182
9760
9370
4782
6724
27728
3539
28231
30924
19010
21520
10511
6627
8199
2043
8163
15563
16625
679
2237
9909
28451
44060
11356
29409
4591
1875
30927
14493
2811
29617
25392
32265
22308
26839
6856
2946
27184
25420
1923
2269
19824
21688
8097
23905
25006
2579
19422
20440
26552
19026
13063
26849
11955
29027
22600
7238
18630
1536
17627
9956
21336
21779
30632
16328
21092
16421
31970
13428
1767
26633
13287
12041
31997
10364
2315
26151
6953
19715
32550
7205
19323
6812
24453
31772
17078
10950
18393
25011
18385
25843
2640
7383
4843
26633
3026
13654
30813
2605
4178
11650
20033
16681
3401
6259
20871
15697
2019
16534
29439
27097
8698
50044
18371
22403
1971
21216
14242
6695
13048
18662
5347
30571
10894
27240
12840
2863
16972
18296
32227
29931
30315
2529
1207
5590
1413
13884
3037
7168
13543
25830
28212
10603
18748
3158
10462
6662
11954
25969
11406
25996
5248
31720
12510
27035
23871
11681
29168
7489
11362
11432
29086
28316
26126
31598
22837
10559
6836
11710
30346
31364
15031
24469
2378
17017
11796
862
14141
27379
12805
15248
4005
20708
3198
15824
24291
2256
7160
26041
5776
1573
3253
12338
17779
9716
32581
5573
18905
22875
29514
18873
20386
1318
31184
23676
12824
5316
27941
31922
10381
9792
14087
6790
13646
5721
17783
15215
4647
14600
12578
29303
27549
9891
26175
29173
23465
18596
11207
25676
23562
30939
28258
10552
27649
17985
16731
15636
10720
29314
25488
2325
9125
26606
2529
12442
20492
16780
21868
3603
28223
327
954
21252
28724
16466
1513
14112
2634
5302
8989
12890
735
25765
31979
7837
13552
4482
9114
199
20191
8404
13174
18754
8657
8875
18274
14230
26277
32542
24877
25104
17682
32756
2298
6373
17465
29570
14097
29841
24373
5562
29507
4201
14622
2254
6480
8944
8280
8944
3020
32138
1856
15023
18308
16594
23889
17682
7310
16579
12447
6486
19200
11778
10628
25208
12473
8646
12721
22071
10913
18338
32088
27435
11648
20909
6168
25012
30784
2642
16264
8679
29557
15313
24599
4964
22389
8887
5481
5721
27528
4782
4376
9551
30541
19130
17724
23589
11104
4487
13849
16880
20821
22470
8515
6931
1909
7197
18807
17156
24911
2170
11405
5663
9271
26615
31701
26996
7360
21814
23926
4552
2415
2439
8357
3051
27878
32284
23622
18597
7409
17518
12204
1011
27395
23961
8900
2653
8148
17208
22686
32265
44306
31896
26628
3060
14138
23586
28049
10121
26306
20334
4687
27732
1228
16817
15255
32063
29864
26640
13814
26770
9999
22133
16844
28390
16043
17
27242
27660
24568
9305
17702
12716
2363
19783
8493
22775
15596
16824
16413
11082
24877
7603
10023
31833
21491
20832
29788
31826
7371
19010
21208
19870
41988
8058
10873
3537
11402
5705
20954
26118
3319
23004
29732
10336
1115
21518
13455
30298
17000
29585
11814
14637
7979
14865
19760
3598
8749
429
11462
19715
5065
19059
4699
489
9196
5108
20333
9065
27731
29174
7632
2452
19667
14073
2752
32308
350
22368
13184
17485
19626
22383
21644
24499
8359
10992
22346
7940
8818
9117
17233
32420
2365
30444
29149
25082
11112
28718
6164
1741
900
15733
16696
1266
11804
7321
30373
31382
21054
14988
30324
27813
3172
19149
20272
25212
16698
13713
4846
12844
16215
27752
10904
22471
30393
19569
21595
28124
23476
16854
21372
24271
24290
19911
27760
7642
28508
20912
95
11217
211
4379
30727
11104
10076
5244
10159
25794
2708
23892
12820
7879
32742
464
8054
28025
14189
20530
59956
6707
4511
3655
30694
15529
10533
30999
26720
19696
25532
3836
9341
17596
10644
8656
7449
29382
26824
17865
2284
6708
12661
19517
21050
12047
20900
27337
28997
4651
13954
2094
10850
1026
9845
29486
9223
4213
30833
1526
9796
10592
20771
2142
25421
25524
24985
15281
8174
1382
4122
20111
16121
59814
24620
20792
32232
23013
19444
30361
9554
13681
18147
392
6045
5853
12182
7654
18610
8828
5296
2916
18135
25284
942
25328
3880
22691
19850
4646
2214
3374
10368
25502
9424
11959
13193
30322
26924
14055
3494
8290
6494
23527
10278
22126
470
27194
29039
40216
20390
23380
11893
21910
13407
1382
18455
58648
21906
5901
2742
19529
2952
27489
30980
12712
17882
28547
28657
24512
22604
3555
14275
31552
17134
24600
18031
5055
10772
966
17665
2592
15789
8245
11498
25788
13714
1731
6494
12611
3641
16278
21661
21183
7715
25306
13546
10091
25650
9250
16562
14656
22379
31053
19734
14760
42754
21153
30750
31355
236
12843
65092
14378
31684
8416
1210
24128
23911
24586
3595
15525
30660
26534
5531
14370
24525
9560
30344
57616
30423
16334
11987
5982
1188
19515
2884
3915
29255
9848
14215
29049
23679
16174
3091
19533
15573
29276
25757
3426
1967
24258
3699
31091
17924
26544
2403
1371
18138
31310
9212
13642
3448
15957
22881
3940
5398
29013
5392
18903
30023
22514
14510
6933
3588
26842
2947
26100
32788
15273
1841
3084
28840
30133
27709
18897
32459
6023
29265
17162
7063
12827
11853
655
11793
31431
13491
19818
4918
27165
13689
1131
26308
6130
20206
3016
12760
22068
25633
31324
31180
25292
29282
15451
23990
18646
26544
30374
22342
19430
6100
19574
25907
26567
9264
5745
64236
16187
31569
27330
28715
8124
11899
32672
605
5497
32144
1049
24691
45126
1880
14406
14875
16691
27870
23782
55722
7574
31145
19390
6560
11636
14158
27148
29740
24753
5154
6771
31449
31407
29705
27134
13452
10296
28
24221
23751
16812
30721
12032
29870
22138
17218
26113
27981
28041
24643
7851
5557
18008
15223
5651
11528
4000
28897
4245
623
9978
24377
20902
1570
13501
8940
2189
4450
23105
11017
27
31406
31536
60668
13681
21633
29644
8675
6516
7225
7579
30941
20410
26638
21604
16190
8172
27411
22451
14985
6657
20402
14607
12524
2967
3369
6064
6527
5627
2160
20626
22645
10787
29665
12135
8617
20342
21648
10069
29739
1937
28520
3460
7142
10282
3164
28472
31039
29196
19639
6532
5770
7403
12734
63916
10262
21667
13004
32669
14154
7510
3806
26630
32390
22590
5097
383
1781
18026
12459
18910
13652
17225
27009
6768
26338
14950
15031
21537
13239
31914
56180
14881
21498
15596
6636
31093
11605
14460
5981
9634
15749
10637
16805
25731
19439
10475
2660
27254
6617
19454
21817
7677
9517
17675
18404
24292
5214
1140
2027
30230
25897
8364
32616
3413
32741
32403
26470
16748
7968
4727
9716
26187
25265
12761
4046
21652
11394
14615
28135
29140
3874
20782
9417
14475
1175
21585
59532
3620
8731
2025
14809
24996
32745
12683
10051
10904
7446
5352
20005
19097
451
17020
5119
14009
30832
21850
22712
8193
16812
51948
27124
30381
11332
2798
30697
24956
30460
5172
13004
8324
1823
22306
19967
23776
1028
29188
31290
601
8806
8755
29513
23248
3602
30305
2186
9831
23982
10270
30450
2250
4486
20543
9166
108
24492
29871
9683
25583
30839
29886
22290
28092
9022
30993
16375
18640
15583
24187
5801
6274
20573
3314
1233
8613
29196
25461
22699
6623
24516
15857
25498
14063
681
31305
6644
2810
3258
9114
22204
28128
35340
18409
16708
31889
28198
2429
4386
17594
9817
27419
8328
27706
12957
5842
15360
32219
20665
13432
23296
26976
16807
387
23198
27722
20525
22452
20706
26378
5757
327
23789
27885
14875
10204
2122
22638
30311
20594
19756
18413
10049
24422
7880
5198
7977
9634
4828
11283
9349
1697
29388
18451
32524
23375
19676
18828
12081
32666
14230
8723
55004
6331
60714
5627
32760
10019
30601
38828
21162
26117
30458
32207
10219
20169
5470
13172
209
11635
22746
19524
25966
24847
7536
4832
12934
27991
28191
2428
23204
59118
27996
9258
31705
11439
28002
14818
21155
4182
27239
22133
6902
30140
20623
11694
11892
25670
18059
19616
7802
24510
12628
28381
21432
2233
30278
25958
5490
17435
16843
16305
5945
21230
9149
11534
22422
3266
25874
17461
25536
7382
2650
5982
7972
2083
309
31599
19358
15894
33333
18351
30387
48484
3696
14111
6161
24257
17662
11320
19868
24397
2575
23980
26981
37526
22348
27044
20458
13743
11061
19483
4246
2786
14853
4576
15323
26768
7810
7333
16947
19886
28418
1810
27475
24934
17476
11387
3225
19926
16594
12592
5461
32533
8606
18799
32734
8833
23820
16134
7793
11462
18844
25743
2982
12474
15970
1217
22957
2965
17387
1206
16987
12365
21159
25228
21673
31296
1196
18107
8477
35160
29407
20423
24886
1895
923
3211
15762
15481
9289
16440
1951
12108
23272
20750
30515
10890
13070
28986
4843
31650
151
16113
28131
28911
12008
3368
28299
4435
34982
27916
16053
18645
18932
25195
18013
4930
2162
18966
10396
17873
17675
31426
27733
9107
12166
17590
9923
1706
63800
3886
26202
12368
29113
4066
9442
29694
22400
16356
17738
6101
15072
25459
6176
16122
24027
30598
17384
13649
13273
16926
4422
28640
7146
15963
31244
15022
1740
24082
395
2647
23570
5933
32107
25502
19505
12927
17131
25663
16943
22056
30890
27171
19991
32434
13195
7601
30224
16386
5344
1356
9908
17018
1986
9291
11404
12374
30914
428
27375
24172
41716
24042
15649
38942
4560
18087
25369
12463
60304
8787
19509
1185
6997
14272
31970
3188
14751
14524
3874
2004
31097
18249
27142
22990
28930
3654
26566
14591
19911
31554
18249
20318
58218
17662
21307
6864
30655
4366
19787
28767
65070
17102
27301
31607
9641
13622
27776
30321
16853
16576
14236
16623
16865
22065
1558
6312
31491
5368
22019
3444
49532
20725
6263
30040
2440
28119
31035
16809
7288
24303
29639
18982
21577
29437
28840
3077
28340
21802
32415
14749
14264
13365
5138
24852
24854
21982
21414
29797
15193
27787
15904
9933
15676
23541
1294
17976
6403
3174
5173
4516
29506
63324
528
22397
6407
31507
28547
16257
8338
21631
24930
13092
8566
28327
19739
14054
558
24471
12216
13327
13350
2166
4790
2271
29843
21301
11915
22320
22779
26742
6082
15398
12936
22152
5632
25838
12142
840
42564
8702
21026
27967
31480
29188
24080
13776
5909
5301
16654
15381
23253
7127
58070
25152
31521
26555
14820
23557
5418
26180
23303
23444
23411
15664
15164
22602
5798
65378
12196
30175
5413
6876
14655
26488
23601
14257
11786
23801
57
11707
10707
23628
8821
27920
8200
8936
7808
14044
16816
10147
11062
32455
59800
30792
15901
2846
3849
11522
26420
18266
2239
25177
28294
12689
10884
22471
7481
10203
21783
8139
19794
24933
18787
14144
32080
24621
20128
10051
16120
8587
10310
19700
24080
26560
21860
23177
31473
31516
25993
33018
20456
245
29082
31825
11251
14224
2362
13807
18827
30460
28260
25132
10406
26148
28853
9543
18791
13214
30960
16100
23721
37802
30892
15409
12680
18426
18663
30204
24012
26370
8511
29698
3887
29976
17950
5586
16040
15202
8161
20467
5228
14371
24659
30901
19969
8464
3291
26006
61486
9840
23043
13253
31821
30068
14196
14091
27121
5591
26994
31862
11779
19005
21896
26046
22813
12641
9625
13553
8360
26880
8893
22738
28378
16461
24784
671
21206
2344
2885
29536
29347
8209
27116
10083
31672
9082
27519
11030
15347
28070
14924
3120
1852
29046
6916
3944
24786
21341
29793
23712
28387
26798
15812
20868
25083
17118
24293
28129
4562
20640
21122
10725
32479
24190
9537
12297
27526
11117
11535
8686
22996
23244
6218
4604
12443
8559
8637
30678
17139
486
26366
30626
31628
20218
9109
14760
8698
3267
32316
17282
23896
10191
9277
8329
13710
1046
30652
32556
24682
14546
27670
14123
3030
533
3809
24406
22532
32056
14936
31547
27224
5354
3984
16561
8440
28243
16354
30046
25725
1765
166
25301
30884
45698
15526
21219
9959
17276
14249
15156
11214
18091
21517
14816
2382
15011
31568
9327
32563
27261
29854
31242
18512
25485
21905
23835
16237
13518
26975
26739
10898
18318
21374
3141
15333
18234
672
14506
11390
17134
2956
17955
4167
6488
9853
7803
18708
29125
18955
12116
32517
9266
8490
1296
26184
12839
14335
47036
20866
24775
21687
27154
13276
5197
14101
29809
20424
27271
26830
13238
8173
13589
24331
6961
6737
27353
22369
26866
2204
27761
5633
2680
25223
27272
21034
55212
12362
5211
25335
10075
24083
5279
24203
5986
6978
30411
10495
19510
5657
4162
1544
12393
16082
14438
465
15512
20385
11783
27369
20488
22103
11478
15749
20236
21356
18051
13289
15801
16955
30826
12843
3921
25830
29265
5834
10959
17276
3830
49698
6548
31876
4209
11630
4585
7614
31926
16321
22180
5749
28604
281
30016
19969
26022
25302
31330
37080
15075
36246
22089
31450
17288
30176
3212
17472
21711
5358
8308
32744
21177
11338
21212
54764
26411
32352
26521
29065
1617
8740
2062
5599
28186
2491
19511
9107
11051
294
12946
9329
18846
31670
8099
51802
2829
2898
32087
9742
13092
13151
17164
7039
28880
19334
5897
21363
9910
20802
1599
17623
7647
10162
29682
10363
3669
11861
18822
14459
23283
21919
24236
18308
32131
32626
16629
6485
2596
602
8862
20944
30162
22572
27842
10541
11664
3429
287
9938
8998
24588
31062
10463
30490
32694
19060
46744
12504
30840
17512
30736
3429
27600
7785
14704
13624
5995
30724
9186
22154
8327
32659
21001
21840
57336
22598
6180
11357
4594
54808
32343
12465
25633
4043
16288
14353
28056
5961
7935
14406
11159
3264
780
22464
31335
25725
6049
15987
12668
13694
25492
24126
7160
25080
15096
26217
25210
24324
10204
2840
2007
10781
7348
3761
17190
20660
24661
9183
4757
2358
14485
22729
14009
6966
28014
20648
18262
8985
25069
2205
309
14387
59126
11673
3339
8245
31678
26301
15992
14473
18252
3824
30982
10190
25231
21346
32629
22047
8110
22591
27190
22133
6837
13313
6428
20974
13236
37440
798
29386
18873
4715
9336
21204
4380
12181
28517
29689
30318
19233
31059
29976
10665
2889
6019
9568
24807
64998
27109
8737
15602
21822
23719
7466
25936
11190
11849
18873
1612
5188
14508
12572
11055
22677
20900
14803
10181
6301
3824
7099
36726
18121
20161
5442
17144
6407
9505
20175
9611
3111
25831
18614
8359
31218
17957
11559
4114
25893
19681
10658
15630
55112
25339
4996
22945
22289
12089
2408
25287
26460
23917
19846
9394
2630
17908
14674
3005
31113
31550
61266
20949
15312
26042
12619
27897
3569
11688
30949
23664
26282
32362
25913
18582
14262
22433
23930
29619
23870
22394
16064
18790
31792
12774
4851
6273
4612
58682
39480
20491
28489
9382
30463
30542
19213
13851
22346
3916
28330
63544
23904
29028
24906
3115
31993
31989
19448
14133
23056
1611
13518
25351
2193
342
61042
21814
42120
6492
31523
32100
29514
20657
63974
21945
16529
8865
18472
23735
18052
6569
29194
5820
2775
12132
24910
28853
22187
15215
32595
15910
31918
30032
15399
26699
27964
15394
14738
58296
9357
3142
2708
10068
17514
16794
20675
5799
22700
7533
4606
1047
29854
29841
3447
8226
18577
7782
17997
14048
16738
20690
13248
32589
3811
9076
166
5318
17186
18122
8024
9864
46308
5365
24963
16541
15311
30409
22498
14043
1827
32083
4753
8241
60086
15341
19816
32747
12188
28329
26566
16690
32312
12355
54972
478
16923
18789
4368
8903
2581
29891
12362
21016
15961
14732
31847
5977
62222
14022
13557
16334
30549
10470
30075
6663
17622
26512
5041
22533
13265
26306
1033
15638
2597
2976
30359
33346
56134
20703
26386
25121
4056
28997
12412
9282
13170
14390
11313
12037
20182
51140
16915
10590
27199
25772
47928
20661
18766
27998
30417
18209
17354
27548
49358
23835
31690
29640
24174
43178
25309
30914
31779
2752
27281
28692
18297
27296
23770
31821
29662
31413
21097
19314
30366
15053
8921
50170
8475
12114
26355
2802
26982
9738
4785
26662
24105
18043
32165
19104
7264
3470
6747
25729
23022
6897
20875
29779
26175
8116
21886
25879
8321
4088
22176
25985
17127
12149
22628
6404
11492
5194
15510
2831
24702
21742
60866
28296
16418
7521
34034
1237
4599
16282
18054
12933
29994
14440
25802
52334
15509
25356
28763
23869
79
16395
18199
25600
15886
592
23913
8337
9045
8235
10114
26963
1042
26817
13538
14479
22012
5048
209
7688
25139
19345
26111
4288
13562
20453
20861
8825
18732
21053
27516
2917
31762
8033
30799
23099
32136
60694
15180
11661
13662
11848
30540
23619
31316
4132
1247
52216
5143
38044
3821
31576
7895
1742
7841
13951
29265
26749
19481
3739
18597
20390
13088
21280
31338
12000
13872
20574
27097
31874
3826
32218
21725
17071
4886
5920
16181
25104
17037
4092
15323
21259
10987
29382
22790
29933
495
58560
799
26900
1917
11786
28097
16884
61094
2342
11206
28145
30129
507
12854
4645
354
8036
7310
11483
32124
15852
29041
30660
62890
27081
20587
4420
8702
545
29571
29130
21435
16555
26148
8550
803
3837
11540
29066
28664
9298
8442
48218
23101
4522
16156
10268
32627
22780
32047
11358
3548
18509
1377
23468
19151
55912
10681
28139
25945
17662
32685
9220
6341
3242
27464
29465
20077
20708
4035
26369
14988
29348
22236
24027
16122
6540
30104
19098
3205
19254
10549
1869
29114
9660
10649
163
18779
3362
24417
7521
9114
25392
9830
21493
10065
40346
17223
14398
30912
4350
26677
23496
11245
26835
8170
8296
14164
13280
4648
4234
17787
29072
9463
6081
5819
26487
29719
19658
13300
9982
22040
24450
4892
8742
10875
1060
2167
15412
18232
27144
17119
8916
3209
12138
28518
30794
4390
4042
13739
21778
19066
17093
22426
27876
17686
30106
9272
62560
31434
4289
15879
57616
4966
27118
11615
29788
23847
25052
3818
33458
18612
27190
31943
29195
12437
28776
28235
21915
15802
3519
28935
18845
8877
57770
16025
26776
32464
27973
4936
15653
8614
24190
29696
3511
14924
6149
10446
40
45884
12779
40774
8066
9882
19486
31238
30172
1300
16202
64142
42196
13027
22575
9964
39670
26640
16864
38964
829
3402
15628
7127
29597
27065
13084
27010
64662
9001
18156
1413
6723
20911
22138
26866
15831
22166
24568
43836
28287
4825
19710
18899
23516
22686
19169
65436
3524
4999
21966
26490
15940
2172
20947
14710
18242
18899
4807
8931
5877
11121
28330
32296
25132
22968
21699
9425
8648
1296
26168
31132
18870
16371
24659
7031
1059
24230
12338
18175
29263
30760
4403
1814
8645
12145
21496
19042
3035
31751
28849
30205
1313
19814
8794
11647
27683
6741
28003
20197
17336
11841
31158
3501
20971
1500
7000
21205
9847
6508
27000
5842
19659
4887
30591
31791
30230
27011
31035
7327
12467
5622
29335
14373
4674
25896
20262
27272
6488
25267
10258
21397
29190
7100
11446
28656
2726
1418
11046
13271
24354
3256
9760
1841
46176
9
14459
29222
17963
26702
34438
13303
30092
27064
22752
4176
13788
13860
11133
3548
1624
26431
14091
21627
31033
20498
32749
12087
18372
17394
856
1685
17687
28509
61778
13141
1442
47486
5834
252
29443
19
2711
17099
13505
21029
8937
4492
130
5622
1228
12810
2630
6792
3100
4582
30443
18562
2277
29
8654
18485
9916
7785
23609
30593
30811
211
25096
12398
27524
21819
9079
22858
7657
31312
26619
30588
1104
28623
49149
13482
552
36534
2108
29420
24037
4676
7544
6184
7624
21070
10955
2843
16722
8030
15280
3967
24499
10086
15813
21216
11609
21926
3022
50520
17052
17418
3135
27759
22589
43078
7073
27915
12958
4908
22239
1234
29389
29176
10155
29242
998
16149
16367
4692
29836
14003
26252
30179
15776
30661
11010
26820
13567
12254
32135
2230
15916
18411
30226
18469
27937
10206
25478
14260
8698
29083
25364
858
3965
14972
26811
1221
32678
15887
24979
16320
2012
40942
2724
26325
16891
59210
13072
26090
7420
8614
27957
7805
20198
30367
15557
38044
16504
27465
1709
28574
7092
6136
10938
3359
9106
17857
27044
2886
9708
20610
30124
16349
59032
3952
13310
14344
5027
18061
29714
24954
7008
4685
42784
26756
8173
11410
9045
31429
22138
32539
5169
4759
18731
3450
3905
3210
22628
10770
3344
24574
23983
39944
27168
12340
12784
23516
9736
21704
9522
28961
29882
11813
27204
6645
4900
21908
26820
5256
31017
6477
27953
6666
29717
29258
62590
26669
29181
21788
15129
12485
1839
24978
11328
13527
26269
7940
17237
8525
1164
24519
28880
17450
24461
32792
4562
23033
29490
10254
11396
11877
32539
7071
8338
10458
45890
14679
6518
19320
4035
21178
23930
1777
19481
18279
21958
2899
28046
2928
31553
29681
21159
18768
15875
25369
12872
23457
28405
25439
23539
20465
27047
29762
4175
25854
12035
28121
26128
11483
30259
17702
19452
30285
14019
20397
28621
5534
23674
13031
22598
32533
30495
10562
11711
1636
2852
9174
10167
16198
887
60982
1331
4061
29130
3376
18971
12898
21384
30143
6172
31175
17899
15890
1652
8316
766
16510
8352
9296
9702
3338
28316
27294
54764
8822
7758
23353
30883
31850
39620
16600
7563
24149
23652
8713
11863
1272
9398
25930
25835
7625
30343
21230
30826
12116
27347
4384
35898
10488
30223
29369
30008
12373
11293
9484
628
22894
12557
2273
856
31685
18882
19865
3078
5036
11733
18441
26889
5627
1727
27702
52532
21096
30176
12457
13957
1697
31854
12171
13549
16686
36310
11197
32016
28010
24032
20479
8369
31321
6150
12749
17314
14270
25923
22600
32553
9858
6882
25556
25450
2361
50
20544
15341
27639
18429
557
6802
25621
1031
32058
27569
13705
5464
20903
12427
19710
8171
17095
24874
13256
4612
15511
42424
21740
24396
16768
20443
1605
21520
7180
4836
23536
17269
2205
31962
24124
9504
8101
30560
13762
22017
8718
23963
225
11047
28320
26880
29030
5266
251
48440
31356
13114
13416
30609
24990
20362
1874
8245
26809
26482
5159
1946
31646
25546
19783
14089
9230
2500
9440
28028
39480
27786
38346
2490
3448
3009
1027
15689
20757
13726
11984
12175
14637
29734
32525
23678
11835
19729
1466
11085
44460
5707
23331
342
18353
906
21069
7354
5677
15426
1463
12688
29666
2954
12031
5066
5171
11686
23241
12626
186
17357
4716
55086
31206
4255
6516
17472
27190
9114
5210
11309
2762
2677
59960
29746
11643
27534
24266
1550
48633
30758
20510
15497
32701
41716
22952
27995
322
23118
2393
10221
19538
4907
4830
28506
29178
10564
5394
5351
17192
12892
5773
4610
19568
9862
26090
26735
1116
25890
5592
23186
44738
16231
30452
23248
29860
20823
9272
25833
24930
50770
9195
16464
24417
31968
26330
18586
3264
7714
16114
32040
29888
13988
28835
8970
10840
16513
13530
25436
29376
27372
28578
62470
18935
2035
5195
46768
23107
26661
14947
8840
6208
22495
19454
32518
16595
26954
9671
29146
7596
2161
8047
9736
27323
43186
30641
17294
6335
21579
8709
25339
3077
11232
7424
3455
21700
33018
27152
16668
13858
26428
10634
28300
3682
19935
4561
14610
4453
12350
15655
29000
22116
2194
9112
7167
19943
13
22384
11595
24343
43822
3533
19312
4863
2263
29337
40896
18625
29583
25270
4402
14363
23466
20912
7082
6088
23192
4147
19128
26589
11564
21192
20522
27204
18052
17856
29857
12350
7206
19767
32681
22592
6110
26219
17088
6193
18416
5009
32443
29191
16823
17935
10716
22783
21249
17040
13336
31741
25162
7318
19076
15297
7178
9071
5602
21412
16708
7368
4347
5784
9937
5407
30690
61800
17926
1855
7328
14873
31716
16526
16463
11653
28915
13495
20240
3779
26215
15559
3397
7698
27458
7002
1802
25665
3698
522
2228
4899
28011
30179
26570
8969
25362
5585
52828
18840
19187
3171
14505
10809
19802
8232
4511
54012
2730
6418
22682
6802
28780
21261
17715
57358
20221
5134
8340
6650
2166
24225
14548
10119
26045
29613
34912
29026
27565
63470
3041
914
8190
25234
27593
10222
1603
16169
20239
20815
13089
55384
47769
23809
55
20953
5039
39480
23867
24286
22079
9954
32698
5328
2927
22285
11961
28520
20154
5430
23640
25531
3484
24656
6126
8369
2517
21654
28992
11144
5623
16385
36304
33956
29282
12948
46392
24839
13566
21246
29156
32617
4780
63620
31170
12715
10480
31118
14547
11094
13986
18780
23303
30090
1618
21834
15675
27291
3494
23091
3212
11854
16685
2212
13799
20816
18609
19443
12549
26193
22784
10459
32104
7031
12869
12530
28172
25213
29070
28811
39804
1420
180
26467
21574
3951
22814
1969
4281
24123
20256
2646
23354
14016
2885
2634
19029
60948
1493
19318
2293
20897
19999
17346
29598
28219
25804
8467
14673
4035
16268
31189
22326
15649
1422
27962
27067
9120
12236
6862
11705
8534
17379
65198
8088
943
29693
7453
22346
2783
18075
24973
11136
23995
12441
21453
15564
20070
21843
8777
11239
17262
27854
19224
32521
747
2415
962
22492
22575
11175
25506
28097
26609
8363
18703
29411
13496
8123
19301
16844
4736
13193
2349
2792
32199
24968
15673
18603
15397
27667
27294
11382
31557
16522
31938
1372
3915
28876
18688
32439
59732
633
41346
23568
32580
21340
13100
19372
27504
1228
12922
6199
29901
23937
9038
37689
15226
3984
27503
7427
2525
4293
18262
25203
4905
1115
1054
27645
13041
31001
24124
20969
9082
20072
21626
57960
27528
15456
8970
11868
709
31719
21199
8160
18268
6039
29078
28881
26376
24325
21206
3448
18185
9946
20593
12472
4732
24875
23917
3708
3904
800
9511
4342
7218
2987
32039
24176
28960
15412
14904
61588
25258
8560
13091
4474
25550
23766
8017
12525
6482
13988
12526
12977
13697
16047
6958
26540
8828
24906
12223
21919
19943
20340
40452
18292
805
7422
16220
154
22196
32288
17266
5222
23650
12107
48776
28247
12369
43716
33602
11394
14138
38452
46300
22587
15108
11245
22569
24633
6809
47324
15017
31922
1219
8852
2324
22789
3524
25040
11066
29639
5492
16492
442
18921
29239
15178
25784
11132
18593
4442
21701
11902
5024
10278
6715
16453
24968
6362
22425
32470
1668
28534
3590
7209
16589
18121
19237
17632
20079
27736
1954
29590
15642
18316
18712
1130
21673
39526
21312
27679
10737
10365
10119
20566
3236
21820
23413
41908
8133
20791
4838
2313
8119
923
14719
27983
13157
15852
19850
9706
29260
19319
23623
31337
57942
22545
6941
9844
26112
5017
25276
46062
18234
5696
4820
25475
13829
25658
25070
14094
31649
59024
25299
23414
3247
1674
30256
7362
15430
28221
30656
22276
3820
18551
22540
3686
30122
5228
7819
21642
8066
9449
19909
20440
26027
10452
21088
59262
2860
28536
2225
1810
20319
39933
46812
8178
11874
24277
14117
28757
28999
21864
10353
28176
54196
12493
25689
8460
8189
4555
27798
17904
22782
8654
29994
25925
17463
63046
8309
4521
7622
9160
7010
57074
17408
6358
12942
4178
14845
14621
32665
19770
25629
10285
2118
18515
1091
1961
3547
11072
5201
13083
12764
20333
2999
5056
19624
21739
61306
20107
19578
5731
14021
22709
21937
35546
26019
17081
28629
29737
1580
29540
16315
1075
15666
3501
12422
29824
18658
16481
29067
14334
16988
15273
22074
3482
6905
18095
21357
2315
19502
5255
29725
21966
8583
25954
54984
8065
27974
4587
8991
3016
6226
27372
6220
5740
5594
22074
18438
5253
9313
18470
23351
20907
25134
2767
39078
11531
28346
7223
11874
18416
14165
7429
44364
24658
24203
9776
32746
19904
29933
20040
14870
10124
22689
9898
28237
27419
16485
1801
29377
14665
2695
20516
25909
23462
9839
3809
17179
26386
7271
30225
8530
17465
5459
16227
14462
31337
28349
10737
12675
20408
10395
10961
53628
770
14566
14130
12425
2756
2792
1870
17579
28944
22090
24578
9792
41040
27483
32552
15632
29807
35588
27494
28551
26882
29854
22542
10219
30679
22067
18226
3113
19526
19889
17472
18433
9802
20059
13567
20916
27839
27704
14963
15177
2105
15106
21232
25708
17003
10968
15633
28322
11273
44698
15507
15587
30302
27848
21509
3045
9846
21334
59108
10598
12948
12044
29391
9948
31388
22313
32580
29893
32614
32439
6246
2712
4418
28720
18206
32201
18784
23913
1477
21218
22696
24612
20445
27898
17388
21584
6642
6555
23851
11003
1772
19917
23409
12871
21938
2533
16010
14957
2749
26960
22847
29072
1880
29712
26033
12618
10046
18917
20771
37635
35662
2005
38709
7546
29782
31737
2537
13766
17687
15770
5062
12070
16201
4598
28925
26701
8099
31320
22217
30471
11468
25300
1924
32631
2948
22707
29935
22291
40070
30701
32523
6106
32197
3271
8813
10404
20719
11882
5919
22038
21699
12710
6968
62884
24027
1369
27780
20624
32454
1708
31828
7435
22961
7255
30064
28622
24648
1265
22611
22907
61876
40378
25640
5095
6352
20308
50652
18232
23694
22347
16416
30026
5420
3867
27916
13438
7139
17890
29743
7752
27696
29679
11457
30343
14292
14749
13832
3306
19368
16041
31930
6120
24123
15121
21736
12593
10249
46320
27769
24562
5296
19771
11489
2916
20145
29873
17881
24617
38182
20976
15892
64776
15553
7877
7668
32042
24001
28603
30908
30451
4138
3408
17513
25853
27866
26890
10233
38644
4142
23593
8879
21073
3946
24695
28320
1628
11054
17953
21703
19589
30161
27045
165
3297
36984
6628
18208
16422
26233
32063
27513
3937
4561
8686
9086
27527
3576
21115
29395
54568
19623
6162
22529
18935
12017
2667
10248
8412
14549
19548
13518
32630
37086
21819
36300
12498
30223
29019
5304
19448
29336
18231
30405
11211
6126
13426
3087
31745
18420
32558
2010
19649
28624
6767
5085
13555
27330
24141
18411
37908
2588
9963
8872
6313
1884
3385
13047
2757
24499
17043
27562
6220
55312
18455
10358
36534
14776
29343
37514
6239
14871
7732
6564
21833
8706
19101
7362
22299
27594
25214
957
33956
17646
49204
2994
1923
10095
43348
31368
31188
29626
21687
50050
16675
1640
15647
9009
25366
19791
7793
38540
32553
29200
15055
29451
2485
16551
56542
9304
11877
10731
10691
32579
31300
17886
9629
17357
3936
23187
5736
19504
7980
31158
3888
21350
7451
24296
27803
13557
18425
62482
40764
15513
10848
12876
24490
1186
24949
19849
8555
22677
14227
19721
10846
24722
8370
3774
26915
816
25308
10410
13018
31387
14937
3808
22686
15914
27318
31765
59732
5924
5046
8639
6586
31614
23653
16512
10471
7405
23832
17801
48006
28772
19821
12052
19618
55440
50758
6172
11578
1231
46982
115
23742
18563
12586
23944
5006
4796
8270
24328
15099
3180
9230
52760
21345
17835
8848
30296
31381
39002
11494
16961
2191
9806
26626
23037
17066
18651
18144
1411
851
50070
14613
31702
62088
26747
521
13012
23648
62424
16248
25592
31841
15592
2891
2324
16779
16881
24358
701
5529
28405
19502
14951
48012
60158
25553
252
11308
26733
10097
20979
39946
10982
3971
24386
59178
1957
10184
1611
26377
1423
5856
3200
7231
26040
11519
27915
16653
12107
120
3808
34590
23520
5318
31950
18416
23697
3479
14729
17108
23159
61266
11079
23094
64290
10344
21214
41398
15020
16778
31026
59024
9939
24229
18245
43554
21127
21887
2428
28454
35662
30192
10282
4968
10268
24698
17541
14292
17332
8303
26133
17060
26507
16862
26592
763
19201
9011
7401
87
13621
18733
541
4326
30438
29262
6202
12730
19489
23400
46252
61430
31710
26130
10065
19423
12692
26709
7267
12189
28414
4450
30136
46184
10324
26874
24348
23472
11991
17355
5831
29214
12234
4608
61348
28937
29343
11112
24818
27520
24047
27960
36726
14385
30002
2646
12529
28621
11066
15662
28191
13519
16984
9605
21458
59724
25008
8183
33650
33118
1969
3290
6012
30232
25610
29354
29310
17369
26866
22106
26698
25473
1377
3955
19609
15669
5701
9040
12083
18243
13060
21711
18100
21842
25586
1140
31824
39866
12714
23680
9099
2770
13536
54554
9569
5244
26586
16740
30099
31368
22636
29502
7311
36902
19398
37260
31402
8266
183
28606
1514
18863
8237
7107
3158
13862
10629
9883
22004
11735
18355
24567
26240
23856
25257
23507
8706
31991
24188
32498
23734
9119
16368
25004
29794
3442
5412
4814
12073
26132
14172
15238
20526
21829
15914
10918
43010
45766
24251
28662
32550
1280
16853
26044
38472
36500
13487
32664
18121
16362
24770
22111
15536
28967
2774
18925
14972
13995
4435
28595
11771
10449
14130
27257
27476
13631
1231
27422
10322
7836
9776
18470
28750
12976
13502
33620
27228
18556
22314
6675
3754
6339
822
25755
19830
4430
20034
31937
2215
4475
64656
21522
9505
18837
5321
17364
7181
10568
36670
10611
10971
65012
8287
33760
22243
23865
1441
21536
39298
20335
22955
24772
6151
17018
52952
37306
7880
25829
14423
8062
16250
7908
30252
29796
25609
28422
8775
64378
4889
5089
4082
4067
15178
36470
56770
15833
30791
8366
352
23410
14853
5556
3894
1119
59956
17454
14621
58682
28924
5897
31750
30795
12231
22475
25195
9059
31311
27875
30559
42080
3086
14947
4262
20937
19582
18559
30239
23830
1472
4933
23734
1520
6537
3429
3106
11643
22407
4638
23539
7922
49720
452
28367
22744
33106
27742
8686
28014
7402
14809
31748
9474
26348
14678
47200
10260
22964
15377
4081
5140
10501
13046
2556
26588
22733
24607
24010
17978
11059
28121
7598
29111
30793
4796
17568
15734
21291
57448
11032
4665
13222
18691
6977
11016
28996
10246
32346
810
9647
8643
20374
60772
6999
7154
1899
26991
29876
10511
4804
1391
9695
13948
31103
3082
34874
19851
28604
29986
29527
17738
5258
9664
6352
11687
63314
26927
16041
12804
11432
29018
22994
3233
12693
14208
13937
23326
24287
25897
22092
29870
15886
22068
26435
11966
20175
6538
379
2781
18710
1455
19300
13817
19202
15669
11879
30052
13330
14604
18605
16363
5702
15360
43092
20322
60684
31560
6117
31787
18437
6529
27794
5935
11531
63544
1804
48748
25224
17171
11879
26755
32266
31625
13519
15716
29063
24883
23227
21788
21174
38278
6008
4277
8205
30348
21485
19168
25265
5129
59094
18
19918
18957
12614
6827
62968
21196
60308
17549
21415
20724
32053
24771
12469
9337
29976
3532
9564
1914
15063
11142
59814
23894
17818
54984
27446
23076
23497
14530
22867
29392
12625
7027
3828
31694
30237
32025
24855
27618
17582
13681
5098
58940
20334
15033
5592
1821
11276
4600
22004
12803
2521
8837
2324
3871
25178
17820
12882
4324
8560
6013
18600
13864
30682
20756
30468
30110
16087
51082
19787
14902
48638
10290
64514
3553
3374
432
23428
3410
17642
24716
1342
10375
1985
5160
32407
4770
13751
10780
27239
43046
5012
5568
32104
10374
6905
9994
27250
13785
24485
43424
22365
29326
5034
21744
29799
30641
18130
21348
28675
31439
53096
9303
55398
17782
31730
6845
23858
10334
18278
30442
29954
27528
25641
28666
6007
6198
15974
14523
10691
29557
7908
4489
6983
244
44
2893
8895
17930
22987
15673
28387
31325
6143
28346
3425
23123
16200
14986
41446
27900
2302
3818
3070
7813
30628
29917
20390
33076
12859
20205
27084
127
15354
8148
25752
827
28445
19246
22233
12458
5324
19260
42666
28862
11966
18650
12354
14665
37432
19642
23742
10772
11796
37724
26916
21650
29858
12202
13621
12382
40896
58218
7076
4073
8018
39734
16656
9201
9001
22266
18626
25393
32252
1064
32722
15643
16316
879
23320
8968
15057
625
1518
13170
12868
6908
16714
4959
13942
37785
4205
25453
17894
38480
2248
5097
8969
34116
7666
31353
6326
8205
15466
25992
18814
43354
4718
11646
31607
20936
12501
14987
11313
17499
18590
3555
18415
32343
23804
8886
4300
9272
1622
5980
48495
19816
4571
17658
10248
19262
21584
42596
21037
6236
32575
27449
2870
38514
23355
24328
4385
27754
8375
5133
31291
21493
15057
21655
18053
10399
1005
20753
20140
18857
20109
2756
8977
30632
54412
15804
31106
9626
16719
3121
31920
18450
29013
24726
9568
19644
19956
25875
44972
30339
12190
19089
14566
9229
3779
20475
19938
710
28004
866
24770
9571
6301
7307
24508
11014
31845
12334
7730
26004
16859
3059
14944
22102
30071
25269
12913
10802
2250
30067
19562
32018
11550
7510
14805
4876
29750
22574
2562
30960
45126
55998
4319
2435
19191
9549
3267
1658
6528
30997
2774
21091
30647
10364
628
24683
12999
7845
8442
5573
32224
12943
4665
14441
12298
32380
11522
18584
7249
32304
12808
12354
2316
6840
53136
7091
26658
27084
32305
26037
15946
1074
28709
29687
54496
30776
14353
44151
25692
20996
12716
14118
9239
15734
30800
11521
2204
2292
379
16208
42816
16739
780
25831
2600
21497
11849
14826
24682
16007
20447
27969
28459
6009
654
9021
29339
21220
14330
8449
695
14152
19668
4572
5574
5690
29610
612
26386
13258
21747
29317
3509
9853
20918
13554
20274
16187
26115
325
29533
16805
21914
25230
19124
48078
16025
27431
23039
29454
4563
29593
26755
18681
31184
24067
1121
27341
4776
4805
21179
5553
49576
24978
4313
3239
18973
28039
31135
29917
5106
41710
32350
6279
31748
13363
1907
46216
40071
13747
14109
1397
14335
18673
3933
24474
2172
16599
23653
17640
20952
6398
8023
1159
17578
18749
20295
11807
30843
64042
22846
28001
4732
33842
43512
32315
12471
62998
5439
21558
60434
42231
12979
25926
17347
25275
18254
4477
7967
2054
8045
63166
19217
27315
12033
30417
8969
7500
30162
3352
25516
39171
29671
13124
28543
29913
15568
14390
25801
48182
16867
14124
11357
17367
20957
7410
25446
23747
12518
18021
11010
9459
46262
18276
13168
36534
10647
26185
4473
27943
976
42740
21246
9001
29162
36030
8808
18018
5485
496
32471
701
5671
30614
25695
29019
28111
5774
14547
25401
50944
17191
5425
34368
348
35326
24330
33256
5072
6272
48596
18695
9813
31131
6486
14832
31068
17169
28335
32196
14231
12041
16362
25284
7174
44046
26762
22205
10938
29459
31225
18233
8508
7822
18854
30410
17829
7402
1320
11734
759
20736
7574
27272
10525
6101
19008
52828
59720
25018
6079
15980
46310
10324
15122
19446
30951
21672
41068
29058
35950
19560
18465
11897
21955
1349
54620
32458
18534
4515
18072
28492
269
32026
3274
54624
12818
29773
24360
1592
21140
5501
25936
22492
2607
558
19254
23238
25276
49008
41664
16466
15329
1948
16679
28638
31792
4426
2554
58808
16889
5078
14940
2076
10852
8394
7013
14441
9567
50734
23648
23890
24607
21037
20550
49198
48490
2735
32487
8190
27451
9114
11164
13051
15228
12034
1075
4996
12536
30256
25108
210
31829
3662
25701
5896
29560
13846
16041
15720
2628
60144
6924
7470
20555
27009
13890
18164
11553
32386
13116
14466
44904
38456
32440
51902
6212
9895
20995
7160
21941
13988
5334
64436
7017
2529
16328
13100
8901
22321
1552
29654
29518
42876
47870
30687
14319
8472
4266
32479
2659
28455
26929
29831
17353
25770
26923
28469
12508
13392
21945
6865
56384
51394
29544
18300
4262
31278
32034
26830
7114
4646
19196
8114
10740
58426
10444
15763
18072
30164
4138
11719
20979
14114
31156
18239
19011
5184
21526
16094
18523
32237
6890
22123
22104
31597
7260
9647
5493
3775
11071
7136
3890
61106
22548
9814
39498
11442
26263
11554
1511
25005
23977
63990
7025
10153
23350
24729
25410
1828
4036
27596
30385
65066
26997
18703
4178
7646
10238
14501
11707
23754
14904
36500
18860
19563
29093
3159
2472
32752
3352
30705
14942
32150
7845
24208
10984
22026
30410
41979
29764
29067
21261
16397
23605
946
29121
10188
39070
