21954
63
30208
7034
25197
24243
31727
1089
13297
5755
28380
17642
10528
2033
23073
25109
13409
14381
11285
22610
1436
5593
18996
31849
11066
28495
18290
1586
25314
18843
26052
25768
4116
14413
59
5175
22750
14274
16424
25938
24218
8843
32085
27081
23707
3843
15011
2845
18119
9970
2080
635
16910
27448
30573
23111
18755
27816
19548
5187
23284
5742
13698
9674
4550
8313
10166
18363
23206
21782
11891
15883
30390
19409
8148
26299
2469
1520
31872
12213
32647
26693
23210
12897
24124
13627
28564
31273
11539
30456
30346
22636
8259
16307
8029
9570
13962
30559
11506
9327
22355
24200
7973
14349
16031
10828
28927
4352
12748
29000
25568
28500
22323
21825
5625
25387
20618
6673
9126
22866
7029
6718
8647
24664
8308
30527
1802
31487
13609
8971
12428
29088
19686
23427
2720
30635
22325
12097
31340
21938
31741
29879
25705
26162
7138
9516
22921
23552
48920
1113
743
14536
4898
3183
26926
18175
1723
21030
4119
27643
28608
26871
13295
24873
13333
20279
15028
16470
10869
10125
16189
24996
14343
7402
8112
22651
29961
21142
15712
18041
1577
28266
28554
8494
6176
32044
19560
22772
8441
16805
18731
32574
9644
18391
25249
1706
26207
12215
7405
26613
15120
14824
25141
25024
18822
28426
5392
32600
28950
21558
1375
23290
647
486
26690
24792
3224
20052
19647
15551
2287
23832
16164
31964
10821
9490
9647
1835
32753
31744
8202
20633
32710
30063
24422
26856
10251
30682
8713
17682
18255
11810
15708
11890
7267
25637
15909
3895
22262
11509
6047
23095
4602
30015
13294
2026
28555
17927
16803
32677
24580
13978
16470
31209
25015
10278
26176
1177
24705
492
18575
9110
30584
1994
85
4162
27285
29614
19899
21523
13010
21842
1279
10615
30638
20201
12555
17572
23445
7082
8525
9573
17739
17111
21612
25627
16083
25466
31387
13999
6644
9630
26720
15083
11879
8753
24951
27864
21837
11018
20232
8027
9756
7646
4909
32492
22454
22047
4243
3608
13674
592
11576
18828
32493
16190
8921
25875
16562
24150
31471
26074
16510
22154
11752
6233
6075
15878
6774
4171
26138
14872
16385
14618
10378
24871
16723
556
9934
14853
16293
20777
28662
6851
18978
14123
25811
31867
6359
22609
17003
2267
31753
27066
25679
1341
11068
17213
22656
21256
24714
23674
10211
11470
429
4626
4955
26736
26739
15446
6154
13420
31075
28850
5083
16499
11163
11229
26553
12469
6288
7286
12075
999
25069
2972
4678
17184
31596
7097
20156
2403
19624
18532
25884
15578
26896
1185
8045
6066
20517
12061
11460
23776
16699
4857
24160
7812
29878
4978
30493
17517
15994
12412
25690
85
8639
13048
5843
28126
19133
261
6667
759
16406
19744
28352
29870
4633
12669
7263
23064
6606
20036
25697
11865
32670
27769
5190
1474
17367
7848
22653
2933
472
2105
772
22091
31792
16792
4281
28244
14613
4903
22981
23155
27071
7697
23275
24571
32292
631
2759
13090
21306
15543
20601
13752
26319
27293
28517
7642
20273
4948
27403
2059
5515
12606
28881
3311
20839
6068
4851
18000
31314
19305
28624
22678
26085
14953
23180
2088
165
12297
17005
7599
30667
8062
1206
11339
4747
16191
54192
8441
32177
17339
28972
15954
4577
8557
18753
799
5746
13970
9192
13963
24111
29498
10043
4095
24266
17998
14727
17603
8839
7503
28891
24553
14373
16239
12750
21445
31968
15093
25588
21654
27362
6107
15279
21077
10326
29858
21081
27004
19301
342
11867
32516
17840
16559
21905
24670
29240
21815
13565
14293
16725
12203
11283
32262
5113
14725
28105
26307
683
23853
23768
9233
2579
14653
21279
26784
32286
27197
19366
9981
24103
10924
7193
21852
5544
13718
32356
11806
14687
19230
22828
8986
17056
16469
13920
9940
11279
28976
4195
31580
6175
28338
7767
26376
18061
17961
4480
14248
3003
3474
3604
27835
25808
3241
30503
14611
27521
7973
5134
22213
206
24092
27986
23580
6676
31962
5101
13452
28021
27490
29887
23656
31478
23320
15274
18342
8661
17105
27326
8061
12889
2270
32436
16715
25664
13388
1416
11262
29214
21131
28899
24681
26069
64424
14581
16219
19383
11135
8094
20640
25440
6806
24107
31447
5450
5749
17113
24690
11666
3128
15849
30739
9823
5660
19258
1307
25865
21517
13205
10467
5718
7597
3024
21851
6228
1130
19983
5701
8592
30364
28356
16304
6139
12378
125
2183
28359
20096
17514
21128
25394
16823
16973
28443
56786
22229
4548
32288
13200
14942
31130
29432
22426
10051
25376
1888
2736
28668
2527
18243
3465
7003
8789
2891
14879
11704
874
31379
9583
12467
12107
11704
10589
20569
17171
10697
17849
182
8087
29273
13037
27216
21995
9853
21403
13347
24247
25357
5458
12242
16308
7432
31019
25808
64196
6382
26929
30608
27023
22999
27523
23213
10702
1728
9265
16892
8712
21075
13062
27673
23841
20794
19443
27013
26504
22128
10489
72
11703
17127
19528
14902
31606
10022
3874
20677
28657
2284
53594
16721
28054
2763
9585
25787
12876
2090
16197
17180
21910
16547
7228
18415
10131
6675
21666
11415
9604
31948
28619
30898
19150
1922
16535
1058
15360
21273
3758
6344
2246
18002
22689
38688
8324
17662
3648
8312
20901
24607
27511
28897
4630
9169
28851
16000
10257
9475
11554
29990
12711
18481
31685
13853
13285
10404
23876
14237
2756
17604
13800
18272
10797
9194
24829
3123
22923
12495
28517
27375
14789
18058
23681
30464
10518
1145
9453
29518
9711
231
15834
843
49714
29511
20052
9192
418
29044
28296
13644
32472
9712
11470
14969
7987
31745
31748
26609
10772
15123
5202
24455
18225
26657
31441
10929
11616
13735
2475
21018
13399
23897
32702
269
31493
7728
4053
27208
13378
30887
10684
32185
10592
21173
8641
23793
14579
23555
1817
11203
17299
25160
21533
12593
1175
32018
21532
4827
19658
2471
8513
31839
31948
20820
61600
11655
31642
28940
29302
180
8448
9183
19159
25822
9322
3910
30020
19010
636
12160
25449
13345
13575
32648
23582
15179
3473
24867
19201
29259
19143
18863
3905
26740
11493
15410
3051
10438
12014
8432
22264
30130
3226
8142
28888
17541
21118
20032
23605
10681
15327
9756
31738
26315
22169
13549
38336
6166
21421
24737
16759
8136
14308
9743
17643
13154
7642
9267
112
16339
13605
2961
15543
5545
29510
17230
10672
17801
25484
5615
24328
7987
32536
22832
30018
18575
16114
31504
10350
24295
3743
27233
11588
15716
1730
24687
2779
10011
15373
27943
11492
18828
31766
15726
6056
8692
23350
24378
10297
13075
2229
31848
17344
18760
12271
27315
28620
30873
10145
5838
21133
11009
8925
15165
19030
18170
9803
31486
11303
23757
27363
14493
4836
28888
28525
32768
30209
14097
15507
17817
14578
9973
26699
26496
50886
2805
14441
6494
25703
30902
31035
22662
6234
17192
3618
16028
7395
30183
30879
8744
20297
7963
3269
5694
28504
13711
7179
16361
22991
30557
8663
21526
26872
22950
22223
2793
20272
149
17310
25008
27366
10479
26205
22588
17114
3621
1377
4163
1280
12797
30820
21932
3997
11253
25845
10341
9730
12178
14366
7467
20688
28535
17146
4082
13400
4497
31951
500
59244
7706
7175
12664
5634
15502
12910
8121
27154
3359
23762
16824
6700
20555
28771
8627
12113
18871
20246
12670
7952
11134
22691
17941
14401
10156
21860
23345
8392
23539
4299
30902
28972
26231
27864
19260
4673
21030
17157
13518
2690
24868
12801
13693
1310
13302
20418
21306
23906
31661
11794
29905
18884
27114
15279
6727
16232
17122
24175
28091
12774
6767
8595
4126
10710
14228
12201
9391
5590
15092
29662
21297
31136
25098
24000
3713
15890
21643
26573
26565
16462
465
13727
2788
479
22515
6847
8688
20245
21996
24209
865
21089
26248
11684
2939
21907
52652
7283
13786
11428
1340
63380
25132
10522
24301
28608
14386
16828
4776
11771
18525
27269
28749
6617
14383
27974
14213
31607
9327
26223
14685
10296
14185
23195
26097
20357
22872
6960
3902
26231
10897
25631
8864
11480
12159
3162
13291
8949
15591
29535
4983
17838
21789
26736
24551
14934
20928
14249
12945
10267
2305
12667
16196
31917
30104
9111
17946
27498
3517
8131
61648
32534
12532
26302
23453
21910
13999
22607
12750
6260
9709
25785
16707
30578
11522
31285
32752
29544
10215
20944
10184
23796
28963
5070
5594
28395
29252
26578
9471
3304
15962
21005
6841
30478
2253
2755
7568
16547
22527
11353
22932
18932
23991
4981
3768
4188
4694
32532
18997
25688
18604
9296
4226
3446
23107
32351
29288
10926
10390
25179
12406
12356
14325
3202
2782
29615
37914
4571
26923
11997
19637
25928
7875
29280
13005
17171
4545
11342
8645
24050
9094
26271
13684
31000
30994
17962
27456
9895
24692
12721
3766
22818
13626
14485
23182
24665
13492
25147
11654
29117
30712
11609
17268
24538
24249
21905
5921
23183
8213
31645
4239
29265
23764
11157
19086
5974
24709
10289
16024
7440
26484
24291
48920
27080
30992
16270
710
28359
4585
12910
10753
23699
16573
6249
15310
22560
23216
3490
14007
31475
7975
15091
17321
4814
28207
32119
4094
32434
13011
5088
10073
30652
9063
21311
27062
25136
13619
24038
10623
1285
15417
8852
14548
27666
17381
10010
22217
29330
5511
24217
16332
20006
33244
10737
16340
27005
18182
10892
22469
28247
20818
30781
3092
8420
9291
26155
426
510
32110
28936
4189
1741
23808
11520
20718
3467
27915
18172
4349
25031
3749
25341
8405
13688
22237
10556
4488
2757
18437
117
16700
5050
25393
20977
19450
24394
5037
98
28247
14305
28676
28148
32119
39114
15842
16865
3501
7602
2803
23913
14783
26880
4321
29975
6342
1694
29675
25639
18807
27768
25240
754
24566
21663
28425
21292
9900
9961
5306
30692
15922
2539
31609
7968
26015
30788
19882
13391
24589
29087
1581
27037
32204
29312
14538
21870
6741
18049
29334
25562
7369
5518
2327
22522
15179
6648
279
7398
17703
17897
21384
13142
5704
19389
1254
24646
31629
26009
10331
32035
29004
21148
13026
28792
23314
13961
29142
20884
25091
18632
6374
18761
5445
9892
22057
3557
1177
10366
19968
29942
7152
9266
5726
12046
19315
21369
7721
32403
30608
9547
26623
25928
5124
17849
7675
4119
31493
2524
8097
7219
3030
11741
13395
8559
5184
15207
2786
3092
6245
29536
12583
3739
2125
9941
7069
31968
18651
17134
2326
6787
4660
5630
22333
31090
13721
16291
15361
21206
30973
8863
29858
11190
25680
10385
23625
3814
9636
14743
31538
172
5103
21279
29828
14788
1406
3774
3501
356
617
10196
13048
15677
19473
14976
20011
4689
27971
19025
1893
19745
25084
34770
31091
11721
30402
18704
25123
19907
27326
12004
24724
21019
24353
23245
27712
6961
3404
17336
18718
17580
26474
13080
22176
7652
28631
6897
19208
6157
7829
32720
1554
10196
25026
12186
20191
1692
20801
2818
2355
12221
29818
26000
21628
945
26514
19730
16459
28070
16072
26617
27207
5994
31200
16884
10282
2842
22027
4008
4898
31599
24050
30864
29187
14400
26887
20246
11198
25578
6618
6244
22059
451
29672
1260
20995
15525
24864
11458
12129
28702
31200
4906
8466
13166
7018
11602
3749
19015
18016
1495
17696
31591
28460
28655
10000
27335
14310
29207
24907
13394
13164
7828
13496
17365
32572
20466
7198
22769
6512
9548
17149
38616
17250
24637
26392
3600
20157
9957
32187
4972
13514
31453
30204
29355
50556
22561
20360
29456
18552
3787
30813
1044
10070
21927
7001
12761
23713
13224
24357
26111
4791
27114
3052
9883
12521
6757
28232
8987
32406
21244
12420
10119
3584
22686
19877
14473
15463
29099
28428
13687
9999
11641
2830
12834
26032
5109
9558
8072
5363
24311
10641
24290
10744
20771
32404
3859
6398
10356
1992
15723
9400
30992
11090
16689
9913
13977
28423
25865
30115
24049
13987
27039
23185
8530
7869
7051
10746
5633
2156
28769
21602
18671
30524
25592
18324
13572
18285
8446
30245
31645
26527
16789
13250
26344
6996
24428
10687
17003
2552
6291
61690
9251
32054
12871
50674
14020
16274
12542
5671
10324
12786
6295
61974
4134
17515
18908
20483
21920
30162
20687
273
18593
10832
17759
20201
29019
27229
28577
48156
19969
6332
8460
12248
644
11653
30889
21518
2184
16909
11668
13857
14986
10844
27008
26083
31209
29193
19001
22420
20075
21721
11153
183
28166
199
19558
9679
24165
19116
55242
15126
999
15946
4018
7661
28824
22945
12068
1465
2695
26335
6505
9025
10031
1
5651
502
3816
21504
16913
19774
18008
21231
15557
11714
2874
21400
17632
3383
30045
17230
18314
10941
47270
23963
14681
4087
7298
3402
28352
3838
6511
30924
201
7384
20988
18328
16538
26136
6038
27517
5466
32393
31284
31618
625
14699
16567
8091
16246
18232
26684
14430
14764
30988
22412
16380
23172
1227
13764
20667
21294
30550
22696
9765
28682
45244
31156
6954
16368
15307
32724
6785
7177
14409
10424
216
1091
26647
9220
4613
60782
23684
18242
28345
9785
28757
15378
18538
6579
28862
19470
3864
16953
2232
28839
24120
22666
25733
2603
15368
4043
14159
32701
9259
22956
8057
12835
24197
12238
21105
27439
20884
30535
31906
25174
13243
1175
848
28885
3887
23936
21887
22103
11264
20224
18588
6605
16808
21061
19418
9889
54302
23164
12180
2204
26965
14609
47340
1868
4591
26033
16081
21148
27342
7578
21424
19247
13812
11863
30719
29870
9063
10371
20237
3133
28954
14566
19440
24465
6465
14782
14048
4342
6582
24633
29957
22857
11231
25066
26897
22389
24162
1539
23716
20744
32540
13769
7442
18429
20385
29190
16904
17734
25052
11040
8717
19278
8490
32692
23581
7368
10726
54316
16142
4605
12178
27323
6084
9697
15902
14258
28940
6210
30755
32656
28587
22505
11954
22179
29756
19003
11957
36987
21229
4437
29832
4755
10684
25929
19653
11534
1525
11008
26724
1230
27145
61
31496
21436
15626
7180
17665
18193
11069
4948
26563
2246
19454
1400
18427
9912
22880
31469
8394
12190
30523
17284
4785
11865
13945
28703
12640
10998
28425
23915
14378
7537
20341
11434
5616
658
339
2502
13006
12498
3257
10823
22114
27733
18785
13534
14195
4680
12929
29889
6602
31974
66
14017
22756
17011
11640
30480
64102
2505
6076
19056
14476
10784
28285
32116
1058
23935
29643
12311
13216
11228
23564
46202
22242
9699
4674
9832
32499
9395
30813
10500
7560
25746
24671
13283
12263
26783
24382
10717
16977
20373
31749
22395
20177
23214
1611
11827
13330
16398
30089
7050
1404
28333
29511
19580
31982
10731
31863
14903
29455
2304
3635
8078
19454
12225
4278
28194
29928
8902
6949
7257
32346
24150
5485
30503
27810
29268
3345
31064
573
4155
28744
7214
21773
2702
1077
58552
13322
1885
12090
7148
42230
8231
1725
643
26758
32106
14380
6398
23798
13341
21832
25460
9244
1348
28561
23879
22808
31342
12411
28279
558
2673
21235
16356
26655
22647
15512
25577
26898
14284
30586
9577
24526
23530
20572
1161
31646
6069
8099
4309
8744
15251
32575
24479
6438
2714
22964
20545
7128
8616
17267
8518
27210
29424
14326
25408
2592
28015
23688
6324
5238
10409
18558
16857
2554
13186
8398
11012
17784
12924
2451
42192
22303
19887
11700
22689
9674
22290
21762
14688
16041
376
4876
29364
59726
30736
24622
51056
22527
29594
19071
11422
31158
28182
28848
11980
18777
28090
17772
240
50174
20088
4994
39320
11907
22492
7302
20190
21493
1588
23304
18560
6964
10377
29539
43394
25468
15907
11101
16949
17634
21792
12936
26976
12883
8022
186
13581
16403
45354
29865
27703
31110
20724
7331
9277
28422
24154
13544
31136
6239
30672
27801
10783
13223
14527
29400
10562
7641
6704
21149
11954
14218
3739
31586
32557
13414
17547
30859
10493
21016
14182
3294
3439
2265
27749
7734
3544
23317
20638
23364
17751
27989
20627
20236
31766
20352
13199
29749
10592
2449
8209
15453
3439
20440
615
4561
28617
30434
6537
8966
1644
8220
959
7309
15700
2303
5998
8695
43374
4613
480
22290
1246
13946
9967
15513
18720
15395
8484
19939
1560
12935
15707
54974
18347
10861
112
10657
9994
23456
16259
17196
11803
14228
416
14308
14143
13453
4290
832
63064
11682
19696
22922
10510
29677
23103
23891
13701
9580
13379
13313
32250
3447
26583
18963
27632
4378
21325
28774
21201
2187
10669
20650
6914
47386
1474
38072
15489
11183
4048
19704
20474
27019
29209
28848
7896
24220
28191
59136
5772
8733
31032
3717
53960
2662
17110
9736
31952
12389
15416
9033
4701
59708
10951
9135
1994
21626
21240
15020
1569
29614
3191
10870
18060
3832
18426
5225
17153
26105
13128
14666
15348
26124
21210
21072
9176
11671
9538
16675
9999
19151
31044
60460
31189
5241
4140
11055
13191
31925
8406
15477
30607
1608
9380
11033
3151
31917
19830
11879
22768
35072
17922
27918
27182
22542
13334
25594
14718
27027
18458
29465
5890
32117
6598
13215
23390
7002
16894
18277
21405
32200
30876
1637
6140
8018
13228
29020
30704
7030
20459
10236
11420
12368
5401
20708
9957
17930
25591
28335
32696
3214
30262
60246
5520
14537
25813
29857
21809
26605
12372
20425
17755
2830
19908
20235
2535
7659
31531
27424
24974
9508
11657
9900
14645
23375
7242
4915
31919
18417
14047
23621
31308
27675
6800
4997
20170
25412
19240
28412
9353
6661
28463
1202
6175
32658
15607
21244
30422
11538
4612
16496
15192
27134
27270
54584
16273
31764
23136
22138
7941
45644
976
27628
25260
14732
30390
48600
257
45882
7346
8013
3362
12102
30197
17753
11880
47736
32504
29833
13333
30167
5291
17201
13567
32355
24914
24406
42264
15978
2324
19443
13205
21123
3135
22988
7488
24240
13460
14596
16524
23859
9339
2154
31600
6561
19668
5486
22571
16465
1136
6293
14969
8351
179
27837
3886
18834
24690
22582
22047
9111
26333
2063
24445
20945
16036
10557
11697
23911
30950
14193
9762
13771
7208
4556
10200
9578
394
135
5397
29973
19165
28776
17275
16128
8631
6507
29865
29723
16701
22591
18381
29178
30099
62802
13131
44762
15974
27284
9613
27709
5549
23400
14112
45174
6054
24581
10079
26240
7573
11545
31065
19370
15888
25370
35838
8555
16449
5031
2951
22166
13128
21453
26439
9656
18978
31666
27377
23767
23184
19838
28656
9573
14271
4421
12965
31776
19532
3821
12995
16609
8714
27340
6853
15221
17828
29168
12031
16486
770
63346
9664
13451
21870
41552
25860
12521
12019
27034
15036
8680
25231
35902
12773
1041
6577
17478
29802
15056
2888
28775
9429
3058
10231
3249
14507
14406
22090
30827
27940
9956
10459
30393
27748
27070
10162
21048
25718
13498
31487
3164
11293
11253
24579
16517
13943
20224
18878
12321
3017
709
306
29365
9072
4242
31326
10719
12395
10732
198
8363
16251
14882
41096
23640
25982
23769
23928
24446
19363
14253
950
10195
11008
7062
19817
31407
4150
17497
20262
20672
19860
32534
29932
26023
15087
16849
17995
53082
4069
19692
7128
7333
28044
30072
19192
22704
8174
30556
7564
11845
3724
9829
7159
24176
1618
49866
27489
22322
64148
1631
22689
11503
28411
45636
63884
4130
20641
19929
27739
22433
26628
18547
4673
30818
26162
4955
29732
31182
4202
13428
25999
1692
15281
3080
8452
4241
31074
25840
26452
2782
19835
20703
14798
18702
563
17441
7442
12020
26220
28230
27429
18439
32421
13607
31990
6391
30894
21512
8177
14863
21660
14484
26163
31680
16045
31321
5924
57692
7653
7392
27279
15271
21446
13746
21774
8786
30139
18821
21536
9376
10971
13862
25251
19771
25889
23309
1370
22956
11325
22663
25422
28718
2818
17310
8772
26259
18672
4084
22536
9689
21795
53328
1732
5473
15812
19277
32688
12753
18814
31910
30642
31408
10790
17012
11288
12543
19114
23527
29493
21674
21236
22630
14661
29973
27082
13034
31534
13192
14405
3945
31206
30631
28378
29282
21593
15868
249
17049
25050
7201
23595
6916
5963
30363
7172
20067
6843
21
29499
64890
2906
64478
23476
29877
11071
25845
31001
3903
29025
2293
22268
31015
21200
3659
32138
22305
2189
1092
10606
28103
7438
19576
2040
8568
11641
24717
4883
24081
10275
10159
25984
10516
12706
4197
8862
25053
4315
14720
27803
14198
27300
23668
14267
62254
12836
14499
9222
19232
6166
30028
7608
12231
10010
24293
14112
18261
14664
4950
18771
15275
1884
901
17233
14351
22126
25953
7209
15302
27206
20816
23332
1580
11423
7508
9652
1623
21876
11932
18482
24163
10277
58286
14592
12942
9861
12981
29142
10040
22904
10497
16768
5292
398
23821
260
889
18140
7686
22048
19189
23515
6969
32632
31662
1728
21301
27692
16439
24932
21357
25201
21786
24586
5682
15706
15768
23830
10771
29378
52864
32710
49816
20045
13835
12430
238
28810
6151
10178
13456
2799
17347
23848
31589
9856
31323
31156
6798
7241
11650
4206
20152
20792
15607
32456
20759
16651
37594
14505
19503
19628
49190
32165
1382
12896
18523
32122
19875
2821
14224
11804
5122
16968
6569
5493
4269
24391
23217
24177
32220
1263
95
22932
28975
35334
15379
13483
28537
27723
22170
55220
17845
11059
20546
55688
19234
25887
15489
6633
14197
30183
12661
27784
3203
28508
15632
23859
20861
24354
15609
25015
8836
20788
47806
807
10163
13136
8070
2040
12891
20940
21215
19455
5576
58934
12039
1717
8747
13465
29360
12840
22646
26415
50556
11975
22470
22378
26837
10082
8534
11810
12996
13655
29152
22871
27609
18340
26278
26119
31190
31791
29869
16362
5167
17482
30517
7298
23929
31809
25279
32013
9347
5270
7326
1819
6309
30520
31891
13814
14304
423
962
32003
7146
29067
26784
30510
12333
29820
11599
31380
9375
22327
27119
21240
2003
411
18812
12349
28401
30983
8216
30495
13690
25833
17280
7419
5197
3913
14049
21818
2716
27393
39548
31264
25244
12101
6691
29564
36928
14019
21654
21658
7362
15940
12138
7940
24674
28556
22527
30818
5739
32281
12956
5117
30968
9649
24553
7599
14985
27330
10291
24938
1155
29584
20133
12164
17073
10805
25518
10699
18747
13341
20052
25461
22790
7024
19333
23774
856
7061
8605
28740
27588
11023
24415
19589
17273
24183
32537
61012
28554
5136
479
1999
22086
4172
9331
21082
20734
32121
20284
10073
2831
10717
20443
9284
8595
1043
20015
22322
32162
14962
2301
31774
30622
28819
13732
26093
26716
19104
28857
17955
13428
28356
7050
14409
5975
24368
713
43686
26250
1720
1006
21304
61414
10041
3981
26532
32240
19287
24242
10763
23610
2049
25142
12397
1032
41586
18290
32030
30171
9599
4128
23711
23258
16857
19299
32347
18276
17081
32722
28226
41280
13547
2183
13874
21496
19008
9615
52010
5063
432
29788
25201
25130
30983
3798
20291
11624
10667
13158
5263
12545
32476
24219
28504
15539
18685
3066
123
28667
13467
15166
22848
30979
10644
24352
32596
2730
26804
31164
23026
523
28253
31593
24809
10087
24004
11812
321
12428
43822
124
14910
14305
19369
20092
14865
5199
15675
21060
1967
6884
20179
9336
26625
7936
13109
28797
23140
19137
18754
32020
41358
28201
24357
3877
31536
114
3085
32497
28363
9262
1667
3870
10949
18852
17580
17274
5950
11207
29344
18888
117
26120
12371
16404
12396
20544
5651
28572
20684
27315
4328
25381
3369
43692
18690
19206
16880
32153
8141
24442
1010
20122
4833
4165
22182
12820
27951
4507
7323
13034
2581
28508
29662
20287
30028
6460
23562
32534
49588
2480
970
25249
30812
9570
3416
26551
10565
2926
15576
17659
18106
26202
22066
18047
998
24327
21028
17296
20503
16737
29009
8888
5145
10428
24118
14436
19916
30773
14373
15701
11820
5662
9167
2170
28962
16263
30015
33832
11492
6030
17838
20898
25120
5946
5066
12065
1616
20152
28733
12418
5196
5450
6548
27777
7589
17648
11561
26896
8252
1761
2560
1098
58790
19108
8747
148
25999
7813
23446
19371
28859
5813
1925
16405
17637
24394
24397
29165
2254
4656
7149
3843
14892
23206
50696
6207
45906
29400
30102
21883
667
16287
19683
27145
11477
21099
17794
17948
20379
5692
15662
21913
4897
8720
14893
998
32348
6058
28572
384
3702
31460
21257
29535
16505
7086
21650
1342
22442
4978
3076
16520
5145
28254
15366
11919
1641
28156
8738
9937
16532
4057
2983
6156
64514
27466
3164
16335
18293
24704
7146
6697
26032
17111
10964
17674
6916
24766
20466
15560
6164
11607
10731
6064
8582
22996
27987
8263
31115
19871
20455
6622
19957
29451
7233
30297
25095
18
31968
31205
2611
25015
16275
21889
12351
25365
25044
4557
72
19579
30488
21094
6228
15536
19463
993
3828
17820
14245
43786
15090
19831
2306
26684
25404
16397
17675
2725
7607
30855
3532
10346
24618
30852
33086
30728
16956
46638
9260
23276
26280
5769
9830
18968
8139
26637
21515
6765
25473
20194
14159
8939
5421
14119
8106
17865
28862
3744
5033
15232
4442
3722
27069
30231
8021
21943
8500
13814
27535
9677
22230
30842
2529
22705
29430
29318
23397
44762
22733
31351
25515
10741
31143
24698
18979
6685
59580
26434
6503
22087
28439
5476
390
21291
21532
1354
21607
21263
850
10572
2092
23699
48240
9312
9127
26831
7375
869
16411
5530
12937
27488
6305
12004
64982
23991
5016
15887
19362
2938
9026
1930
10326
19509
28818
29936
13092
36612
20962
19967
24803
5253
12276
27493
2982
9740
6722
2688
12882
23794
8818
8710
24728
8834
12654
11400
4923
7225
19214
12893
15640
10882
14209
3223
24073
26836
18185
25448
5506
37992
2695
12692
7392
11517
26420
16713
793
4470
19447
152
31817
6889
6173
14783
3406
21469
19174
31370
24180
29792
632
32008
297
9196
5937
26660
10251
13226
11474
27133
31835
22931
18091
5836
7430
43830
4034
22567
18211
31225
17357
31752
6731
26352
29166
12063
22022
11068
7717
25509
27103
20184
27076
27046
22004
11929
45330
25586
1541
28668
12944
11120
5776
27895
25667
18187
2046
6504
31000
12374
14125
4740
15022
24570
26753
17118
31907
19593
17391
15809
27064
7942
15678
9451
3459
25048
14298
4294
20842
175
13702
14042
27433
11490
5201
20052
29366
28720
8766
32457
31037
19430
28341
18069
4729
798
21767
22413
31426
61220
7732
57448
21212
24244
7408
11534
20292
27027
47952
10262
7861
12694
12882
9383
1251
12218
9188
3622
32856
2300
11101
8980
20149
17531
20005
10054
31260
28175
44872
27889
11644
16952
16900
16950
22156
4363
20729
4757
3323
1928
26137
2358
27085
2557
7244
27026
20284
3763
4081
44348
17120
26345
21348
31435
2429
41192
59378
12170
22311
16430
43314
29281
29147
19112
35878
13150
20113
6499
24987
15825
11673
26744
3332
26522
31418
5196
5427
9942
7433
18782
746
25664
6346
2377
4085
28562
5648
13335
15431
45562
168
61122
4952
29404
9570
61530
16845
20796
456
19224
29665
5766
10037
9325
27334
21682
28915
49200
3568
13301
8987
16611
30060
3828
13306
30390
4019
9273
7600
16906
3151
23253
15182
25616
6460
18365
19210
40352
25791
523
4913
31515
4144
20252
22689
10222
4369
24055
31062
24061
25271
15748
18144
22550
30383
4934
1020
6658
8582
30849
24733
28469
15662
19469
27633
7274
5755
20352
27912
2148
20415
6802
20275
3132
57496
14517
15466
22929
25263
14773
28692
12978
3057
14513
15338
30023
4429
21527
2335
21997
28704
26288
64546
26413
23854
26842
31732
30936
22071
11133
26372
23704
7938
1644
21604
19857
31534
6675
10864
1207
3531
8500
22313
27112
25718
18145
22442
64784
30915
10576
18178
7678
26508
11634
15000
8145
1192
23801
63928
15798
25632
8893
39890
11258
9762
19856
16792
12521
9616
9297
5332
11104
8446
13173
10258
17696
22582
1676
31516
19563
12413
29781
13183
18496
32696
9722
17120
23923
29350
8107
28020
12318
13248
3196
18243
18901
12023
27263
15499
13316
5408
4192
6867
8716
14584
19192
11480
5867
17226
18836
17754
25213
20433
19382
14142
3447
49926
28299
11626
27501
28169
1307
30116
32488
11202
30720
31393
28992
32600
1236
12637
18730
4684
23405
29776
184
27673
13378
36282
15513
32744
10125
13353
26511
22278
18
358
11686
15673
26738
25451
24345
18805
32538
2184
15812
20814
31010
31281
20920
24509
19189
30866
17194
23550
6547
15709
1623
10992
4636
26092
8713
6776
45690
15254
7637
4711
9804
641
897
28314
20010
6934
20480
26196
8264
17846
16104
27410
9588
12364
5383
26185
14410
32746
24210
9476
12915
19092
25019
15706
23222
7968
12395
29514
49258
2434
27947
10218
29778
15354
3998
14675
26320
18954
18648
27481
25850
42502
30538
26907
15280
2006
22481
1050
26445
7852
14789
23176
19564
22206
42446
1269
30564
14960
23367
8334
14308
4530
3132
29619
19235
15512
8074
48586
31556
18961
19417
21934
2752
11190
22375
23874
13383
37562
13818
3457
29379
48270
17438
15214
527
13302
4614
3830
6564
14927
28337
2863
12460
15301
14474
12002
1887
5360
1615
5222
6030
32264
6244
45244
16356
27499
10606
17039
6761
10182
21162
30911
21606
32305
22236
49816
14796
10811
11858
12663
20258
27048
62142
16776
30447
32043
34744
24587
829
15235
13906
12695
18833
34930
21728
20577
26214
115
9446
21559
19575
3176
12776
25799
17215
5086
10930
30592
17646
14908
6265
9381
21704
9626
9721
8852
50934
45718
15670
6372
23026
61008
15134
4071
11640
16206
16429
20437
18416
11180
25081
46402
19285
29470
28555
2965
16430
59382
54142
17169
1203
7029
23691
17559
31854
23130
5314
30685
17935
43792
25590
9810
15948
28060
4120
3365
2944
9776
4688
1237
1214
29658
12314
10516
25386
31306
9994
27672
25306
2039
10187
19124
4373
27962
51390
27029
27530
10078
32608
11071
644
15457
12477
24084
3165
19159
13735
24092
27722
24031
8983
32226
5642
3865
29178
10157
13602
9588
11064
16978
27952
12400
7957
9100
19054
31677
8883
31789
21314
2032
14012
17792
11201
13067
27152
23749
46024
12818
2110
8998
32037
23953
17005
31815
15055
26098
18652
18235
8183
3976
28868
27973
11321
26771
25470
8157
14186
14854
22785
2384
31569
14918
27205
23341
31615
14962
57512
27138
25877
10085
64416
7175
1208
27642
9599
24545
10238
8626
6280
35076
5040
19479
18935
26151
23973
20598
22611
3280
52534
14106
25940
29763
28191
24680
9622
13305
9479
5637
683
14893
38964
22100
22329
17199
28341
20940
8968
32138
14062
25216
23356
26243
17552
9979
26888
31886
21263
14594
12954
11258
40846
20426
2337
31246
5690
3842
11914
6442
5442
22797
4035
19065
17934
19823
9186
28824
26605
21317
29268
30214
17610
14395
19173
155
8604
17150
32229
21982
28144
26138
15289
32281
1664
3041
20870
26761
19633
16402
551
30387
28911
13238
11546
4125
30594
61690
1665
29137
5839
32520
360
31876
1432
12847
5530
8397
22896
7756
16057
3218
45102
11530
21552
20260
25243
5944
17935
21269
7837
690
32408
18086
17499
29515
16984
966
2802
19629
16271
25531
57962
25514
14152
13407
19533
7549
16848
22861
60446
12263
6236
6170
16684
31881
14397
31879
13152
11267
31261
16436
31550
7932
14437
15664
14906
1240
2225
56528
32306
6573
20608
64576
29816
7114
22024
13795
25414
23363
40648
21800
27720
26270
3581
11050
8750
31053
3752
16054
38986
11374
31947
1842
15810
22966
8622
8980
8966
3890
26352
6736
9331
26167
24051
50486
20482
11382
22370
11522
10293
4214
20172
26243
60030
5466
19622
17825
19542
9909
1001
1648
15097
3151
4038
28424
5781
12158
13107
269
3021
22424
21950
19870
19678
9536
41224
23754
15821
3216
2485
22154
21761
22726
54012
2141
32063
25548
29118
1089
29430
32388
37694
13626
28028
9540
9668
299
16487
12450
25486
8593
21560
20870
46556
417
25995
849
26225
8127
23200
28974
27058
9067
20150
24592
4593
19621
2423
17868
4978
14189
4902
22240
12343
27081
5637
15344
62638
32138
53798
26816
23728
32149
24862
21082
46126
914
4607
23033
23519
23836
6862
3885
6888
3594
62098
17502
22099
25743
16045
9314
21976
26037
22903
4158
24264
306
27155
3732
11556
24106
31803
7942
32576
3816
27099
8960
9966
15357
28710
29670
5254
8807
32314
26475
23449
23194
21120
27283
14290
18352
18666
28751
30068
26846
10594
12840
29345
5532
31165
3946
26538
3318
6079
42270
28405
24733
1906
16929
24210
16986
28070
27926
11353
11524
2906
3326
20258
9590
13639
26841
16435
19874
57460
3755
25875
7991
54956
20052
3782
15765
20581
25538
24860
18848
47394
4467
16432
21801
17566
6256
21480
18606
5267
8505
25439
28014
11276
105
6020
3743
22676
11942
30729
25079
2962
34892
8653
7095
40638
21480
22847
16253
14298
20822
26068
32057
7737
12066
20531
23746
3978
3184
4810
12373
28106
7136
26867
21290
43196
7974
25285
24113
21561
32719
14298
11935
7857
21547
14928
28141
17636
27280
31679
10081
7440
1955
10923
26228
29899
4991
11471
32758
2205
31661
29372
16771
54048
1868
146
16375
22894
29810
23998
911
24454
5883
25013
18119
20755
21868
3992
31855
11863
26999
28116
25145
10361
29720
17135
19201
38476
8054
21082
4864
9045
58334
12677
8601
18263
53588
26362
31527
23950
15040
24178
7313
11796
32157
17461
25414
18274
26116
25224
31534
7385
25412
1399
27204
7809
7327
7914
18028
11498
15901
16002
11498
4424
6862
21599
8784
30514
18288
17366
29839
13691
86
32145
28719
24322
5845
29251
16798
20803
115
18860
10318
14055
8443
1686
27951
17525
31252
1062
30888
3696
6392
10750
19302
19247
21792
15994
12300
15120
15891
27312
24542
43996
5445
16051
14740
27883
23421
3123
28844
5207
25785
325
7449
6692
4710
28184
9955
2880
53772
20696
21818
17178
14730
10418
30790
4650
10954
11587
2134
1222
2573
12130
9714
2946
50686
18612
15171
11730
5999
11171
13851
19762
26665
20347
31469
10650
15684
27989
8185
13636
28736
24243
28101
62122
25722
13900
7143
15644
18791
27260
45316
30201
1435
8412
3660
12251
54974
10797
26908
12467
9622
23146
13069
53186
11436
36946
4408
238
6051
25569
22332
21273
18966
4728
52660
10690
26282
31433
5341
32591
1796
30449
11904
14859
28594
34872
9735
27306
1177
1160
32390
274
42280
19489
4427
43374
13895
25477
1206
9827
25190
23624
26074
3947
5119
21738
12091
15798
2332
61734
15562
31
16666
60678
27831
34155
58334
54184
19967
9626
24070
28500
10796
11084
20488
1714
32594
5336
13158
9314
1958
28387
16348
32264
54376
10324
4825
3737
10770
3385
21785
4214
32015
27396
27141
7678
26216
3241
30766
360
12651
1304
57902
8180
21536
61660
22506
27413
5672
9635
25353
30688
7779
10204
7957
17322
7146
12893
8381
29279
13207
26272
54642
12008
15756
4044
42312
30272
9588
30887
9306
22091
10352
3884
15425
18658
46106
28710
25464
17854
6723
8189
22154
23253
30984
28555
10845
4159
8347
26479
4493
29577
3239
13476
56872
17
3492
32359
17532
29487
9994
10808
8340
24164
8488
31661
17717
14208
9485
6465
19564
409
25982
12117
9591
7476
15358
1523
14767
416
9096
24688
6218
58832
7161
19115
9003
31618
26228
9640
6541
3865
2064
57322
42264
11998
5899
21824
27536
1036
28035
16998
28851
1400
22274
3862
8716
28166
1957
25847
31408
57614
30711
28025
49802
28276
25951
8762
14811
11432
590
13321
7857
8600
18936
32175
1077
33526
7916
29338
30023
27553
19276
10658
23585
55562
23005
27285
18136
8676
17089
25654
30046
17777
8308
48838
13754
4940
3346
7460
2695
5909
14608
29127
1920
28412
19171
11994
64430
1738
28336
17172
5440
3994
19016
22732
5462
19457
49290
18340
20999
1810
28488
12904
18975
12642
34770
12965
14700
1416
13766
18249
10083
27426
28170
3853
50516
31665
21139
5010
30872
22256
8110
29824
18239
8697
25313
25114
16023
18442
32322
12428
20112
21310
10553
17036
19614
11399
38528
25030
3516
63142
13281
31405
17938
13999
29056
26384
10094
22518
9306
17583
9524
26137
13061
7540
16680
17152
476
7903
5616
7118
30188
17717
27036
7191
31462
25538
26113
24297
14538
26169
19272
24837
17130
21767
23083
3874
5197
27192
58852
2319
22769
1508
22162
4615
28716
5670
10295
31649
12002
26985
61352
11345
7061
29503
209
8530
23043
32311
3702
8882
21060
19529
7177
18558
10532
14606
14787
17700
3696
39
28875
7676
28737
3487
20824
23593
13231
25432
26770
18220
782
5652
11800
4630
26115
6658
30725
27595
4347
10358
13504
15441
32370
18389
24140
16971
7858
14522
27921
23929
2543
7797
31285
509
26885
10166
23936
2165
15717
3324
6443
30284
23566
25818
14990
4287
32411
16415
17463
19427
28655
21478
40524
8687
14595
31834
52922
901
20652
28333
12886
1322
3029
14012
26981
5387
10765
2476
64054
10682
7817
22576
15088
2599
23245
19421
63294
17966
7198
27221
1431
32405
9518
31667
46596
820
26357
28312
26272
14005
9682
28013
21122
7898
22597
3344
25977
12288
25469
2756
24394
20906
7567
29126
6896
16775
8847
1901
43580
4876
24964
30032
10820
2803
19122
5304
2412
19357
11374
29728
12666
30447
30408
11453
13581
10549
31784
15730
28099
32062
12799
22171
8471
30735
5450
30294
9813
31394
21722
5127
7345
7857
22870
23419
5458
20304
27651
24784
18051
19732
10730
24333
47470
6682
32710
64518
6843
2819
21302
7062
11583
22841
5849
29031
28862
27447
13411
14304
27144
43086
11062
54706
6777
8566
8670
6003
10516
10038
43632
29318
32017
30900
20905
23203
23962
3530
24048
3706
5481
8478
6618
20440
11216
19192
8284
10552
22324
1449
35560
25901
7572
23164
11055
306
12981
5582
31211
34862
46426
41128
25376
1706
1480
17505
285
17488
4347
61674
2565
22031
15140
12213
12220
35162
15267
10058
11771
16964
1200
19012
8459
49282
4485
10967
15648
30468
14776
1410
11808
3708
27548
2637
3070
24328
7360
22780
27899
27265
11774
38634
1546
19128
15257
31043
13081
19930
12409
2029
49722
14522
10939
13420
33012
31389
5521
31073
28473
24983
12607
31101
5854
12729
44070
10145
1692
25037
11168
2472
15882
15890
19187
60010
18201
31459
2706
14915
26522
18489
8249
18661
59968
23588
4344
5960
30771
11214
27357
20975
32060
16832
3488
21849
23177
28029
24402
15173
1015
29916
18317
14413
10215
10760
28075
18679
9225
39626
25590
17090
22091
49756
53992
15130
25101
15261
20336
6120
31088
28448
8025
27577
7656
2103
2377
9793
18164
13279
11039
31085
13957
46668
31580
3531
24581
211
1967
22923
15723
26143
12203
31286
26761
20171
48556
18953
30949
21958
27218
32296
10655
23248
25253
18485
22525
32652
10763
2240
8529
810
23958
19050
20824
16342
31137
30349
18818
14157
27609
14100
19966
31663
13981
17589
14988
19721
29108
17934
28526
19671
4602
27706
20549
15166
4087
19715
2302
14536
3959
1076
8298
16407
40330
10256
21985
27264
30863
31725
13930
14051
22098
28817
10175
21326
58272
1358
21792
2836
27912
16430
559
17181
30308
4540
19225
24148
3055
18852
5195
13109
16186
19133
25818
1320
864
21831
18600
974
19061
13623
25405
7541
20997
23052
7611
12200
7693
14734
14944
26843
11944
31410
30009
4751
21414
215
27594
31003
9780
32534
15087
8768
14662
5238
17376
9905
14695
26424
2328
43164
2238
4903
1387
30842
27313
53956
13979
23362
12373
18267
19590
30741
19786
23665
7716
11750
16758
37640
8785
27143
30648
22007
56148
17510
20169
17884
5708
26710
12793
1703
12001
15411
6733
43340
21023
26535
503
47274
22549
3167
9809
14092
44382
12032
32685
8426
29174
348
28327
60484
706
19007
12969
8084
31371
22329
19207
22702
14044
24669
15568
11819
30525
30859
19946
19058
20850
4985
12727
7391
7307
31610
29524
29909
22249
18901
7686
10970
31130
32041
12612
8059
4709
26887
7043
35308
40522
1276
16809
9216
30502
35010
9082
4501
937
53556
27590
6743
11618
11875
27120
23040
17529
22155
21730
30613
17701
32046
21568
11819
27519
22158
27596
27940
3481
21889
57932
22439
23812
8021
27384
29434
3268
12318
5329
30114
50098
9562
11734
3106
18833
18365
22881
59198
13814
17079
24413
12906
30094
32341
20714
11533
31807
393
3492
6020
5906
62654
51530
8306
24597
24527
14295
12387
21784
16194
15611
22405
14396
24836
25349
39190
9785
19088
27912
16648
22542
5562
32627
26563
26770
52298
25356
30918
18757
26013
49714
28763
27230
26474
23209
32366
11212
9884
2875
13017
3728
6143
16002
29299
25423
9339
19588
2738
17064
5261
5493
24409
23919
56780
3031
23222
4773
13173
21747
30080
17056
8117
21516
14711
31989
18083
9156
31038
10601
1155
29341
25744
31170
38528
6249
19382
3109
27443
24479
19980
12367
13536
1841
21058
21388
30192
28679
31576
14664
5923
3072
45366
14354
2545
10140
19771
402
3973
18723
14869
23937
18333
1599
25481
25002
19656
132
5902
13828
14484
1506
55034
11078
6902
19217
50242
13619
14778
36
4185
20084
20017
32480
15679
65310
23439
18570
7950
8226
5683
14280
21513
40752
51458
23630
11813
24984
13335
29514
298
3701
44799
3007
2362
16713
11206
15592
13138
6591
25408
26208
32810
26272
19417
19469
10223
10280
12610
11141
16007
13550
21023
21039
9160
27690
27431
8801
31640
32430
1596
18710
13086
23441
31265
20654
5696
22624
1271
13600
16307
8962
22464
2001
24837
6800
8403
25720
7581
8431
20605
16002
20401
13640
21545
5966
31660
25277
24913
15638
3815
32581
10256
27720
24356
31871
49148
25264
10204
12030
4137
3066
4121
12273
3486
16576
15549
20231
10975
6854
62538
27402
30001
11176
55444
26873
1141
1841
32299
1442
26788
13154
2521
10892
22833
31575
26254
15404
49200
17092
14380
22478
26335
16948
10235
49802
14015
18619
32635
21326
2856
11298
9308
7974
7488
10487
8575
21320
28859
3376
32252
32268
22563
568
31533
29006
2186
31374
17802
8334
27791
25366
26782
3113
3102
51984
8922
24734
16508
11188
6921
63242
7915
22700
23722
22642
25891
2624
16939
3840
35420
18877
31448
9588
31062
6031
25977
27788
27535
14367
43196
31107
23275
5506
32529
27769
14173
36600
57448
2505
13292
745
59732
27042
16292
24699
17200
10281
23058
10956
9890
1807
8999
19526
45820
29011
2698
24000
19480
24174
2763
12110
5863
15731
22096
3103
15316
5156
31296
9953
3465
11056
6939
3329
28221
28192
7334
27279
9389
29840
16457
29255
27379
23006
15254
9147
27482
30136
20002
19235
29853
31746
27159
7744
36548
20421
38820
23016
17931
15474
9022
52880
12450
343
1306
4102
30903
45462
2599
889
3925
17134
21452
1264
12956
5319
1269
19756
11156
22012
15744
28660
32942
983
7771
35541
62420
23290
10115
30451
12300
87
29050
2921
1589
220
64716
32767
31595
32597
6593
26373
1674
17566
8483
17159
18521
22286
19625
40760
14661
61108
12514
31215
28448
10716
2233
11131
57184
29948
7798
12687
15867
18851
10451
27855
22983
2783
14499
19959
31412
29979
28361
7206
24108
19694
63448
32540
3543
19542
31033
25802
22400
61108
36636
26762
43996
15700
15835
19046
29212
31428
28213
12916
31981
31614
16778
9423
23570
29991
5371
64864
23548
32068
61352
27968
23816
14753
11552
32632
20451
9246
10143
21501
8438
14641
42294
14952
27574
2364
23449
15739
19169
20557
1689
1894
22406
31022
5760
455
27671
507
5455
15205
11273
21517
24848
27686
31738
3088
17070
32746
20488
2560
45268
9423
1414
11858
34626
8562
25849
37696
30829
9821
12997
11711
27287
27756
11762
29992
19455
30907
30894
19597
33276
10815
27616
15316
883
4291
11150
20524
9599
4512
26480
5769
24592
18556
34264
16044
28971
21231
32383
28630
60036
10452
1475
10263
21226
25961
7620
16122
61908
26930
19248
5216
17390
15843
10387
16194
30375
58506
2415
21026
16986
13155
25974
18097
15644
303
14302
5802
2041
23379
31992
21584
13463
27744
25255
26532
777
37170
14664
28355
14050
22507
11450
8784
18063
18422
29001
65226
2946
1098
32408
16161
13855
16028
32574
15297
27264
191
63954
4682
31539
23831
5252
