7152
31531
13440
29131
6890
15620
22520
14048
392
19458
3083
16695
2465
14067
10589
5230
31237
17545
30179
19488
5927
17722
27187
29271
18501
5955
2482
22852
28288
29068
19446
7527
26894
28522
30662
13140
6211
15170
30041
30775
2014
28348
15979
3489
15872
6381
23999
7645
22551
12492
14180
16329
19894
18107
18102
15338
30729
8598
11043
9397
16896
20317
29106
9717
7452
14787
23194
21575
32174
28773
8609
13044
9492
15686
21997
26429
20139
6541
238
12285
1596
2303
14810
24514
8387
5449
3129
23474
16723
32263
4604
14108
5748
30762
31392
14383
1408
16291
8761
14531
32510
10398
13791
11392
18783
28233
10461
17782
8283
13743
28804
25050
20441
30552
11462
4291
21629
705
12286
15381
14981
26826
2373
19092
9335
16634
7580
24998
10962
6034
20210
23737
20607
3293
6802
7533
25922
2413
26711
11713
30686
6966
19269
5976
19261
28586
8040
23657
14508
11008
4588
16197
15666
11304
6587
425
22453
17443
20524
8045
988
18706
32706
27071
3188
12899
16677
27410
17517
5131
24170
4597
1525
2910
15706
12753
4034
315
1468
19465
1675
9675
6574
677
27850
12815
2598
17995
1894
9787
12738
26452
22144
2270
26270
30957
13544
20105
30313
4304
29523
31050
7704
6638
18645
11056
7938
31039
9411
8185
22691
21860
21331
9139
13679
11894
11818
6307
24628
3686
30627
29229
74
31873
1300
32083
29656
1508
22281
18017
14560
18926
25296
406
13453
14777
27501
17947
10281
21579
29780
4332
28294
7101
6013
492
19463
18713
6586
12012
29292
23394
3736
17169
16399
13659
21631
8204
24380
25299
29493
28274
27056
11784
5366
1419
24625
10516
13988
18558
12059
15639
8209
4790
16419
29984
4118
30145
31862
29432
20897
30123
12696
26431
15134
17328
21631
6901
2382
17122
7521
28710
26482
5917
7765
5684
16014
27069
4502
28073
16224
19397
28385
12444
30316
30327
25271
3276
13260
14760
10420
23884
12746
26374
13093
30482
7058
12657
27644
31512
13550
975
12677
19980
14722
10849
14939
12782
28659
7624
26276
16272
15453
20678
26064
13277
3253
11635
13729
22162
29843
19406
11548
17046
23227
25504
23611
11681
6373
17148
14970
268
9115
19585
31243
27442
29023
23674
14027
18523
23262
4670
30658
31037
8888
2988
4675
32072
27191
15459
30442
5268
10551
23278
6170
28992
12258
2673
31735
19957
15642
25838
12766
15427
29151
11443
12022
10732
24273
5453
21241
2897
24647
5679
6189
29996
31288
15253
26942
31514
7429
31456
16234
20775
13425
25438
6738
26384
814
10926
23445
15087
4428
19643
4626
24697
4988
1204
3457
31583
25818
3449
20784
1986
16051
17910
745
10152
30726
16918
30245
4810
4576
18879
7642
23221
23724
14074
24692
30493
3259
1137
24701
28579
7639
30189
27126
10660
32528
27419
3600
25955
14438
2309
19721
8401
27324
25507
21395
21472
17181
8878
21613
22314
17116
30120
9298
27591
31983
21430
18704
25326
12887
8934
3536
8480
1760
27235
19834
30604
29361
9419
18578
2630
18347
4623
21483
19893
18699
12191
28728
17176
25538
19722
11801
26962
7195
4532
17474
13413
24380
10770
32553
31106
14379
32283
20053
19887
26039
1168
8550
26916
26721
32558
16122
22063
5366
2459
6006
17477
2020
10654
21926
9496
31275
17918
24312
27355
18755
9243
24535
4544
19912
1047
11106
8121
13804
32198
6802
7104
8695
3811
5060
1677
21347
18408
1301
41392
4847
12978
12894
7042
17230
67
28381
2429
6473
19466
25116
30871
22271
16946
3385
2206
10614
9737
201
19941
17718
9445
30547
24546
12107
9091
4375
24328
21551
18981
25126
32755
17499
19065
10403
22641
7528
24805
31651
190
32298
27658
8935
20770
4611
15925
29070
6036
2529
20032
28837
23094
3950
27768
18980
6249
8427
2781
1048
10077
13693
5421
4104
30135
19791
24096
3628
6486
3862
31299
18037
24132
30856
29751
3056
9969
16228
8017
26896
8425
28628
14956
4736
598
2612
11382
1784
3368
24326
12359
18454
650
17457
23448
30604
10172
22372
14915
24686
31138
27987
8773
5749
27477
26455
9833
27385
25348
2000
17190
2904
4638
6330
13646
28970
4865
31263
29637
13775
17452
9835
30739
24556
17073
11131
6956
10638
24991
32352
11480
21345
22271
24576
30868
31100
26006
14915
12383
29219
1596
23982
29183
25180
14974
16498
29618
31670
3421
4316
27383
15348
26055
3088
5366
27677
6610
1160
6599
27829
21145
561
1862
8161
13737
9009
6761
18406
28042
5880
11404
6614
10881
28956
6908
4290
8888
26718
17440
29077
4619
30680
20178
8390
9721
40470
32124
22278
29076
24154
27038
28862
32128
31780
7964
26239
9467
13270
2680
20085
26494
15955
20490
19684
3717
1972
18824
5849
6887
12760
6588
7294
27564
768
12947
25794
15202
15018
11858
17052
15613
9057
19460
16505
24373
13160
9818
31260
8458
3840
20695
9445
27048
29178
29870
9826
10902
8414
23219
16416
32256
18329
15133
24993
27867
13293
1669
1857
31163
9264
18561
26314
8553
7235
26572
7519
1351
17626
10095
21581
25645
5229
27632
1079
7450
7595
20644
3684
9619
29791
52560
9509
13842
1207
17294
27882
5146
24305
21210
13532
11350
23260
29418
3081
15513
54
20320
27215
30226
12431
3157
9098
30413
24549
2807
22700
21194
11790
10384
10686
8070
11960
23778
3502
4555
19154
8865
19606
15937
25650
16717
12272
8710
32731
1271
2749
24375
3365
18775
1912
15261
6484
3241
12059
13802
17690
31653
18401
1797
1330
21053
19974
19042
10449
26906
13849
30400
20176
11045
30747
12002
64562
20307
31528
21263
2873
15805
9257
25803
14423
2341
17708
18334
12297
24028
3451
27521
7955
20483
27284
2865
20121
16728
8006
2872
13241
3446
3989
23390
3965
30101
7802
32013
10203
14475
30089
8738
14658
14105
10127
22465
22004
12386
13947
27289
14965
1719
25516
4757
22865
21210
11701
26307
14893
27262
15972
12431
29740
27127
1287
9479
15222
12419
4494
27826
8166
3396
29794
923
48494
14189
16388
19473
26050
8319
16751
8448
13761
13579
22897
2887
31162
12937
20071
31668
17099
7560
11862
23393
28147
12122
18097
29788
17870
17710
8292
3207
26741
59
22180
30593
199
17782
31317
9680
21147
31625
16726
4351
5314
18148
16727
11061
5137
21368
5953
29384
2841
2052
22386
9390
15615
13775
31673
14675
15740
19299
16057
28925
23586
26954
29783
9057
25541
15929
21598
19228
24439
13160
32215
28929
19331
20575
6824
23225
4714
23207
21097
17102
28989
4317
3798
7881
25414
15209
23995
31951
29765
11181
19002
28252
16501
19878
12603
23331
19344
30046
20895
18488
4438
5591
17694
30606
30030
20950
462
11030
6730
5804
29918
10991
30456
25809
34616
14341
13312
16444
21661
14727
17753
4379
10860
19320
31022
27090
4938
20324
31942
11892
17355
3662
9375
4623
29312
10589
17796
21292
32071
1915
32250
29988
25539
14462
1613
32141
5098
27094
5490
20239
684
6364
16056
3135
574
26606
211
8449
4246
29664
10739
63628
8473
3802
45166
28935
16601
16337
2122
29544
31296
30848
6950
26904
30490
9463
22913
7642
19439
3594
14330
22108
3767
6389
2601
15168
31238
26825
28787
24805
16111
8943
19012
11512
572
26389
7236
19816
11908
15061
18229
13141
23110
11458
10543
5733
25065
32088
18464
12644
6519
397
17145
13547
9223
16281
1349
15574
21040
14894
10482
28607
23596
23488
18172
17343
59258
6455
17816
26203
21807
24808
10490
14768
4741
4093
19329
22129
6692
17058
5322
17345
10915
11812
23456
32006
27206
16361
12439
25766
4381
21542
17465
22279
8623
18710
23402
26059
12554
5233
12342
27509
30715
20390
15406
13364
6954
2267
17944
19381
26089
11203
14718
12483
19859
23631
32759
10144
2392
27377
27603
30191
27871
25436
12104
32247
19607
29412
27701
16870
27441
14549
13259
23426
23567
2335
5533
15800
12397
9157
29364
13151
4036
29656
29561
17391
2528
14604
27274
30748
17709
9536
14011
18080
28436
21514
22871
17212
54226
17001
16845
27614
4403
1375
13524
15900
12553
26954
19560
7785
32499
26303
15328
14012
5502
5322
16404
8490
7621
7901
3987
27857
219
9027
2816
23707
18842
15712
1176
31236
13018
1506
24785
4623
22001
928
11255
15307
19345
12299
6613
56
11157
16285
3452
29520
9288
19709
4795
2846
22492
19199
20507
5782
13816
10840
29014
3133
48400
1
8933
31878
13733
3035
27235
22457
21222
15488
19617
1437
10441
21056
4573
16525
24807
7690
21032
7173
16266
2633
17527
21929
15605
7812
30205
20633
12307
17184
23718
12596
17683
22141
32395
21218
29931
2994
5764
32232
12400
16732
4288
3037
17799
25233
16913
31244
8993
9627
4404
32025
6807
13098
23388
50798
32032
9134
21138
26476
25106
18705
9127
6383
10161
5084
5349
6359
16820
26864
9377
26988
16494
30043
7199
7769
18306
8626
10363
17553
12054
24388
28170
9826
15958
11581
13681
8546
16458
22812
1237
31738
7057
31125
6094
15679
24510
22632
19895
31981
30015
25391
17910
3025
29741
26331
19973
24985
29476
10676
27273
1173
27295
4547
1516
12560
7369
6706
2687
27133
8939
24787
3694
6908
10510
4193
10354
32750
17147
28474
10645
22639
25977
6952
14769
4997
903
16323
10610
4884
15584
11286
24616
23522
17695
22596
32587
8853
20208
28004
25624
26161
14240
28450
32398
21509
27537
28968
11671
21200
31652
26930
3439
26039
38608
25371
22191
15147
21276
14835
16349
10899
3790
16722
6040
24142
2321
2757
30298
20827
4113
16582
15938
3990
19014
6430
31387
26931
27511
685
23173
30640
6610
17317
12559
19225
18890
14487
8124
21661
529
21130
14621
18154
16549
29084
21038
17753
8338
1576
6597
31709
22465
23647
30968
21800
1651
9019
29
23141
27819
2470
15114
10102
36984
6289
845
199
14866
2603
26243
31369
14870
25348
4160
20849
27457
1243
11833
22802
17090
7908
1077
22553
31984
7156
1696
16134
16911
28281
1402
25054
1821
21656
11112
25011
12575
17037
6099
18656
28935
15517
27926
8017
8404
18355
10930
14457
12663
62880
14973
5433
2151
30925
30260
26641
25845
12214
2917
24011
8878
24817
32708
27551
6252
3852
27374
17855
4236
32532
18435
5152
30088
14315
20611
19001
31197
31042
36974
22258
14565
27461
4219
25439
10702
10873
22699
19099
6008
8542
32301
17183
18469
2158
20861
12414
16803
3468
19002
27366
14033
8900
32513
24958
1891
8211
30778
12370
10306
30054
2484
22393
16230
11057
3913
21296
17918
9450
11697
7405
11460
2234
6520
4200
22397
28448
23667
13905
14619
11567
4733
18810
9729
27580
4688
23546
11660
29606
10261
28299
19184
21
31098
2265
3172
11992
11577
30580
893
1357
19075
22208
20852
15168
17699
19975
8629
11393
15013
1170
11189
23589
26250
5089
32031
30590
11084
12740
20349
14548
21927
5030
26151
10095
2910
16850
4722
9052
11911
11120
27130
16027
11003
4221
17467
4398
22251
14278
7107
2759
27318
703
10208
23225
22255
11127
5199
19118
3793
11701
3200
23696
23546
15601
602
7660
17519
5447
12627
2396
28446
21718
22234
21448
12868
17407
6240
25750
24118
1249
19509
6546
29707
10285
7212
28455
5388
16449
15363
16002
757
18360
3038
21139
31683
13136
8407
8842
30652
10828
30811
20023
16757
9650
4948
10944
13860
21638
25663
26400
7707
12094
21549
6341
19945
30308
2690
15835
16658
31126
27655
4697
27975
6915
17166
30862
18524
29694
10924
18359
30059
8314
7417
26332
8448
1024
18291
22782
10453
11884
23723
12837
7357
9558
3911
29338
16932
292
32008
16507
17522
32251
20553
23193
13206
28898
16426
5626
4828
12567
21712
25058
10815
12272
30755
20468
7488
13668
15405
292
25895
22014
24525
21709
12499
13153
1537
24960
4422
5322
7593
14254
11752
10373
4007
14631
23249
19355
1798
10240
26362
17208
19557
6786
10188
20057
25818
20822
17984
23298
12096
24764
22055
769
7441
14802
23107
23568
8392
10930
30908
27382
11481
22153
18558
16401
19067
28841
27860
28626
5824
13616
3249
11757
24027
16738
25315
18787
29417
7386
16587
29865
8033
19299
8985
17445
18093
27046
6859
21063
1309
12311
5029
51842
11490
27569
17232
28252
20210
16374
15788
11658
11288
21614
22861
2253
14843
30904
25119
27532
2325
2034
21633
21295
18257
9728
12680
28470
11941
7165
6582
30536
26780
5412
14178
7167
17450
32274
52196
7361
27136
16251
5764
15325
24243
25115
40922
1613
19032
35974
7453
15177
6497
7064
13177
29454
27084
11178
23442
6614
26475
22682
3670
13736
30595
6885
32515
19060
10112
13783
10317
28648
62396
3500
11316
18977
31573
20834
26935
30266
23340
958
24511
26990
21354
17900
28208
20496
11616
26742
20948
12669
7154
30459
35234
25477
21920
32703
14310
8505
6343
10111
9799
4638
1226
5915
14856
25152
31802
82
30114
30766
19073
21384
11258
3916
3530
13536
14209
6475
11983
11749
27951
12715
6302
25888
29455
4090
3432
36984
28800
26866
8523
21849
14559
12580
29097
6649
5593
7891
18152
15877
20468
18129
5780
26760
5901
5464
7214
17140
62880
13830
23604
45344
30445
22768
64622
23233
29677
22883
7198
7718
21059
16682
21493
4083
15048
3478
31281
11812
12526
16264
6531
8498
14723
3424
23604
17565
9922
18562
28992
27620
2500
32476
8818
21188
30011
12418
7891
25852
32420
14300
19768
10385
40186
20206
22683
8043
8407
11366
21217
24238
16164
10490
15159
13139
8360
10332
772
25470
29950
11838
6484
17791
15958
16291
20752
29154
25142
52360
15239
20759
20179
10202
20206
20229
15406
20625
29325
27842
5219
12894
18017
6565
5679
41940
11690
9812
7637
26601
8867
5933
12494
27195
22856
11138
9794
18248
26119
21271
13395
32005
28146
15078
10619
23338
19351
8461
28165
16508
1064
27167
7143
26301
23786
2887
9955
32603
21415
16067
20540
9932
17364
6942
17248
15675
569
13930
32732
30409
28031
23057
6914
18256
28774
26670
28
19109
9262
1652
44250
30143
4193
24358
27763
2457
3248
23550
18812
22100
18063
29892
31307
19347
14717
18784
29186
1947
19374
25898
26535
32073
17294
19113
31178
24838
2042
902
28959
26826
27772
29068
12565
22422
29515
17419
22216
17116
32107
26158
26835
21767
16564
22694
1645
23303
31836
23558
26222
5973
1736
23443
13667
31601
11839
8576
6739
3915
15795
27590
11333
10828
4179
10698
10296
24024
31050
23227
11935
13713
10089
7363
5833
23912
9472
28154
17614
2351
20452
32393
63030
6069
20922
4802
8491
3588
3355
10985
13632
17484
9915
7427
28150
17406
3441
19491
31763
28640
8190
20166
31831
7788
10125
20214
26303
17930
8850
25058
24126
4308
23721
7407
23788
24768
29256
13699
16197
24402
5444
29005
22547
26155
20725
9796
25264
13758
4124
1803
30177
3533
10383
28417
5136
22060
13729
7424
32531
16264
4211
25777
11117
5747
14118
273
13546
31527
51010
5955
25216
21366
21615
23143
17410
32123
13233
8205
2670
1184
31822
13130
32329
1424
4920
17688
11933
5274
5151
15822
7281
28420
60778
30295
30731
19940
25743
20142
22557
1989
9060
18246
10850
27171
25741
24398
106
1675
9668
9707
8838
514
28641
23935
11803
26486
6313
31994
12821
11486
25021
11501
852
28535
14689
2886
13339
32293
29084
14371
10205
16060
28997
13993
22012
17762
16230
32048
52422
946
6114
11784
22588
19559
13095
28030
23940
6319
25616
8770
15249
56846
2085
18212
8759
30959
24665
31192
26871
2811
14565
30220
10023
26147
4896
23421
9876
26697
28924
24927
19570
11488
21467
3924
28933
2212
5436
12076
9891
26937
28963
27533
16900
12693
8810
23883
8188
16676
7892
19404
14958
28414
4354
29772
618
17867
10941
8787
25883
17066
20964
9654
20519
31148
16533
29511
677
31750
9356
21318
24227
6218
6039
13821
3417
23676
14508
17677
49276
12191
6793
19270
11381
12198
52678
7455
5036
56652
29648
10463
35948
8882
314
24600
30054
28417
31334
13052
12806
18957
3333
31288
8911
18960
6967
3017
20
17050
22657
1940
16796
3429
2874
31570
1051
18174
14081
16943
20658
4434
31232
22628
25233
10499
11948
36836
13001
24212
11640
15662
21403
19113
5266
30782
31132
25127
5286
32627
5260
23331
63506
32244
9940
12810
17614
21260
31027
23546
20496
17899
28758
522
26966
16950
29698
11117
7346
25871
14275
15342
13547
22985
59646
6710
10723
30380
8699
2761
59616
26512
24724
16956
1594
20835
13846
22985
9980
16916
21319
19240
9339
5464
1276
3781
17028
28088
22301
52650
27001
20925
29809
29298
14446
14914
12216
8317
16869
32469
4583
5574
7035
817
14877
21076
1625
23307
23772
28946
222
11921
17072
25973
7273
5244
24700
14123
31592
1607
4564
31298
25634
18603
29710
8696
19353
2721
15774
20035
22904
27556
23928
9648
3930
27585
27799
11862
29131
11900
25004
23892
30563
23539
11938
12168
25570
3735
10296
20143
25122
18595
8184
12270
12896
13296
6425
24500
31018
24528
29568
28324
8044
6907
31292
13374
15944
16238
5236
2095
13309
14996
43456
20871
6874
32126
29675
29364
15834
32078
28919
21529
9114
37376
7444
30796
47354
21302
15772
17984
13834
17137
7305
8552
13523
3855
31926
7898
10144
22892
7961
5860
10390
26622
8015
18275
27546
13524
1392
21978
15528
25993
27458
30618
16065
13429
3700
26814
15927
21935
3408
14501
14302
13190
13604
12808
19161
534
15404
31838
2927
18312
11706
9832
9551
9324
30536
4283
22162
6297
13807
5808
31875
16563
4498
11277
19062
12872
6410
20154
12776
32270
6971
30316
30428
29444
10164
3210
139
9016
32318
3771
18192
6662
2484
22938
31774
2991
24732
22797
16104
42284
32313
801
32788
1171
15317
18186
16371
10784
20619
23350
26311
4178
31316
56294
22213
11301
5317
18643
22625
14150
10535
13580
28519
8516
19425
2441
3812
13454
31152
10111
10992
15185
24000
14038
21848
15908
14188
10502
31404
7958
1380
18659
184
21246
17962
9993
8071
39840
27407
19226
2631
17208
19934
28498
26793
31743
30708
31772
4313
4044
26016
17917
12279
16353
27263
19208
18548
42800
12982
31568
22506
27458
21143
24227
30199
16070
20206
30110
8855
244
28801
5902
11134
21725
7803
20730
5002
12838
5373
3543
5195
31640
36732
28470
25932
7203
22702
23650
610
7347
7349
9118
18222
16391
27436
10906
17066
6533
2132
19480
28387
8465
14427
26871
3124
30938
545
10619
25199
23757
30973
16441
54580
585
8903
24042
2905
26607
18591
13422
11158
50422
7056
24849
29719
23597
21518
43852
32687
11228
2605
4749
3610
10288
31396
5808
23286
4446
6791
9519
32064
8146
5707
15378
9386
23068
4249
7977
26492
21947
25774
2894
1392
20771
25488
17348
32668
29892
60886
10429
902
24110
21230
20028
25809
31656
5137
7209
19011
24432
4375
14224
4714
17328
23558
22029
18685
3658
15483
30843
11840
10936
22909
5327
4165
28589
8436
14835
25114
7180
25004
13842
10834
7380
48414
28122
3303
31882
14638
8563
18882
24484
20834
20025
37172
25110
14551
19604
561
28445
59612
3153
12451
9145
30357
12757
18911
18035
17482
32537
25791
32273
1742
31454
19584
7908
28470
18748
24307
64712
13069
17332
27098
29619
22793
9633
21908
22327
28000
28923
41926
9035
34346
23461
49318
19046
26517
16546
9030
8415
8277
22523
29320
27810
5156
19182
2068
32677
7231
9616
20880
24298
23026
916
12622
11026
8587
32249
1947
3464
15429
31257
12341
17981
16437
14354
2851
5887
27227
23528
20699
20793
30770
44390
10149
2376
55700
19863
16264
59920
15416
26362
10170
639
60940
11870
7133
5676
9747
13453
12650
20738
15966
24298
14124
25091
30233
19509
2723
32150
31987
12929
18962
31949
31109
5552
27758
6324
9389
12679
13954
25518
12576
7853
12839
12481
12903
15672
15702
20173
5519
13909
22291
8521
27574
19587
43246
10907
27450
27278
24
36082
29192
17775
31360
25165
16643
8006
20674
17633
31143
1939
16751
19621
26853
22620
13234
24092
2983
29981
14837
1024
25214
13164
28041
10141
29998
7024
29183
30469
6879
6957
29972
7932
12479
28310
28059
6119
8644
285
1318
26543
10218
23064
18975
11898
3755
5463
15442
1719
18568
48618
19321
29997
12148
41216
2917
18628
45698
24700
13739
11244
36732
24566
11341
10490
12678
18755
13461
14508
8171
31423
31730
21601
24427
31924
11051
23192
541
8460
27516
10423
12569
13793
27859
16089
4463
24698
26166
29018
2526
28209
20094
28491
14103
4028
19741
34326
26307
4592
26350
26014
6534
13710
23654
31242
7042
13792
26135
22353
63944
27740
19980
26812
5345
16773
24342
6135
9554
12045
31059
2327
23551
11819
31156
14893
12037
1768
22358
28913
12224
6795
22124
25782
11194
13853
26263
24097
48304
916
21433
32501
20750
36650
14767
461
14285
7046
23821
25406
21447
26655
24448
29940
16406
21861
10384
17270
24558
9367
11270
13816
26461
36166
14198
19702
28091
34158
10994
31042
3905
18481
8593
14827
14313
27027
772
21149
54580
29884
27406
6466
10949
18856
26001
19912
4208
32089
27333
29465
10495
19865
3578
25770
9274
20475
11076
10881
4995
14235
16358
14903
29589
28771
28566
30621
1369
22269
5923
24083
20750
29159
12292
3723
16734
14374
23134
21990
25657
2570
24630
29014
42650
15916
3883
4443
32062
15200
1032
28498
15927
1812
25588
18981
26475
25364
28745
14064
24301
27174
52612
3094
5742
20243
3996
19190
29651
5199
19267
13771
18912
15767
49672
3669
25883
8618
4037
40674
1184
19485
23991
7090
8038
14744
20196
285
11378
10284
1531
22370
11169
6187
36106
19840
25782
2265
8397
25412
60546
12911
3099
29705
22428
16904
7472
29208
11099
15875
7431
23104
23987
9827
15009
29745
3693
8853
5424
12336
16388
24081
9653
6099
21207
29867
32495
8389
10783
11157
35244
27074
51116
12915
1432
20284
25012
32161
29714
21168
27982
3908
24685
16146
12047
756
15387
31880
9415
1705
25867
527
22763
27160
12147
23528
24580
9596
2549
12261
9486
36808
31483
2837
24411
18878
7891
15411
21798
3690
49120
10005
9642
29445
10758
20158
4391
18479
28431
16675
23762
15672
5267
23916
30043
6209
26641
12198
17451
1137
4861
1139
19688
8868
8104
6003
23888
7218
4752
34800
16202
21733
13829
9841
18062
7583
23341
26378
5450
14181
15515
30659
20502
9928
19455
4196
11065
8102
19038
3901
28786
15529
29509
21455
16926
20874
19609
23052
24654
31968
20284
31627
11220
18472
29837
21071
12452
28012
32609
25263
27067
15974
8314
18646
21630
1236
32697
22173
7714
2888
3470
24099
32001
14813
27504
1889
13524
9223
20204
2353
738
7061
4316
26707
22054
1908
25262
12770
27409
26982
16318
27997
1375
4478
31621
28788
10783
15456
23267
18991
5600
30537
2750
7959
35948
3942
9245
11813
17492
26389
29134
25978
20683
5027
19690
12202
20943
9556
29596
29018
11215
469
40880
14627
16942
26154
30128
26024
26596
25130
7643
31998
21524
13585
28879
29982
56122
6274
3715
3563
28042
15244
37590
24447
44178
2140
28592
5525
30856
26168
18696
29325
5524
15450
10757
20156
5365
25217
64974
21227
28159
24394
31931
6958
8552
17004
31479
32230
14421
22114
28738
32583
3589
30801
27134
16750
1015
5361
11200
15530
16638
10616
1606
27486
16845
20167
12773
6638
15059
30782
36614
4738
55834
12627
15177
29153
8906
6328
24512
30804
2260
21082
19626
23370
5306
24856
27676
28746
4848
6619
19925
10457
1981
1064
16455
14539
7336
24911
19438
12009
17374
2846
25478
27348
21263
22939
12048
15204
4006
24040
1808
6797
18574
3667
3156
7542
29943
26669
8926
1416
23064
7675
16360
22203
2368
9556
27657
6068
10734
9470
18427
1578
30704
5015
9708
31376
15488
7670
15688
15718
5192
20230
23511
11732
31425
17145
8516
8382
15338
20892
11463
29475
8234
25511
32612
24045
28719
28063
7593
21902
24641
26864
8987
32606
15586
38608
12201
28591
18120
3452
28057
31755
23984
3210
15756
14723
11467
374
9168
18033
32273
22095
9675
7136
16015
21283
2023
36942
10023
28975
1166
13701
18048
25075
26388
19758
14746
29022
18990
5490
20031
1850
5454
19542
29217
4894
5968
4575
58458
17660
5966
20352
27474
6851
11313
746
27118
21902
4906
18871
18536
23480
29502
3036
19263
13356
22972
23898
13964
32612
48984
16838
9823
5508
6892
210
11403
392
9596
2976
4638
22325
3596
2685
36064
18380
13144
20578
8506
27530
26328
27364
9827
24839
34598
16372
50768
24825
8557
46566
23273
11838
14928
28481
31880
12841
10196
25018
11200
4905
5357
26926
2118
21639
20005
24426
689
25205
4676
22031
12244
25520
24513
17496
50320
24782
9257
20980
32307
13905
29766
43376
21866
10320
6524
34186
13341
12559
17259
13440
18637
18087
2709
14226
27306
7010
15384
7816
23211
22147
61278
32376
24050
31628
9387
47504
24164
8701
1791
28144
2261
3432
60254
25037
1469
26082
27823
4743
4640
19903
30563
22977
24080
15849
14346
8399
31154
19008
7152
14388
6163
3285
22857
12652
25507
2566
14509
193
14388
12224
6728
14254
29848
3015
1841
367
27301
11104
10857
12448
18146
31556
25169
28279
31387
34344
17457
1624
5616
27468
28490
10354
31371
20635
20908
5380
31988
32643
12889
4884
61842
13475
26667
11898
17716
1870
21603
28730
22180
26646
20884
21080
35
20185
21672
26576
30673
28242
8144
2205
22154
7202
38188
11780
12678
15762
7428
858
16424
26742
10498
24041
15545
40540
3636
13284
17923
24550
15016
21483
32369
12166
37092
52238
10898
15206
11737
41160
38058
5604
16301
25613
20834
32634
29117
24930
15986
10186
7594
21703
28677
18812
10751
11565
56004
10535
29858
1670
11817
8386
30183
23599
13766
9991
8713
29292
1188
28181
22790
27041
19763
62450
11331
25586
17322
4972
40290
22980
24760
5853
15165
12314
3523
19037
3919
14658
42568
3630
35058
14003
30623
19801
27262
9709
22486
29657
9730
30831
25284
3641
13886
1670
5015
15782
11045
1209
1821
28374
32670
13040
9140
59782
8996
28251
38232
158
51312
30755
4991
28129
24979
16935
2603
49722
25633
20482
4226
12536
21145
456
36650
26597
37670
1811
19242
10896
4156
22587
8327
16608
61952
65364
21632
15828
1035
26765
62738
16652
25741
26536
18439
24744
30946
6320
5080
13496
19237
13733
15790
16220
9651
28844
24283
26626
11409
12745
23235
25724
30747
22722
16512
32414
27845
9470
45630
473
16996
15195
24823
55086
811
9464
2783
23049
5715
10175
19756
28886
51312
22812
40300
26603
59244
19173
29702
19137
1972
19834
530
18630
17041
7892
30297
16161
11046
29563
31710
8341
680
25231
30044
9134
32607
29872
26403
15916
28465
16991
11359
32018
5075
22817
4543
11610
23282
27726
15195
15510
5876
31242
860
29024
29736
25673
3421
31487
859
1721
14064
15020
31990
15411
6885
15318
10591
30030
27022
21801
15209
1357
31144
29585
27037
11539
26123
13139
1526
8775
27403
1990
31700
21398
56452
28261
663
8467
18116
16512
19684
441
27605
64858
28468
6677
13720
15363
29371
36208
10015
32593
11905
30137
29825
21752
1689
26442
7397
21934
8461
16067
17824
1211
17628
13308
26274
23909
28108
1430
30078
23700
36106
27120
23326
2184
34344
21747
18902
18906
8174
22853
15679
51566
17384
22813
17747
6919
12671
30623
26195
32602
42
10184
12173
16795
28808
11662
15766
1005
24548
2686
9337
15409
16028
4742
26934
25476
24952
9524
18570
25986
15553
6599
25253
16420
5546
3036
4655
9834
24302
11740
6310
65252
49482
17687
11499
20879
16769
21654
26898
9792
5685
3171
8417
28356
32001
20141
18850
26130
18896
30351
16085
22095
24730
30258
13449
1712
14024
8986
10178
8253
20199
8957
32609
7361
4740
23225
30388
34500
14715
1257
28252
30465
11238
27442
29705
29997
32912
6554
59840
6777
17070
21384
15207
19648
16486
27865
21200
57234
16280
60526
2703
38512
14659
40366
30807
32296
4494
16940
9529
5113
18145
9087
26622
10560
1937
5087
23584
22912
6696
18522
10338
28054
5992
13693
17262
7999
54574
23618
37836
22806
49710
2773
22371
12274
28642
11601
49972
11336
16367
49264
4911
4125
25330
27876
4760
23818
2046
18316
14807
9623
4135
27724
22329
27376
30628
22856
20519
26016
19792
28726
32250
704
23760
6261
967
31542
8158
13086
1970
32374
12840
9016
1980
7193
19468
7409
25872
21862
6813
16920
6127
49812
55588
11044
23437
29374
9996
7530
15181
22881
7726
1254
1693
902
11455
21385
4219
9811
25230
8073
60822
19618
4570
29108
47322
1948
510
10903
11448
20732
909
47478
15691
2530
54830
8737
21087
19179
30128
11215
3656
11714
23843
32743
28045
9590
22627
63278
21257
21393
28797
746
5189
16913
22691
20098
9585
11854
6138
6960
2024
36372
4450
8960
19872
18439
13482
13356
55454
29527
11340
32209
21351
20887
1240
24236
2206
9257
1741
15328
8672
26445
2215
3183
16669
17989
31922
14345
47100
11185
32464
64574
34438
5132
30577
5983
4535
21515
11457
18189
23675
172
1575
21893
24554
13462
27034
52360
6246
30478
32345
24524
18682
3271
8857
17206
13706
16435
37100
63080
38324
19118
19476
19355
13772
7860
27623
14558
15152
30703
6116
35012
4589
10521
1066
27319
7041
34500
12818
1920
24571
27733
18212
17916
29355
31308
5928
24476
25913
18927
21356
9548
2183
6720
13539
10326
10174
10904
30307
5795
29763
6628
6416
15053
31646
26598
22145
25478
17572
2017
62098
12065
16344
9714
42870
25554
32862
9539
46738
43376
14847
12198
15860
16873
23186
19798
65174
59574
24178
14722
64474
3683
3399
9361
1542
2626
32659
21163
6464
1468
8524
14709
27628
8712
7586
11227
4445
12009
26112
22121
59554
492
10422
351
18461
2142
28125
27417
3490
16555
20739
892
7334
3773
18040
8235
25756
14768
14414
3138
4901
28591
28983
31855
8404
2650
23172
1160
8899
62436
22996
9532
51444
1938
3937
24942
58552
30471
24010
24003
5166
54
29781
20884
22251
9633
16850
6322
28432
18623
3472
30782
6629
25860
6300
20261
1219
21874
30262
42588
24245
5195
30310
29983
16746
6402
13421
20614
19714
110
26144
19484
17821
25075
25020
1015
19807
28902
7590
1519
6616
30135
20823
17334
22721
48946
9576
25993
11212
22541
1499
17788
4157
466
16355
20771
24396
30165
7263
20793
63080
32351
28129
32316
2668
31097
12740
27754
26815
10412
15877
5033
29194
4801
25932
1718
17044
27198
27522
8070
20422
60314
25154
24857
17270
20159
10371
23498
26160
10526
25285
27818
6516
6883
26908
30727
18372
29188
11400
5044
26136
14015
20825
24180
48268
18193
7014
29907
5812
4615
11510
60666
29870
11532
7336
27303
20341
28850
18558
28574
25764
33838
58766
10219
30169
12506
17166
6081
9124
5378
22662
13993
37408
26862
22715
15405
7974
32209
19241
22719
13312
15268
8295
18169
21908
9834
15117
15662
29951
7438
4256
9349
819
28701
32608
14793
32270
12709
23000
14704
1110
4577
290
20204
6936
32517
4105
17166
4661
51096
32127
3441
29395
25997
13494
30961
23116
24503
6750
10290
177
17383
13786
24495
6827
23963
4587
22837
6722
26512
27223
7053
15647
28095
10736
24188
20737
140
48076
7940
2804
27025
2043
5414
9198
24046
21861
15526
32354
8341
28920
23626
8484
6479
23930
26934
22101
14964
29125
148
18152
9265
4100
28690
4283
26556
27421
3468
16679
31127
25986
30408
17912
5366
27855
1901
11301
25989
994
17785
28010
27891
8248
908
23704
29611
11595
11691
20356
62034
25943
3295
45508
2987
20804
31396
20462
22954
28765
15018
25616
26003
6200
24139
23887
18880
20491
30952
14834
7654
22107
14825
4705
2628
1318
5532
706
3159
41010
20368
27402
21226
9184
16905
22930
14796
15977
29180
23412
21292
29795
29194
30913
9561
23678
11316
1535
19243
46738
8109
42534
3560
10066
26018
14139
20644
27735
10101
17560
6387
32332
22991
3864
1479
15123
10471
14106
26465
39292
23607
22312
29087
32623
18825
7582
6241
1223
3167
4263
18829
797
15222
8346
10552
2201
16303
25184
13552
2798
18333
12106
27967
9926
6980
404
27265
22715
5038
4891
45896
29293
31496
7694
29484
7167
15557
10096
12815
12632
4230
17750
6922
39130
8100
27039
13964
1017
14070
14138
32480
5361
4570
12527
2051
8323
13988
9074
28688
27111
2084
16332
8743
17981
2928
12298
25073
7923
18350
11185
680
20047
16326
21004
3395
18511
10606
28100
16270
29199
26274
20239
24129
23859
5098
1976
31464
29206
15018
27252
12303
16002
26036
1425
24768
2858
11803
24603
27215
5192
13783
30375
30656
6241
32152
4387
22671
2341
29516
6709
6544
31770
14426
2091
5964
31417
28336
19438
9220
16978
9414
24722
4901
31375
24495
5099
16555
22900
9810
3463
5473
16790
13391
56294
21661
20088
31628
28103
12999
23773
988
29890
14766
31388
1401
19665
25312
7891
29676
28271
3099
14273
21745
1218
1942
30199
15206
12533
10849
60014
35838
25836
38232
29431
1552
25366
21900
20162
20408
11491
9383
4704
15456
32734
18299
8353
335
1288
5282
14451
528
28814
27693
27919
9419
31844
31261
17038
1782
24058
16053
24592
35678
12043
23780
5014
32052
9701
13539
2601
5701
61854
13305
10963
26337
328
46755
16348
10975
22742
22118
1331
22093
7324
12904
12521
20979
3604
25697
14091
2699
2912
21812
17234
2055
15740
48568
20003
6980
4407
24031
15842
29030
62146
11178
9064
3796
24609
8070
142
17028
16414
661
688
16207
19849
15877
1879
23170
9393
4225
29966
12946
11847
26366
459
12010
9002
21478
9480
40994
8672
29775
10760
28544
30422
12203
30445
29844
6101
20298
32519
41160
10574
1261
29544
22270
10732
14187
5958
26539
1114
3068
6258
3574
17325
8109
11736
9645
13172
5293
29395
32458
39854
25141
31019
60456
10288
18154
29548
40096
2396
56784
679
4128
31427
4691
37650
11233
14627
27870
5508
15862
1572
13437
25074
32575
21227
24337
14224
18926
29718
16852
26850
24468
15640
22304
26512
21302
6385
5075
30257
63772
25977
19610
25373
22588
10627
10759
12648
24378
14043
21417
466
32445
5398
1966
15434
23371
20868
5384
7360
32630
26644
15659
31258
31919
4999
24872
20872
8137
29378
10608
28330
20725
32231
18940
4081
30208
19735
42260
18130
19036
24027
15285
21704
25221
30192
15975
8835
63924
27298
41930
16541
54418
8424
3722
17156
10860
32732
32316
9939
9144
12475
7006
13668
14260
16717
24856
9026
26779
54830
14159
24236
3439
65088
7795
17824
9694
30830
21390
17231
20280
1356
5318
7522
31389
28118
12037
3138
8530
749
10846
27298
3663
9432
11595
10948
52668
14852
8431
10243
13869
15345
31045
16566
21821
3428
19926
5765
29170
2377
21114
15965
25034
29506
32633
6144
31112
20986
2854
1755
10493
22787
8925
26564
11930
19242
27363
35088
7420
24800
1069
28136
21611
17928
2112
12616
23951
18327
19275
27191
3813
61522
15275
11339
1031
6432
30879
21390
23823
691
28798
21382
12900
4727
21749
16376
1988
49532
11529
2596
6871
5360
25629
24447
2261
24690
28840
32623
23911
13652
4468
17481
25392
20084
22789
32501
26003
24223
9762
37836
29246
31292
13319
5472
952
27721
31716
10623
1949
4697
11357
10805
3794
8070
31167
25158
28125
19444
23846
28968
14312
9604
5349
1560
8417
28355
2793
32106
3150
13993
13908
9068
30465
25547
23212
13708
24714
11413
2481
2982
5990
20737
22626
24959
17374
14529
19902
12825
9593
16452
14252
20202
4530
12904
12527
48444
18033
1576
27773
16923
6581
7478
14550
15340
23422
3715
28308
55704
9408
53580
31115
21498
10311
20776
29601
18991
29036
9158
32456
5445
19034
11724
30533
17792
24712
9998
13141
31028
13900
26303
1359
34274
24528
31715
2818
30676
6391
60958
34664
11756
27136
12353
32460
21484
5394
16089
22828
27718
62396
25480
32628
27978
3415
7169
942
21979
7125
25210
14277
27439
22038
31776
6258
26961
31101
17809
21364
9890
32514
40540
25860
1220
6850
17233
18886
5202
1052
28822
22100
6988
28814
16133
26454
27226
17832
10643
7628
4423
1210
46778
4394
29024
23885
12709
3544
15043
20448
2161
26760
18498
10141
6441
7569
6998
22808
25561
25250
9654
15440
16496
18779
61
31289
2213
16711
30658
29369
16470
25321
30065
11934
23046
7290
29130
8786
698
25014
25890
3764
43852
12804
19896
11465
9399
12777
31982
14146
3093
5827
31874
17175
16986
29015
12345
29348
26729
28212
25142
9809
26836
22667
29593
8478
30444
20506
8170
6296
29185
18789
25742
7625
28465
42886
28936
19634
25732
9909
28152
25451
8660
10375
4714
11320
64364
11640
6219
2214
2185
22424
1721
46156
14757
61772
22984
13222
57646
21254
17148
11722
3328
1579
15710
28863
46102
2428
19269
17068
8343
6682
15320
23997
23840
28892
24792
16139
13525
24933
27697
353
17700
28981
811
29160
22271
23820
14586
10721
22947
26913
16109
20763
28244
22679
26241
21584
4262
55624
3734
30790
4862
21642
27573
15
20024
13566
20598
2327
2470
33410
1216
11391
17055
21310
15121
15058
8493
2706
58078
13451
16970
11275
28856
32247
6163
13337
19544
28141
1987
7748
24062
20872
24001
15067
32531
21104
31120
26405
3604
384
7405
1541
16607
19436
24713
17005
11176
9241
21316
28721
29278
39662
2993
15871
31532
39524
32436
6349
11866
10082
32321
2462
30105
19530
5325
29743
14115
17301
12388
16679
20715
29774
82
11963
32036
18902
16356
4002
21633
7023
7304
46672
29118
25770
2117
2480
7142
13013
3923
29476
26899
32219
22033
16638
3259
12710
13387
7762
7490
5049
62234
28400
23977
2405
10383
8964
514
3308
1950
15061
19577
28625
19105
38592
23179
11717
13791
10476
28683
26714
11242
22302
12411
2187
29304
13386
32169
26877
20628
21667
14184
17713
1378
30941
7407
24948
30582
31731
27635
8237
12472
17082
24572
130
24342
4574
22005
17082
13488
6595
9420
11980
11182
24054
7632
24586
15223
20319
2655
27381
13664
2705
7265
10319
26801
11257
20572
14496
24207
7994
18180
5521
15228
16275
9392
44466
19341
16576
21570
20260
456
16348
23899
30330
57764
259
13372
7939
28801
7973
29071
36462
27720
26576
9092
25303
2104
13906
14700
5946
17583
1364
13714
14696
14971
1916
3912
17307
1593
3949
2453
37230
17161
6106
18117
23856
26024
10429
14868
46300
22528
24817
12627
5356
26374
5505
22145
7085
30564
25779
9145
27978
23498
3509
3217
13833
57098
29536
4912
32700
2179
521
29442
18650
20239
3183
24298
30872
26236
11298
27954
18801
18677
27845
9425
12619
14048
26218
12392
14908
11390
21876
23241
20244
651
17116
5955
12864
9651
24003
5565
41426
27514
29422
28793
31588
21254
37066
19902
19944
24396
5810
12222
19653
17584
10134
5587
7377
4775
22408
16128
13131
29080
19298
8607
49390
2031
20646
5901
11979
5716
3454
15677
24738
21510
5838
9578
23895
17260
24190
634
12591
32503
4214
19936
18654
629
13537
13666
26558
17943
9567
4153
26651
16869
4380
13661
21620
952
31539
3478
26148
863
8116
14707
1954
20937
28362
59306
16902
21560
9386
1410
47194
12639
2332
14106
13142
32446
18954
11739
17232
18481
17315
16236
22762
29881
17915
17116
20834
29648
39266
19462
4259
21525
23702
9054
5395
7449
10547
3446
4128
24232
10132
5293
26834
10999
21047
20438
14816
16358
59150
4503
28897
5826
9173
27244
30775
40234
12610
21697
28252
7714
9001
20134
32130
17879
16315
916
30452
12474
7884
2294
17546
14926
10159
7253
21222
4933
17820
18489
25672
19041
19843
32437
623
29320
25275
29437
4454
2928
2585
10823
44480
10586
27255
3225
26985
21796
3142
57722
6168
20190
10822
43910
5436
16106
3153
51992
31137
26622
14076
22853
11358
21433
22892
10977
2089
6435
18630
31749
31995
33936
16742
3390
9454
22232
26920
6841
7249
31604
22886
25643
7274
24920
17508
33046
39904
10408
10401
12014
42324
7505
25205
11827
11384
28765
22951
29102
2085
24093
27100
18382
5770
3320
954
4325
31551
9862
31377
12649
27199
9316
28450
15379
36518
17983
22506
6766
10493
51116
22523
61080
15427
15306
15821
32466
18117
24517
15341
16590
6620
58982
14799
26432
23394
32382
19380
16638
2593
21505
47100
59474
44392
64940
6660
9784
25876
4308
35990
9982
25057
18927
14682
4366
29424
1589
15042
18962
1059
15711
32146
10605
48651
17417
32039
63636
3089
23764
10942
53408
7773
6619
28942
5412
30900
14857
7831
1066
54830
11708
16634
5834
10538
24425
44214
13045
1807
559
32659
15622
23467
21356
4732
15939
27872
64652
29997
8212
13830
13791
293
24720
27907
6452
46760
27461
25536
19862
2384
4303
17244
8409
32334
7830
19255
3661
882
50098
16785
8021
2615
53474
7595
5339
11848
24061
14349
19514
9444
8905
3307
2876
8807
7390
53162
4916
37408
52898
4412
5866
34862
18018
25190
7450
14643
10639
37870
12280
61998
13979
2076
2558
31428
1940
28951
16195
6396
10384
8102
6683
10074
13769
17568
19103
22300
263
14476
22799
29048
10828
25329
4454
10389
16578
8335
13742
24146
22648
30524
15126
4712
13030
2398
5581
9515
4095
23720
31450
3946
32219
21195
22462
29345
10078
36096
20804
23572
12302
25351
1846
15210
61504
32046
7584
34236
47408
16285
14624
10594
3171
222
60592
18175
49326
5175
10703
47586
31965
12983
26447
22991
8539
17462
12254
4202
1244
22431
5495
2487
7457
12716
27422
25976
18280
3122
16927
2334
15531
30030
13896
17193
20371
6210
28283
18033
7180
11770
4358
2709
31044
8837
34098
10891
24489
10399
28697
31054
18944
49652
12274
24061
9244
8946
18044
43160
48216
13139
14397
17922
2781
24888
6892
19234
11305
2334
9524
31893
24375
7733
40652
10030
25233
4011
30043
32582
29051
24879
18075
27617
42520
14752
32648
1774
13040
19973
32002
18397
19752
32030
1320
46216
26994
10438
53452
29402
826
12885
22581
12701
9125
30014
9597
8112
26944
18647
10942
16407
13030
21575
30229
20026
11382
31838
12602
24930
21548
19984
32623
9825
20070
29045
22201
15763
28321
644
17310
28750
53016
8450
24422
24182
14070
53514
38492
57346
2480
18306
10736
26117
8636
31084
25405
24798
12168
29817
24306
28267
10647
16080
51364
12523
4917
15360
19365
19922
3295
19816
15064
24267
27658
8312
26515
30775
23492
28347
38574
18649
26374
11430
60956
25895
21952
16432
20906
28629
29997
17490
25794
15634
1207
7638
17590
22412
29707
21224
13011
20172
12431
22953
2784
7816
28544
18234
32605
27156
1948
9855
36510
17947
27785
8646
36848
10810
12728
31384
18365
9589
24101
18467
5992
47076
4140
21647
881
11752
11651
5879
16669
17127
19700
20306
56822
51174
39760
20894
21347
4520
23328
30200
29262
23809
23927
19258
27562
14974
19006
30070
30497
41296
17684
29576
6155
30804
19398
31670
26147
8163
18830
19870
54102
21853
15556
2097
20025
23356
35884
27857
19954
27461
6044
14501
9436
18526
31022
54174
23468
18391
2883
21727
30741
42922
2614
16398
28978
42774
28871
3265
16177
26940
31757
19383
8088
4594
15605
10471
23672
20916
32192
16897
45038
5073
27530
20559
25233
22497
10326
21222
167
16498
2066
19163
49924
22032
13483
36482
27965
28471
10861
11289
20576
31079
44446
28810
18192
1647
30822
40842
16487
45958
21171
7006
10416
17739
11249
19402
23925
22575
43
36768
8160
43518
22960
8112
26786
3913
26121
4002
19908
9435
9065
32596
4972
21590
30847
15993
391
27134
21870
11800
10668
12882
29656
7984
48316
31752
5436
27335
44174
54956
13254
16971
51800
5890
6484
2109
15553
10593
14974
21239
27451
18375
22697
24794
16677
7315
14408
10134
937
22947
22315
19557
10185
16777
32477
17812
22383
27766
314
22611
31092
4800
12583
20658
53234
25096
8500
26882
19945
119
21483
1548
10586
51670
30665
37066
364
22265
18488
27011
25374
20542
16375
11708
44694
9296
1683
3911
3019
43920
16900
763
12991
30062
40636
2879
3185
19661
15498
15489
12115
9592
30615
14535
9339
19714
52088
20566
16038
