25118
15084
30279
15162
4350
27731
21351
9332
29312
4476
19143
22342
31920
25256
8623
19980
12580
23025
24232
29555
17372
17310
3316
19861
11501
29083
26155
11749
11235
21815
18827
28427
29496
8086
22872
6747
7852
26733
30207
12650
17529
233
7884
32270
1310
9179
23384
11309
7385
20549
12326
10406
29645
8086
6656
21381
22205
13854
662
28896
28108
1186
29622
30934
23185
10195
15395
1512
1916
3276
20774
10937
11742
11082
32476
12566
26645
25478
8580
28502
27044
18378
6079
15863
12845
1966
20568
32393
16539
19652
29344
25769
26597
29718
4585
3759
27519
24866
16375
15779
29206
27901
770
10444
8161
5115
8328
16042
11488
32525
4448
21383
14512
8262
27966
1304
24906
17831
28520
29810
11670
21081
20553
20263
21423
14720
4525
995
6513
8965
12708
19975
3825
30055
4909
10274
16492
12622
11852
24844
5288
18013
31040
25577
23773
1189
4076
26130
25008
27328
25535
16319
7389
9445
12886
15040
11677
12428
28198
650
9778
5634
15272
26757
2553
22052
30904
5956
22227
10442
164
31390
31239
2947
25319
10992
10598
9919
30474
30598
16681
18800
21030
6146
3178
29960
12644
10542
21242
29602
23948
9873
4570
1990
3661
18668
21132
19304
27834
452
18230
16821
10330
24131
9944
22288
7582
32736
6709
1430
9806
31169
22299
22541
18571
7209
20472
3917
133
20939
27818
6203
23103
17937
14212
19655
20744
26336
2238
32037
16887
21321
30567
4829
4680
3857
17993
3114
6051
21616
6000
10948
12943
30143
20922
22485
20433
30261
26461
22
22505
28461
15663
4497
10788
4157
17423
24961
25577
30015
16629
49184
28309
14417
24554
10412
27481
9922
20425
7835
10912
29416
7980
26004
12208
23534
7865
19991
10509
32281
4079
7813
26040
28231
3261
20456
30127
6326
15960
11719
31189
2144
31447
3453
29039
1497
17307
27637
11412
3001
9858
11892
2124
15970
19239
9342
14487
29791
31108
4043
12605
19173
26046
23608
12955
13804
19501
18692
15829
28921
29715
25062
19954
28037
28485
28569
11873
7020
29661
19525
30952
27196
14607
18654
1396
15477
30286
18550
17150
26452
20997
16754
12143
12046
13533
1529
7656
14040
9969
22295
28742
19043
5405
24451
23542
6587
27335
17589
8320
22035
3946
5553
4238
25297
392
18645
5680
14017
242
28559
32576
24566
9582
14918
21834
17801
9350
24764
28148
5435
31902
7601
18472
6395
11033
16604
6614
615
19899
15560
22136
27357
147
29402
10517
29285
7109
25279
16573
31911
9
3020
4322
21873
29223
2931
30844
14009
22663
17040
3906
876
5162
10726
423
8547
4325
6707
26302
4417
25494
7046
1512
25167
10855
10012
4325
8279
30482
13210
24486
15016
9664
2886
12873
4784
18499
15801
4701
25326
9373
13800
19931
11140
30639
16891
17399
8174
27782
22908
26949
9704
21110
10400
32672
27540
13605
27510
13465
11731
1409
30053
13787
30813
25589
9318
7921
29923
3186
25198
18104
23790
2543
20151
29222
25477
20501
27356
29614
30742
18931
25894
14060
17867
245
15789
9317
9052
24668
6945
8085
21751
22150
3097
24153
12768
1226
2327
7703
16799
25197
12564
131
1821
25376
76
11170
23769
8682
15869
30806
26787
19753
28765
19191
9752
19436
10260
22703
20358
8644
12033
2414
29724
11415
17061
29401
17216
11460
8260
21760
27677
16109
17957
17732
30552
8598
5114
20638
13415
33650
10324
2963
245
9441
9275
4926
9886
18391
1279
226
23029
17777
16847
31646
6234
4111
19255
21916
22174
16412
9716
3621
32250
17279
25128
31110
12354
13365
19096
27583
20716
4193
30349
31528
10358
15095
4188
6859
11845
18170
26701
5752
7878
28348
26836
18231
1881
25904
19453
14334
26654
27115
11269
32628
9566
8130
7124
13321
8420
26525
13797
11361
60080
4721
29587
34684
25760
20567
14337
18067
6534
19959
20641
6423
30165
17282
18282
12230
16857
44408
19680
28015
15871
11663
8882
17167
20605
15020
14533
319
29739
20809
12989
8748
7563
27556
15918
26283
22491
16771
23616
2045
31495
504
17904
10183
18914
12414
17332
28238
10763
32150
29331
2808
11385
1740
20124
6898
63644
7041
17177
32259
20472
1239
29904
30111
22550
14092
18906
1063
10876
14066
59
4555
56630
15626
6299
31257
9324
21031
5462
19200
26516
19411
15647
10032
7192
21510
6069
3140
6282
22943
32194
19929
16083
17805
14368
10818
30899
646
4962
16259
26786
16088
19756
11125
1730
7253
8701
15528
7943
27216
22418
8626
19768
28130
520
7152
8975
26948
17372
348
16542
28989
19771
19604
2631
7651
17874
7693
20362
26887
3110
7533
12595
1817
22169
4431
8961
22724
32018
26778
3782
24197
15794
14705
429
23938
17708
11020
20152
30066
30716
19717
17430
1252
2664
17645
2193
15188
15988
32432
30023
11928
14483
25020
5750
20683
732
12062
9541
28387
22361
24650
26150
10126
27399
17540
20619
2308
2216
2558
11658
25039
9002
10107
7092
2364
28710
4272
7092
21560
27142
24067
21542
16771
3447
7934
25546
817
15015
15543
20667
21813
17430
22666
13968
31262
12125
10207
6419
25068
5843
940
9912
12315
24612
13393
15238
10250
6104
16198
28643
25295
12851
4763
5122
32203
30296
14168
46286
23061
12392
15017
23709
11540
11652
3155
17427
25707
24443
26418
29155
30655
408
5899
29928
30413
31367
3808
9297
17728
25278
3793
6155
29837
30422
30532
11398
30758
29507
5342
21759
25596
21724
12977
30631
13361
23518
8049
2368
20034
26109
2355
4322
919
20573
11933
10492
14852
18547
7898
24788
22444
24015
28383
6179
11526
31957
733
6778
23409
30928
18914
29022
3634
127
56584
27540
10082
18329
27701
15800
7063
18344
8799
19334
8690
8130
3431
21655
6404
5981
20111
29347
18022
30797
2312
23291
4603
31922
26272
11458
13159
27157
20340
9663
29834
27565
30582
23447
19166
14841
7684
12195
7400
17866
28711
29925
9658
25739
30832
9993
25232
10155
18302
2281
24453
18266
4242
2382
20415
23561
30589
27288
26076
16821
22060
21767
19077
4371
21945
12038
23512
29642
10302
7957
1463
24189
23489
4233
25328
50526
11238
30160
6387
5071
9238
667
5225
8334
18660
1159
10676
3693
23181
12845
14488
16207
32189
27682
8920
28884
17535
24556
25713
7849
9450
19622
31923
15707
11660
30851
32467
31926
16371
24089
9618
3070
27137
9454
20307
24184
2872
3226
22279
9362
27837
31780
17576
32067
9460
13226
12123
22901
17913
2420
28373
23621
30663
30464
26950
2533
25837
8659
9597
8975
14463
19000
32674
5540
4881
13494
31455
8302
26423
20316
7491
30705
13158
23496
32650
14704
14602
6906
720
23436
31551
21781
17795
43390
11282
28243
10083
17045
31592
436
15809
3332
26691
19124
27176
15597
53924
29087
1980
24397
26690
23807
21292
24944
26394
28564
20386
28759
22802
6507
3942
26821
4320
11870
5140
2204
7760
9026
17075
12462
11077
20516
28062
521
11860
5085
23788
8731
3888
1242
3158
26570
4860
26920
28128
4806
5196
11522
27612
29308
19235
16882
28381
28491
23598
5589
4212
7245
24866
21423
27485
7203
8929
24837
1145
11433
26650
29856
28735
16922
12005
14561
6433
30994
5654
24131
15259
10268
46
25286
10948
32596
31678
28882
8759
24558
31890
21751
7065
2878
26745
10151
3145
30417
17115
27695
4948
13913
21352
32403
23455
16694
9530
15668
8247
7346
23569
28703
7310
3749
4149
28263
13108
7578
12954
15907
31946
27802
18327
30312
28507
29358
18956
6840
21035
27268
31365
28263
16920
18509
16557
17569
28300
5743
10439
7376
1002
32115
24127
3837
28855
4879
26220
23102
11097
12657
28215
12098
17350
29953
17145
14079
7019
19022
10266
24150
13442
16577
22160
2773
9912
7031
19094
23201
11490
7806
10798
7642
28118
31205
29841
14339
7191
13705
18860
16293
2193
5618
14426
10940
6556
13051
6633
5858
26160
31049
17660
3068
29474
15514
3927
9132
5342
21526
29070
25537
32044
11473
20730
225
27285
26316
21035
2735
12153
31325
3003
19655
709
569
6267
29606
21847
27169
4414
8610
28328
6138
4425
31332
8424
12788
3997
30089
30689
55526
3642
15468
135
9104
6459
9814
11169
24100
31465
13061
9636
18184
28806
6620
15768
18157
7982
25775
8310
29553
24405
2984
7114
26217
28049
21905
7075
14270
27388
26885
9311
1783
1718
19104
5026
19000
13369
15931
9365
19660
26466
950
3187
4357
3787
16422
10308
27729
7235
6540
6659
28903
21740
12321
6208
11114
24620
16911
7827
23586
6811
19554
6319
15475
25009
2769
2290
12764
808
29712
2022
2914
25872
13004
1294
10722
2985
32151
16630
16592
10167
10639
3090
21418
17599
27891
29924
31393
21669
11694
718
11165
9489
6128
24920
16363
14026
51530
28195
15050
2512
8203
15816
22774
5753
14165
4810
25611
28269
22784
14994
9904
1074
20262
5007
19063
4894
1695
14199
21824
1102
6266
30879
12649
13300
9075
32318
29640
30640
17964
5820
1902
23789
1907
14620
21235
5225
17059
8954
5054
29336
2766
7723
19969
8441
1899
25289
11048
18871
24946
7491
22841
32487
15165
12317
1269
61
13792
10285
9314
17196
19519
19759
2985
25824
29751
1296
16047
6960
7021
31302
5841
16015
1951
2676
7300
8509
7696
12676
26679
26946
22925
22206
27105
29686
16077
32100
8334
19930
3549
23521
32523
13724
24187
31226
10018
12453
11104
29387
30951
6741
13747
25975
6633
3697
17001
29780
10800
15272
7730
15551
51458
24447
3626
25641
481
28879
1550
1908
18666
24091
3282
30074
22405
27639
31286
13905
3218
31307
2654
32370
12049
31341
7534
4640
26538
17244
26113
28620
819
12909
20462
7824
16555
1708
1073
9074
6869
10998
676
54948
6306
8898
19527
20864
31999
1864
5057
24589
3237
14315
8898
4155
15045
10407
31679
36922
29058
4762
28996
17244
4748
2667
25887
25775
6728
8509
8879
3224
31049
32255
2213
10220
15267
9614
13401
20546
1277
27546
18839
13488
6770
23830
8794
31496
13608
20392
30941
25414
840
4111
16392
13102
377
51
26525
11306
31257
20703
20937
23191
19666
20573
21468
16620
30827
32673
25942
16531
23836
14954
12095
22620
7513
4442
11572
31804
720
13947
26704
24726
46484
12707
23031
15161
31413
28706
30002
15827
3306
22583
30887
4522
22749
32032
29517
10942
9296
29929
22285
14785
5962
779
31452
12213
25196
17217
21183
18936
10892
28560
22572
569
21706
19210
19303
9229
13993
4480
5096
4859
31419
2190
31780
17759
9600
14955
30591
22707
32752
16156
623
9925
28587
13547
15066
13852
64142
29424
23658
27558
11106
30061
17136
8161
13761
18967
32394
25556
13114
18562
6274
31186
20129
9021
23880
15957
26670
8646
4027
18235
32523
27632
28620
10085
6601
15133
30375
5813
3368
18165
17839
7152
7295
3138
27695
8615
7965
14105
26867
14432
26222
6494
16526
25539
3394
6262
24116
18094
18202
18486
18690
10714
26678
32446
23825
31457
29018
24491
25003
23869
33254
14236
7344
2961
16058
26771
1748
3257
55526
1830
1001
1255
10350
30588
9198
10996
5623
24554
5116
1243
58614
13543
4371
32512
9179
10166
7279
17419
37252
7667
5398
21246
27307
27645
32035
6696
14071
26929
15807
31698
19118
10548
31523
30012
66
25407
21573
11585
28209
17633
1698
26896
15164
5868
30378
23580
4456
3953
18152
10597
9133
28402
4633
27270
20161
20005
59604
27590
35704
23785
31347
27322
31006
28242
8215
17724
9853
27905
28302
15575
20898
12782
12510
1379
23486
1118
1389
31275
20205
30732
16891
17198
16876
5265
30764
22325
4802
27103
32421
5359
17118
13647
14242
479
20158
24247
8341
24684
5273
905
18109
9450
30865
29315
3645
32541
7254
9192
10591
18219
18991
15557
9714
12505
36106
23866
6153
15601
31693
21042
23009
8757
32629
25841
8904
29659
20437
22563
15382
22186
4538
1509
15361
18158
7495
28435
13763
25569
11592
16780
29901
24379
4494
20776
32244
7230
21869
31148
11063
7295
30475
29617
12751
10971
26548
20886
877
2198
37422
7268
24465
21293
22554
5400
537
11150
26490
25050
8020
14781
29870
16954
30963
16596
1760
27164
4831
9994
6629
26712
12151
22478
44202
31388
18155
32018
15142
13147
30525
13334
30852
13514
19273
21116
24171
8719
8452
24507
13531
54170
8089
11214
4601
31145
41504
8851
20487
6628
1559
17277
23775
49680
24994
28448
20758
11743
45430
14972
28534
22183
10045
14397
52320
15071
26124
19014
3695
22653
10460
7540
17629
22165
24415
18146
23134
24661
11614
18630
35026
31085
11930
8097
1429
10543
17263
42728
26544
23501
16878
16326
31789
5652
25355
25478
23065
20561
10292
24299
23939
10880
11131
21312
23659
25970
7950
31615
18412
17536
4036
31021
30803
2605
6173
28791
24118
27387
32199
33446
21573
32624
25281
12015
26378
27754
14645
2216
27128
13417
25827
10808
9249
18723
24312
18108
8808
24981
21526
3687
53292
18118
2895
31450
10021
9412
26938
28918
4656
16864
42238
13040
7047
23872
29276
32321
15009
6249
27593
14316
12853
24934
9060
16691
1271
27949
9995
27584
255
9681
20055
7292
22069
1135
12328
24663
18642
11003
1373
25879
9611
11533
23156
17337
26623
6372
1356
16816
20079
5765
18452
24991
27928
6881
31720
7116
23022
9725
4782
13280
14890
25353
23381
6935
22301
6791
4001
23368
20642
23190
16769
30152
22177
3205
11498
22306
943
20886
34356
4067
8028
25529
11080
16394
31394
22384
31902
4581
26226
31583
27701
21279
32483
22508
29267
20365
10237
25628
896
15749
6106
17811
22489
10811
29057
22440
25197
30258
18139
12154
13921
13598
29789
329
10390
19085
477
32055
8370
23026
19194
63644
32010
2826
3420
16382
21884
27692
5653
27361
15543
32455
10033
13576
20973
10553
24348
6274
6017
15993
4390
6077
1062
10005
8588
24521
21842
26674
4042
52610
14972
3817
20173
30834
16654
15157
18702
4243
20159
26933
23084
12446
9565
23448
18025
11366
27185
11710
26047
17074
11537
10250
1981
29208
9292
13180
185
19897
22848
15796
7655
21404
6098
6575
64916
32143
29552
29722
9361
18725
26776
10175
22975
16931
22491
19416
24566
10498
13609
25876
20031
29495
6195
14039
7654
3819
21528
14418
20582
23637
1786
18732
21685
9139
9908
13478
23070
15341
5137
10353
11369
26776
15595
13501
23231
21084
9234
2553
4669
23147
14379
4843
16887
20112
26939
5006
6567
10166
30966
32088
19510
25746
14820
25162
12737
28305
17502
24967
30894
28396
21144
1621
61
7411
4242
20685
5297
3690
18159
2957
21528
13459
32516
20617
10673
24872
13896
62662
22912
21451
25965
2605
8512
19408
1086
8711
15651
25244
28791
17496
23398
21655
14894
12286
16916
11901
20570
18886
5401
15458
11138
13342
9226
30911
29563
3290
17910
12729
11276
27416
4001
25831
16380
864
613
17565
31049
13383
20365
9834
43572
12443
5784
25327
18776
21933
61630
22372
28934
14312
480
18496
22524
15156
21904
4889
27146
29392
25009
2407
32528
6641
480
16263
7211
741
3151
26793
262
16667
8528
531
4593
10585
12946
4248
28123
12036
4780
1678
10690
10810
15599
27666
28940
27928
496
10567
17322
25770
9700
7196
25320
30267
23178
18235
3941
13657
13798
3069
10507
7557
26984
3028
34158
18217
10747
22326
11602
5068
23196
2897
23726
32750
13961
14154
12572
5132
22275
20776
8272
15420
6120
10425
1500
13768
28483
20562
22235
29248
27469
3535
10180
3958
23865
27443
15529
20897
11772
21109
895
29531
11608
5229
26378
16416
21586
22306
4952
23279
31412
16533
14559
28487
30638
16575
6262
9410
23299
30959
6083
14162
25393
20337
1564
32327
2830
28473
5010
7602
845
20737
30567
9276
29070
26221
26256
11904
26687
28047
19803
21507
14514
42174
14634
16154
17449
30449
26004
11905
18563
24467
15707
23702
4117
15578
9311
32535
30578
21315
59986
2596
20069
11554
605
29594
28636
12644
27432
2009
15476
28787
3819
4278
10105
22216
4919
23391
10318
27576
21938
3945
23493
20248
805
31100
13702
26984
8008
3152
36398
7897
24979
34916
24509
29487
9074
2551
30654
738
11704
20075
16336
12944
7455
7416
29977
5192
3233
32270
19191
25102
7230
21813
2084
1930
11620
22263
22760
25894
14494
28624
25894
4541
4961
1905
1991
27435
19840
20824
17972
22592
25991
17643
22554
19334
12612
24413
12756
24119
26885
149
13412
14311
11543
12871
25996
26840
17363
1672
10759
26257
6047
23385
4428
31566
19056
19324
26004
18751
5365
5768
23280
12129
27561
28463
2338
14807
13327
15911
21633
30089
18683
9612
29270
24412
6911
14884
14532
62406
21972
31154
18662
3904
29075
29958
5466
25692
23632
7275
26793
10070
2192
61288
23865
23027
11411
5422
9397
13449
4324
23375
25439
15519
3169
28875
8767
16919
26609
6645
5319
29039
21454
15192
12080
29571
29866
18451
685
1535
6259
9247
16714
53000
19211
6448
25001
2282
19748
9954
7544
28185
28262
8200
54162
28005
5791
17040
17082
31422
7408
1260
8149
26711
25064
25103
30842
16297
9095
13326
22653
29313
10365
2805
5861
7785
63148
2470
29300
12372
30354
16301
5946
24033
32622
17681
29972
62210
10394
9790
303
31377
19122
17024
28950
40868
21543
9090
16794
20681
20285
23142
31585
21720
3699
20101
25911
15139
27843
11047
25974
5115
6160
19985
6114
16104
4769
16126
15986
8341
28395
11275
350
11701
57018
25787
26006
1303
25474
10292
5474
55960
9824
2773
21481
17788
6960
25383
6427
15011
29248
22146
32068
10202
14489
10515
15356
19400
903
13549
30809
4020
23252
22612
10386
32253
9624
34594
26781
4040
24665
31768
1312
28856
29392
25875
133
11347
20303
28759
17856
10975
21195
18843
5719
11487
8334
19355
23214
10674
8412
1863
32535
16273
6073
31666
10307
27741
32162
26520
12144
23060
23220
10512
17017
31306
55234
13931
44202
29046
6202
1860
61630
17448
11247
28044
15601
23549
1908
17957
6791
23614
6316
25028
24408
6277
46390
5016
7545
23978
31949
4601
9366
20694
9521
17260
7445
3805
17857
25788
26636
27478
18230
31863
17125
6337
19892
27813
4426
28876
8912
11814
7894
14565
5376
20809
17638
17086
20832
2301
15487
26524
25923
27520
20106
26425
2199
8689
9034
29747
2024
12364
27813
1243
24554
4839
11160
29000
13432
4201
6714
22935
20447
16675
9984
31656
28722
4877
13582
7159
27825
20632
12776
1063
7239
12883
5786
24418
22478
263
5851
27897
1946
12007
18179
29849
10838
26011
1791
13364
15391
8691
43096
10411
12386
28842
17960
24558
7853
24259
29860
27836
3655
4561
30641
9274
19621
10166
30517
17497
31377
5817
11220
25563
28466
3504
21675
29010
14913
3434
10445
16968
17179
9895
55266
6285
32673
22035
9510
30486
11515
8995
18115
29034
5742
32531
25700
2179
3714
21657
24414
10395
14075
30579
32195
18145
25239
2212
28423
52476
20207
6591
30019
28350
20735
25880
11799
5044
2321
23700
11050
12944
18471
15213
29462
107
21612
21359
17499
11540
23058
320
20140
26402
4289
13627
34936
1679
27365
24309
29745
13815
6677
22333
16953
15726
11013
5788
14867
24687
9620
10147
20077
228
21449
25272
18160
20207
23658
25019
17647
26116
16125
27015
9402
24871
12859
30662
12271
29345
9017
19097
15371
23934
13845
4976
1157
24059
6727
9057
64074
27421
12818
12790
8726
16850
32640
26968
5887
27409
20253
30501
29584
35842
6596
12345
7901
18557
8396
19206
18458
10920
14995
23471
10340
11149
4151
20519
25041
23095
19287
4627
3717
13024
24720
59802
31154
32641
24109
13391
7772
22926
20555
17457
4285
21712
18284
14632
19573
4813
2789
62210
14057
22388
11601
28479
4026
53442
14795
49
13606
19569
30418
5193
20496
21650
6434
26697
9653
9406
14247
15444
1111
23958
23609
19696
30252
24992
2671
30422
8828
19441
6207
9906
1381
18121
24514
24485
9861
7500
31755
5887
27747
29791
3056
24031
21176
3724
2032
24254
32367
39900
41740
31849
5865
6008
10029
41294
61814
3836
23467
12899
22151
4308
18043
25076
9412
7783
2735
28302
3165
6144
3774
15960
18011
15510
27822
1214
29757
2908
28415
12395
12010
6241
28475
31807
24040
17521
18650
6679
17535
7269
15621
27308
29558
23568
26700
21565
25598
9434
2295
31642
17606
12496
16758
14853
14004
54574
21888
27575
2083
30625
11485
16999
15688
57660
14805
29960
7508
25697
13098
28295
8544
11763
7726
26709
39214
28051
16296
30852
20509
4340
32337
2923
12046
1408
44858
3857
21468
17242
14262
42806
13209
12638
20063
10375
54740
10390
6353
23059
26453
24204
8467
12028
11632
26340
8426
7954
16007
42372
5505
8622
28222
11308
27975
6012
29031
7718
768
17044
18364
6116
30014
22535
39462
21597
14223
3801
23370
44930
11525
575
7004
16451
1814
41758
52902
18273
28479
13902
38272
38840
15272
32466
5571
1098
35084
14946
27344
28862
9246
2602
26067
60532
6616
8775
28765
15228
8169
24923
26265
29267
3208
32224
19717
15794
5783
19282
28998
14405
17330
13823
21585
4700
31865
26542
15025
14264
4734
1526
19555
9578
17121
7261
18544
25248
13346
51026
17113
19943
29353
25002
25145
30680
15195
16854
9854
32095
3941
14133
1038
20303
10947
1176
27312
26256
26982
21948
19499
6492
42174
20405
24191
12154
22970
32699
9532
26619
23973
26073
20786
20206
21931
20288
5750
2389
14932
7810
57534
21721
26109
3354
15249
5601
8652
32481
19728
6867
18998
18840
3170
52764
5550
5998
3061
635
11961
11086
10473
14910
11561
2547
4125
22266
21298
8993
53672
2201
6598
31332
22437
16440
24156
16424
22977
2958
14148
23991
17509
13617
6239
9800
777
36976
4174
20062
2331
1712
52862
31969
51548
5225
10599
20838
13233
5521
15290
4950
11373
12446
9943
16120
12069
25223
16807
59604
834
23174
28075
9858
9607
26978
26359
22622
8912
19932
6938
14938
14185
18244
21445
32325
14220
12271
12678
24820
21418
7025
29356
606
22395
21727
6357
61630
21248
3695
5743
7691
15346
23814
7775
28848
1442
58174
7177
32486
20477
8720
25135
24468
12160
11653
12477
8188
18922
17068
16466
18729
21301
15273
24823
31205
5095
31312
27472
19970
9177
20281
22354
24355
5365
9334
24040
13776
27294
61288
43546
16875
6126
16379
18280
5176
26255
25009
12494
7916
27940
15351
8935
18541
25616
8288
23962
19735
19283
19885
5106
11071
6428
13298
6269
5394
14836
12413
14663
22004
3707
31802
28076
23867
18833
3274
14908
10621
1282
28142
12665
27537
17968
2058
24345
4562
20421
16668
15201
25117
1368
40656
30547
30003
4904
19720
63880
51552
22824
27782
22434
32609
1326
21102
19725
11064
436
20586
30219
15554
912
27422
7357
8087
14506
20847
27428
8384
10892
22041
14626
28940
30969
31089
27567
17853
12142
59550
30282
2936
23986
11927
33972
16503
5053
8130
41904
10998
21864
31447
9853
999
9198
9435
6060
29415
17751
8122
23706
29950
22841
16756
12552
17023
3940
27955
23551
5126
31376
7955
25994
13174
22876
14558
8749
12691
8418
1622
22538
7322
23775
45430
10863
28388
22088
16557
26121
2453
4781
30019
13067
31177
3336
18132
9649
15386
17622
13665
28668
23590
26502
3053
22202
2190
5836
23978
30154
24465
13195
9608
25303
10190
1045
6840
53344
27869
13723
20726
597
2764
1084
27631
15634
29381
19524
8578
55780
17857
806
25884
5851
13270
290
19496
598
26288
12313
56110
19501
35890
22015
33254
4585
1202
31296
13452
22766
9452
24831
12674
2497
1125
29453
14232
25119
8879
7100
10713
25642
457
28998
15512
15876
3982
6595
8267
58340
14636
8330
28851
13346
24140
21884
15900
15231
14166
5032
40794
20615
12846
8386
29191
25558
21159
21265
18599
20475
27988
6388
18558
14246
25685
12654
1303
8848
28030
1921
54832
29902
32709
24318
10631
46254
27761
15531
17267
27916
29538
11008
23901
31754
28022
715
15666
1175
19026
31681
46720
30682
16002
13524
26567
1850
21300
24823
20543
6615
25459
30236
13572
1331
59452
24341
20520
2815
30286
25148
31827
26111
6240
4105
15069
46536
13489
8500
35926
10414
14394
12350
24042
26239
2009
12601
27589
4710
15192
31667
4827
31196
17770
10746
27492
29733
8133
10625
402
9953
21199
4638
21351
20575
1235
41288
31083
31041
27170
10191
2839
27637
13823
12461
68
11297
10335
29530
9873
27206
3427
28542
19454
21009
7946
15312
24570
4020
5729
2738
31806
13908
17120
14085
4167
1785
16660
13081
11257
29673
17572
12083
12971
20060
24648
23634
18930
23007
18129
1088
11876
29619
26444
15661
2144
4141
3140
5765
52320
28040
15996
11538
20400
32210
8232
32328
226
16643
21394
18918
9837
12212
19592
1176
31520
23519
27476
12702
17711
29633
4529
8305
9555
805
6453
25376
26828
3074
9684
24698
14838
62036
20134
62458
30971
22369
5707
2184
1927
16911
11912
26157
22423
44496
9002
20187
13692
23732
29597
22811
444
2096
1688
19314
13535
15291
28862
24152
22186
6043
7064
5434
13806
29966
26610
30450
32408
9875
13424
7907
19660
12567
10137
8796
2212
7875
16497
4373
1901
5730
2013
23653
24525
1989
8706
30854
22996
4520
27762
29181
21624
22512
12414
8276
14746
14364
23089
8071
32244
32174
9858
6741
24615
30584
226
57440
12758
5082
19674
10012
6496
57044
9531
44229
19794
20436
290
2682
4111
4006
4128
19361
3504
24420
15253
62662
10260
17080
27994
9064
25980
4574
19966
18270
17766
24494
48560
6937
10813
6240
16981
13777
7908
26774
23664
9414
32124
4915
15585
6948
23094
64916
24926
7538
2714
4879
7004
15036
18997
12953
29949
39406
29929
13345
13725
4695
25004
31933
7398
69
24543
10312
19451
2243
17462
29803
23241
12649
11145
7148
22323
26614
8039
16448
59548
23439
14907
15204
13473
47260
31142
7306
28102
9878
23245
3478
9592
7012
14808
10694
22981
22581
22706
3740
875
31918
2027
28785
2182
10345
21057
31251
8360
15014
7619
17708
30490
14274
18548
16734
30218
24519
14222
5021
9586
26813
5486
5449
972
27298
30423
27315
24345
20563
5889
531
15092
54770
9104
20869
26007
32006
9494
45699
26269
129
10894
633
32706
27134
26925
3158
11253
348
18968
13345
11703
25918
18261
15183
9988
15819
11221
20249
25157
29639
15974
1761
29064
14042
31013
20440
28503
15421
21935
44734
3280
8013
12341
25524
47910
820
38698
23058
44962
30298
25177
16209
26092
5481
25367
1639
22565
31134
31070
22549
22347
12861
25680
4510
407
28277
13073
28691
2728
10321
31981
29526
12817
2015
8937
6010
13120
11339
11720
25683
5379
5347
24594
46078
29130
11982
19138
23776
25790
6551
1171
9961
2912
21069
32222
22907
8779
26812
7005
11847
30061
29193
19030
29669
62790
27088
15975
44040
2738
31389
4079
12310
2765
14680
17482
6026
26016
13443
20273
16823
1024
17021
931
16178
32162
19180
20599
7909
4690
18907
42172
1344
15475
17553
22605
6548
56442
11460
30037
11488
814
3658
26459
23787
15285
14351
17112
23455
12501
21497
14078
26854
5299
9885
10689
5141
3819
27504
32499
11972
13331
4989
11390
41462
36
19477
28710
10723
31621
5322
7353
4889
754
14154
4546
15813
42478
31723
27681
22601
5206
6168
27106
26850
1623
14623
31084
29210
9467
26708
4690
9619
12986
12810
13962
31986
26058
29810
3718
13704
27290
23830
30580
18733
10968
8705
19932
65328
24985
3683
16938
22423
1224
22708
26922
28270
7366
29056
4034
48160
30471
15210
10875
9931
3356
8569
1632
9640
34630
24759
31222
12544
24191
39924
10153
22825
11366
9778
5294
10283
29832
29784
22036
25206
12058
23466
29295
32637
27556
7100
28847
7618
11893
26390
21075
21475
25941
2829
3430
20804
9980
54840
2022
55528
10262
31654
6461
2134
54422
32582
4886
20408
23955
11601
8549
27740
5122
24965
7710
21601
2347
10187
22016
18152
6448
9297
9056
28004
11872
6545
31697
6321
5410
3166
1611
15457
6085
63912
28732
8768
28979
30505
19509
8391
20163
2602
22177
30994
20556
2346
20430
11643
18568
2812
22456
20283
15129
31603
8820
2583
30411
32776
12598
18164
28033
8921
16378
23962
20480
9118
23974
20189
28319
29184
14620
9826
16002
11274
12070
50948
29881
13474
2933
20707
19051
6066
32486
42382
10918
20173
7538
6993
6199
34116
9994
17360
11878
24279
11252
18001
28997
20831
24538
5087
10639
14091
30067
10492
30100
27117
17071
25515
10363
23512
26724
24563
7795
13216
9634
32098
28717
17841
1927
574
18945
30331
19929
18612
13545
11297
7664
8539
19872
18036
9109
21739
21304
27984
26854
3402
73
6428
8023
21532
18544
22598
24435
23096
28581
14021
14601
27258
25775
21691
24336
26552
7013
20582
5704
13061
6255
11291
3100
22968
26426
43212
8304
28172
17025
23097
6063
15789
14487
1471
15416
26455
28438
28348
2932
18016
14316
6110
20877
26795
32077
17884
26835
10823
2733
26599
19281
7572
7793
29721
17880
2156
4644
2489
5463
64022
27448
3067
30967
26194
25492
9428
29330
30553
644
6301
24673
1506
31905
40686
10975
31765
31266
32156
30365
24441
22373
21948
8818
6857
27907
27398
22692
11233
13542
2693
9875
8325
16049
3616
1625
17365
26127
2300
27682
7312
22942
26873
6087
11260
12199
63644
30688
18980
16012
3864
11356
25689
16867
9357
59354
168
31357
6103
30256
11957
14611
6246
19064
19219
988
16458
3246
21096
31694
11661
12003
48150
17805
30378
22593
10483
27696
1036
30877
25616
11754
11959
571
1045
7870
31662
24887
173
52004
28542
6540
8158
20594
10265
26413
16638
166
30264
27345
29142
9773
25009
18602
29403
5658
19332
14771
10441
24571
971
16946
6861
10953
31703
12193
30421
27424
60576
31749
497
13019
31711
25272
31436
12613
3918
2171
14297
2830
14415
31914
9176
22730
7869
2478
970
15255
3254
4849
27819
63274
16068
23085
6113
3459
31135
4654
17350
10492
10194
6596
2334
15419
63936
43342
21905
12460
15616
14164
13133
27740
40956
17994
29506
3757
19716
18515
9068
30016
25806
17899
16915
17540
59886
22379
13991
9560
3151
3833
21135
30090
14734
25448
12803
717
20289
14601
45486
11853
12514
30494
19762
23426
19738
11895
655
17011
58130
11169
1804
13806
8353
21995
30421
13158
5587
7800
51634
23789
21030
15449
17414
3394
22104
15562
25813
7150
40072
15425
4665
253
12155
17652
11056
9359
4663
24025
52610
7527
13602
8806
14564
3064
36378
1449
22723
12782
14023
17375
8901
25554
44800
2204
55642
6429
407
31861
18094
23517
3392
19857
20021
1004
15056
63672
34116
17035
28565
8022
20602
19097
28372
30596
13967
3291
6569
26543
19836
31363
29177
11602
10797
20592
15791
17742
25557
29267
32236
27417
8565
22147
28585
20944
141
52706
8594
26337
59982
21738
2586
29568
23867
30440
16744
13332
19899
22344
8336
58878
28124
6660
24647
24191
10261
9881
27614
12211
23118
14113
15201
10583
17974
5194
14186
27815
17399
15284
18298
13609
4603
23681
298
28697
9210
15807
19080
20246
11247
16685
17088
32477
16442
15359
4175
19030
29518
2014
30146
27888
44522
5922
8397
15173
32280
2938
19398
27501
2377
23552
4566
19316
7140
11161
34872
14671
23053
46446
3979
53106
374
25437
32408
52632
13398
10440
10434
13809
1543
32332
11857
31126
10773
27520
788
757
46624
25593
26217
5247
20636
31280
2524
26783
28003
7153
45370
28545
31522
42082
5761
7590
25565
52534
3290
11624
9408
14937
18544
1539
2146
24771
22251
20890
6638
8778
17464
21539
24044
4182
61358
36270
1529
29271
1939
23438
29538
5183
20038
18930
25787
31164
7029
32139
26745
9867
20170
7085
16401
4540
27564
17398
17613
21036
23176
17899
39686
2927
3544
21562
4786
21228
12804
11040
25531
5628
25330
21010
28029
22961
58844
31175
29330
5672
28099
26760
3997
6175
23422
26577
58024
60532
57246
31679
58392
13683
25126
5176
2728
15255
2899
36578
19054
2448
42872
1792
14082
2491
860
63598
24122
25449
4866
9349
7616
16030
58798
32238
26642
8515
18997
17411
19583
24682
49556
21112
12026
24360
8947
4967
3670
22965
27000
6268
14004
30701
948
30865
23560
44622
13153
33138
37476
10211
12310
38656
13664
26184
1911
2062
15991
29861
1173
3442
19230
19526
12374
24600
18483
23140
29118
6395
9548
61630
8944
7932
9472
2217
28224
29859
16730
1545
3305
2511
6941
3165
7548
26306
24838
31909
1386
18820
257
3075
61638
59354
32119
3490
6716
19222
12308
32257
14590
17512
52522
20438
29746
10940
30942
29340
7928
163
24925
40090
622
18367
16460
12168
14734
24184
16946
7669
21381
5178
30349
10670
28133
13296
20430
4156
51928
4013
10441
3991
24830
48830
21503
12901
14390
5895
32165
20541
255
27733
25793
58898
22754
25575
2275
41266
17459
10401
1082
30733
14893
25196
56276
14108
20850
15112
30534
16532
8778
15337
63570
10295
14548
27387
13968
21553
3054
19741
28843
1581
37688
20996
30322
20417
21977
626
22180
25688
20160
7646
11259
4838
8878
15182
31997
11292
17006
26144
53426
12783
30743
1193
3209
25204
32575
51634
8421
3037
500
20341
20202
1410
45004
18862
12466
10830
21558
36260
21732
6527
22914
65406
17904
24284
31219
15369
14276
17626
1896
28848
4733
26257
30334
5939
17142
25256
10010
32251
18730
4358
20584
26956
1004
31452
11922
16560
30521
20558
11831
23949
39810
12956
11131
8578
18517
14499
251
6243
9178
2252
29591
7876
19676
14188
13966
24222
2314
16957
30212
16982
6952
3686
8760
9853
24615
6422
14913
15467
23239
27290
5596
7819
28505
4004
15448
25980
11438
5767
43242
24950
18400
7749
2933
29493
18191
8712
14593
720
28813
2832
49608
27689
4628
15434
8822
25516
9122
5808
18156
14377
2072
25139
16029
26665
20255
8122
7842
14719
16966
15857
10703
21192
20754
18957
23776
13706
10560
20191
17230
19583
6204
3024
20761
25533
63356
7772
1664
13600
25880
13596
27584
20087
11390
20335
1016
30080
4984
26036
429
41202
21716
39086
4359
32595
20898
29789
14058
14656
694
24499
23471
27620
11640
60224
5242
3546
56308
29808
22907
21042
30367
26700
8958
31794
12320
46150
17555
15919
29206
17770
3137
17226
1325
25289
19550
20703
12986
9085
16289
29067
26662
30374
32272
4977
24133
21951
17193
12010
14647
27232
19806
2174
27396
1955
24979
11614
21057
19726
29410
343
20966
4582
10569
6177
21336
3556
16027
23011
32313
4166
27715
30015
2679
32073
19326
9720
2664
9296
24442
2716
1847
10997
1286
9048
5669
23163
7642
5278
28108
23970
30442
54064
24577
17514
11296
17129
9755
9117
27714
24879
1077
15404
26458
4024
20304
52950
31872
8167
32271
14642
25916
52988
29655
1866
23974
2054
13925
1098
28997
28966
26114
6742
27522
30971
9574
28152
24296
15377
6770
30663
28487
25476
5496
24775
11412
31183
19939
47856
8994
22441
5667
28760
17570
27306
7537
13732
1391
3615
31245
22651
1628
34782
11399
9423
19362
16609
28584
49438
23526
19252
30900
14566
30519
21339
11213
12165
17855
31045
13252
10932
556
20682
21771
30048
7237
25655
6545
17014
26974
50894
41152
39022
17125
3068
32584
46702
30783
10930
18074
1261
3359
19407
7548
13556
32034
26483
16968
16425
818
35638
2470
25358
8958
22132
9648
61642
14155
29704
28828
24836
32511
8545
12878
3744
15817
3599
3175
10737
10016
38104
15386
21304
23687
22333
7145
1931
15549
12204
11944
30621
9116
27196
9348
32079
5709
18921
2255
9794
37402
41740
23715
12541
24318
7324
30290
29142
17091
26397
38638
23341
12329
30259
47864
23210
40140
21061
22892
23508
12948
5305
9078
62390
4650
19610
15552
241
12915
15591
6560
12011
11946
20889
11553
13696
61956
18942
26271
1993
31850
2769
17927
16672
3591
22562
17534
25341
37622
20151
55780
10757
31030
28721
45966
18585
22857
60064
20819
57338
22210
15223
8289
3704
7135
2425
3384
5025
19429
19960
47740
30242
18892
30687
19438
30221
18692
11032
24803
19331
10426
42304
31563
1292
22076
7373
26531
9633
28572
14419
8171
7989
7540
29427
29623
9473
8968
7171
25055
19644
33778
8432
48842
248
20795
6958
20860
26670
14896
21185
45184
16824
8072
29631
7669
15487
20777
13440
6129
7078
206
28824
30368
24624
30728
20810
7354
3230
5000
31622
26567
19570
22959
10775
3974
26016
22551
8003
8616
2161
8355
31457
5666
28552
19714
8991
24742
25683
31474
12469
19608
7416
18834
7642
14875
45514
32578
31217
29666
15839
25307
25640
16322
11724
4795
48612
13870
27510
31796
8482
45370
21423
23896
3906
2569
11489
5784
10283
23116
32307
7557
32678
7958
30941
2768
16056
21345
23417
26094
9111
7732
18397
14827
31605
7470
31388
18880
173
28639
5928
5934
29861
3920
22772
16234
20599
7370
2510
5147
8368
3779
1570
12879
15944
20383
5957
23536
9104
27014
6186
21512
25103
18838
25220
10727
21554
65292
24434
17874
22622
5481
2894
10379
60990
2058
33742
13349
443
29010
6623
9576
9879
38410
32588
10572
4144
20152
22166
22335
20658
10565
27992
9254
40582
24944
15557
14004
4408
23777
7712
21544
22105
18321
14186
30393
17050
52316
3539
6334
24276
11737
9409
45346
13923
2146
27543
13357
31193
28848
30613
28391
1520
17180
19130
19757
13868
43426
6277
20920
120
28839
24772
22627
19632
23006
8350
11239
10730
26292
19946
12989
11898
19454
20244
28192
26292
30476
19350
15037
10835
30418
8455
14232
904
9392
38654
32143
15646
3784
23198
5843
15928
10667
27614
17375
21780
18282
18284
13324
31253
10384
26854
11820
28408
12928
25128
28471
31000
2554
704
970
23472
26955
23737
2352
20252
32163
2006
30490
6759
10704
3542
34686
32691
15765
9654
15356
11440
25800
28601
32663
18160
15100
12454
29293
10213
31108
15503
13483
24164
45100
1848
23240
39530
5600
25650
18234
331
28159
64428
29152
2668
25846
31044
26373
22686
12246
6365
30545
18480
57908
53990
45153
63128
17761
2682
17574
4960
12196
5461
29906
9416
4954
14923
22532
8726
7588
13931
40080
20484
3927
1893
2218
24459
27948
23647
43678
22254
31817
28018
19748
22694
27446
28420
5098
17879
21992
12856
18784
29584
25612
12775
340
1306
22766
28556
26210
6384
27542
32250
31851
14136
17545
29444
2002
21749
27485
18982
30575
29745
23590
31919
11452
25575
15319
18147
24590
10224
14494
22529
20513
42627
49886
50042
28002
28707
31074
9507
21566
29469
13189
3648
3786
2968
15451
18092
10765
10044
28196
8244
11712
1000
14690
56272
3122
19264
255
404
30068
24422
25349
7011
9036
19563
29129
16675
24276
26155
2158
10917
7355
17046
18120
26677
1040
18876
30617
8787
9501
42166
26532
10736
8436
7602
25516
25382
4798
4307
14207
4371
4770
31283
47790
23539
25904
44154
1930
32730
11289
3991
10998
15052
24962
4601
42342
24583
30932
3802
25554
2728
19551
23466
31742
64956
23823
689
6522
19434
19107
10920
16982
30790
23553
16048
5460
23263
16813
15831
31315
29456
342
25597
24599
11755
25641
3353
21813
20054
25573
28995
70
10869
32715
32603
266
18066
13655
6540
17325
25171
7241
23828
25602
19147
6602
3305
8571
11158
4492
3808
14924
24402
6298
15267
36225
26108
846
20615
25052
8294
5048
30485
19557
22360
9335
2378
19818
14444
31743
17740
4960
11288
25888
37966
20121
14402
10634
27402
12056
19053
28196
25773
20901
2975
19852
40998
25932
7180
32308
22402
20626
3353
21505
20535
30455
312
21172
1753
3339
9794
23273
35872
1711
86
21736
16744
29614
13518
11792
14886
17324
16291
18950
21130
26511
3966
12320
2206
14357
24918
17543
18483
10640
9997
22713
2794
13997
22463
32053
31729
18402
9403
22575
17382
23445
15003
31085
31252
29338
30140
27360
28626
11960
20559
23200
8713
11312
48146
13711
5002
6589
19088
21523
25144
29527
20735
31559
22993
2113
20943
29346
12721
30524
19714
30203
20017
3959
17892
15070
26752
14474
12070
25185
6587
28396
17868
9617
49628
8358
13546
3950
8871
18101
30263
20740
63298
20820
1297
8345
56802
8357
19295
14619
11287
23952
23895
2282
9550
19631
23298
9188
15430
13267
28488
7176
660
16438
25494
13083
6242
15002
10649
29128
32559
13961
4646
26718
57652
774
25608
21407
20714
58082
4767
9586
5278
2749
17454
30555
47298
57048
29066
9904
649
9251
44442
25066
40696
31177
17955
17565
17699
27316
14002
58898
19595
2658
31951
20933
18
32159
7763
18743
20588
29930
1844
18005
11140
21910
27324
9545
31711
4354
12382
698
23779
25775
30539
8898
32545
29994
9358
21432
3619
10297
26097
28636
13274
12680
11077
28697
24970
19820
18171
21473
15483
10665
19024
32280
53622
18034
25687
26979
48704
2777
23279
25323
13766
14036
49974
17785
3783
24115
7114
8499
27076
27153
3925
14313
3312
31196
24961
18336
12029
17432
65358
9672
5722
23090
26633
8854
22530
1854
8657
55460
20423
2427
4430
29853
19015
3152
12110
26548
26617
5576
52272
28403
10773
15773
4719
29013
14283
6582
18770
58732
30234
17677
2586
20686
6419
24984
29625
32391
29599
20588
14515
19866
22050
28490
25794
28620
10302
2172
11667
13709
11520
54256
12560
26392
20477
13697
42468
2739
3566
2153
32623
14323
27771
8839
59232
4841
23362
44168
21991
3565
7036
17447
11496
7351
18678
22443
26259
29373
4212
16742
28725
48802
5194
19857
20363
11369
5961
44484
42642
27482
31939
29174
18620
2064
19474
29089
22412
19026
32170
39462
30818
17716
41202
14175
3602
14450
5399
1267
19061
4414
18205
7917
32218
8743
29413
23663
27840
2809
17878
4792
45524
14268
15905
29316
13645
63176
63256
8533
10371
8991
12891
469
19961
6758
26582
29783
27744
21629
27999
16471
16194
22003
31249
15775
1714
10137
29717
8313
3199
16431
9226
15555
16192
23303
41844
32258
17850
31778
15669
7302
26258
13426
3913
14856
7495
28759
30075
22268
200
11918
28691
10192
27280
26017
16071
11680
17354
9740
18121
1730
18494
9298
20618
5167
23960
26834
13982
22443
23391
13703
31516
4179
10656
18353
19255
6310
65
26738
3804
2105
46438
26478
32610
31092
17280
12633
16014
11048
215
30462
10269
22663
27073
17244
28206
4981
24649
14720
24157
15211
31214
3013
24938
1156
21388
15188
7799
27103
15779
49016
14238
9247
17181
25453
22409
22833
22036
21100
43520
16845
1873
26191
2451
16711
31819
26881
5179
26321
14834
14238
146
10782
47656
17048
1376
22557
622
13292
58004
4896
25385
28508
6251
6416
25367
8228
10531
16517
18567
49878
17671
9140
9871
15856
23936
18968
13169
1345
2708
6016
20206
45154
30039
57140
42782
11183
23394
18278
16588
3249
7910
16995
17922
10906
25027
32171
6987
28383
22638
6548
13263
44304
11950
10781
63386
11810
2407
21389
21625
7823
6116
9600
19876
5455
21528
3150
50968
26156
15884
4737
16513
23117
44038
27419
29833
11078
1062
32033
3351
11295
1874
61384
25787
9184
14997
2530
26234
13337
8661
21285
13121
11947
42932
20774
21034
23880
23914
21180
19096
12743
29680
12580
27721
26795
27502
28168
25821
203
42094
19138
28598
6866
2676
27696
501
7995
4958
804
18580
5502
56570
5945
26220
32701
4816
41926
1640
2605
28798
5090
21016
19535
29124
2528
11274
9758
2541
27906
9978
22361
7995
23098
27169
15504
42321
4412
8543
22379
27900
18213
14714
9139
31634
12674
14105
28641
29680
6737
3348
22
8263
16127
3249
18598
23585
19728
35888
19094
10187
12913
25940
1855
24874
23814
876
3696
26400
39219
4023
23994
27504
23053
25195
20212
4825
18334
27838
26151
18246
51152
5287
15707
18661
3000
16332
18065
13356
22388
23492
8201
3824
25206
24833
15152
15025
4861
9862
54350
2043
20033
18167
5962
9796
65360
31443
14178
2673
7405
40892
32675
13313
15629
27002
7370
11283
48090
8540
16166
14170
25960
29218
10138
4297
30115
31329
3220
27151
346
22591
2334
30857
5007
3941
40314
17510
10036
16924
56864
23120
4022
21734
1382
10134
27348
17528
9574
18292
10167
10897
23605
26809
59336
3555
21319
27396
9515
7508
3173
55924
24410
19074
20080
5995
8407
4140
1376
2434
22792
9836
36178
13706
17199
18448
5906
12115
21865
23034
5188
57064
15927
16900
16791
11004
27104
