18891
10873
15559
15778
9027
2418
31059
23511
32758
32225
9915
22473
18870
15617
16011
21555
11109
30770
20808
23148
30058
20860
32484
4752
16363
24187
15199
26209
5763
9942
21453
1009
5317
13543
20250
4673
13065
25853
21919
19781
16917
21743
372
30581
13967
11310
27176
11155
1601
23529
4167
31508
27316
24831
22064
23353
21496
39
23045
3329
26747
21246
11197
12295
1850
950
18394
15341
21345
28323
26102
7139
4739
11477
15790
5776
22596
9703
17349
21371
22321
5023
1251
31595
5711
31439
1843
1113
9115
28675
17086
9887
19737
14323
17011
17861
2334
22144
7291
2753
16722
22771
18087
8983
15600
30005
14190
17860
4840
5039
19612
22044
1428
23669
26412
17235
9738
23464
19423
20041
31406
16461
30626
630
28969
10599
32188
22913
30130
2931
31506
21646
109
3136
146
26499
13446
27168
26234
29235
29343
30792
25057
25258
25133
625
15455
2063
19595
1262
29221
23652
12601
11475
31277
20123
17236
13323
14585
8724
1321
29907
28972
22213
23118
27460
28543
21183
10702
11467
6596
22616
25669
24155
8380
9023
2844
7079
23662
10256
31179
21331
22976
13643
13735
4692
1822
10863
6852
20240
22865
8101
442
18647
30457
8049
7633
12097
20230
21912
27489
27124
21155
26309
1604
2552
9101
28284
12046
12553
26101
130
13902
25185
27276
10914
25562
17663
6158
24695
25719
10217
14767
8363
9517
32051
2810
9513
31089
14601
20157
2864
595
19014
18910
13540
18181
28402
13228
8349
15721
26051
28002
1326
22086
30969
27546
991
23663
11847
20319
12157
15606
32065
16903
21379
27146
15867
25675
2762
9258
17879
9235
21863
20084
15429
25147
23784
32309
22650
1288
24680
11622
30166
11206
26635
7713
15003
8944
5670
5928
15669
530
4313
4292
5140
29719
13125
17891
24551
11068
21990
16892
1244
8213
7276
5133
3918
21472
18731
29695
31474
29747
1291
9510
23514
16887
24606
11246
29536
24171
22721
5872
3551
30050
14130
31736
31954
18399
8349
645
4441
14633
23582
28671
25822
30369
32348
16668
2774
29445
23082
15236
21554
30032
7998
6336
15615
136
6898
22179
27256
22134
5157
8086
29879
30674
10014
2456
30872
2760
20610
18557
11734
26367
23207
28648
6742
28447
26597
5310
14581
219
25588
2442
30377
28121
9494
2545
30078
5143
4516
25348
13448
21046
6656
28328
20604
18310
15056
31864
29655
18571
3563
18487
18617
3075
13000
10800
7721
877
23545
8195
13599
28310
10031
6850
23083
10220
5892
17504
29229
6287
14299
27491
30243
26448
1934
24333
30814
13013
21564
7894
10357
13031
20830
20469
24628
14476
6114
20768
28375
23687
3113
10818
5202
18943
2179
15235
13959
19497
2993
1471
12037
6672
18490
31681
20399
2025
7841
19939
26487
24181
3972
29952
30099
29271
13291
3380
9719
28243
20885
29374
26255
16220
615
1182
28110
5395
30758
14559
25295
24607
13391
6000
32460
9873
1342
30413
926
21109
4083
848
20830
17952
25890
28652
19698
7463
19468
16251
21868
2102
5275
1521
11716
8162
27866
14292
24626
4550
18124
26043
29248
25706
9198
7788
22751
7593
13266
12665
22567
31039
28003
21646
29541
23326
8206
29277
13848
16577
49108
24214
26636
22464
16106
20554
6075
9444
15830
15425
10941
6507
20512
7166
18931
7910
30939
19609
27766
6084
21594
497
18658
22392
2935
12752
31223
13096
12208
7528
6331
8465
21449
16163
16198
9474
2870
2229
30643
4010
29198
30397
26178
5704
9643
13884
4051
9015
23702
20067
30266
976
13298
16082
15737
21398
22545
29757
10806
30529
20630
20117
12583
24600
17056
23578
11458
31047
8964
7274
18915
629
28563
9189
31236
1250
17375
24789
14168
12350
7101
14880
31595
13936
11468
3108
14195
19026
11865
15035
24425
7395
30090
1191
3136
25789
2263
5866
3964
4072
21092
24830
24955
26277
17739
16351
18251
31806
30693
17799
2449
29682
47992
29056
1010
13041
29216
21030
24248
19443
180
10595
10978
4243
14404
4106
7170
23313
24621
27202
15828
25558
2167
17757
16803
31798
7885
3927
13081
8643
6394
28482
26874
998
25532
3756
18245
9830
7980
1218
4455
25365
22552
29525
14702
16244
8783
13289
29900
26691
21283
22804
22860
15714
5037
37334
5615
29971
23780
6277
12189
8646
13524
4818
31009
12844
762
19048
21014
24537
8996
23907
24632
15360
20345
19147
2451
25672
18004
18977
29745
28930
5082
32606
19566
14798
8403
28823
20718
20924
13469
29533
18640
26557
22358
2071
28588
907
24154
1445
19348
6587
23141
27516
11753
31864
21270
2025
26322
23293
28416
23332
14304
2783
21255
8943
3816
5970
25607
10679
9355
25736
16154
5636
28251
32524
11073
6650
16588
20281
30631
3616
32298
4071
8288
13667
32588
12339
13301
7299
20521
1290
57644
25078
4903
7746
6107
4708
21052
29835
20553
20649
30966
17537
15490
22832
13814
11094
14154
3879
22216
1740
29337
15708
2356
9584
11084
31279
32160
33826
19553
15899
11972
351
16581
29547
30527
10740
12762
3368
1992
16838
24337
29368
15200
16823
3328
22418
2384
15869
10780
12062
10784
15964
6256
8007
22131
27385
8110
5619
24708
30024
22703
26570
16331
13221
8888
5050
3799
19399
28182
23970
30992
24012
27881
6149
3653
9605
7192
10707
17301
14096
20046
14695
2493
18530
7707
20544
23217
13335
32751
16216
21335
25475
7031
24110
13199
19067
7283
23333
3173
6880
5059
17472
18330
4205
8878
26400
14822
15475
18358
10236
20625
24076
8498
4853
29636
23792
16380
23435
10761
7585
21713
53930
13529
2420
17052
19438
18524
13536
15055
24174
31773
8111
281
12453
7822
31833
26241
7456
25071
25299
13224
15831
8938
19816
8548
21412
19290
12261
55686
15003
13448
29813
21865
25388
15059
14318
5415
21470
26412
3937
28321
17218
7590
29081
16923
14407
26440
7409
29270
17265
31422
31217
5023
1560
14061
8130
24023
9258
1747
17305
24826
146
2381
6229
23969
16580
24905
21358
7625
6012
5557
13415
3383
9412
12302
6642
8227
26859
16398
63322
41654
25795
25741
28521
31472
10841
9572
8818
5173
4979
757
12805
25980
7181
29403
15866
25990
18045
18024
30661
20250
24452
19114
17456
8020
20256
23455
14433
7768
30256
6931
14518
27158
12820
7286
10561
22906
26003
363
2702
26022
13746
28954
3900
3147
5678
8833
10225
4442
9966
10848
9410
13188
22793
15773
18092
59492
7818
3052
30849
24463
26172
32269
9735
26109
27078
28564
2538
5357
2696
12419
1253
12614
14100
9795
16125
4825
23137
23414
676
2511
7925
6749
21572
2147
26533
15060
26515
10909
7143
11811
2203
24203
63374
8120
24832
13745
127
32515
8068
2647
32648
6144
14994
23919
26409
18676
9145
4405
16386
21714
19179
23255
19902
7937
29952
13044
23967
8459
10598
22811
23534
13627
24851
15354
25798
358
12557
21810
13943
7684
22687
29883
3764
16965
11557
26456
7531
17983
22650
11477
2969
11103
16851
21290
8448
458
23053
15313
32021
15478
14138
2243
2059
1462
13439
24470
40482
5126
16960
28475
11039
20027
32622
27109
29263
29967
23038
5395
8965
8540
996
32417
6872
25901
61470
28115
31794
10544
10865
20661
8328
1927
21472
18242
18072
18417
19615
20146
805
25168
18125
12346
15121
10696
7484
6793
21724
14175
15323
14486
15121
797
3034
19013
27053
12880
905
7966
20249
260
28540
22333
4367
16453
31590
3343
26604
17292
20687
17003
71
16536
5173
10990
7702
29996
18535
6442
16603
15838
26781
13474
8401
20520
15119
6920
4444
4214
11253
25973
27555
21855
29555
3421
15938
22100
17880
32689
2672
20089
18927
15495
21074
4681
15424
2600
16660
7040
22742
16454
24958
1515
14288
29279
15692
19079
19251
19437
13545
4738
9674
20988
7432
18108
17902
25080
32703
19646
7395
18822
26296
21883
7111
12002
18946
14093
19960
13457
6260
592
1903
14487
20906
27629
20440
21981
22660
6933
29888
27253
8958
174
6038
21930
7016
20176
2348
624
18566
16956
27511
17517
19015
16320
1220
30411
1659
11981
22257
12806
8214
5134
18327
12718
10913
31880
28556
13156
30393
14210
18186
23972
19943
20451
25117
10167
23208
30812
32376
17858
195
18918
18710
21682
26268
28666
22629
30535
12828
5705
15948
27317
8790
17166
11069
32516
6834
28711
11621
4419
26846
28917
3756
11063
16120
13649
27516
11762
30103
8484
11008
16940
6285
27407
20113
7378
28650
12649
7580
645
11995
592
11502
6807
6421
27948
17445
2792
25380
342
17065
10868
6368
31335
7757
10128
15820
2543
18148
3056
24483
4591
1474
14113
18170
12115
26694
12726
10885
45574
25276
21317
21705
25353
16510
21083
17881
6150
2548
8674
26540
23360
28838
3472
8315
31180
30015
30659
32417
26964
21887
18947
8721
10424
28782
22748
21454
22762
19207
11148
16805
20918
26330
5305
16711
258
30162
15269
17930
8476
9282
1429
8499
16754
13204
17949
16569
19238
8811
26376
28976
1226
18343
7222
10310
24067
8080
10924
20006
11169
31430
46148
18876
20090
19566
23008
13206
5113
24196
21512
1237
26453
27013
7547
6769
19563
31704
15587
23458
31383
28450
9349
30882
20121
18185
554
17094
6250
1814
12270
8687
30645
2207
23533
3298
18577
7541
24559
30177
27134
27091
5660
11266
22012
14288
3313
8988
15866
8755
559
1046
18938
28876
32306
25581
22266
26283
23903
2747
20967
16165
5526
16152
9345
11820
8996
14892
20748
246
27916
14366
29423
12122
988
4238
6969
9254
32471
10887
22870
4955
7075
22740
16935
14692
2653
19457
18491
19214
22619
11071
32305
14842
1984
16815
11636
35230
26031
64638
3154
21086
19939
27052
4984
1687
16911
18575
29790
15252
1113
10584
22117
17516
3023
12859
29758
16424
23328
18633
6600
695
14798
26066
23728
18357
1034
11718
12446
28706
21351
7188
27162
22012
7852
8317
14977
11398
5999
2591
31410
5333
3361
15307
25633
26812
870
64670
27925
2324
26361
6859
25310
20249
29320
22567
8672
22536
19823
21813
22486
14800
3773
159
26540
16966
15869
10445
17799
10203
5559
18130
721
18279
21287
2631
10169
14595
4256
7491
11778
18189
20427
362
10669
4641
2270
47216
14515
17522
20388
27064
15284
32330
3997
32065
5599
11955
9748
18052
4874
27953
362
26877
31169
12100
2710
5345
30563
28579
7350
14060
1155
16858
15123
30844
20592
24860
11219
1688
13167
990
17587
21643
2138
3845
24089
8377
10950
4383
28965
29395
26218
18282
1240
13961
3018
9563
5941
26178
22616
21631
16317
32242
31586
18852
2346
5567
9646
17788
28498
18072
63
28467
27517
26182
18349
6179
3413
23686
20794
48784
18029
29079
358
12223
24518
10204
24099
27983
1348
32276
4060
25828
27045
28594
15373
18602
18310
27950
6937
12709
10953
27234
2589
28542
6137
19221
25073
16159
18929
6096
19146
22706
7360
9739
20513
858
28457
1255
25112
12847
3971
29407
30390
44740
9949
12862
16556
5784
8538
1529
14358
2698
20517
16857
13215
6858
21244
4971
3604
16212
27273
26820
12349
20005
11664
7555
12902
11387
35992
1073
10744
6635
15598
18205
9540
31711
27120
12836
611
6917
7066
24911
14100
30362
31763
20573
12717
31980
15701
32430
27338
10858
2759
9263
8338
5154
2916
9190
7082
5363
13351
9267
17632
14311
7646
9401
10498
31402
25580
25094
27247
19665
24716
8055
14407
19712
6776
15872
944
30073
32028
24545
13340
14311
17425
8138
23813
31510
6740
54916
28241
30715
25245
26808
30322
16217
7050
26406
12639
6561
8827
13181
31463
1323
30712
63030
31222
18686
19115
12723
1833
639
5308
12325
187
17909
1065
24919
23637
6831
12483
1869
879
5808
14580
10933
10677
9452
31833
18343
20856
23602
26518
5720
12939
24264
13133
11196
5551
15764
44864
22435
14482
32081
12981
29907
11013
15351
15934
20678
6758
32852
21347
2882
1792
17391
22534
2151
5785
23980
9327
31822
27012
12629
16077
1810
12595
15127
14707
16973
23747
29578
494
6416
30613
18781
4550
2330
20033
2065
18893
30470
19492
21748
20646
30512
15332
20998
19523
21855
48494
28308
17026
64424
26088
13168
17336
1910
6912
3315
30401
22540
18815
15393
25169
7359
46648
16655
983
30170
12590
22272
16665
30628
8591
17084
22650
21762
14003
22821
2937
30020
416
21855
12031
18228
21278
29271
22200
14546
1046
17985
119
17363
26131
30516
13484
12085
9634
12196
6505
3344
19300
14366
260
2830
19992
6007
5239
28686
13049
61228
26061
12115
21632
12467
32688
11232
26505
25066
8350
31093
23645
31744
11689
28557
21893
17478
24226
4323
7056
24008
25664
22347
2085
11
19621
2600
21172
30026
10248
9784
5299
21686
3146
8410
17503
20189
5064
18763
21692
32411
15695
47948
4174
25985
63320
13653
13081
27578
32069
9038
16072
53350
11938
1714
14201
6876
20804
22707
17994
14335
7848
21381
699
24573
16338
19291
755
21508
29312
1868
8109
12647
9484
21451
24499
20051
2946
5564
23916
30445
29777
32023
46118
22694
32762
32160
29138
23664
24616
12573
21539
24411
23252
30484
18620
28713
12797
15358
10292
19568
32150
22326
31074
2840
7996
28091
23989
32578
29940
15009
15540
6347
30860
5798
21717
5692
19854
31997
21206
19648
26303
17505
22864
26804
18530
9578
23182
19904
25877
30117
26579
14313
3000
3730
16065
6350
17436
23908
64994
20449
12081
9786
16271
8038
1110
23308
6467
9937
8823
28588
32036
1342
10870
22829
21979
8430
14191
25123
24067
24918
15675
1817
27621
27970
8150
12845
3716
11522
12316
13832
31866
13351
8372
29696
15410
31696
24574
6202
20584
8970
10836
31465
13633
10141
25739
19045
24093
4124
22452
15947
30896
29778
1345
8047
22584
23858
31101
2760
27461
1672
8384
26127
27213
17938
34724
20354
11571
5643
6150
2557
21355
25443
21888
8264
12325
8756
26419
2613
21042
25030
4013
23321
29910
15897
11908
897
46036
4
20111
19418
4517
10638
7673
32753
10556
25429
21022
12669
23826
28048
15877
26087
4244
18855
10914
8339
22210
25382
11213
24185
2160
15764
31388
13832
30803
31588
26504
2407
30007
28524
4007
28952
36180
1148
22920
21144
25107
27088
10642
12254
9596
27210
4192
2086
20916
12073
28196
20492
4001
18368
14688
16638
20128
7304
28826
13881
27790
16454
21244
4639
15842
28794
26781
17079
5883
22648
19403
23363
7865
3581
27916
22994
29497
24035
30103
28458
14333
24048
19996
54154
10121
46168
21335
17507
16289
20301
28713
10705
14001
7861
3505
32131
23340
32329
9358
12952
2952
18575
6677
25908
8779
6443
29579
12857
3582
15179
41142
8129
20722
12551
9235
58954
21016
51814
15884
26594
24097
17697
9884
15274
16676
20132
32254
862
10997
7286
22117
25786
4364
15328
6473
26171
31313
16508
20575
12078
3995
4239
24650
5413
18637
7136
22930
6517
24204
28175
17403
9845
14187
29975
21193
17157
20612
4927
7064
21173
56566
16173
29640
26468
20311
8978
1258
35780
22718
23400
8787
23959
50474
6736
1894
28893
1914
7785
5996
3091
29062
19852
6917
21008
9264
6553
13656
7232
7702
22786
5343
14381
27618
15729
21326
22107
22357
56650
4039
16382
3402
23655
8938
85
29698
32086
6658
10784
8580
16577
25329
7683
25361
1007
10650
31182
2257
15512
21146
3554
24462
12623
3473
31850
3108
4951
22932
5195
25545
22031
23385
2792
5619
25171
32137
13003
19424
5305
6852
2774
12548
39982
5481
15406
12287
1257
8907
32027
12043
2323
4518
31142
9070
23986
28411
13793
11857
11237
7930
28778
31718
24462
15155
32010
10669
7469
5576
20423
8353
7376
25546
7234
4057
9968
5023
20161
26299
23164
6865
6446
11040
20806
24800
9277
27323
19466
32946
11126
9015
8822
14303
12228
12315
1428
14365
28883
29974
12091
7885
1416
24116
5996
12552
23365
52802
19643
21094
13680
26094
30896
5476
30491
25531
2171
29482
40862
3980
13617
20645
7645
991
1003
5283
18490
32034
13595
28550
26892
6049
23305
8341
3904
14837
14647
15523
28491
21841
13913
20407
13138
30219
25914
1453
30284
29207
60810
5327
432
3231
1684
542
31561
2145
50986
12113
21641
8747
12746
29437
25459
24055
11937
19900
23947
63724
24657
10319
11725
7702
3482
32529
30482
31474
5833
5318
30691
17485
27899
52730
13979
18080
43322
917
22592
14195
7237
37650
2757
2419
18489
10910
26078
19648
4052
13354
4091
1744
24478
28346
32023
24932
16470
3763
30027
31676
20050
16463
1253
15821
19708
13183
5241
14364
24020
8877
54788
13452
13704
21107
4879
26755
17824
24038
20892
3267
21026
11655
19190
20160
13382
21691
25916
31365
18164
11458
11593
17894
7238
79
2848
25978
7247
30769
16107
27732
1226
10183
12062
3139
17067
29124
30738
1135
17106
3743
234
24422
47
15124
18223
14427
9292
191
26322
1813
23683
6093
2599
4434
45770
5892
29915
22854
26945
27871
30266
23071
14681
27472
25332
18611
4377
31940
29903
12180
6019
18432
28900
25497
17269
1942
8269
5744
7613
7803
335
13006
31068
31413
29675
31221
3880
20341
29105
27396
61116
24188
1354
5116
19998
7220
16681
8911
15971
20289
30743
29046
7222
7001
19438
315
14324
22460
58138
31404
210
15104
18229
12539
28418
2891
18810
27214
10362
3306
24934
19432
750
23920
21638
23895
14681
11827
21955
58956
62252
15897
20696
7893
9249
4344
6553
18310
361
12109
19023
9572
17599
26438
20885
9448
22634
26811
1214
10708
9180
32006
19625
13172
25160
10033
30238
2365
17163
29956
16748
4563
15631
272
10351
19014
11443
4993
13054
29981
19283
18871
5191
2593
153
2946
6827
16840
17553
12188
30786
14179
17680
20108
12374
32543
13777
28167
15900
4401
21044
218
1034
20840
31265
31228
27457
27598
15784
25770
25466
20712
7626
9824
53072
16378
15779
21837
16593
12794
31714
25552
3238
889
22052
27385
16349
29852
18491
21999
30670
17617
27147
6223
15688
11124
23578
21129
16675
10696
9063
4084
25094
9934
28631
13682
19306
20475
5665
9234
6790
2409
23058
21051
1672
16134
27162
14088
3681
21844
2833
6192
44006
28070
12220
15407
21572
1407
16103
16107
32478
2298
23222
30129
12708
5552
11951
10457
17976
4350
19365
32426
9785
3044
19112
18116
17196
20549
1388
30723
21445
26902
20573
18896
18794
28343
27171
15639
24611
19978
13454
23241
17665
5938
17736
7875
2083
25249
30260
12015
23611
4602
25526
22065
16663
25940
29511
24487
30741
18882
1145
25230
396
24240
15532
12665
4549
1002
4825
15539
17168
6447
14789
11327
11829
28914
1470
10470
27564
30449
7094
32456
15937
7395
18851
5142
20781
608
17515
37712
27078
866
333
8322
16424
24081
17980
10320
9221
6467
4553
9355
20611
1563
7170
13281
4815
11812
12965
17130
7750
13217
9373
30192
18494
13674
20727
20327
8212
9099
8709
162
1330
22417
18476
16799
30467
27516
14967
6799
28977
816
5334
17958
17110
30842
27342
15452
24183
9173
27573
12281
10617
31132
12258
15720
3192
5223
16174
21493
30838
18745
30046
5263
7813
21174
20043
29692
27120
4620
30087
18003
6005
13862
23247
5350
10901
29098
16244
32446
11451
21135
55806
7384
7407
7069
7593
14224
10290
23652
4151
9730
700
9011
32501
13339
32445
20330
25844
27495
28096
2784
24905
25609
13472
28513
30653
4526
23576
2543
29799
5327
32352
2539
12196
2020
12779
8520
10729
20351
24113
2508
7717
23713
13559
25862
32092
692
15564
17829
902
12741
15926
10778
7296
140
22352
13300
25367
17966
32669
10033
23934
4178
22232
25513
593
31127
23095
621
5565
13062
59492
1991
10757
7779
27284
15919
9568
19469
11781
43112
72
28509
17269
21391
25609
31415
30856
29612
9561
24044
32314
10264
29123
22935
29184
15863
13456
5985
18685
11065
19227
973
29408
22748
21397
634
32087
23035
17780
23909
14937
20544
18771
11404
32531
15547
6242
4905
26943
17515
2923
4683
31559
29029
64118
27117
2759
22431
26040
26206
14556
57862
21054
11530
16308
22840
24362
3529
32198
31770
2715
3532
28940
12541
23640
19774
31406
23023
11403
23632
17425
24710
39
1795
8869
21989
57354
19334
23626
11368
13737
25003
24755
4899
17822
13291
136
31467
16823
1553
8412
14314
17623
1870
28735
3671
9951
27988
17664
12976
13913
18478
13984
42982
31232
21034
22221
27319
9271
22198
3903
20996
11283
13058
63366
20181
25868
3699
26369
25542
27025
32698
23283
17513
26640
26596
58416
18058
15278
17409
13376
29335
7242
19973
3427
19207
11841
5645
24454
21018
20410
24557
59668
19098
26949
16301
2419
8419
486
944
18585
4490
20188
30527
23601
51924
7147
5046
14674
9111
23654
1629
759
20372
59362
26338
21040
32236
14180
30527
14551
28340
22617
25338
475
7742
18857
8555
20097
29463
14305
20929
4542
5840
11692
4941
31185
11980
6788
31721
30270
32280
31133
3040
12097
32548
1627
1546
13975
27787
18360
8313
18081
31389
10799
15934
17413
1139
32696
26115
17544
14044
5518
30814
32075
27980
10419
9218
22856
25886
10558
12759
1945
4876
20611
9643
61156
14412
13743
2626
16287
376
30495
32410
24687
28998
18347
1786
22084
55972
24824
14762
11180
19983
18586
15300
8556
12022
12264
6832
13388
8199
1604
23697
8039
30853
32632
18165
6772
25490
16962
16110
28815
22382
23873
3783
20305
31090
12762
7886
29678
14090
3529
52544
362
11461
12800
2524
12591
17589
26136
26636
22257
5574
1514
14785
17485
11214
21772
31539
10103
18053
16442
12033
7497
11266
18894
29625
49454
3142
29392
2792
1654
5976
50982
20054
13072
23098
4837
8387
18446
10722
7871
30838
2521
10850
11695
31694
12801
22021
30401
4365
26154
21055
13593
28551
9155
10079
3972
30374
14259
51066
23091
2625
37988
51624
2911
32027
25846
5214
24569
6021
11688
26633
8181
18685
27440
20840
64380
6372
1971
18895
23429
29773
28619
27019
23560
23186
23469
12254
4572
4302
22592
9239
12815
17395
30568
19611
8006
26731
22489
3740
18009
2418
21898
15041
25318
8822
22354
62736
31039
28835
1048
29813
19227
10358
28307
22099
31381
11791
1147
13601
30692
19220
6076
5898
32737
28178
7771
7513
25320
49190
9431
21810
42554
20215
15506
5024
36180
9319
2699
15797
16032
7702
25772
31484
18593
18435
5543
2405
31548
12905
13183
20575
16520
5604
2820
29129
17464
4361
7633
472
13780
21612
12530
61876
14501
16951
363
23858
4203
20512
11472
31242
20185
15706
8723
18866
32143
19602
20525
7180
21203
9033
25973
18359
9929
9316
7401
23762
6636
18014
29388
50368
11502
3767
4558
29276
17102
27422
18109
44000
31681
5252
22247
4952
3192
8115
32748
10897
17786
10831
8851
29962
62618
17569
9306
11402
28810
24660
24328
23689
17590
3080
10593
59702
16227
19366
13700
21607
1219
5021
13428
2672
29451
29068
19471
21738
28762
1468
26380
2594
11831
16299
20523
8086
23490
64338
2031
9820
23304
6550
11536
29281
10891
25500
17741
12656
3767
3638
5864
8943
13685
27882
5923
3383
202
14281
1403
14778
6426
22850
17657
3763
19224
12965
15670
27540
26093
2438
3421
19885
28426
431
2714
20320
27008
29248
15855
9115
6387
1697
51838
10007
30642
24134
1628
5288
2907
9216
4907
14671
31469
15988
18011
13666
29332
21954
27997
27430
445
13895
177
20252
3475
26234
23190
29988
3492
47976
7426
9979
13553
32758
24358
13847
13834
20073
29388
24153
4407
30679
17747
5404
14469
30072
16560
23336
28185
2117
11119
11536
6329
13923
28168
12731
24608
15889
26506
16845
26100
5035
32494
5655
1304
18365
10016
419
7952
17274
4729
58162
15476
31288
560
17404
13990
6572
10796
17452
4682
8273
23716
18364
1987
3715
12048
10783
15307
17807
4708
15942
10625
28565
30665
32671
863
6553
14070
13496
21005
12146
13530
15864
17786
1914
39846
6376
23495
15541
25284
29995
27047
19496
18106
30781
25072
36814
24051
8272
11249
8724
1909
24832
32741
2598
15142
17380
18891
5028
10939
32516
356
10842
29063
26194
486
2015
11212
4489
17898
11101
28957
21113
30599
32755
28628
22127
30212
25329
5855
26799
12738
12306
23636
33234
16347
7428
22411
1044
26017
1823
13318
22008
6659
4430
40742
22594
46754
16782
23666
10146
30123
21634
31222
25641
25313
23581
19672
6303
7293
28852
2424
32575
19009
11282
27810
24021
5192
14796
12302
22493
10649
16044
30274
22821
15480
20667
12302
11486
25901
4505
25274
18144
9455
25114
503
32484
8773
27948
31472
7724
11248
28239
11381
54178
24027
15118
19786
747
6167
16681
30296
10408
23830
2920
22187
4457
15754
11383
10626
10846
16301
30218
29981
1627
26137
21442
107
16742
21735
30872
26360
2338
31750
19743
32128
2508
12452
12778
7270
10666
51924
10740
3024
53692
23424
8247
29511
46154
20207
7383
4409
1044
310
16232
16363
63438
3076
28632
26347
4543
4553
12213
17195
16819
11848
43584
11888
12004
17318
37758
2796
2560
19654
10002
14710
16749
6239
19892
18220
3064
27332
6203
16965
27834
4780
27860
11205
14919
18377
28344
26157
31604
31440
12515
1290
22231
12746
26432
26548
51952
13615
50784
9910
3387
22462
15162
28937
9980
346
10634
26799
31205
64916
24949
20253
6701
32140
20731
37274
26296
6572
6418
7810
526
29711
30533
26167
12227
29658
20192
16365
5127
8363
13291
19711
10822
7832
32324
162
45364
30758
30995
9202
21000
24071
1923
25082
13187
30716
21965
17976
24614
57900
28470
31694
29491
26734
10
12822
29067
27343
27723
10983
12345
23720
11639
5707
3296
11843
26495
35204
15951
58128
15305
16145
13414
28059
30920
3054
31251
1352
19489
30872
19750
25012
10247
748
13288
32751
53790
18988
32324
8968
5879
17438
4599
6595
15792
28529
2198
21582
5726
10406
27877
26444
8598
1990
32129
1956
11454
17211
21165
2627
5293
8303
13333
10209
15037
32344
5465
11886
13836
304
22046
14761
46810
17690
32755
31606
9883
2359
13334
55122
3771
19625
13943
28134
12482
12979
65164
24580
55798
10645
27320
29060
21415
42886
24680
9189
22045
14080
30845
23774
22944
14134
199
13043
10697
13895
1961
29952
28982
1668
8061
7272
8988
23132
7576
1670
14543
28318
21960
6312
3174
7343
17705
11531
11654
52156
27164
1414
25377
20751
26071
27085
54154
1129
20697
52242
12965
5235
5035
31159
16106
20306
11641
22158
1448
24291
30961
6311
20362
28500
24443
13939
6751
38352
14652
22113
25890
29739
22948
21072
23928
18992
19996
17451
18935
18669
26394
41622
2898
8829
12811
6584
11704
28567
26763
5201
27041
60830
27741
21964
4893
29993
4760
13000
59594
13766
11302
25430
30940
31219
32498
12660
5116
30745
17797
18315
23365
63930
4655
766
18626
29073
2023
10768
30230
7949
10623
3519
20232
12680
7309
14479
17547
20278
27661
41076
26617
29625
10232
7502
46984
28640
40532
9159
29785
21422
10880
56360
13637
27888
6545
19015
5851
532
27387
23499
23943
1918
24496
18813
14015
12892
3608
26122
31474
27434
19069
23003
17938
889
5909
13283
20582
29856
9248
13608
13219
54158
15750
10295
1932
1763
12617
24366
29146
40466
54784
23002
4853
13951
27363
13140
14969
7610
29524
19258
32539
19279
31092
13920
19866
15250
19219
3108
28962
25365
7224
23200
26716
8227
30231
22290
4267
10272
34940
10079
14409
12704
14891
4924
23661
31405
24651
13731
25944
18849
22938
21655
563
62274
31198
8042
26480
5910
321
4894
24457
20125
2827
27984
1200
15247
17501
25245
19636
899
1901
15097
6535
31995
5625
11078
51814
5054
19314
25196
8199
281
4679
2538
17206
28336
16326
42648
6416
15362
20905
239
14537
13970
7885
21930
20000
18198
19004
18304
25687
44854
19919
32072
6593
16296
14848
24946
39026
6716
12534
27543
30001
7182
31139
1210
50710
19777
7071
10048
7599
15889
14638
6672
1099
10100
20571
12558
22173
7233
29609
29073
21493
9829
8595
16391
1302
28356
21381
4771
25154
37526
13896
12668
30326
15827
18804
13578
20769
30810
17168
5150
42652
30067
22102
26751
25288
26361
30652
31900
1301
1916
1161
19720
9081
15361
31487
21537
19658
368
2098
29853
15169
13203
4590
30961
25673
21544
22900
17541
32467
322
29991
380
16838
1200
6259
14988
7681
30116
27158
21553
31888
24504
13854
15121
13464
31349
64888
9229
11363
1611
22382
10276
11216
24672
12142
12947
29553
705
29689
4613
30381
30481
1955
14636
4242
14107
12774
16539
21256
9809
2167
21557
19766
7820
671
4091
755
26812
3797
23161
1180
10542
29068
29940
9466
24683
36706
17370
30679
29826
12395
22981
1903
24356
1950
6008
32441
21151
31679
42098
17826
5810
19220
56758
25240
23119
25503
13684
11495
32015
5885
25531
7958
25069
8166
11784
25010
24188
26881
7687
5119
28199
9969
23524
7878
19324
30857
16819
26993
26775
12663
4898
15088
13429
21067
1771
19406
19533
6580
32354
8723
23046
16628
19944
20765
22664
4508
65312
4730
9832
9670
8782
10043
32685
21949
38124
17836
20184
9534
594
15095
28944
13737
5852
19096
36512
7478
24159
4388
52988
17010
25528
30227
20409
4292
17396
721
17001
30221
2935
26662
5002
11866
27263
19181
20521
26074
27791
216
11885
16873
15520
21941
9978
65350
25759
24474
27254
8097
21437
35562
13806
26326
24044
6437
9082
8949
27486
1332
4544
3108
29273
11977
29068
64616
4380
9906
1584
35176
8606
27254
278
5653
58714
14109
25236
9123
52886
11641
19224
12222
9693
41942
17725
8416
3902
15185
2519
19472
24040
1130
14002
14783
2149
18664
18569
11018
19475
42248
5245
14532
21815
12583
17981
14880
28668
25502
30953
24076
32202
24206
9808
16058
29364
10514
3022
39480
2950
28764
24302
19932
25141
5582
6371
25463
17064
2810
26383
22703
33894
18744
5133
1200
15975
11625
23425
9833
20761
8379
7149
15088
12612
1368
20131
21083
7584
17401
21741
32130
31433
21693
27343
27291
22782
11332
17741
32269
17990
8370
11788
9652
11812
10807
5306
10645
30861
18556
27977
23477
18944
30352
8979
41488
11568
1998
16345
10928
31989
29412
18996
18959
21632
2873
23940
1246
20250
15715
29345
25295
22915
31610
10181
14606
10666
23924
20516
31004
31246
2508
27819
22462
55874
28717
17744
21370
26564
24816
1806
22452
11702
9406
31870
14589
17560
29669
35024
25320
25066
6432
16911
24611
6978
18983
2026
24532
3566
24592
29348
11957
20365
2166
60300
414
13468
29796
15124
19414
9080
7361
16418
5118
32382
23224
12341
27554
28165
13225
17751
21046
4376
31070
31517
7688
3588
24505
7815
22260
8771
12456
29008
10609
20301
31466
12316
44624
18759
28333
25997
38666
31949
30433
28460
7540
17631
32663
13858
16929
8828
27672
4578
5126
19135
6908
27539
8779
976
2281
7723
8678
4254
6233
18288
18605
18532
11245
3169
32024
5819
9790
32754
21368
534
10004
14791
30592
56838
29537
17186
14940
9117
23531
13774
21089
3614
29449
29171
10899
22553
10046
23732
12991
7874
20113
4448
12923
57614
44702
17042
32501
27045
32164
27202
10294
23403
23960
60110
20520
2610
8928
27438
21883
24763
4956
29072
17489
18383
28938
11977
55826
20569
7614
16900
11478
31393
19366
55358
6872
27634
6638
31640
17643
12311
18617
176
54730
4868
19726
30872
23962
31117
48744
18617
18730
16257
10871
20520
5271
15985
1054
7068
12525
31857
7084
27523
1750
26066
21383
8597
11835
3614
4638
3470
30854
12601
8480
23584
2501
27334
14645
17118
3668
36348
16808
19715
46304
43952
19428
57820
24687
7298
1506
24649
14276
3322
58524
7907
20560
12577
31272
7478
29737
11777
51420
9564
11489
3920
26954
19477
28149
3287
14295
6908
1680
31727
25248
6960
22950
17956
20757
4288
22232
6515
45810
1734
27071
17736
19420
7986
8546
13272
15585
995
19723
3237
8298
17912
25450
18052
13645
12010
30575
17928
31948
4947
1479
30996
26440
8641
7815
21546
8734
4594
17816
7870
51064
18328
28782
13596
17515
5693
29964
278
27021
24826
9558
606
29567
6301
9635
10804
32392
25310
14110
21333
8630
30711
27938
31494
753
51194
2143
5412
6421
26932
7420
12492
13465
4803
20595
16888
2828
12741
23647
2485
63472
31944
4665
4254
9287
26541
23400
62704
31892
64106
13706
30399
26001
15500
11359
23596
21701
19306
10084
18318
14053
45230
36062
25204
13483
1608
24002
19822
16558
32462
13752
4777
19914
1148
14271
29094
26180
30175
4259
28174
13966
7698
14088
797
19532
16892
17171
5935
22655
32139
9298
22881
12738
45490
14179
10190
24448
40754
14995
65312
14368
19662
4542
30796
13508
22935
29302
4538
20996
11380
3869
13361
13229
27846
7408
9983
31968
24026
10579
32209
26054
60810
10292
1624
15282
1698
27470
13466
4043
37808
19475
27878
28777
16275
10294
25957
28040
24517
5363
879
32507
26670
15046
45062
10287
1991
13093
29120
26819
30093
28122
62308
2721
8282
30019
1560
3282
2343
19644
15817
11621
2837
31809
10038
52082
7720
12952
50588
4438
10501
25691
18146
9144
2542
14123
26101
21580
723
56044
22539
6986
2803
17452
22404
22974
34470
24154
26427
13052
19472
8737
21066
20751
26905
348
12894
5429
5138
14992
13239
20670
29654
16449
13564
26194
2098
12784
28200
30891
11937
19551
15206
22397
63366
9949
20165
24156
6482
32073
17177
12038
43058
6966
30006
61130
24071
28187
10409
22242
23126
8519
10292
10429
30526
9076
31504
60650
13656
29380
23269
19302
32505
26976
13024
23489
27432
23944
7921
7414
20553
15808
7839
8716
29768
21636
7220
18486
13222
6936
9493
32474
18270
14870
10589
59622
24
25680
59492
6554
24758
1488
45364
7180
14038
64916
8905
17174
4575
21996
11193
18182
24300
7304
6632
14909
50962
24673
5426
24005
10834
24129
26591
387
31237
4501
8944
17777
1788
30948
19156
10883
6755
19650
14104
30752
5528
30809
7426
1828
20992
10738
15030
11077
1064
23416
22605
128
8000
13834
31662
25823
12252
29611
20635
38548
7777
6734
3390
24685
21321
32479
24222
27631
2212
955
10976
32108
1244
21118
17253
9633
24222
5234
18367
14368
53980
49500
12985
14962
1729
16434
51738
16429
3316
8250
2725
34848
27794
24927
23866
21310
21405
13097
24387
14523
14491
19317
26529
20346
12855
17025
30827
24030
9521
51392
19866
30586
18643
5968
14528
7483
8391
14889
32709
4502
18445
1409
16528
25264
17657
11570
5820
24525
54470
7619
31292
12071
32762
8910
14272
42650
20019
4897
23123
1352
56758
25756
54844
2351
16182
25751
23213
15956
18823
14903
3644
22433
16833
5850
8152
4387
28502
30895
28346
32252
4845
53484
2665
23026
680
50856
45654
16127
17103
62436
9237
6934
44160
1701
9883
9676
21267
31051
16486
25577
27455
7923
28857
26708
28674
5301
3166
2108
23686
28469
5693
31954
10107
16858
21675
32200
29618
56550
27686
37149
35430
10409
3134
50776
26558
17675
32414
1865
19252
2840
11629
24095
7168
11348
6011
3529
37126
17966
46884
21455
10086
7869
22204
27831
11824
14743
15364
21631
8872
24284
21022
21384
6923
61096
14561
17982
31441
30632
19544
787
8573
15758
11661
13033
15743
32327
19430
17131
24703
29035
6423
6803
16828
44038
27469
17316
26953
18500
15307
13639
8125
3413
31854
29582
21152
20367
1886
33738
42402
2213
15869
20892
58930
24070
32651
26360
13237
15872
4094
13903
26867
27147
13978
17025
30231
7398
9062
25507
32746
2042
15249
28375
17327
17803
9840
32471
2418
5864
10810
8154
47817
25934
29490
10309
17670
22247
7441
28506
1168
11008
15781
17953
26874
18393
12817
57318
27649
12894
8797
23024
876
25273
11095
14315
23791
7120
1476
32481
19613
13800
13791
31473
16960
28086
10197
228
687
11213
31173
23732
2395
2985
7144
17298
23659
10472
12452
6685
4202
13133
13834
3063
30613
15159
24362
49532
25784
31212
32147
9258
26854
6768
44206
13614
21625
8855
21890
5581
2674
27349
32128
2889
5527
21332
7154
2944
31085
2578
25018
13951
32184
32428
25245
24951
11068
2422
15181
1466
9529
11343
24733
31462
27010
7921
16979
24979
16533
24106
5337
53930
8911
12270
18846
31487
30224
25164
15407
17032
7899
22802
12315
24022
13597
10944
23789
14735
29470
28034
31961
21978
12203
23945
13832
13348
13635
19293
27810
3413
19760
23500
8942
11600
27202
60746
7189
7606
26245
27264
21232
14654
9294
26872
27514
24894
29799
18706
31582
19766
6627
15217
16292
32754
14691
19983
1049
787
6627
26322
18160
15661
52826
11393
28577
45420
6202
32001
14832
20552
24749
29833
23409
27795
5295
15510
11969
14490
32751
31790
27014
19267
37940
8331
30370
18995
12235
18457
9011
27333
25178
19413
12958
30642
21554
48570
32006
31980
24275
20676
53910
28729
25904
1782
3154
11898
1558
48744
20700
9120
12879
3300
23716
6523
31461
18104
17291
17159
9648
10834
2569
28445
5457
13955
5613
16223
31144
27767
14455
15167
21489
32227
3312
12774
9338
16024
5062
12378
26384
24404
30538
105
31674
51952
20192
26302
40424
26843
57146
5888
36864
18760
7459
20453
12548
9734
25525
15489
14434
16435
22872
32446
1464
2042
22783
10166
25501
17713
20430
54642
20819
16517
9330
30653
22721
24927
1255
15267
27977
25205
14069
251
14019
19112
7094
17901
16892
4735
22017
5634
22247
34040
13607
25404
8999
5858
5619
19920
5180
58734
25648
23942
12180
8931
18526
31079
32498
15271
7871
24927
7972
25424
14333
31399
13106
25607
1628
20332
31793
7798
375
27369
11868
6377
2316
12959
47210
29160
25622
2300
31001
23624
13361
25425
47850
4391
16053
13198
3980
4737
9651
30353
26355
27124
3246
4760
4659
5950
2568
2949
28991
26134
57250
2291
28144
3796
46108
23145
31121
16388
32609
61818
16558
32223
6708
31593
15779
25724
7085
32556
2811
11156
11472
3339
14044
16266
24147
18226
31992
23297
9088
50348
13110
9635
3814
16560
14239
17111
7867
15145
47874
30765
1368
22731
21365
32007
3356
30744
20975
28095
35172
2727
20520
17202
8848
27494
28542
2675
23417
9652
43050
31401
6705
58080
24628
10276
6212
62446
14208
31733
27769
25311
7474
63754
5056
21287
26905
24517
23523
14178
14677
27221
64226
20606
16955
54204
24186
25815
31006
699
17134
44020
26794
30904
55916
15743
290
13012
16365
8035
28077
8483
8397
855
23302
60118
17451
15916
13831
30736
13567
28709
2795
7310
3767
15325
58716
63638
55254
4704
17144
171
12861
7274
18279
17334
21403
11969
1733
32089
9319
21950
24791
34556
23348
5326
23478
6463
31216
8422
24470
3323
8048
6056
8601
28773
24449
5092
1627
7130
27758
10570
22594
782
5957
12010
23969
54184
12282
6025
19170
23694
16556
27817
58190
11491
19533
41542
301
20823
25167
21339
30613
15088
5955
12895
24207
2266
4515
4776
15870
431
9161
15969
13809
30106
27299
1871
4581
12269
21761
14258
7345
4194
18316
7814
33970
31419
5734
23883
59842
6835
29798
26671
21809
15940
19083
8420
13965
6364
41492
16841
30961
13522
29459
10533
3064
33538
18245
19506
2123
1464
7747
14801
19022
14925
31859
2484
18757
14646
26534
8403
20794
13817
51776
31519
32325
14268
28033
1303
45724
19499
20450
23414
10828
35240
6961
62308
9178
35266
21390
18825
4918
30582
4829
6756
23716
4025
3168
32216
18354
22966
16136
24318
24281
3130
13838
21008
9125
16515
25859
1855
20342
6526
21253
13590
12565
15274
32950
963
21849
7851
15524
8058
7431
18208
25430
19188
9200
27164
21452
6542
26084
24928
27815
31242
25647
21271
31607
5465
30481
9983
11229
2508
5225
22822
20227
28978
29754
26289
20936
16675
29593
4723
19419
20565
30381
1244
56078
16356
31594
31207
27166
13552
38872
7507
32608
28001
12802
5404
14186
15376
12969
38824
48158
11425
10756
1792
4904
46056
31460
20470
65300
29497
858
25947
12855
17876
11447
49376
2615
24852
29519
6645
8321
27044
43668
15844
32124
31283
65160
1059
25238
26799
53098
11904
24149
28588
29664
17062
20741
4234
28220
29261
20590
28503
19306
446
4088
29145
15088
8260
30359
813
29728
29770
24292
7825
31632
10184
29283
49754
18391
10529
23764
17028
7420
30460
30903
17904
23587
18709
25718
21215
21335
5524
45284
17585
9563
8587
32165
29492
47397
4476
31960
16571
17531
22412
4364
16272
6632
20272
19683
5698
6372
28561
22849
12200
26954
13903
36970
19684
57646
6082
5008
56280
31423
23905
6946
13141
15169
15240
31198
14307
22516
4094
26585
12485
9216
11378
29796
19826
12463
9054
22095
30821
19478
31928
18024
9389
23885
21170
23271
15841
48448
21704
6946
198
16303
12973
12035
24380
14925
2084
801
2526
16425
12192
24796
2498
30569
5436
1808
16806
15070
46754
30240
20779
10838
7086
11205
13057
29780
14510
8647
1012
57444
2180
12911
15321
28227
30629
14732
5856
433
19900
8899
20444
28701
14593
22514
4692
16863
19289
26957
30567
32129
2821
13054
13823
18448
27907
25711
6528
22363
20748
23264
12010
6561
20917
11954
384
40064
10592
596
821
13623
16721
16703
23895
30156
55700
17489
19505
21258
65160
30401
13484
30846
22162
32106
15910
20686
28870
29348
6606
9526
12428
10333
24036
2490
19520
39522
32282
27203
26440
15020
3483
26509
26729
13682
31469
24072
27919
10854
23562
13366
11427
6668
63476
7809
18664
309
31539
21848
27481
6281
8166
39480
24378
32234
16177
29300
26752
36996
25335
10758
37714
16244
29916
18621
16211
13891
21063
29215
1773
106
16553
29424
14971
8295
31298
46500
25056
13176
26695
38942
23432
30713
12908
8920
40480
26523
23483
14104
23659
12501
25204
10437
13300
1029
20010
22514
21735
23617
24947
19004
11917
2857
20921
61354
23470
16410
25991
10409
49122
16488
20899
13773
25039
3976
20987
19141
6372
27098
17917
10068
23677
19031
29498
62954
15705
16092
9623
43098
30313
17045
27334
27270
28460
17254
3431
15346
8141
17055
22244
24983
20982
13536
20457
12674
41520
4684
30894
9768
52134
21419
44782
17238
9209
12830
29246
879
5124
27996
19866
3804
19515
7020
14023
13397
8322
7924
50630
1338
8112
6069
27715
14838
25735
6432
12942
38010
38166
8112
19105
5977
8352
29387
30109
13773
12406
21689
58582
9784
3768
9171
737
3629
3270
26116
36678
10320
31887
11945
28470
25522
19116
15229
16934
13854
21075
30482
7548
14798
45178
16512
9802
25936
7082
7210
32663
23620
55990
24094
7379
27280
308
29938
2889
12748
4079
369
21599
13706
30675
24764
12335
13152
4218
6499
29110
15915
16356
4059
25094
15778
1137
12588
1616
15664
27754
3698
10261
2967
7277
29192
22984
31102
7990
57406
25066
18716
12359
7370
15404
7562
2170
19685
13519
27805
13710
7777
64530
53654
19989
61638
25650
28772
17662
23319
32673
28453
3884
25583
2326
28689
4830
19066
24283
22524
8204
18486
3240
25442
10602
14344
17338
8734
11375
30419
5200
29435
50822
28992
20213
671
32207
27892
21927
11841
8920
31590
29673
8141
35224
6393
19196
14143
11850
59822
4940
5372
61850
32810
32081
8425
23032
8216
12254
5907
32282
3551
45062
10898
58156
16639
46992
307
16707
19995
30362
32321
15641
560
25975
32478
29280
24932
10282
27067
20596
13445
19295
23207
9850
26479
9618
37978
21257
15401
18810
57738
9542
61988
88
14500
62252
5838
29248
11556
18458
14966
5057
30437
4110
31745
17204
60110
22766
7330
16791
19144
13061
14966
1616
55966
20011
10434
27138
8943
31766
24828
26918
22986
59844
31507
24917
1997
7805
3082
327
21654
18974
32530
21428
2332
30913
10034
30082
7586
32118
8357
18414
28780
30041
18655
12692
1944
6674
9747
9482
15639
13023
4369
315
29459
44556
6507
13710
11
26893
20019
59146
24865
34536
6801
15711
38460
14700
740
16468
21803
12465
2229
21984
7856
12614
18170
37712
9746
30371
8273
42954
21520
52344
30372
26782
16564
37908
1644
8525
34784
12371
3425
26241
28661
60544
30678
5321
17874
4506
11600
36328
9596
32752
61170
10009
22646
15902
8459
27406
12116
15362
23667
16023
4058
31970
28744
3704
27176
508
29321
19754
53604
6865
11419
6489
6344
20856
18993
11932
19560
8474
465
7471
14808
2906
15750
15642
11307
10226
32120
19768
20262
4281
12343
24551
15100
27904
459
28847
32774
1343
8480
2036
31806
29158
20227
24367
27838
6148
30511
27346
7256
26048
13997
6625
25424
4930
23078
24533
29652
21253
40644
25204
28834
5212
28600
2482
11445
30619
20559
1015
2335
12301
19165
8348
6057
24317
14010
23799
1957
32696
2942
25632
28024
11092
18789
10113
21520
50084
4590
11514
8972
13925
20498
60
24493
16065
17892
3971
186
6493
17579
4984
9292
13883
10396
8564
12284
9722
7027
26004
28857
17859
58442
28912
5665
22026
15011
28495
20265
2914
21243
21000
