16135
30646
14533
14423
16740
30504
25535
5323
19480
14651
21174
6467
28092
24838
1953
7548
1511
4064
14731
18451
7166
15399
28720
17087
29428
31250
21287
29721
11878
9737
14868
3125
28532
4456
7199
8539
12898
1814
23742
31034
16821
25462
24618
21673
27273
11870
6713
31450
28284
15070
21466
9866
4517
5890
5732
27121
3694
13164
21538
27544
8374
17979
3526
15550
3475
24034
23074
31088
6818
18730
21068
16267
32640
3192
20670
19953
19284
14716
18863
6505
29501
26314
29629
7893
20187
26815
13070
30875
27771
23493
24105
9964
32207
5474
4382
5335
15819
29310
9545
20981
10963
25615
31899
14819
27123
1447
16451
5285
19694
19995
1536
24090
25370
7617
21527
1254
13117
429
9389
15467
6512
26525
23428
17731
29316
14793
17125
22663
12938
6453
18926
8916
16547
4163
6862
8556
4998
32678
1808
528
25559
13464
32663
28460
16142
19570
30587
21517
22979
5006
4273
19753
16829
3409
4892
11911
32063
17378
4516
25111
7790
18593
17181
55
15821
19129
9595
3415
29814
9921
7594
10231
15821
30751
17482
3062
25369
884
14428
25828
19200
12218
26933
11145
28695
25570
27093
22543
9084
6923
25070
16181
3512
6990
9943
3186
418
16459
28698
15650
9624
10804
26033
27295
500
22819
7312
6877
24343
775
5945
21248
12524
27929
2348
31543
30084
22568
10756
6002
22646
17235
9395
15829
20851
13665
26428
29824
23987
2186
19996
11428
26112
8449
1251
32332
27926
28041
8694
9053
15211
15041
22443
6682
28341
6069
11771
10765
19762
28827
9654
14317
30006
16313
25627
17024
14561
9435
4685
14509
10205
19653
17128
11928
1024
25595
7469
12867
24003
20215
9356
29324
24344
6441
21461
10940
14735
17327
16474
7913
19043
12570
8364
26996
5787
13250
16913
16579
32365
31182
1203
8736
19362
17880
20450
25567
11517
25324
7643
24984
25593
14664
4177
19414
31933
25100
21151
29685
24904
2829
19519
24362
13750
28488
11210
16711
6771
10669
26344
21138
15712
23474
30230
11613
21933
23037
8380
23297
17486
24995
9815
28959
16689
31693
7061
22204
20404
27709
328
22750
6419
28699
27463
65284
31815
24089
13365
29549
19075
27435
10681
11620
845
11404
22415
10046
17209
8439
24721
24770
16721
1398
18448
16587
18931
8807
13491
10379
26173
23420
14911
13509
14569
6595
25070
20461
21192
8147
29057
4239
27672
7084
19891
2756
31796
29211
6824
31957
29919
29213
25903
30301
17938
18351
24375
24818
6085
20263
19192
17479
23621
411
29344
15856
13666
3462
28524
1661
354
22880
5404
9865
7798
13064
52714
14653
6990
14964
10241
31271
11551
1758
3185
22795
28990
24118
25007
31396
30456
18378
16485
31905
28597
418
18936
28222
24181
26116
15385
1832
31378
3752
27821
22126
27479
3670
32564
25579
12072
8088
28209
14354
21148
20657
11059
653
10846
3356
25065
18321
3157
26093
14758
20228
25329
25956
5569
25260
7992
3729
8230
9425
30877
30830
8865
3051
10295
22197
13199
29321
2292
30135
26086
5530
28360
22371
7185
28412
12161
2507
25858
23660
32581
19515
24822
6721
16694
16485
24786
26580
24075
25111
13032
30255
27490
27199
7949
20353
17040
5566
21351
25133
10823
4618
45550
5955
28214
25632
26590
10684
15374
1728
20870
3003
4593
30357
18611
1321
14104
17528
21931
20336
15709
9510
32382
7775
18718
4820
11538
3191
17805
30756
6733
31695
5888
27852
17356
6904
698
28560
32546
7640
16697
3147
3269
30949
32600
30056
26747
29162
6263
15059
11578
26603
22632
1275
8047
2849
15558
19137
27992
22583
12442
4524
15373
17056
9926
10302
16773
14267
18198
19754
29891
64
13423
6093
16342
22862
1125
7489
4322
23937
23176
26789
32515
19088
6463
24709
22649
26905
147
31387
27444
18413
27210
3779
7006
17028
9141
9890
3246
3880
29473
7443
29849
29262
9107
18342
18924
26028
4122
32355
29406
31539
19280
26938
15564
19628
21418
7468
5218
22090
24892
25477
31295
23891
652
23587
17298
2120
11307
5222
9451
12975
23710
19853
21969
18112
24419
10541
8321
938
24364
14636
19147
28165
64148
25337
7190
29320
2912
4153
31163
29308
32669
10867
10996
26632
12443
2772
24477
20218
6920
30252
1610
10163
30790
5523
18114
18709
18904
31630
11585
15094
29121
8137
30429
1777
18716
27624
24691
6406
27730
2657
30155
7146
7712
7847
14780
30443
18118
11418
2118
24766
10855
158
7365
5415
1416
8287
14962
3868
12793
11445
25657
4181
23480
25328
5499
9539
18820
23082
23109
28597
19635
29558
18721
6141
6748
32552
31459
23385
21558
10553
28105
18247
25220
14475
1840
7534
20786
4926
3227
5623
18780
11243
19301
11940
24449
26951
21601
26375
16468
8240
9976
21660
31395
3320
8026
13155
2837
31077
20600
24431
9538
20061
3898
11240
9876
3599
25844
2106
19395
29054
30770
17143
32709
31835
31933
27125
27581
32436
12483
18113
24614
9543
6812
904
4851
1311
10882
29024
30940
32761
18041
32262
16653
31639
30404
22891
13555
9278
13457
20869
27150
26281
30801
3331
19858
21992
12548
32536
108
592
24558
28313
1191
8983
29291
20347
8254
2340
58988
27034
14537
17049
1943
6440
16779
24624
9713
3735
4952
25597
29006
14450
2350
30137
30245
5591
968
25985
5944
24519
8300
13382
5424
18109
11569
29777
11962
11793
1487
10603
21914
5028
31606
30681
6836
27902
25109
1255
14749
26495
4060
30966
24585
22386
7218
19755
9867
23346
6787
19439
22384
3706
8033
30217
14609
11858
21885
10182
4374
20813
3002
14315
24097
12771
30072
23639
4019
20633
17224
7598
30102
6120
22471
11440
9481
22088
26572
15458
28542
3538
4886
2889
2425
26895
23011
2000
28644
26644
31339
7971
14345
15433
17679
15727
26696
9092
425
23175
8949
25526
12785
1842
24447
11527
9174
7418
9135
2455
6849
13515
10265
24826
28590
14091
19758
33368
30378
1253
21961
8130
10697
29186
259
21823
27019
19453
30559
27298
25502
23287
30860
29689
7501
24070
17703
11611
5762
4517
1902
15525
22509
23844
29835
9649
13421
7181
24477
809
4071
19821
27071
7225
913
16698
56288
14238
23301
31968
26167
23798
12426
16652
20155
5704
10412
17613
6046
6510
27759
19306
10640
4825
11137
7101
11042
2227
6712
22377
26709
3479
19575
5175
24904
17708
22708
10347
14973
20501
29125
44480
7997
5738
1901
40914
25203
12366
15100
12409
14514
6705
22489
3185
20342
2098
2738
411
20144
26050
19493
32674
19580
29615
16041
26553
10424
16721
25766
11109
31972
25781
4759
5854
7893
19059
229
22083
8700
48778
15179
26114
24950
2106
15708
29216
31859
12370
12761
16428
27799
28805
5945
11267
20959
18920
13951
24076
12495
7292
19308
16551
8735
20341
26501
19864
5890
18043
31260
19454
12033
8339
7388
24301
26456
20372
20089
11864
14303
3529
246
21651
6692
10770
25822
20102
6001
2217
3350
14795
22540
28541
16528
20107
19693
12963
18505
19635
11219
3168
13954
6894
17711
2755
32744
5910
1563
5361
2442
14511
4994
21811
2022
26317
14860
23209
301
682
26379
4547
28367
4081
4256
26023
805
13834
7909
25610
1792
16064
8496
15533
30654
22197
4628
5274
19200
1472
5881
26059
29310
9109
3677
11524
13582
27169
16980
23265
18122
16209
45240
9863
3672
7501
59320
20244
424
11546
14044
25198
2785
15356
6710
1038
1080
20710
13266
18446
8665
14774
31635
4521
18039
3322
11815
26582
32660
3668
6208
25713
30265
19411
11001
7443
1348
3916
10352
13632
12028
5451
31282
21148
21543
25714
8352
31345
10247
13306
29950
3971
25320
3500
16691
22351
9952
26046
24949
4041
18439
7628
18723
22651
4292
19248
955
16553
15592
30850
13002
14893
28394
21445
4120
21218
2988
22519
7029
26704
7220
29601
17512
12651
24196
19569
22320
14451
24583
8403
23471
36408
7889
13883
18873
19861
28609
27382
8197
26261
21839
10325
6515
14596
18806
26433
2061
6008
10992
31515
23479
25450
2667
30983
6063
29058
29018
27968
11174
5909
3457
4455
10559
7677
6397
26538
27364
369
4880
5294
2256
24658
20937
18273
21461
18058
25805
18696
12349
17643
12622
20123
9156
9500
22243
27048
26072
1476
27786
19281
9029
7114
32103
27549
4504
21077
10277
21998
7441
15245
29891
14886
3030
11918
13420
22611
28612
32157
18091
32106
25397
4361
29428
23935
31849
15780
2642
29948
31721
23213
14455
24434
5496
19118
9104
9619
11395
7737
24871
24478
2523
5761
7025
8506
19494
15828
25531
11866
17867
18595
21306
25158
21774
1700
32716
18215
617
4909
7060
4573
25906
14962
17596
16155
22860
9781
6667
25794
30708
54686
10574
965
16347
4007
16777
20075
22806
26939
23476
24430
25728
7054
13922
24976
14441
22800
7742
7616
14353
23279
23474
32659
15766
12233
38644
21930
26757
24398
21763
28863
15873
9173
31228
30847
4355
9164
19148
6295
31302
6282
12827
16157
24698
10003
12253
8005
16936
21670
15513
32389
11119
23254
18
26045
18894
13921
6364
23676
8942
17374
7556
20553
16973
14301
7632
19524
12651
10689
25950
25114
3560
5106
24659
5149
27342
11295
7890
19129
31304
13194
29857
25783
22380
27205
18793
32215
2267
12061
1532
5996
6692
23787
16965
27450
9175
1176
15878
8607
13944
29151
9791
23596
10609
16492
30418
14596
3410
401
15997
23269
1075
8033
585
6420
3656
10654
8698
27101
11042
18106
6929
19551
32438
15165
20708
14886
10504
29231
26248
10287
24649
19139
14782
7493
19087
31864
19878
31286
22502
14532
28877
15014
30616
22888
21097
19452
25579
1118
19579
16489
28825
21541
25998
19607
13422
25090
22282
10555
27767
32577
28530
15915
12149
32682
26109
22114
26355
17180
18927
5462
3613
23808
27401
20890
7391
30034
4453
31970
4844
15899
19019
10934
954
18596
18222
22904
15902
16942
27710
19180
11155
3206
8912
20037
18101
61860
4593
27258
56226
28486
21048
23046
24359
7819
25345
20945
11163
63600
29706
23535
14484
9900
3674
21628
26396
31365
20426
6585
14903
14566
43994
9993
2106
13148
23583
13538
21529
2133
16738
18483
6550
30615
31682
16567
8584
16680
20374
781
26358
10157
10134
16006
12332
30185
53928
27848
31073
31070
26187
4284
7359
15759
8843
21721
6101
18166
13985
20364
16723
10017
19201
24003
27652
18390
22651
21773
11206
8941
31366
32691
26321
7000
18394
17029
19936
16565
8820
36390
23392
5332
4835
16365
29540
28152
4789
28163
4175
19006
3601
23343
15516
32714
3889
10691
1076
21972
24727
32026
14638
4635
42590
20347
23342
5236
14567
27210
15645
11033
21904
9071
4587
13724
15474
5905
46168
2713
7318
28983
11342
802
14318
25538
28215
16919
5811
12637
30784
18972
13901
23081
20603
20538
458
7912
27242
21341
24299
36408
21145
20660
12592
19727
15996
20767
17149
13659
1956
18106
5077
12569
24394
21306
20644
20376
24145
3666
27720
28260
21820
7189
8764
15164
31990
28530
14736
978
553
13513
21847
27073
24121
11691
21526
18152
682
10189
15993
15414
28026
3005
23106
23499
11511
1293
14901
15066
28498
27186
324
4792
24929
10792
8002
25269
5620
57040
4255
12577
31878
14238
20474
8710
2749
18039
24716
27576
12870
23911
18681
7179
7738
25023
19158
5442
28389
1376
18457
32028
23842
21990
5434
13057
17986
13560
23949
31392
35416
6795
21920
9356
13900
11137
15959
14028
14871
15567
17775
21214
28653
13151
30170
29150
8420
27080
7040
10513
9303
18665
5162
28127
24178
1711
11986
3869
26093
24337
504
32538
13014
4724
18684
20048
30901
5179
13914
13545
25973
22556
4325
21518
25199
22810
37616
29944
50256
22096
13909
24681
19052
19384
10301
10001
23197
23497
14379
58
25817
22717
13026
1925
23249
8868
4817
20138
24987
25459
22376
3661
28426
5840
26533
31242
23939
3658
24680
6550
15001
31246
13338
32337
1553
7998
2294
18710
23321
31056
16569
1317
21538
10627
31112
16000
8736
25208
17735
21182
12253
31864
2515
3478
12864
17613
4895
3669
32351
3153
30359
21251
3823
16938
10955
18256
16190
9202
24304
1979
12063
13740
17685
14760
9821
22281
16504
7867
10845
17963
19465
1528
22884
22533
7976
7924
9085
25639
4842
18774
15641
22725
23930
22167
8959
10882
22543
2304
14034
19960
7577
1621
26683
27529
8347
27394
30152
32678
335
12250
5484
8558
27962
22728
27937
24113
32602
24538
23848
17281
29323
5501
4805
4592
4528
5944
7283
31633
25097
1071
31447
1355
523
28875
25463
2837
3933
8953
25452
31860
9035
19184
30890
14837
31891
2393
5580
4748
22941
20901
48706
1466
6814
4819
21796
13373
28822
28882
16394
4434
7758
12589
28425
26255
16844
9117
16436
20079
3469
11738
29322
11001
21133
7779
14675
14273
19839
4094
28383
32507
39956
27242
8839
5162
25832
12840
8304
13221
5819
19550
32494
29499
27063
23885
28439
32575
30625
15376
6756
22499
2009
17826
26840
32015
4162
7937
3994
16314
27727
22113
23869
4632
5631
13772
11051
8315
2762
26281
17366
26754
17532
5033
31451
24128
17506
26182
23831
18084
21251
8009
25581
1974
2013
8013
45906
29776
786
7039
26833
12718
22522
20220
4619
13388
23263
15693
5396
6795
967
22053
3560
29186
20674
29802
5829
13817
15176
13737
26782
16517
22843
5808
13676
32555
19826
8156
22791
32033
13973
27414
75
24764
7782
7900
5469
51010
19302
26594
23340
1460
32341
10614
22548
20887
20170
31442
42272
405
13081
19492
24813
19058
57216
32497
7275
1746
2285
7838
31775
26607
1949
26501
30282
12835
25548
19705
3493
22659
25313
16636
26002
22088
2563
12784
17643
12047
12877
7842
3642
30337
2799
44446
12918
26453
4223
23707
6201
14586
395
17256
3589
5201
31252
17326
1273
23963
8921
26652
12552
6930
7992
3822
450
31828
25739
31457
21035
27396
26479
13148
16978
8616
18782
27634
23593
31901
1553
18330
15795
16186
1570
24228
763
3486
3944
28073
15587
27488
9994
15788
3898
24835
20241
17986
28919
11699
30176
3154
22685
30054
24029
6208
18271
25363
4011
15779
18391
10734
21685
23609
21208
10534
12535
17333
2292
10141
11834
14590
30360
3845
59500
1500
26419
3836
3154
30576
8496
613
9080
28737
30874
31579
65116
3998
78
56188
27867
20106
15771
30515
24513
12019
10556
4466
29096
31311
16003
8421
14800
12259
26331
15178
18854
30199
3029
16100
5481
16508
9880
24594
15818
17550
18451
27894
27640
13603
13586
14826
4496
4787
6474
21687
63004
6655
8677
21613
24857
22604
8162
17666
2336
26570
32355
6483
3867
22071
11375
10979
10757
4670
24388
16381
20952
10429
8886
14611
1657
4679
19416
25150
3569
17885
14309
5438
28519
3995
13006
26368
26680
6150
29500
18925
39558
17916
23305
30548
6605
20935
3969
3286
11873
9198
18059
10497
28865
30683
17795
7924
25958
63322
19444
19537
5697
19750
21033
7265
223
27821
16280
22143
2312
4554
25892
7744
3411
13545
11665
18578
26547
13398
11125
20192
15467
23605
10243
21705
20281
16532
5266
11047
20109
27258
31072
12255
27094
31012
2069
16552
23094
23110
28415
13690
9758
7346
27196
3130
27221
2720
6877
24671
8351
30440
60284
20346
31472
16292
13017
30722
2107
19966
2762
22802
7848
15201
7878
12848
12980
9738
6901
27563
32148
28502
31971
23819
847
23705
4696
11244
22988
18833
29327
1243
4124
12817
17002
3487
27307
31602
23319
23452
21162
11233
25116
20744
2755
26607
19255
14784
10360
31902
32103
31180
31703
23376
3406
18914
13974
107
32107
1342
65260
27758
11412
2850
30022
8144
30792
19693
5511
26047
4799
214
15765
8397
32667
26586
656
24383
9821
7503
30146
15920
12755
1129
3642
22442
7228
31668
11377
24743
12630
3195
24204
27557
28598
27455
19494
30537
13257
14015
32434
10526
5984
31051
7438
3436
17776
5186
17628
31206
4068
18384
7886
15048
12672
29392
20686
19639
9312
27653
8105
12394
25948
51458
593
3701
24874
1343
30082
4313
25467
4643
50230
21611
3741
18655
506
22790
15146
773
31181
16850
29867
47742
16244
7243
21071
17921
25965
2304
5684
5615
8527
9416
13035
15934
1910
15494
31657
16828
17479
14543
23246
25131
30519
4498
13650
10213
19562
21410
12752
10875
14946
46190
27926
31046
17489
9058
8491
13030
21840
29468
16901
2531
24241
11269
12812
3063
3792
27660
4534
20068
19472
4928
15502
1405
21040
5702
3791
11556
32431
13428
12066
25824
10022
28872
20576
21808
10047
29930
30407
27130
1290
13351
8834
26241
30757
9860
32633
14284
24262
21616
20274
10966
30839
17903
7544
728
18240
28398
2134
16022
29336
20554
35
56582
31761
20768
8186
28855
52
29127
17067
29193
4136
3738
26080
20799
32458
1654
10507
29049
2572
17765
15578
30314
9539
7359
5932
32366
16154
16585
4830
55070
20887
879
659
20700
46380
15521
1385
11668
17699
13854
35028
868
53648
5937
6910
3125
20685
25602
15019
11773
7912
17840
17915
866
27855
23958
30543
9843
14266
60634
20160
18980
25118
18872
29014
9753
46404
28213
21043
26756
320
30783
10189
15456
23939
16976
26747
21397
11989
20731
14128
15414
48290
8580
31907
4
26157
3337
31857
24772
34389
22023
7446
4852
26232
23485
24820
25682
17146
25492
12066
28800
21853
12205
10718
62340
24083
4417
22028
3035
683
46422
23888
20006
27144
23715
56464
29649
12314
31556
29648
21690
25933
3865
28619
32098
7463
10070
42976
2510
1228
16895
15158
21707
6252
25203
22793
22708
24681
14547
30000
25918
6047
26803
44538
19557
20056
14692
25785
25806
8365
1712
8000
50144
3909
27723
18274
5890
27575
21237
4951
31776
10534
26384
12874
4789
1986
31994
31766
29360
32759
38344
21220
25947
17334
29836
26224
32165
6738
6963
1226
6776
11131
28643
23792
12782
28163
10626
28775
2151
18158
15977
17913
13246
31730
27745
30034
16810
32328
24534
2135
21010
29370
28677
13467
2808
12081
48308
23182
25988
54408
27914
60262
7765
2829
2743
9244
28276
20460
13494
25871
27468
17169
20474
9806
13957
4745
8822
11194
22979
26265
16860
39616
37548
31486
2176
31262
24842
9584
25134
10013
4895
10494
8250
17839
10172
29224
28880
1425
2879
32085
2438
10346
11216
24640
599
6344
30617
28516
20968
24803
15759
2337
27638
46478
2166
8414
9150
3867
4437
5013
28202
9950
29399
4881
29998
1002
3306
19707
21264
19017
3519
20154
22618
17702
8247
16540
6001
23507
18286
48290
1614
18823
27500
6006
2096
19607
27545
17345
26908
31645
1658
12164
32064
23984
19568
16490
5371
12972
4094
31713
9944
5382
27313
10005
4521
976
9572
11622
29711
696
5728
20181
28561
16417
29245
10820
24291
4068
30731
13877
27952
21538
29334
19429
6786
31394
19705
26096
10926
18998
17065
20776
10252
29844
9366
12767
20355
31119
11000
7346
36514
12626
10351
16101
4259
24360
58382
1878
11914
9508
2980
8432
26444
23725
19914
16277
6408
19867
16789
2632
10247
8906
3863
3797
7265
36471
10384
7269
7957
31345
13753
8359
14578
14725
24063
27100
5832
24195
19164
2149
586
30884
9097
24014
10091
8439
27447
11635
12792
23499
6618
23514
9760
16184
19847
63962
29700
6170
30713
4669
27031
17662
18709
27536
14733
22748
1301
24414
5110
10000
38506
60056
1469
814
19380
28803
32408
11201
26971
11598
3552
7367
32276
17570
24153
8304
27024
27859
28462
16916
17316
32762
23866
15709
2803
23361
3320
1439
13445
15423
12999
12910
1092
4043
15931
21304
14731
21576
18136
30551
11657
2477
28875
12308
13096
23481
1590
18127
25232
29356
4098
2967
17290
4680
14151
9832
523
21762
12834
19475
30838
4326
25123
18872
6571
8754
30369
6830
12150
46604
5222
23949
4432
7626
3415
14783
2784
27048
4127
24901
1370
39556
29876
25276
17448
9586
17740
15950
15144
15436
14571
14824
3569
654
27387
20568
22894
53620
21946
18575
13419
6115
17748
24215
3268
9283
13201
5333
30695
40206
6002
11779
1054
3878
30134
31861
19429
22420
60980
2098
19274
24395
32003
15500
29234
31172
30648
31623
22874
21620
27935
14066
31058
21948
26864
30161
12476
57466
445
21884
18979
9664
17472
8063
23947
11057
1168
11041
10102
26909
2898
25288
11294
24160
32343
28867
21200
26324
32049
28930
2288
30928
30075
17636
29907
5067
17999
9503
26998
32364
10855
22626
16292
2343
23420
19760
27935
26811
4453
27533
20989
32743
8115
6172
4073
24003
15805
7616
31667
11410
43000
7292
7797
17386
16466
6765
22409
6299
8647
5032
4031
15987
45924
17170
30827
27108
27406
9903
14421
26453
49340
5721
28860
11072
21442
20463
23925
27763
3445
8570
15517
15904
9600
26273
18648
2889
1775
16396
16761
19913
24430
611
22483
9164
22634
9605
4856
29585
10732
25278
28511
18568
4123
23860
14746
21382
30973
11617
29761
1780
26919
22712
30338
30967
31613
6488
23829
12749
3320
15899
26369
26453
19499
28502
32532
55470
26272
32302
21000
24775
2590
29643
11133
7052
12429
4468
21224
24597
15064
17569
19333
25366
18384
23646
62720
15837
31904
19195
23180
28468
23455
23169
19314
4396
14989
18043
5829
12208
23988
14081
29736
2079
20158
1369
23522
9433
13140
25697
29130
30478
18208
16538
9037
13366
2163
6224
4739
14804
27562
55786
1343
3936
12543
29323
29601
10802
9304
12013
23106
29469
19465
7605
48892
12757
6335
7494
49142
17542
23709
14265
1487
9879
22880
31776
28610
10065
24272
30464
13187
16631
55070
31854
8075
15880
15581
20052
9095
16242
27904
19297
13221
23117
30956
26467
4617
26728
6904
26565
29980
15564
31555
13865
5521
19981
17154
10505
836
28108
316
17567
26757
25648
14516
1911
28104
47250
7555
13164
23684
31826
16423
12611
28348
14907
787
6405
5478
11584
4687
14674
11304
28875
24722
15629
46658
6978
20678
23171
27359
5690
26817
5347
6098
8424
17559
21430
15377
63
25191
2982
1005
29659
16970
2196
6525
1830
676
19871
31884
20607
3276
26825
30215
32057
20092
13632
21818
13070
12629
17916
13525
28130
23913
17616
18635
20505
16148
7423
6964
44494
6690
23803
17625
26422
7908
30210
52830
12507
24364
57090
20170
19182
24815
31081
21182
31400
1551
19740
30635
25169
5951
13976
27860
3283
56970
17941
6439
19276
15515
4295
15841
23449
31312
849
14338
974
30289
7610
9117
22820
15725
19312
22447
12770
27935
31073
384
16116
21430
15084
3405
30779
20874
2118
31349
2591
4884
14167
11908
27518
28345
17570
3108
12174
5703
26504
20199
52196
31218
12512
10496
25402
1996
12320
2649
4779
2608
17712
22803
24435
21430
5940
23221
8337
16187
45482
10659
24548
22674
29039
4111
15363
19251
58320
19196
5587
19546
28234
16063
4907
11443
6117
27281
15656
31987
21756
20321
5936
22472
13621
25116
18589
24200
21877
11965
7478
56202
8951
11292
49582
16304
15700
5860
31120
21109
27774
6901
7990
10397
31259
9650
7048
5492
12860
30696
13894
32142
1506
30369
34700
6806
5885
23463
32138
237
15225
12722
5876
28139
16911
20435
22949
21423
15153
9226
14825
16761
23633
19859
6693
7634
6616
7164
8926
1000
19228
10210
18188
16823
1803
18831
14538
6532
6976
18102
27965
26383
530
23458
8074
2053
16743
32406
12328
11911
11747
1236
16437
10602
29808
30238
25932
28897
22072
22063
9571
400
31371
29381
15751
3464
15519
28755
17559
22969
1493
1819
22903
7399
26237
6229
25462
3341
7518
26558
18882
36358
21523
14473
14542
11785
29486
681
28420
32453
19762
734
9833
24450
872
76
16661
26576
25705
31380
25689
30785
29607
23526
27634
21935
32761
548
31369
8430
3726
1123
14392
18393
20459
17424
22651
5422
28625
22791
21482
9768
4270
3675
16602
2035
9507
64430
16585
15207
26064
5742
7187
19685
1011
9109
23462
9728
13706
1365
9472
20694
10487
19009
22312
20659
18709
32546
28364
19584
12395
20387
5798
2211
7183
19920
17825
24998
8619
26101
27936
30159
15048
19549
7222
58628
2957
24064
20471
24597
9988
27870
10243
16964
5288
9716
12693
29720
8050
32273
3289
16301
13227
30643
25087
3514
8141
8839
5289
30064
11674
24593
7313
13604
20137
1082
26580
15426
8872
2912
21861
13979
7030
18407
16411
23347
34
9862
2070
5078
8729
28850
20151
45969
15207
23348
31383
21090
22233
23131
19527
63722
4307
10119
19822
14451
2897
15085
14896
348
28361
26129
18509
1296
6348
11548
12474
23272
4817
20740
15052
6175
2341
30079
14997
21967
26873
13656
58522
61498
50012
31945
26242
3249
14615
16253
17840
12921
19887
25360
64794
20541
28754
7306
30413
13055
29500
9417
28600
12205
28787
9735
26283
8953
8224
2521
23840
4582
800
51024
15569
2578
23464
16488
17501
17938
29898
14683
5319
4899
13462
31901
1599
7776
11704
19716
28128
10407
14008
32163
46028
28828
10955
4564
28448
14286
27867
17257
33231
26959
7877
3039
409
56226
5594
3591
29954
58314
12817
11217
6844
661
23338
12321
27617
12171
30771
19699
10584
21061
31745
7735
28367
23283
14660
15331
5236
15406
2104
18843
26269
12632
989
8195
24197
19856
32161
26163
16358
10557
8294
543
4350
29644
19099
6227
26747
437
27239
18554
12819
18183
6660
4941
14538
29642
23075
15664
19567
28581
26230
24919
13432
3320
16565
25391
24107
7906
21233
51534
8494
58630
553
3072
25709
31284
24424
6648
18636
30819
11528
9692
1923
736
34518
11304
10232
5999
4998
56748
29067
23554
20506
63496
1960
22804
19008
9739
13068
25456
14978
20007
3861
61514
65
22056
22480
21479
6672
6295
27868
18365
31173
19307
5453
14422
18620
2553
27554
37648
33164
5282
24764
1224
31504
278
34180
10521
14876
29905
13913
18633
7483
3587
2449
31759
11150
726
64624
10677
29044
16472
16947
22266
3050
23963
15637
7053
10151
22671
17870
18761
37740
9164
24809
9249
31138
1582
31141
14370
15411
17012
31006
24663
22566
7579
48300
21665
16499
3958
26626
28646
17110
31446
61178
22716
25243
15820
17245
4313
14540
16809
8450
23033
20060
20401
29943
9107
21830
908
1156
24478
9973
25110
26773
15000
28465
29255
23970
22151
31086
7090
31768
9735
23964
29662
29951
14512
3129
25688
13264
8858
60982
44742
27174
24457
943
18610
22140
4278
12019
24322
16090
53898
7855
16745
16195
32150
16358
26878
6878
29497
25730
16197
13175
11640
12065
9273
19734
7172
8051
9773
30957
24599
14662
1113
1024
20926
32058
365
19470
7260
30146
21190
5010
30709
27108
14164
16771
28163
14970
6828
30289
10455
662
3561
28580
31362
23662
34803
32147
14724
28759
12371
378
18976
23093
23766
3056
19451
65294
12130
25316
29748
18452
7665
19120
2097
2391
61360
44308
20954
23471
25839
47592
17359
24435
23746
5114
31636
9432
21585
23023
24661
6702
14750
20150
20035
56160
30107
24738
27118
9859
15275
19342
29346
1128
25520
6835
25650
32717
7688
31984
26391
12742
22854
18752
1769
8636
24068
13542
23921
9355
27781
14327
13182
12386
5347
60284
117
9822
38238
921
20420
6326
19281
28763
1631
19721
27526
30695
22256
13713
5170
54378
8513
3298
13773
29454
15746
30364
26867
8759
21316
6818
114
11058
13766
27207
29161
3907
10353
19993
15518
14892
19651
12422
1212
3718
27299
9022
4480
1956
1804
27240
12064
26808
17366
17552
30216
22510
15967
14028
44856
22834
152
1100
21
11958
8958
12173
17695
651
28836
21951
12390
18817
2680
3244
14824
12261
31320
9180
23811
12298
29031
13843
28606
2971
56022
7016
29870
4956
17976
9219
19926
4754
4836
8249
50448
19147
15158
7854
4383
6853
15685
11401
28273
13775
30300
41601
25730
2205
31017
26900
24276
9474
6170
16889
17233
29210
4891
26174
17722
20498
16557
21722
19290
17549
21518
16540
9927
29190
18359
32620
25412
2761
4403
3573
21916
7759
18683
19643
887
15648
28239
30169
5910
18803
17914
7781
14495
27105
31434
52890
23207
30678
4188
24111
56908
41726
25769
26412
24183
45814
574
22585
55230
7083
14119
21480
27832
16638
21013
4313
29444
24431
20305
31542
32649
27528
21058
10331
7556
21194
12920
11168
19274
26869
24077
1257
11352
9483
10448
28288
12737
51276
25790
20492
29934
14317
9976
27161
8846
10516
29990
18613
27036
26442
25287
24549
6824
13833
834
1008
10815
31389
8274
7651
22411
24322
29757
21151
17263
19560
24753
30349
5370
14874
32213
7555
19935
5448
662
4965
8738
10241
2902
5848
6244
29934
3998
24648
5456
21189
11188
18222
26032
16079
17986
10780
13906
17596
34389
25561
28659
23885
7584
10341
8882
18950
21588
13755
5480
20401
3907
8385
27128
17109
21454
25441
28194
22652
32437
20888
27933
24326
28027
31192
25604
18803
9934
30170
28850
3068
31380
17735
50354
31039
1386
22586
15232
16712
29377
22316
6990
21017
28732
20078
1132
13820
21527
17809
42718
2089
6067
251
21325
23719
19333
20980
28118
32256
2418
18003
15207
20494
2929
15528
4147
1040
5436
20397
8030
29310
64624
17082
7956
4780
4250
25016
18512
21553
11429
15298
13981
5109
30594
27095
17553
8017
27270
4041
2419
10138
30264
5451
12287
5694
17915
16432
18833
3079
15465
22654
3920
29743
26247
26611
12443
28276
16890
7280
24805
31116
13537
1813
24200
1928
21137
32714
5445
22661
18941
18716
13523
30779
22234
29330
16704
4962
29446
29902
4765
24566
15527
25745
3433
21980
1393
30420
8015
12507
2971
16319
13271
41424
25348
17652
2324
7272
20336
1746
28876
32108
27224
4787
12055
28633
29283
22582
14361
27552
12436
12585
21046
5735
3352
16614
30513
3757
12772
3124
19810
39152
42976
37264
15372
11204
29194
6887
24047
23519
1148
3401
4264
14016
32340
9894
17310
22355
25844
8164
27412
1656
2199
14352
1998
21430
29041
28342
32202
1227
11237
5863
13449
13201
52902
22925
25717
1654
6509
27353
60282
23631
11141
2919
4003
6806
31427
14210
55584
4134
28054
8870
6669
31763
695
28658
19442
32757
14556
6810
20379
26565
22707
19175
10522
1310
23702
20000
16358
4812
25918
1375
40902
21205
12550
3139
5063
26434
18128
32155
17716
21311
23394
31398
19294
11714
25563
18059
17272
20784
18877
27488
566
5508
20997
12473
23327
14756
25786
30330
25146
2718
8310
20696
32564
8963
18013
20779
32202
11914
24531
14574
2458
6108
40857
65122
16778
8348
19672
5884
19002
28904
22170
16234
8936
3435
50418
29753
35100
4898
10493
30593
19813
16865
4818
15318
1728
22570
23749
31905
17856
24998
5505
4598
11658
60708
7695
3155
14674
7300
32120
56174
30806
19351
5524
10806
18036
20896
7038
12276
21767
5421
19329
10425
9201
29039
27375
26190
13621
36286
11692
23417
14295
378
30513
12578
29322
10486
10663
13171
3986
18788
30496
30015
18398
20935
11528
14222
8591
48998
15974
7189
18364
26735
23629
20426
9820
27581
17888
4582
23552
11439
23749
64376
26235
14741
21639
12786
36742
44325
6805
27361
2139
24100
8797
27770
24411
7573
15641
1156
31906
1530
26058
19970
21202
38958
8599
2760
17023
5368
13723
40275
9588
18751
15818
7629
24722
14894
23005
2899
2298
2113
28532
24083
25039
28725
40224
11916
20505
23134
13552
29678
15412
15127
20833
1044
16822
6959
26596
11929
13349
1488
4316
23739
4572
14415
47526
6688
30617
21675
10773
14694
30970
30640
24519
21460
18804
21555
22375
15132
2495
7765
27646
8001
12942
8134
26996
7949
13786
4014
17520
31828
7025
4872
6187
1194
29294
23562
1153
15417
25087
17370
26164
25640
30742
26427
2894
57216
10478
59658
30514
25278
32676
6513
30027
2298
729
20142
2002
9500
63690
480
8229
11106
6598
40260
8097
29972
5052
29683
39360
27429
7788
902
47198
13443
25988
10930
35350
29554
6680
5458
7670
58910
13690
18393
27272
18441
28118
20347
3459
3926
23045
14722
32310
24412
28585
27500
32089
8348
63546
4403
46556
20408
20585
10985
51938
32635
8651
31239
21950
12601
3426
21120
30744
17589
32070
11273
1287
1467
10800
28248
14454
31814
20462
2934
27846
6597
5732
358
31915
28054
55514
30618
10450
2530
11013
6366
1940
30067
30144
31446
15933
26816
8126
21111
18211
26933
17222
11082
27192
27320
5991
28588
2153
27347
32499
20063
27604
16164
27672
42742
19844
3694
16076
8095
30791
10731
27622
28819
14341
14031
24299
17620
12298
15033
30578
2287
6643
12789
6411
15274
11662
18882
16126
1970
32514
2770
19883
26272
3362
10921
12026
27349
15669
250
1807
30168
23638
18918
29464
3487
15983
10191
28607
1862
25655
13709
27984
19186
24801
12347
32525
31072
33606
183
31680
18236
25221
31208
4692
30064
3524
62774
10954
31699
13278
9358
821
1872
18521
30598
533
15030
16996
17866
6223
17143
19044
46604
16984
15711
361
16118
11431
31507
26112
11938
22514
24627
6153
30466
31847
29439
321
2105
14128
25720
28097
2053
7388
1487
18090
7068
26349
18173
20225
26379
5551
10355
7829
30496
16934
32651
16644
16773
10645
19575
19716
16289
26
786
19791
11684
20762
12064
18282
30197
10593
37032
13481
12778
10963
14851
25277
12579
853
24319
32668
29312
10632
2833
19939
10680
6805
22233
11624
15071
23294
16977
21839
15720
4547
23946
9668
8919
32315
1671
6500
22925
16088
10014
22094
8378
20884
6205
2788
11438
1626
4306
3713
3457
17768
21248
23212
13787
518
23265
5286
31095
12260
12972
16288
18261
15697
28841
15428
17112
19729
57248
5760
11187
19258
42976
12686
15195
24358
11725
10149
29811
18011
8152
11681
25654
19730
21876
1282
1200
24908
9046
1289
23859
30910
27091
16624
8284
5374
399
28960
18746
19966
14980
26368
30805
23464
29048
9660
2119
31666
14104
9059
1824
14559
3565
3058
31282
14412
581
3208
1513
29591
10761
6060
20325
23285
18171
31284
26367
481
28898
12457
9206
16529
11293
8518
27172
848
8857
3684
7464
38842
21977
19228
42502
19293
20040
14244
30644
25873
1763
1774
4645
18064
17836
28441
22869
26720
24950
28708
12984
4026
16147
27892
34518
32096
16180
2787
31647
9842
9763
651
32198
29999
28582
63690
11170
17394
795
16596
24315
209
1555
30088
28839
30183
16501
5982
28809
27779
15852
28813
6975
23513
18050
28182
28708
30868
31644
30276
26916
31906
33158
1211
27340
1415
18795
45728
687
1637
16151
43156
24330
15836
23950
7776
1598
16964
51956
10072
26235
1204
7638
30410
5603
11512
26314
28241
20917
19364
16411
37548
18038
29665
37948
7991
28592
43269
5470
1445
25370
12684
7350
5190
20302
436
31838
12412
16873
28674
6689
29154
20279
28777
20298
30962
12044
11660
21440
19062
60796
11028
13137
22230
4307
4870
18078
7148
40260
401
963
13662
23615
6854
3086
22735
27463
5943
3452
11763
59832
27169
27583
13436
2876
22589
4227
10409
16922
13514
11547
15898
23752
5884
27933
28240
30466
30044
14352
60284
13707
448
20485
23107
7569
15444
25308
27216
6145
15436
7955
22576
21325
2907
19850
54784
6635
11638
27782
11232
18438
14507
53704
6783
17931
25565
15939
14810
29185
20918
57352
13299
8798
25235
32500
31516
14892
30863
26720
6696
19984
4109
40152
11719
16445
4205
24079
27949
8942
25407
2025
1687
7984
29207
4586
20447
14859
10852
9198
902
11266
30481
10565
9142
19818
4225
33022
43854
31346
30756
22633
20000
32119
7057
19853
6568
25920
13537
59656
62840
15984
16793
11467
19316
51774
28372
2347
48942
20044
23299
43545
10464
12740
7478
1760
22908
26484
393
17948
7204
7658
12794
19079
13841
19962
13487
2487
23698
21913
8487
27504
18825
3375
9628
16503
32526
24060
25513
19926
11683
13367
6618
12577
24659
56332
27449
12926
30691
11203
29941
32568
30470
19087
21689
23510
7246
16172
23263
13281
9426
14023
23565
24370
13393
24696
29948
25310
31333
29086
2730
32204
8740
20280
13981
13663
1404
27982
13932
2771
8882
20779
26767
22804
9139
24690
11176
20015
52554
3274
22165
9781
30340
27507
3298
42126
28150
7702
24958
7392
30437
28632
7996
27497
31735
24101
21620
50712
12350
32631
18240
11366
2902
1397
7054
24333
7670
27203
23197
27766
26310
31963
5636
44866
682
5046
25372
20121
21453
7250
21579
9892
10873
2825
60672
18643
12471
25636
4006
31322
6134
8696
31755
24965
22570
20519
250
7716
26302
15726
20211
19489
32231
509
22914
28758
25893
22841
8109
37048
12356
27075
13004
13990
3452
19177
27844
24346
27000
49832
5475
20086
80
8767
26992
17888
7691
51206
25800
16149
15233
10626
24177
34890
17396
13778
21669
25751
50628
28769
8845
13921
14661
22152
17186
26311
22168
41686
55828
11165
16113
24264
17885
6893
15023
14303
17909
43848
32226
45240
521
7774
2474
19154
32574
14178
28265
10009
24185
16935
29116
3278
11556
22499
55262
2177
1418
11355
29149
2795
5966
25026
29552
4898
61140
30505
23461
45428
24063
7731
35350
21734
18570
11697
14305
25676
30015
5911
3546
13648
10580
24613
60530
25701
20850
1776
20042
17099
27246
21915
28194
30044
28373
29768
5823
28729
11702
10995
19470
19823
26978
24420
19847
2074
13240
28959
6564
10108
3264
5483
29137
18770
32485
12751
25928
3625
32524
17142
3554
1534
26725
5050
39206
9588
9131
28108
28737
3229
15880
681
2738
5868
12572
6316
14866
30953
12592
5787
25984
15537
8193
14064
9353
18670
16659
31238
6633
26630
8593
16819
22102
2220
13276
31115
31493
6033
10461
64878
4892
15620
30572
27176
17800
924
22381
7360
460
4524
3241
25300
4679
7118
1289
2611
63130
25284
30381
4004
28423
7204
55584
13409
26979
22762
19007
22666
14640
24802
19452
22145
17793
32199
13279
13542
23372
22476
23697
16960
50858
19371
935
11433
8663
21566
38686
20213
3841
22174
18792
24674
7848
24979
24168
2314
25336
2721
13247
901
14722
13355
11619
4424
23165
12046
9526
17836
15521
23237
7540
60122
4014
31297
13449
29607
60216
1843
32233
2285
8045
8395
36672
8694
5689
58532
21472
4225
3677
65172
25857
41680
23459
20896
24046
19678
15825
18811
21134
10507
15180
30800
64374
21932
32661
30992
31431
4180
26694
10045
37604
6917
28068
2825
31484
13489
5478
14639
9036
6454
17870
6447
22954
10353
51538
2609
32378
8468
24427
8921
22389
31686
12524
1704
7318
28656
15892
32671
1327
3254
554
23478
7044
21827
4524
18975
27256
16823
16038
16573
288
2548
18520
24431
30023
8827
26228
2199
1973
2326
64878
27508
12742
25902
23271
26501
24656
388
17845
17244
13221
13211
25837
14744
1343
18183
29905
1436
17747
3461
29181
5465
46174
12346
6547
9898
25246
10588
17371
9926
9576
8873
29216
14233
16826
26787
28651
25085
14639
16253
135
28438
49152
7849
16174
23995
2109
7495
63200
15448
13827
18801
24991
19230
15115
24991
22157
35574
17850
20960
25714
6496
16071
11760
11819
5121
21256
2939
10446
9864
21802
5694
5461
6649
7167
29738
3144
21352
22331
21858
61078
9089
1076
31185
17470
11651
26126
29324
31714
15905
18310
32141
5048
24822
22068
22535
47370
11797
25250
12750
13470
25488
30632
9019
22798
2401
2882
12634
26930
26725
28240
3621
12472
29997
10059
24424
5028
19125
4678
20596
28315
20175
14994
9313
30365
4821
9740
2909
22241
1521
41532
31485
9568
10227
32071
1872
27320
2092
4192
20466
28842
25352
34206
11721
92
20867
8055
2598
49066
20428
2818
29389
12632
1218
18322
10249
9018
29150
64668
29667
25451
23368
5776
10278
11005
31813
3690
11567
11826
16988
15334
30285
6508
25730
6853
14840
25946
780
5055
30409
30852
25489
27640
29389
9797
9869
12213
22300
61324
31509
8619
6776
3507
27199
28389
24024
1747
742
50426
25923
17546
20002
8816
2336
22557
10385
4652
8363
13241
4790
22776
16114
28289
5994
32147
1822
24507
15387
21224
30798
59930
3028
1983
2419
1709
25926
50240
15132
9769
12562
10188
7445
32298
2406
9486
1585
9142
26947
20275
21549
85
47866
2349
30850
23123
19671
21869
5808
30974
13206
15858
32502
30761
10601
27366
19400
17122
6356
6933
8384
7362
26544
389
57194
18792
21134
57596
24436
22263
29493
20426
300
14381
23510
64046
16767
63368
10093
661
23555
30938
23178
2309
9954
10529
32747
31402
28823
854
14790
20558
5294
25817
13585
7503
30957
24116
31260
11592
62492
17797
20781
61158
11537
9645
13115
26674
65346
9065
16563
12611
26667
26617
13923
11551
51138
19154
18419
1151
303
6881
29081
26034
26000
16156
5233
18570
16383
344
30112
15254
5550
30201
5824
27689
30332
21325
23773
18922
2837
10259
5184
19165
19265
9011
29123
11954
22698
40068
26561
9182
28705
13292
23488
21865
5022
4982
31528
5353
21357
926
26936
6020
55090
8249
6428
11004
4435
5431
180
2035
14617
28262
24109
31103
6569
24141
24359
25834
5810
29061
4978
29611
9933
24418
23413
30657
30806
3578
28515
32324
10884
26345
24732
984
20061
2114
15537
20269
49100
10516
32507
8434
15687
24304
18572
13910
29203
15275
23567
13909
22845
16414
27717
1342
30886
6824
2394
57404
30100
18150
8163
12056
29524
53030
32189
9423
23517
17974
16434
22251
27687
8568
55810
6112
31050
1941
2040
47494
27255
14473
30123
14544
6187
11504
12106
21638
7197
22961
26200
1248
5122
30202
2846
7165
29787
30270
27087
10061
4444
5723
37810
26213
27894
2696
3022
17258
9067
32274
22440
27658
30847
17470
10099
888
3785
23030
34840
11016
21156
5674
22687
23367
32174
51120
16994
2270
16175
26197
8051
12530
1940
19552
18881
22304
30086
26362
15629
12944
22486
23047
63696
296
14078
28081
30972
1332
25726
8162
20999
11278
15470
16246
31617
22524
13681
28192
48668
15543
18598
830
16956
21181
7865
367
5487
31708
6696
23705
9674
25090
2158
211
2505
3097
21094
22233
14144
11295
20623
18107
3
29119
2470
36798
8781
11415
6999
48540
20384
16197
23745
27852
30669
3553
3674
29492
8
25075
1195
20801
5221
17858
29811
17979
11940
736
7818
1006
27291
30314
29625
23314
3414
17646
1506
17632
1885
22591
13695
29427
25186
10126
19670
20596
18150
31393
25994
5006
6067
37464
55184
21227
21108
22416
13954
18575
31347
13953
3213
5338
19149
13183
2576
14078
28026
39610
9401
18116
43562
10176
22949
872
17502
44928
26771
28099
21121
14920
42160
24366
9078
11933
40138
29592
2409
11382
5808
4558
61048
8724
31840
8054
14499
51876
10213
7467
18911
10630
27364
58032
8150
8800
17979
2942
15456
2010
44478
35664
63696
29712
28099
62840
4408
11673
54130
13398
13305
7283
5642
7205
7807
38490
22121
12521
16373
5162
1008
22599
32453
4834
1524
26376
9038
1965
29890
11676
32436
14237
47058
44538
16122
6131
14694
20030
24983
6006
24619
29795
12281
6901
14150
27883
31812
14895
8037
32698
1106
32051
27256
23152
30534
4409
11365
19020
17267
24351
10498
26623
28308
3985
32445
32768
14655
224
31388
19203
45944
26128
1663
30416
2969
9206
16724
11934
2030
26822
8199
21521
30178
23604
26364
16829
8774
30966
9575
30284
3623
24387
28267
7850
21354
11595
25724
1704
10710
5621
5608
24
15707
4485
15106
29964
15433
55076
23162
31318
22882
14166
21909
24566
18071
16644
25172
39496
10386
23821
28033
2749
22675
18424
6017
21754
8013
15435
26659
27750
48410
49404
4480
39274
29167
28054
49412
12074
10106
32096
21815
52582
28348
6035
50516
8736
12968
14617
27590
5278
9177
1471
58976
17520
14641
53906
873
16699
22652
23488
22076
4411
26904
10800
22216
28734
18325
32463
26413
10922
22533
17970
674
47344
37648
3410
2665
13940
59702
6278
6384
16297
31634
13049
5369
977
29612
6398
38594
3702
13932
29011
1158
11363
3061
8682
9279
26856
16027
55626
31525
29046
29241
2941
29373
29989
26813
15830
1735
12913
27240
8588
31285
19461
11325
18391
7883
6092
32564
3792
26511
31758
22763
27906
11776
18386
7304
28719
14332
30483
18717
11538
7519
2773
14388
10400
27105
12059
4336
31303
4592
3420
19156
7485
31470
60362
20354
3507
14730
18321
31139
12261
6717
32742
18020
2923
26209
29831
15576
18677
5114
55200
30363
23759
1221
29693
19315
12975
44310
13841
21423
20081
32444
11076
25056
39152
756
29675
31342
43368
28599
9908
19905
