30937
17568
8753
17551
4017
16044
16725
25158
7725
16004
16722
29738
22950
5460
10745
19461
14096
31436
30151
30608
19667
19800
31409
4385
28497
27923
12192
15277
205
15334
9237
32721
1289
2233
22134
15306
4575
9805
4200
14794
2787
21152
16242
4606
17355
551
23628
10857
13045
8513
13439
10817
12212
14516
13273
20504
9339
17819
6395
16668
11399
2633
6752
4877
31997
6823
31414
7740
1768
18627
29367
705
26605
28486
15469
4109
25959
23807
29419
21624
29524
1904
10318
27051
24171
15347
26971
24856
16655
31261
29747
7527
9065
5166
6430
7089
14106
8155
1353
4699
12519
20785
12519
1684
7108
18604
10049
12702
4241
28480
10883
21259
23441
26384
2856
18637
24955
16055
13482
20650
12457
22420
19931
7470
26176
9472
27623
10053
170
2148
10605
6954
17667
26132
11515
5396
31668
16145
3432
7552
5624
11969
30035
28270
18286
15251
16304
11841
22742
29133
22419
14619
31888
7473
21379
24686
24127
13726
14642
8556
1909
5626
13622
30969
1482
4862
19727
27325
29550
21621
2636
3097
3905
12416
18506
1287
32338
9863
23192
22429
791
11233
9749
13258
19139
26494
5554
25744
32739
6830
22868
25754
5947
9206
1741
14444
26958
13914
10534
19645
14869
13274
24891
15668
8065
27085
22328
18725
886
29887
18110
8243
31696
27936
18855
3926
16749
24839
6943
24498
11930
29106
12824
16978
22493
4804
10417
23817
28852
31116
23395
684
30556
6154
10036
27442
25279
3739
1779
21178
28943
2238
6844
17678
6634
28997
19073
28085
24155
6485
9995
18682
19428
23166
6644
5830
5038
3789
134
21736
9637
2991
1930
8929
6500
22100
8772
18370
11865
14009
30723
19387
3707
7240
27229
7985
24558
8828
13055
8158
29850
4547
16997
23463
29627
19338
15781
20472
32150
20143
26134
14203
21888
25003
8477
32333
24043
28756
37288
19660
9859
14273
31420
2957
31693
10323
22534
4686
19272
1652
9983
10810
6937
2511
18385
14245
21721
481
21967
13355
18078
1205
14837
272
30729
6772
2053
14013
15810
20527
19564
15099
25610
18820
8615
4943
19273
25722
17709
6193
29664
31423
19699
30571
1129
20623
11668
28648
4024
6575
14426
3176
4999
26327
30149
1474
21519
19215
333
25821
16151
29903
30199
1559
5424
24344
20398
17954
23921
31976
17770
27674
17800
374
23134
85
14556
20931
12590
5869
20118
18099
17435
24433
3176
30254
14683
8110
5204
18060
8333
28240
4174
5027
26075
12875
30745
8475
461
31600
30092
10646
13326
31678
5286
2224
25223
23569
13517
20011
25696
15799
8583
18478
28650
10464
9551
8695
23782
13583
32373
16410
22523
8872
27088
8972
23536
11315
1215
24004
30979
16964
5320
31093
2541
25361
16283
11954
9045
19883
24774
13793
18890
21248
5486
3905
28640
31615
31443
11545
9318
10305
19335
10818
1932
7306
31892
2363
9541
11103
14802
25780
16687
4227
28630
19613
9611
1973
25611
27834
13461
28965
29081
9435
28681
31355
8480
4215
14630
10184
29877
940
6910
6814
9214
22113
9767
36188
4092
14783
26526
28102
17181
16085
9059
31481
17783
18541
21819
3174
13220
26626
28859
4816
29672
12743
26141
15221
22885
32294
17359
7143
7906
30416
9651
24685
1558
17845
30402
32473
1599
10271
11722
2540
6350
60530
1710
7095
8620
1273
10555
21298
15860
826
27240
19819
24052
7021
19260
19799
9571
24398
15707
15799
28412
14911
4008
31149
16268
28118
3561
30767
3502
3120
9192
26989
8081
14399
32192
8833
3808
26490
69
10457
9628
6791
25010
2556
29083
17967
19934
26546
12544
2628
15617
4032
31639
11988
25338
4271
16748
623
7226
28324
1914
6676
18068
21188
27629
27960
1654
13328
26566
32624
32586
18006
32520
12270
7760
23801
25956
3001
29831
12469
16800
8644
5315
23189
12959
22622
15926
19986
32453
19291
29401
24707
3630
31982
9819
7914
1954
21204
7549
32242
7280
11743
31307
9280
31914
6254
31034
7653
31377
18044
30602
2049
5466
1538
18792
18398
12950
19290
15876
24161
30635
18952
30350
30975
12439
32608
7936
5636
30627
21449
17807
19456
20236
2628
11801
12016
14863
4549
6243
2392
1464
6467
3618
4433
12469
8483
29200
2793
10154
32585
27417
13618
29598
4679
11722
10173
12656
12113
22863
6026
16616
10424
4421
14418
3488
1466
28273
24710
30154
17520
13556
16958
9980
13060
26420
10251
25478
21767
10524
16526
8907
1151
31277
21760
14603
5171
18729
11291
6694
18549
28117
1311
15399
26152
22435
30116
14763
22684
31184
18053
1703
22743
2710
17363
15178
25075
21840
10459
1238
8475
17777
20342
10016
25393
13367
10717
8682
21391
9151
13299
9361
14314
4627
25133
15690
25888
28108
10114
19384
27564
26956
22250
29021
10676
19993
18750
22416
17670
2530
11683
18933
24044
29461
22091
20243
3155
12823
9163
26146
3806
26359
1582
12486
23174
21225
17945
9478
17987
25158
19133
32034
12639
21377
14402
10327
93
24887
9371
14250
17015
14265
27586
29666
6912
2556
651
28121
789
4703
5823
26645
1043
4172
28371
31082
472
29891
27995
24639
1747
4520
16907
28269
13815
32555
1799
10800
2053
32331
640
13133
24167
20820
22662
28404
2843
16029
17553
10631
15506
32050
17535
24822
21725
13720
25203
13448
12259
22029
965
25014
5141
26618
6225
12895
64554
1509
31508
13516
9253
25139
4892
9783
7979
9775
1851
21436
21713
28352
27782
9848
15422
4593
30210
7677
32018
31648
23350
15149
645
587
13056
23748
13768
10161
3280
15062
12941
24506
24203
5731
17410
29834
3935
23452
24744
14316
6278
25980
4705
16163
1006
16219
2224
13514
27914
17526
6121
31305
3511
17035
26731
10059
32617
28531
5645
20597
12222
14147
828
27592
13557
10288
15126
12308
14707
31867
679
26505
27269
4393
28021
25406
15856
972
1434
7895
7546
10808
16603
3374
21141
27676
12112
22463
2287
11088
10644
4963
6435
7860
25538
16945
1801
16790
838
774
24672
14092
21450
27152
26976
28205
26280
8871
4257
14387
15430
8086
18772
403
3074
25152
16357
22996
32105
4711
17046
23815
2952
19725
493
32712
17267
26102
28227
27820
8620
2648
24760
3123
15642
5562
22132
4418
13343
5515
31623
20689
5246
4079
9893
22386
23499
27323
22686
14442
14173
16699
20227
3484
7074
7395
9712
20724
12238
16287
29380
15773
26228
15366
22234
31258
14904
16941
9055
16912
8689
20867
3375
21754
24151
21798
6564
12046
26460
3221
11097
32559
26390
20839
27905
20256
3267
488
30966
19371
32378
31991
22662
8204
32350
24078
29866
13589
23507
20911
32622
1356
25914
20798
23987
21259
1937
28403
13558
5994
14507
24339
14159
7791
18767
13292
5611
15106
29417
31299
9977
21932
12357
11641
16487
1517
17436
21500
15896
17053
30083
6579
24482
16613
28026
32008
2715
32147
28232
26441
24216
18258
17749
25967
27808
47404
3998
15866
7677
22153
7803
1176
4648
25646
26120
29453
16934
17343
4391
21512
23475
3897
13475
10023
15804
10414
31522
31942
11918
6371
22474
18850
27197
31743
12970
70
26223
17027
13079
21250
12087
6136
14701
10489
16675
1068
20043
16354
26918
22616
8250
4477
8173
7209
23796
23005
5128
27752
10722
3893
13865
21579
10610
27688
16256
3712
8301
32414
28986
4117
26093
17714
10852
13576
14510
6332
8380
6699
28551
12030
26989
9304
25129
24870
24175
4572
2099
17611
23357
34858
18403
26922
20152
28908
19401
23709
31677
21315
30034
8183
23238
4179
23934
3719
5929
12020
13742
4419
28652
13757
17555
27947
26252
9978
5714
11846
32029
29430
880
7221
3034
693
29172
23841
23043
17128
7791
20278
24505
6668
19951
2048
12478
1854
17885
12313
19574
4708
18768
2219
1801
26223
16948
25755
15263
24709
4819
4605
27496
14913
20094
54876
32219
5212
3849
42874
2279
9854
11406
21027
11118
12202
28005
29503
62264
23924
11438
11844
20122
14283
17475
12599
25128
31682
29580
23720
1043
21087
31717
29666
29989
20502
6712
25348
24288
28462
8659
1602
30315
28827
15974
32430
5076
2208
11910
23994
31760
32246
26525
1238
27584
7373
3617
4395
26792
18358
27299
10279
14170
26369
29205
12375
15595
5913
15365
11954
25372
24146
31408
9526
30018
14345
16389
2366
16574
32079
6359
2342
19099
12895
13245
2106
182
26790
25716
2836
5785
4407
18498
30586
20774
11555
1828
1694
28335
20149
30511
21831
19147
22155
12100
21595
18424
443
29500
16361
16332
674
30800
27409
12091
18504
20906
5294
30187
10930
17064
20973
24254
18574
15723
27845
29287
13466
30689
15280
1527
25135
6799
8087
10587
20509
27128
2972
8430
10250
24388
4624
31347
24723
9404
6974
21510
28887
1718
19416
22
32612
29716
20376
23837
2270
16590
5449
12771
30011
10626
28731
31998
2398
2944
5913
7095
3613
16832
13238
24306
22484
4328
29348
13998
26119
12046
12869
20804
31618
24850
32332
1633
6911
23463
16199
17210
21320
30375
32442
24896
20573
21867
30397
12357
25305
15429
13819
17364
5018
23588
7325
18012
438
18213
2644
57838
3281
1597
6621
22055
6220
25311
16383
9098
13466
23342
12848
23968
8431
2629
7224
10560
29517
11102
31348
28767
23825
32118
26081
26108
6182
6852
7370
12822
29978
25388
16071
27235
4247
10809
31136
20161
8342
2728
12218
19807
22862
4828
28667
1155
12759
27132
23290
24998
18359
7766
6152
24225
21976
18004
22860
60530
16109
20827
8761
11918
11121
22730
31579
8999
4490
18561
23357
7179
13492
19946
17447
21579
23066
29378
5232
31000
1102
13943
19410
29310
10495
9375
5385
1546
1022
18680
20486
18326
7040
9424
20774
14757
15563
19125
9691
10646
2741
18400
7830
28676
3467
32708
26220
2207
20475
30222
18053
24354
1567
18574
3268
13837
61684
16400
4469
26424
22060
13899
27554
20864
3319
20080
23278
46534
24283
10657
32081
28424
30014
8125
4574
18955
14486
20443
26599
22451
8490
11435
27187
6297
27503
18929
11223
11654
3209
25174
4974
20509
32241
24057
19677
22721
20316
19870
26003
21614
20959
12126
25444
29050
19776
10667
18842
18864
2658
11740
2834
430
17938
12571
19861
236
20998
8675
28409
25101
22321
22140
18515
2965
24915
12595
21600
3899
5053
21663
24069
16643
24230
19020
28140
19908
8745
17689
7294
32279
55950
5798
495
3080
14886
1222
25275
29160
48608
19123
22796
23029
31376
32713
2567
18996
20781
22201
27721
23426
11004
22348
2467
15401
32238
45350
18068
9172
13038
54846
6760
28832
10485
11630
28428
27944
2259
9246
26126
24113
28800
32284
4296
20549
31757
10959
1730
38298
15107
31993
11495
20846
54408
2803
10415
20221
787
2855
24002
28691
32639
3522
16854
24790
13008
14870
4459
13838
60414
32555
32098
21758
29428
14349
6093
29966
27470
27622
1902
11199
25522
23095
48808
28749
22603
63314
19346
29488
11288
8873
26977
6499
32473
15704
29898
16569
29120
22494
11153
8437
9451
31262
32124
8961
8454
24787
22422
11253
1386
4089
17310
1516
26933
9771
19903
24289
24125
4412
5862
1852
24925
12036
9218
21629
3209
63178
4884
658
8239
31599
4319
26565
7640
60242
24702
30611
12057
30598
12432
5960
1675
12153
26316
32707
15903
9743
20836
7236
5323
24488
17712
24591
20287
9804
17391
25590
18222
47386
41952
15623
17104
10818
5752
768
12044
21845
5440
10911
19493
15216
22546
25807
4220
15044
11084
26198
45350
19779
19140
5287
1912
24843
18121
23988
22431
11313
16450
25699
12211
5745
92
28587
9897
29732
23830
20882
28965
9922
269
10383
30331
19341
10131
13838
7961
7948
1799
13323
13194
32732
31888
23504
28752
4200
24757
13549
23127
3121
20590
31101
3716
9797
2076
27505
19914
12278
30328
23740
15224
11689
10630
15196
30024
4472
23519
25187
25879
19961
5379
16821
18708
25221
2902
12397
8298
45456
19914
23826
6351
6391
12305
3446
23780
13392
31382
12710
7822
663
11613
19691
6518
32078
15714
4586
1622
27194
11955
30222
59146
28712
16105
28322
3325
82
3003
11768
10209
52896
2848
23727
15313
32120
27609
27512
27310
26
6115
5727
15359
28806
27839
25552
27603
9960
3695
6240
30043
7179
1769
2402
2152
13848
31914
11044
26403
14994
10539
27605
25637
11292
26466
1941
5224
10715
28584
30021
29371
25207
2006
18953
4364
13438
23156
31542
19159
23200
27708
27168
2301
21065
16148
12453
5334
29498
25656
30410
19573
29400
31944
16879
31510
26303
910
11722
22284
16604
32115
14741
21115
24598
16142
13971
18538
5401
22552
32433
9527
13825
11306
5987
20883
20718
5263
1813
20531
24259
19759
16805
3671
12657
4484
3625
9069
8682
11669
4090
24678
54920
18329
10886
24191
4482
19272
12074
11234
4462
24600
17679
60220
29425
29166
44694
16513
3829
27364
21543
20186
27684
19575
13215
31381
28602
15134
18143
8406
18354
19531
31046
3720
32075
20859
26358
11814
21071
2305
2182
8468
22573
31074
6877
7387
17790
636
21453
29440
17753
17148
1218
12899
5638
3845
10043
29223
12882
26197
29800
10967
18236
1697
24527
29994
18766
24425
22821
31898
20505
27858
25017
13383
19074
8646
13040
18882
9239
2148
32201
14379
22380
27763
17804
32721
18204
14611
27889
8238
20841
12217
15675
6538
1557
4472
11150
61344
27164
20875
17990
25633
16941
104
22437
14865
21513
19080
20886
9105
23039
21385
24573
11688
2730
8565
17577
6358
19104
21395
26322
21217
57014
11753
59236
3842
8494
13942
22999
12985
24084
4048
21910
28659
25885
9464
17758
21792
7574
13198
59462
29752
16795
20236
21899
20544
4931
16532
16537
5361
13128
32344
4396
944
15712
19249
20127
17909
16104
31823
30518
22168
8537
28432
28608
13027
11104
19521
8553
7672
11209
18649
32525
27836
713
12562
14714
2009
25115
8240
18165
28098
898
35208
9206
31471
14911
26671
16065
15201
25109
27319
11545
29344
28184
12111
828
23987
9319
29278
21223
3516
5529
17766
25818
26749
4151
11392
9782
17516
19342
17720
22462
12855
5600
21630
14821
12260
32145
29878
19418
6261
15231
23437
8424
13764
17991
25586
16156
28282
19289
2079
13670
16432
12322
17268
9630
23648
2856
30328
9337
18082
29085
17186
635
12663
27747
16643
8684
27035
28320
28404
30198
3048
12273
27455
16913
5980
20414
11677
8493
23161
29394
29669
12417
25978
13422
8335
14659
43420
24483
14802
17485
12091
16898
11957
18861
3984
2136
18802
2126
6454
13471
31779
15801
21532
5368
29090
30306
13798
5977
22244
10458
5023
22596
4887
27959
14805
19254
23026
11803
17204
14274
13142
27876
27079
12333
6755
3726
6585
26595
26108
28435
30356
15184
28807
2346
26235
31421
2334
27915
9151
16192
15268
15956
10630
6203
29234
32102
8830
6459
22428
7572
8188
32
4184
9799
22647
18043
31701
60050
4843
7458
22428
17223
13085
31865
26757
13248
16005
31263
13576
19510
26403
18912
25572
32573
1221
12731
7125
6138
19271
1967
1890
17486
32489
7400
10017
23583
3812
26590
21614
26321
55966
3811
27708
913
9260
31972
19240
13243
28660
2075
13158
7371
22801
1693
739
29757
9349
19790
6804
1596
24484
25479
16265
23719
29741
13107
12679
28124
12697
23052
9200
19527
10189
28193
22770
64370
19549
27806
14166
31954
22368
25532
16182
21240
19947
11670
31815
29990
6376
15257
2848
24442
27032
22515
1509
29760
31142
8463
12071
23360
3371
23117
1849
18941
23608
2863
6312
16176
31341
29213
4280
48810
55582
15274
16974
8052
18214
27034
28163
16987
29982
22293
24884
16174
23837
24366
20681
24471
20868
32284
13867
32537
31260
19388
20352
1539
27347
31687
20405
29937
28147
5514
12265
8292
27661
31908
12828
23117
15171
13696
25533
31676
3121
21104
32284
28085
8011
1078
20773
25613
9778
12194
14323
4945
1018
10232
21358
14424
27428
25133
22152
21602
5985
13658
24275
8091
216
3324
2937
28696
29549
14942
1470
21407
24440
22037
16121
6675
27515
12504
25558
7365
5529
31166
29691
4396
13281
1073
3317
18492
31017
8882
19714
12678
17809
28295
2383
431
11468
7036
21940
6257
24847
22635
28312
19116
4904
2183
21670
21912
573
11972
61734
1425
44320
8806
22146
13798
2475
13776
12171
27437
14375
27701
28909
4312
8472
8387
1247
13799
17027
28862
7138
23619
11752
10158
9492
24265
22386
1904
20195
15351
9079
11718
20124
11647
29918
12110
22797
11112
11866
14755
21825
17966
27555
14365
22349
12947
5909
21918
28818
28446
526
18293
20850
10714
9229
10286
26540
21903
962
19089
588
20133
3316
15922
28253
25712
26378
10207
6074
22028
10952
1480
20678
10789
32129
31007
14815
16571
20040
4378
20974
15178
10788
17867
9975
1454
7873
31228
14155
27582
18352
5312
16145
24240
10421
9558
30227
26070
10608
11330
8693
16981
23305
26235
6138
38006
26623
21222
12442
25301
10072
31941
6848
24584
12765
13831
2909
3690
25499
31888
30125
22999
1097
27639
26310
2108
18726
24005
13716
1379
870
11965
30379
16903
10174
28774
2571
15692
25477
13910
8073
29556
3745
12049
5304
26867
23369
23988
26292
9073
25096
30575
3374
28043
24125
20149
6630
5779
20664
25539
1616
11451
26331
30628
29186
15018
16092
28833
24591
13609
35976
17758
19995
19101
19898
1034
12640
23290
64982
18101
23151
6716
15714
22305
1752
330
2427
14494
1712
11515
3441
26717
8009
2132
20199
13839
15571
4340
8725
9089
17731
21568
9108
5963
25923
343
26385
13809
18485
17875
22899
13591
9257
27802
21896
20972
17985
2099
31460
2680
3776
6144
26424
28022
5904
10820
6702
30937
18647
24432
27763
17978
19820
26406
5098
20862
32479
22321
12671
9736
45154
4555
4922
8630
24867
16785
16128
7217
24394
372
18388
23016
15705
31103
26617
17924
13388
14845
4326
30431
55786
8786
12337
4459
20735
11686
27078
12462
1285
18695
16425
16989
15381
15987
30744
18535
30058
6845
3176
5516
31747
27062
30576
2329
29390
32484
8344
22578
17563
20392
15311
24110
19134
1023
3177
17487
7059
27752
27570
2374
6870
15961
18960
10280
28037
14904
28875
30538
3317
27466
22738
8043
14689
16964
25831
13370
19552
4258
4709
14928
27943
5418
13163
16084
13220
28520
31499
53472
17806
2198
19802
13142
29534
10372
16561
8859
16341
30113
10490
28432
31473
6258
65040
19485
24110
7109
4981
5174
17041
31355
18909
28698
4712
22038
20750
19511
6294
4227
28687
23723
26246
2965
38811
22913
36476
6649
26678
10176
2157
14442
29717
771
27523
10438
31285
13590
32247
6319
8025
33702
4697
6262
27371
15378
36198
14732
12778
13583
8180
22806
8033
637
10961
16858
20283
28253
31594
12032
19286
5601
466
1577
11503
7500
27634
1951
27042
6800
2801
3302
7971
16569
817
23778
21868
14907
18115
17272
11798
22699
26135
21937
24111
26631
20691
57842
10722
18073
29305
8405
9172
16340
28054
26633
1082
4031
13862
54318
5062
18464
22937
10461
27981
12031
19995
10094
3142
2996
22762
4376
7931
21539
26523
24510
12383
9740
20558
1140
9272
24518
17886
13252
2249
29847
7617
2128
14782
12114
9046
5192
5571
6792
20874
12259
27192
17842
22593
27320
4410
16912
8083
207
12815
20995
17291
22338
26082
6992
847
26697
1002
30561
30820
7752
3880
35926
27874
27908
1266
4217
19621
24044
584
9752
20209
6132
7742
18151
6247
29608
18582
22198
21237
14550
30976
23137
43262
32075
26869
18726
838
7273
32598
21646
5529
6527
22505
11837
13020
6928
8999
19630
6032
28428
9928
7585
27358
7990
5217
1863
30021
17505
5903
8696
22966
28442
32664
17805
28418
255
16544
7712
25989
17510
28595
22374
1025
22983
11678
31582
3236
8085
50468
16415
31258
13248
6765
8239
16617
12584
1320
7254
21178
27620
27602
8076
2855
20134
13723
25607
4151
25322
24044
7021
10887
29846
31616
7138
11047
4449
4886
13317
650
29920
28578
24250
15227
14164
1003
19745
13856
23820
4651
27770
30093
751
23290
23288
29383
8752
23295
23328
7115
22891
27196
895
16729
27125
18494
28314
26573
22725
60428
19172
23639
23162
7121
14359
20642
29934
17624
31357
3375
1238
16469
5747
28501
11434
29826
24500
7092
21925
27878
27994
29850
43168
15188
14398
10947
15868
939
26749
27799
19781
12968
32489
21080
25739
25037
13298
17228
6233
2799
25109
32416
32634
11183
6342
31790
14236
8103
11532
1670
31551
4365
11972
30307
18850
18216
980
10768
8214
10757
59092
25745
32160
26985
16156
29898
26807
13214
3465
25155
22976
30934
21676
6175
25518
31367
14161
15794
388
43170
4962
28885
22344
8539
18157
13347
26825
15637
13220
38858
24408
9868
6012
13732
17456
27774
32700
9842
20177
1185
24690
13588
15985
31799
48138
6525
7176
26743
1013
34446
16233
28128
21479
10082
24142
16661
25791
26060
26282
18729
8533
32354
3379
31518
21389
17630
19072
24247
35811
13283
3866
9473
31917
20303
26320
12582
48138
33260
29769
24691
28017
23954
29207
28410
31180
15447
1329
6454
22650
9542
3944
25891
32293
31360
2027
24840
5715
2361
5299
18055
2479
12309
1590
25829
30460
17878
2662
24025
3438
28606
12770
26977
30940
25517
20942
2444
13568
22691
29483
25777
352
11481
8074
28605
56
16155
28764
20142
44972
17501
23272
29734
18404
22433
19675
5914
21162
29529
37724
31435
18533
25589
40758
24488
21984
16418
1668
12171
30529
19733
8188
22178
32420
21342
12268
7014
19694
30097
13971
27686
26364
31766
3937
29931
29177
8913
14321
4482
2874
4026
12569
5122
889
5279
27524
9606
28067
29380
22842
6501
9437
13522
22898
6319
18925
21057
19910
28949
10492
26975
27918
11124
23977
1527
28083
5799
2990
27526
12211
12668
3855
36276
31652
8392
30758
28931
5443
28163
8788
27584
15786
2362
207
28039
8203
16184
3683
9150
23277
3033
13315
30338
10129
23530
51530
26216
29615
8040
28002
49204
11564
5354
13097
3590
7690
45456
3920
19590
10061
2655
12480
29851
25456
3816
2272
16894
9400
14924
20141
5460
24444
32664
12122
13333
21415
28286
4219
12048
14140
10953
20426
25775
1561
31958
1430
22394
32532
28744
55982
8857
32379
10468
5171
19244
32567
24988
26532
16218
23586
21689
6936
2412
2182
25926
31968
3645
2858
28138
28750
21001
17825
30463
29136
10385
29008
31003
26089
10134
18372
18721
20498
17525
27858
4013
21291
31543
1266
13604
5887
22201
5635
22738
15234
24335
2701
9938
53944
8256
3229
1758
25739
14383
22353
17776
15475
17493
8636
16125
16857
23562
12500
22811
62756
12507
5320
8880
1058
64588
30747
23551
47284
12225
21304
19623
19307
18789
15202
41188
21953
14277
27603
6574
984
4462
31064
17455
20451
18569
19195
22786
9194
14658
5207
20731
21160
28056
28439
15851
31199
14972
16866
2247
13096
23024
30208
3101
12192
23084
5571
4100
30575
16107
6454
28104
2398
31667
4480
26505
420
30342
7360
28607
19334
29901
28324
8405
25245
20167
16692
2170
32217
9059
32226
29123
5346
32083
9964
27260
30638
12028
25708
26439
3054
49024
18482
8761
3130
24991
3136
7285
25600
32625
27223
18530
27777
966
21551
5454
15007
57246
28407
83
25802
19405
25634
23656
27045
5217
13874
28216
16195
24977
26927
2802
16834
1338
8060
31915
16545
5580
10854
12605
24114
30942
28746
19773
13300
21783
3969
5000
16042
14169
21421
26720
10615
52976
31295
2063
24948
31232
29426
32068
23494
31487
13906
20196
31099
28157
18934
23788
7288
64300
18961
17733
37156
25844
25938
5524
6650
14371
39084
21746
6881
7934
29346
6185
2800
18931
24206
25848
18472
2381
3604
17727
13525
1264
18926
21365
32252
18499
9677
27377
10299
11621
28806
9484
10772
14864
29419
21367
30289
6005
1256
6610
32299
5655
26438
20272
1379
11790
8397
32364
3947
31790
14284
10419
723
19800
27599
16122
25071
24382
29632
50012
51502
1152
29151
16945
14525
21299
7728
11964
12525
10283
12216
1880
11173
5362
31170
14685
13811
8791
3946
10108
20448
103
18459
26071
62022
11042
7605
3250
23500
21618
30800
20771
2718
30807
24196
13353
24118
19028
11125
4641
64068
22045
30775
11067
4993
27687
32505
31489
26383
7673
32595
18167
10580
865
31658
64552
20308
20073
29041
15575
21252
22899
12106
18932
24528
23958
27351
1185
27328
955
29596
40308
60976
17795
7629
5521
24255
31323
25222
8442
5924
1417
21445
27442
3944
26252
17333
15502
2712
7814
19729
12404
25194
23054
15936
5533
9657
24809
17424
26888
26923
10564
6300
9138
96
3756
28980
28533
10229
13433
5707
29737
20629
1987
28143
13122
22632
14069
58214
17654
29288
10221
6079
22954
2450
27591
13122
31309
48984
22731
16936
3096
19100
44944
37574
23530
15164
1983
8843
28884
19618
5990
7016
8140
24575
19094
5988
44350
8717
24940
11687
24331
27647
31491
20894
13673
18400
26679
10543
8557
25221
5834
19312
10571
19282
13604
28643
2696
18937
17505
28646
29799
19176
17667
3697
10738
20299
23162
23143
16873
5477
56532
21804
13895
4141
17222
29283
1128
5999
6177
16353
23922
13009
2146
26554
17434
44690
15800
26428
24474
6939
11232
9194
27919
11715
24640
24428
12821
5975
29982
18955
5713
57314
12161
30410
19486
7274
31989
17602
27355
18101
14431
31320
25666
10984
3124
4229
4862
30026
65144
24308
2731
7924
21578
20218
5541
24535
10656
23090
14979
25720
13440
13902
24432
21433
10763
11377
6502
1844
91
19146
8030
7185
10474
27038
8845
8559
226
23100
1346
62924
1664
29879
55042
23788
27380
28456
20368
30000
25486
18065
11446
15226
9988
8386
23318
27179
15468
25541
7451
32183
2790
6433
8244
1025
48080
25952
13491
18615
16967
32282
3627
20376
1037
9926
35330
23857
13723
48368
14394
24157
25784
30890
9073
15203
33822
26750
16834
6530
2658
13800
5969
10702
28311
21633
18892
5260
202
307
24900
2550
28016
17969
19082
15023
58756
22610
111
404
28838
20621
59184
20673
31880
29906
6773
11586
11224
18876
864
5208
28791
5828
7163
13180
20619
27503
14533
28416
11761
13232
25878
12224
32100
31203
11499
2715
16788
11765
28149
58574
22152
11172
27072
214
18677
27140
53328
2455
23978
12875
23439
16858
17885
31913
16824
22687
15444
24737
12745
8410
11469
26349
54846
22161
21024
21866
24296
6626
11518
24891
782
22481
6724
27393
11137
13013
30628
15952
23840
13661
4364
14884
10579
27698
5587
58290
29995
6434
20943
16641
8479
7636
10201
14873
30379
13517
19772
27980
16636
21600
12434
9098
23086
28258
35222
5726
9772
20942
4766
10602
11226
23394
12502
2809
17302
15475
5942
15226
12027
26400
29799
31309
24392
15827
9885
1362
17566
31740
18637
13403
5097
34496
25090
3515
3064
27587
22140
14432
25499
4889
20214
9226
2283
25619
1024
3727
22454
32190
18302
19575
12317
46712
23804
7019
29476
32550
16898
1791
1408
22660
1390
13333
21703
20122
12440
17185
11158
16343
10269
10148
13168
18242
23477
13158
14341
23814
13320
816
2757
12437
12635
4835
32114
2
24831
13460
32232
708
13649
24053
8917
9052
25915
50218
16534
18907
8696
27098
2309
512
49586
24531
20813
3653
7006
23397
19373
19927
37190
32718
32212
22934
11616
25525
57158
22353
22108
17799
627
15670
13484
1649
9639
29030
27802
31181
23017
31316
18682
27668
14427
4643
32332
25469
2614
28969
19222
24853
904
22663
9702
20537
16403
27362
18469
24828
13829
6220
20733
10308
42726
21502
48136
2276
13472
30588
15304
15765
25560
29256
21802
7893
9926
7908
16561
29228
18403
29818
27798
26127
29474
1901
18674
13871
382
23871
32008
13392
28757
15507
30624
32738
21390
23890
22909
1696
2362
24391
9957
7402
16637
3741
16794
22700
3075
16697
23341
51068
11867
15924
22338
10043
20412
8379
19545
9898
39470
10309
4749
13537
4835
3549
12158
1393
5834
18354
14643
11637
30405
11947
29148
19661
1432
21223
31776
10662
13662
18651
8803
31644
12426
14493
30710
17850
22632
15566
12848
13745
19065
30883
8768
2417
4314
30504
16843
7138
32131
24321
26141
10649
12702
12018
570
5124
35742
21269
7449
19676
24474
8974
12447
9243
26896
26793
28291
19170
32694
20927
5817
15
1816
24398
13994
16866
33904
27182
16516
25714
1131
5798
13884
20096
5386
10599
16687
27360
28637
30364
26678
9544
8640
7752
19979
30157
25636
22291
24949
29471
12448
12197
26082
910
6925
6605
23635
20008
3459
27675
19511
8183
22224
14329
21692
27669
8505
4834
21000
12251
59698
9590
10218
29631
10389
17491
32499
8389
23638
29872
8776
31485
31341
36792
5381
5099
5260
27552
24190
14628
14876
35684
30773
16633
1490
3481
4027
1917
34440
19978
19120
45470
31157
29756
20953
22228
9311
16999
28406
27580
6684
13784
27676
4058
8967
15863
31903
6689
25707
49576
15946
13770
19272
18222
9668
30164
6643
40170
12845
29380
5773
59754
23712
25136
24987
30992
57540
24985
10450
5597
28913
296
3472
12999
28112
31918
16181
11599
11985
11402
22706
12930
17661
18073
32502
41546
1684
993
25515
5834
29113
27211
6785
24295
9634
6
19246
19906
7229
1620
25054
7774
5428
21407
7930
18055
13819
1267
2240
16215
17557
19912
28059
32180
8009
32301
21303
31297
22425
30834
22037
15475
547
27211
7438
27091
4702
2185
9530
33108
60570
356
3568
14547
13253
29595
10796
27852
8013
21891
27912
34620
13905
23413
3604
30571
32731
6194
15607
3099
10463
12002
42388
26785
65310
21802
52226
22655
9234
17937
18326
10133
28102
13997
53374
14383
22229
13749
2436
6090
12817
4774
27456
26755
26744
6072
12284
27022
31254
25477
23299
13617
25137
9643
7710
9731
25718
28392
28675
12497
25829
20534
65472
30629
30011
8215
5348
7297
31314
10068
14507
25032
14331
64370
7809
31556
5924
23962
25428
21729
30876
16979
31348
32453
29543
4026
12318
8462
6471
5804
18334
12878
2614
24715
27470
32562
6502
1642
5318
15241
16692
25250
14955
12201
27327
30887
31076
3824
20584
12243
5647
29667
9498
626
30496
19418
12387
28053
9093
1040
17819
10964
16900
32734
6893
17052
25479
12066
11251
30830
2009
15407
23426
32636
21040
28559
23189
17505
24910
30306
19808
41846
18798
25478
29897
21732
8472
30396
16432
19566
3474
30974
1905
20274
7814
24591
25343
12290
21923
25023
5918
12119
21506
32860
23127
13191
24387
30912
6612
6786
11407
17759
19333
32214
10017
28752
7547
24205
12876
26020
4526
7882
1100
22746
21613
25725
28481
26110
16669
3858
28984
7132
47534
16744
15172
12750
27917
11118
28979
13430
2285
9811
54288
15376
8614
1762
18559
12828
18205
32305
7205
21897
8946
24690
18818
11523
28882
8892
31879
24529
7813
21921
26721
402
2249
31652
6459
2022
3380
26496
16138
20297
12455
24235
28377
2522
13267
11049
25950
21186
14215
17201
9125
11961
5494
14292
24373
21901
6669
25944
16597
18413
1460
27351
31185
31152
1822
96
20322
23611
8199
23017
19500
13020
17590
25410
17178
21876
20164
26629
8923
25428
4837
397
1894
13867
29264
32619
15477
32422
7211
27230
3868
50316
1925
6502
8889
23479
19799
18679
16592
22219
1180
26351
57356
9203
6227
16563
3851
2703
26677
24361
3867
40470
21643
29537
10971
28298
6814
1193
7079
11178
1145
8863
15627
19579
1504
9950
22604
12635
29331
17376
11132
30581
23566
29629
5505
12367
24671
16545
22483
4132
5264
27000
14225
6734
14670
38636
16377
5603
389
4020
9086
6294
29791
50666
29262
31766
29015
6472
55578
708
3125
5460
16494
5556
10987
10845
7728
20980
2605
10755
32208
9090
30136
30632
8694
6487
20407
14079
26910
12308
85
14406
5445
11026
24828
31342
15789
541
27228
28862
1919
18706
20104
34362
799
9453
24678
36196
9946
15697
55492
25496
18276
29709
21123
18362
45338
19177
15401
27339
6857
25747
27149
11798
27963
17506
4358
9508
7122
2651
9134
27845
46864
18200
26709
27267
23968
15692
20697
25122
1052
3260
26864
2591
5639
24590
7812
5260
23413
5268
24477
6254
3753
27222
4159
37222
10163
16291
28905
19250
2021
26912
4917
42726
22877
140
20488
23111
12436
2587
23295
24682
24637
4340
10013
19394
15459
35660
26156
17939
13136
23404
23936
30078
22293
29755
1596
44742
11901
6129
24953
23761
27814
26077
19225
56052
27310
30468
5510
17876
29067
19045
28220
24917
7513
25361
3092
49142
23413
26812
7729
17725
11449
32747
419
53348
414
14930
26517
8916
288
15573
7994
5924
20182
43844
28080
16722
6770
29302
11530
19772
1990
1524
12007
14636
10806
18326
16863
17627
17875
11417
9391
8240
9280
32606
6115
1255
22423
26670
7037
15810
8688
10634
21602
17222
19292
4966
13531
3612
17159
23617
20077
4468
18029
63994
23062
251
18501
1900
18516
8760
26176
15852
21288
31312
11549
27761
15217
30428
3947
31432
7757
6914
15907
5762
15933
58190
20339
2515
29807
11222
23666
18570
14823
208
24066
11788
698
32270
15034
30240
31798
7282
52908
5332
37494
1589
24025
8057
39968
17950
26897
13639
47486
20265
12161
21523
3121
3008
25472
23928
11133
714
32110
10492
7105
16584
8656
19834
17776
25913
28789
2168
5038
4819
8792
25369
32764
19192
55014
17312
25114
29631
1946
26863
13250
22780
29478
25585
41110
26857
16023
32375
30984
6495
14444
3995
19418
24414
17670
30361
4645
22572
11039
9313
10043
6474
4478
19174
32800
4602
25282
24838
32064
31389
2710
15665
3960
32462
26451
8936
6447
48692
16406
64826
5265
19225
7009
12643
27184
12804
7212
8660
21546
3730
12678
25412
47136
28064
40640
5794
8237
9759
26468
20633
8832
11615
12271
22131
25830
29333
15543
14942
15302
29121
17745
24446
18257
24563
23954
9660
2338
20892
30046
28311
32650
32754
10520
24394
29686
13391
15554
21236
8930
19130
12730
4807
27843
54102
31502
5438
31968
32774
8766
7909
14792
28840
25049
17864
7123
15442
11587
5066
13988
11207
15968
12468
35056
38104
6070
34912
23764
23491
56246
9889
985
9045
27218
13318
31506
15788
29178
8472
11328
31444
30981
8939
20372
18488
6171
3330
9113
22546
4882
32450
15442
5753
3842
5414
18573
18911
6102
16463
1837
13088
19722
6533
52626
29137
2938
15173
20558
1756
17339
25693
21745
7870
2762
18819
24577
8961
3182
13421
2651
6533
41
32468
22714
32287
31791
14918
11967
7420
27978
239
27455
27992
12916
15104
22008
2139
24260
1418
9523
1190
22955
18233
28410
16141
28362
55062
14393
25294
28311
4627
10648
30069
11287
26962
18842
23808
4576
26181
9463
29249
12573
10407
21293
22646
26709
13478
61186
6716
14068
28071
62554
31286
46742
44144
16858
24759
32031
13749
890
5194
50378
37000
30405
14235
28984
47622
32474
9068
32549
21152
30210
1822
27116
16080
25352
27212
31564
31042
9168
23723
19026
31181
32058
3790
7902
31259
28584
17147
16706
28663
13153
27502
24758
18176
926
3989
18773
11643
32156
16747
22249
5152
17079
23029
24462
12112
21486
27384
8510
8584
19964
30378
28867
8066
30630
19811
2418
3446
11946
25540
1813
30758
2018
23444
19028
57158
20239
347
19362
50520
25913
58482
10368
52382
3263
27972
19043
59892
3518
3165
11295
6453
12951
1425
12530
15138
56960
9365
26415
28422
24608
9383
4887
19266
7250
30509
20111
11956
3047
18190
31139
4785
5586
3822
20658
23507
20144
15127
17240
50218
6437
19102
26851
8223
8967
7621
30868
43588
14204
15599
11868
116
13513
22230
1381
14195
21539
24732
16930
26966
39404
27566
4455
5812
20824
25019
22318
17815
16719
29995
3073
8550
5942
29879
29890
31198
8934
22364
5101
5196
26967
51534
14947
6535
2305
6840
2676
27952
28914
21851
9043
30948
9418
14157
25820
24984
21415
7551
25709
12102
30348
22905
2504
61364
5809
20652
22746
12498
11858
15236
6399
28715
14354
27597
23909
60734
61852
31577
13484
18658
24572
58374
51820
29624
25437
4725
15319
4346
58602
7213
26672
6893
13484
5396
5051
29921
10056
23069
2028
15961
25434
25325
61636
1461
32476
25964
13073
18807
9474
26157
30785
17748
30600
21465
12882
3987
27881
15875
20515
8327
38790
61458
9747
28675
2872
17333
24209
24461
15820
26814
19082
682
2847
26084
23050
24494
8406
25601
15171
10796
28338
28372
6739
18286
21196
8698
6558
34506
16891
27280
32679
32749
7652
25753
26014
10078
22292
18716
28676
10897
46347
141
52334
16576
4842
3521
45120
6274
11822
11838
22465
14835
14786
5802
29471
26727
28093
25434
57404
30632
6668
95
23272
14027
46142
10631
12358
30891
22844
17894
16593
20473
4061
25192
6114
5937
28250
27676
9061
5654
31641
19916
4013
12148
29847
27826
14530
8147
20641
29242
27474
20116
22681
31882
23769
3808
35840
11118
21404
11017
15699
2889
23370
15378
21823
4194
15728
22373
49466
9760
18087
30648
28989
19621
20829
6364
29716
5146
28837
491
26933
18914
31950
18492
19798
22713
32111
140
14769
24199
17153
16255
4394
12507
3088
32172
23438
11439
1826
2579
10036
3634
30409
10624
12357
21068
4761
15956
5010
21594
12425
4540
1162
11123
11614
10785
5295
10895
1788
22861
32870
40412
185
9561
20958
2803
24795
10897
30057
31421
6122
31578
6300
22012
63074
18568
61086
8898
25968
26688
11863
4986
9159
1980
8588
307
8715
18366
12742
20748
54534
42362
43818
31080
1499
15348
11631
30648
90
17281
15159
27087
23712
11517
31426
11849
60880
27897
6169
922
28659
3120
10570
11215
5296
7416
24455
44784
6256
55874
41175
13090
1338
2317
17898
23543
11026
25557
48336
1834
31554
25137
2074
13498
1052
7260
24293
8939
12091
31083
43040
21288
15622
14429
1973
12503
18363
11307
49750
48908
54966
9189
5794
28814
26940
29372
32187
7582
9032
61348
9404
11838
20182
9182
24394
27528
27560
28869
29300
23991
25
14201
14008
16462
9328
24882
13715
4996
27047
5856
14981
8081
14780
33380
24986
6512
9859
55740
7395
3670
24412
49544
23507
12159
26700
28151
17540
1711
12200
7480
228
6599
21656
22168
9747
3218
31778
30499
32108
2193
27258
4320
53202
20653
15398
6055
20090
22008
3295
26755
2085
30768
10641
30253
28312
8280
20996
57864
14729
14196
6230
60492
12964
2490
5344
22280
30989
21371
20247
2756
42226
32468
1477
19480
32533
1140
32532
10725
19168
20559
18331
7433
5807
10457
30889
16151
45470
26307
18991
60880
36196
42154
34400
968
19525
22794
27845
22219
29027
50740
22444
9464
9138
8731
247
13607
29363
12732
4988
15983
2148
16521
21978
3959
9638
4216
32635
40972
19261
32557
17041
6223
10356
27469
25450
4054
19426
8629
17866
4870
11189
14327
25490
19628
25802
17912
14914
32148
63142
7318
3657
23868
31563
31685
12989
3136
23616
13903
5362
7924
19924
32464
2763
16145
21525
2765
9396
21102
25087
53630
4033
6635
12170
16730
9300
503
3516
7768
30862
17824
11430
5047
18856
19147
27139
3607
3921
10137
20371
16692
28037
11645
3712
16373
19096
31584
4326
5760
23832
56298
12404
25342
17440
24270
54320
1301
29226
31086
6150
32562
9618
30353
27122
35772
21999
31672
14298
19664
12334
4172
8190
10779
28377
6939
36808
32266
24205
13305
28848
32749
8704
23842
22008
20137
13801
8992
45178
25414
15812
32168
28531
22035
12281
3560
30438
19120
25454
12621
21131
5005
30868
2022
14609
26288
18757
18494
12458
9832
29269
15211
53326
24720
32136
8625
11395
31971
10649
17794
26070
1490
30806
18182
25796
26833
174
18839
21537
20762
21590
17524
12483
17554
10611
5085
24977
10485
9502
9211
244
13033
9435
22083
25334
20551
5445
11645
6992
32230
22395
25822
15310
1845
10869
10895
32477
55966
14711
14460
30531
2131
22822
14432
10676
3808
11496
30227
13196
60108
58798
523
12166
10299
5994
28331
31990
7819
28388
12927
17116
24155
5760
35637
21609
32341
9398
46848
1635
29979
20897
15996
23452
6371
2312
40860
17426
8224
2914
24988
45802
16185
16961
15420
22648
25995
29631
31889
26575
7760
7401
26276
15844
6000
6867
1503
7823
22399
29786
2053
13074
27792
26111
29712
26492
112
2030
19401
31248
4032
5740
20052
13562
31070
29720
9335
5791
19493
23784
20493
5115
23652
20001
9702
4913
24747
43552
9824
36822
13538
1602
19251
64720
14221
9489
1441
17827
924
12085
26181
3804
64552
20842
10443
24419
19227
12989
20377
15691
27618
26875
25988
27511
14777
5437
24077
32283
17372
28450
32125
23908
9016
31548
27464
7367
5279
20212
6783
39610
30681
10708
64870
21207
1110
6325
25422
51166
860
22380
4741
19899
578
65496
686
17573
2689
10394
5636
68
2604
29194
3291
24800
4011
6837
8605
19333
8514
31419
22877
6448
41496
3882
1354
4577
4782
46856
9317
30469
26992
11788
9288
14420
7887
414
6078
15810
8313
12351
16706
13820
7566
8669
11854
11599
7079
21649
2015
64890
29564
39028
30267
24316
2241
20956
20349
2403
6332
64510
27974
3251
12804
1717
19371
16150
53682
31299
24971
5775
16676
12027
41422
52250
29543
64072
4505
18387
27239
12908
9171
14994
14655
10438
26357
29336
20240
9731
24877
7909
45044
13970
23307
6920
32814
15050
23544
10615
21686
18929
6285
28205
3243
9941
5563
19317
14368
18337
21495
14436
1929
24728
12803
19186
20792
9487
2177
19987
10760
11719
12112
64324
5957
5884
22180
55936
4366
766
521
31076
49168
4103
31543
19229
7501
12016
11311
22096
10476
28762
7617
57122
24568
30314
23047
17411
23024
13898
19510
6447
26749
28515
5784
65456
2398
21609
28267
14676
14881
6146
25676
8127
20739
20182
30323
18144
47406
21664
15508
8112
43284
9854
8939
23970
30182
796
1028
16847
23960
20340
39920
3206
18331
31800
31843
464
11923
20424
6589
6815
8985
25913
4970
21234
48986
24333
25288
13594
23723
19738
52626
1485
29674
47432
24285
14385
23765
25025
25120
7728
23300
51110
16922
26710
2287
30192
2838
60654
19944
15896
15614
21025
18659
29336
5796
17804
21815
21761
51408
24391
27018
2395
16188
8877
4797
28620
8283
12866
21523
3910
25373
53630
20327
20317
19387
21940
11575
8183
25374
47640
14467
20940
34862
54940
1475
2904
22778
24510
859
28239
2614
23958
25263
29518
19512
17540
24742
28122
24134
24079
8020
30027
1975
46754
1673
53462
29151
18250
9119
16450
18281
18206
27684
3493
24759
61852
6639
124
25415
29781
14719
28727
31288
270
11375
30406
21700
2534
6981
10918
22736
25804
14654
21027
19396
23381
2475
5069
371
8531
13460
41110
14452
3439
1331
16811
23314
5535
7373
7131
22071
14027
3286
3266
11694
11093
971
27064
26875
20969
22801
25889
25310
23649
16947
20132
41184
38448
25069
17747
15992
4292
38780
49404
3832
31020
21919
20659
9600
17558
1499
14365
30766
12977
13782
25018
30319
16478
21911
14970
49582
32356
27025
15277
6161
26894
9427
32546
22546
25878
20435
4495
28264
6976
13890
4058
11025
22454
30699
39522
27593
23556
19654
32329
18077
28950
26641
11092
15912
26944
29943
30795
40170
13979
17744
16313
25137
31502
19800
27126
64106
13545
10541
13558
54218
24545
10846
19469
13578
2610
4247
16675
21808
12266
16325
8904
23731
38040
9912
23268
12304
6276
56414
12965
15796
3060
28926
27420
25302
31719
19096
23495
8987
34314
7631
19872
9622
26679
20452
21173
11306
18999
4294
11772
4364
14117
22893
9120
3466
6663
30284
22712
11176
28064
39270
357
9121
26856
14583
4849
288
21417
6101
14362
9939
63780
2394
1207
29088
16904
7864
14393
834
3497
92
3832
35240
14661
5840
12651
53462
26801
30010
8997
4352
27471
16781
35560
31883
11972
19155
29243
58770
49710
40
11440
12707
2987
22523
18127
787
31084
29383
16595
19841
22021
21531
3176
15198
29019
5446
6956
17656
15859
7690
31736
8807
5827
12857
12186
17510
2535
240
28978
51456
35106
35330
7314
23770
20440
1340
14654
5945
3525
5679
8235
13476
18932
27210
31593
19980
4430
30950
33392
28556
960
29367
21817
27581
18547
25316
17357
25854
17474
4328
28722
11501
920
22713
12528
2850
6322
48544
8602
26582
5327
439
14694
19022
29962
53990
22425
15200
13307
16306
21503
14907
12540
15462
2942
17761
1184
31332
17941
17068
3286
13058
30282
23224
44628
45285
29417
5402
27208
13987
17489
25733
18032
43012
4999
28644
14889
12340
5080
32707
2069
117
4188
18450
29282
17958
5996
31760
11107
15136
25445
17411
32714
17490
25160
29372
14254
6640
1376
7287
7144
5679
20327
21531
28578
22285
45474
28223
17099
7573
16593
21347
42448
29074
18600
47210
21073
29230
6967
61734
851
29308
17638
29328
17515
59206
29883
24953
8606
22979
16380
2898
