9908
10134
13218
22038
15528
25313
6242
10605
25888
17391
5063
28923
12054
6868
8381
2820
31672
14537
5835
25929
13221
28864
25552
23982
992
31182
29049
19405
31212
4603
21486
18082
3138
12835
19696
3159
32254
30925
14567
24607
21448
24921
9532
22998
9830
7258
10845
14596
26397
21115
2811
14088
13092
25724
19756
21406
18409
18378
14932
5697
12706
22373
5078
14274
29686
16207
23798
16073
19632
23567
799
8629
2787
10035
22754
30696
11788
15243
19504
13946
17831
26073
4329
16547
8973
21016
24130
8012
13610
31223
1188
22494
8603
23740
22600
32098
23668
31218
20734
23113
30771
3027
13284
29925
26962
29354
23460
318
14008
9899
21867
3584
24115
10669
6507
11174
30004
19298
31858
14483
2271
24669
10228
19973
29301
13451
15244
9485
19851
3923
22261
1499
21047
17631
10600
10397
17753
24767
4201
18055
32563
55302
15827
5666
32560
9988
10392
15198
9228
19258
32224
5727
31615
4669
25354
9745
7950
26087
6996
30355
21969
8259
27282
27306
8952
20599
28527
22712
21498
5662
32438
15748
2401
44
27172
14244
19459
25426
10749
9494
3839
19573
15485
2287
21135
18602
1829
17567
28379
14723
3274
31451
17792
27384
5356
24292
18120
19437
12588
31608
23914
11237
16983
12805
3606
22578
15913
18895
27738
16832
27694
13142
23123
23831
4404
30617
9020
14542
7792
8193
1264
6908
6670
29442
30338
12292
32712
21190
2559
5668
4797
27603
24007
9346
5441
18808
12299
26937
11297
18329
25760
15196
21053
23306
23378
3548
13460
7812
14368
23043
23466
17708
2494
27612
1570
3427
28221
31569
31767
31985
3965
13568
34
7857
24751
31658
30862
29538
29300
3597
30763
23889
18726
6587
21147
25483
10773
31802
28135
20198
3411
1462
8378
32479
10842
22144
32348
3778
9624
6230
17858
7599
1474
24985
10547
14639
6629
12464
10056
22021
13052
9303
13157
4570
27960
29347
14886
27904
3174
15157
27268
7525
24658
15046
26559
8083
1604
27922
3318
8310
6942
28868
25510
4093
18404
9445
8926
31638
24686
2650
11875
21215
25232
18973
27901
11001
296
29571
20976
7286
22396
4697
4997
21098
14382
14358
10336
12528
6592
28198
4321
13512
12677
15570
2996
6808
12726
15001
6329
9093
29212
3344
6087
6912
13475
22991
29524
8069
26256
27187
11271
21729
22060
9868
1494
18791
20763
2933
5775
11296
4125
18726
19188
25732
8394
23449
17721
1925
14791
24772
5192
7661
17196
26953
31823
29527
3950
6826
10561
25161
31839
28572
14377
25621
31789
25337
6309
24766
2910
7414
6816
5922
23965
24891
23932
12158
29563
29793
26627
9364
28018
8488
17456
15550
15447
29552
13574
18831
20977
7715
11000
17781
31403
22098
17072
13758
14134
32385
15430
19933
2997
19023
15314
18596
4317
17472
29260
11737
21275
5776
1467
19068
7144
812
17640
3473
2268
23838
14142
6391
20104
6765
17869
9162
18414
14365
6272
32181
24825
10310
19656
25903
32729
6078
17944
25520
20135
10170
30469
31845
19075
18561
22386
19429
10253
27781
23608
24663
17406
18325
27420
34868
10442
20444
27578
28577
5030
28091
26021
16107
5786
30658
9932
5168
9121
3718
27403
30957
1831
3260
30164
12141
12598
20461
21579
27970
5166
27578
1733
8952
28944
29459
18693
8085
32626
31776
23544
18729
3294
14751
13368
12209
31388
19380
29620
13600
28358
31275
5153
13246
62052
7754
16933
10391
25396
5078
13423
8821
8813
471
11830
31282
5872
28910
11693
8595
287
1649
17283
23714
13134
23043
10258
12981
19050
16997
21059
21903
24997
8696
4723
9468
15305
31059
10885
24530
6760
19345
23193
20947
31709
339
8799
27161
24722
12672
10268
27051
7170
19786
8122
13807
1420
23713
10240
2019
25526
24823
681
32253
21350
961
10272
19647
29047
13494
2504
20724
5445
10831
8992
26951
2093
1142
15421
28184
31268
30899
31969
31789
30232
27739
31864
19815
29376
9903
27423
4022
12009
27763
9960
31949
23655
19342
12709
15727
20702
25719
4971
20318
22996
18280
5442
3845
32500
12611
19946
18222
11145
23385
10048
13654
5569
12530
9780
21075
20761
19143
22740
20873
29393
31051
32362
10585
2557
27959
7406
21785
21413
15538
8607
28102
3867
7774
18897
18548
22770
17181
21062
7047
22326
10334
11102
4725
25147
30677
24351
8742
25287
11564
3613
5646
14278
6790
29966
10080
4992
10644
23566
30780
14893
11871
4869
32762
17564
13158
22429
2809
23310
32007
22777
26087
18776
11374
29128
9669
26748
1177
21407
26635
11982
28046
8335
26576
17345
8123
1704
22295
19688
18629
13729
29902
30840
7218
25681
11576
23124
15228
15466
19176
16531
27477
8750
27336
24431
7543
446
23681
8530
22297
7755
30364
15804
31923
7510
43740
4039
27407
26824
21949
11600
14067
4529
299
19396
6162
31766
19939
15861
17358
6068
16955
14742
6426
27504
32141
5163
16724
1409
20894
19001
3400
15973
6926
2629
1483
13398
31702
28504
18304
28654
19749
2956
9258
53914
32456
5292
26792
5832
22068
15311
13252
1201
9333
16448
11213
28923
5441
4360
10053
17070
7693
18955
1890
25106
32550
9566
21100
48554
5928
4971
10286
8668
10921
2054
21051
24842
32318
8727
11030
9194
3807
10711
32699
31903
18019
9204
10697
1124
14986
22063
10455
27991
10505
2776
15821
2067
26015
10118
21787
4477
1070
8756
3152
28067
19026
31271
18619
7486
17886
19405
2612
14233
19654
16596
12100
11885
10624
21242
19019
16627
3472
28101
17674
966
8250
6498
28828
20899
18713
4984
4493
7246
16670
17926
14261
4485
24772
25594
3044
10713
22894
3729
14500
8805
6090
1424
20850
32322
1531
934
3244
23810
26338
19734
16750
28733
13102
1216
17334
29088
10294
2561
21247
8614
18210
9689
25020
18192
23053
14726
2876
1472
3321
20667
31980
15586
2982
22236
10815
25597
6926
24386
26396
19603
17211
32698
15445
8865
31960
18844
20226
29982
619
25798
24872
28608
13233
17013
20956
7462
82
12460
7354
5675
28916
31452
11283
27495
19702
22768
32761
30081
31666
17831
31984
11832
21862
22938
32507
3096
26174
32320
27745
18602
2028
8746
20257
32734
32330
8141
10139
3611
10113
25810
11509
13509
54920
9039
9816
15674
12188
27100
26042
896
29773
26638
17806
27702
550
2860
17469
11914
13104
15165
31794
18488
31094
22012
11152
1713
942
25775
20282
8024
30267
56518
43704
25477
21511
3804
13557
5938
29501
27578
281
29652
18918
15141
47886
28551
1735
6885
28691
22168
4873
9080
4073
1332
12195
14827
7062
30416
7682
17777
2162
10067
10850
11312
2122
31926
29980
5432
6254
31464
13014
30517
18602
10880
16620
7787
8697
13426
22209
16079
26425
19402
32433
21796
19723
24321
1804
28606
29067
17934
7666
29583
30290
29859
5873
31514
18710
10570
10904
15234
27052
30948
17113
31381
10953
5432
377
28592
25161
3638
30979
26672
21936
8351
6221
26972
16124
26328
5087
42898
22989
18612
1680
13128
3838
25445
1168
17140
28036
12517
3863
30992
12384
26905
11470
54328
20028
20903
20870
11994
20037
12067
1789
31913
4390
64504
403
7309
15889
25983
22863
29467
9244
22491
29929
4380
24107
15457
4257
3200
2936
4461
16882
7715
19545
18047
16432
29400
23681
5216
19503
13471
4284
4066
28646
23362
11560
17696
15449
9617
15426
12148
10381
10756
21036
17326
5819
12267
4078
4541
20672
1184
6482
21525
19986
21078
21182
12534
25773
9775
15496
9440
20800
26158
6243
7114
18979
21195
1525
25282
32505
14372
54776
18442
8104
23631
20815
18711
24061
12957
2418
19482
32559
14353
26423
20847
24774
26357
8796
2046
32046
32164
32372
23446
17372
53880
14057
26412
18656
14533
8772
198
27940
18859
28572
10413
15753
7030
6179
175
25232
15235
16245
10331
28743
21287
29905
6389
31452
14907
2609
27843
15120
2656
32578
20038
19784
26590
17061
20390
2287
6358
4799
17189
29707
22003
22646
16681
30434
29741
29877
11437
23319
951
6389
21928
7399
57608
27080
2225
6599
7581
13626
5348
20086
14976
12508
4519
28385
23874
5842
56718
25556
10940
17888
19780
4957
3323
24237
27946
26871
23643
28199
15070
19511
22555
2661
24657
9437
3206
29693
3835
29700
277
29975
10842
26220
27097
3546
1514
32106
888
18988
2193
696
26528
20575
16062
11237
14575
13420
20916
5280
14140
18718
12181
8523
8439
31749
18952
29349
19334
10084
5295
8311
17458
31808
30486
17951
26265
8500
29680
18002
29567
32137
10035
11369
30682
7432
31759
1905
1863
32661
4715
13800
26197
8169
10669
2588
27072
24298
26347
18090
3873
25026
11823
15349
33680
22356
20483
8041
11109
14049
15783
27943
9488
17316
4956
25545
24047
14679
20082
5680
11966
2571
19647
4960
2002
17633
12535
4209
3407
12758
4558
2593
25352
21917
8329
16246
6047
2757
369
29020
16154
24513
3967
6397
31049
29099
4825
16202
23495
27115
44638
21014
22578
13678
16822
27075
17678
22029
8030
56736
4664
31183
12940
22440
28789
25943
10680
26717
22209
28068
9123
605
11078
7757
9834
8079
31246
23694
5369
4603
32099
32970
32507
8865
19260
30472
19724
4896
15139
18192
17693
2937
22318
2095
9901
18613
27666
22585
9984
14744
13328
3224
27516
26756
15090
25529
14227
12086
42972
16942
19950
14771
47566
9608
25081
3940
24255
12453
10761
7457
18525
534
303
32279
11162
17901
24531
25922
19485
25742
794
17532
51678
23545
4659
8106
45240
11995
807
18128
10743
65090
6879
26991
21616
25246
10640
7337
18449
12866
11718
3960
18087
15588
14440
19568
6585
6712
26042
25903
421
6792
6296
52442
20729
14427
8868
21427
51
3907
25901
1995
2181
27014
10959
21596
2846
1152
18004
3447
32154
2323
23898
23874
187
7367
1323
177
13019
12511
17708
22732
4653
15638
6883
22261
26269
3224
22457
27063
28965
18024
21759
12635
25503
22741
18277
21744
25817
11926
41818
28048
9624
4368
4648
5403
6700
16744
21032
2735
158
637
28477
23441
1010
6714
1812
21929
10774
28422
32199
2077
29846
24027
8642
19295
23096
10084
16048
5056
32485
3582
3176
16757
7937
19861
16717
30882
22425
6934
3591
27757
13196
8423
7320
28386
45278
7321
8500
25800
62484
21238
2143
15812
5134
8429
32244
22211
27741
3143
25330
17245
29163
8815
1926
3219
19281
15373
29579
30560
14890
9826
5338
13357
10357
27417
26850
30981
25317
32707
29683
23615
21927
9786
3698
13030
22419
15175
10741
23257
3261
15521
7175
20337
25943
7336
21300
26840
12165
15162
494
11926
21382
20804
26994
16560
19894
25199
8484
22209
12870
13821
282
14073
6683
13485
7873
3389
5034
22085
23382
23558
20878
26263
16791
5200
11500
7226
30439
31165
1840
6101
9685
24936
3916
14306
6823
12396
9175
12648
24880
3698
16081
6225
26021
30052
9066
31829
21310
27069
32691
18835
10696
2285
16195
9119
20933
21706
14742
28170
10469
19026
28292
18290
22850
6860
23671
18983
3299
6802
18497
10975
1100
22076
40910
7613
25578
11224
12442
13057
18438
28651
23016
9904
25903
5014
27339
4430
16065
21664
18460
18363
28622
29728
25170
32238
28621
4646
12554
17423
22274
28964
5884
24067
19969
32477
19608
28732
9528
12160
15116
11771
24593
19172
28602
26000
17973
30115
18319
23378
32659
27446
23929
21646
9747
12916
18631
30622
2997
10280
6678
23136
28232
21507
15864
896
32191
26833
24704
4759
29894
8449
14930
28933
27377
3250
24438
44416
13906
10216
6328
18431
10407
25318
25815
15056
18060
5338
27221
695
140
17207
23766
9150
19484
817
18407
5754
19573
16400
8988
27186
7014
8102
60142
21837
16384
5318
24563
32353
24656
607
9044
6901
16685
23564
23486
15149
16625
19291
13070
4610
6775
29818
13562
778
27951
13638
25516
23527
24494
32119
5027
2329
32429
26209
28343
1789
18304
18266
19246
23401
4744
27047
3507
14036
29561
24679
10579
2976
16416
14921
39846
5970
21708
27184
27706
4280
19616
10159
26482
5895
30752
23189
26128
29317
26004
10415
12181
31643
27603
45240
19162
29426
8278
20854
12300
26604
8348
9132
28468
13390
26652
4058
9037
29399
31627
29855
6058
16345
1261
6618
16321
28144
4491
2960
24672
32104
3942
1345
55994
12514
7110
17176
17658
17346
28383
3952
23621
6614
26376
23593
22767
27056
8586
3018
11581
6458
14765
21442
5094
2107
25974
23296
848
26845
32284
32626
10025
30494
11522
1474
328
19002
30200
6778
22136
22249
20854
5862
11083
7206
17072
6524
27582
26617
19957
8588
16409
24438
24879
23937
5505
23595
5968
19
22354
21645
3168
500
2314
1163
5953
27642
11326
18683
637
14554
22316
11582
30405
11949
664
8082
28739
1299
25953
2685
30242
15073
18709
32105
14777
30025
97
30880
6695
15810
15829
18972
4448
56024
19056
15312
13668
24833
5788
4944
22440
7843
18496
14946
7553
10975
9852
10144
6514
21716
7397
3939
1468
21328
23040
2860
25177
30234
28938
6592
21422
9393
32374
29710
6716
10878
1574
7228
13256
30833
13526
15214
30052
11965
25930
10478
31394
20928
31623
9454
26623
31890
32510
3018
15460
28124
27964
30542
10614
17445
15577
19957
10486
23002
3915
29071
63562
21931
5184
21394
3363
2612
2139
3494
17948
818
30251
24575
23760
16536
8041
16407
12524
14195
13271
16982
22193
14022
16474
29059
24718
51060
1456
57174
22038
29541
27427
8104
11962
20348
22850
27294
3719
11759
22705
30749
210
10239
1401
2823
31652
17820
500
16362
28554
957
30005
53058
15866
27012
13230
1037
1850
32052
12303
2113
29650
1367
4746
29665
11823
20671
17972
1697
19465
26546
27265
18997
4899
9746
5627
6583
23569
22932
12914
16978
24998
23829
18919
20203
2920
19957
5864
31903
8275
9302
1666
30490
31152
5802
265
16659
23137
23335
28658
19515
12546
6740
2790
16131
185
24957
11430
19299
5914
850
10062
23388
17684
19517
18925
25998
9110
9878
32213
26091
31420
17291
1813
7725
19791
63404
2720
16965
18636
2822
23421
22908
22682
2165
27067
30250
25954
12787
29460
16690
1295
10028
16228
4728
1270
10485
21592
28278
11951
23258
10424
7652
31083
1099
5216
19702
14518
16741
1624
25770
7677
5571
20840
18788
16009
19380
6117
5691
30566
23527
1030
14447
29407
9924
4143
2303
1384
14932
24156
476
10889
12903
2414
23745
23695
26580
36434
21172
9512
795
30180
17433
14849
3704
22361
17451
5438
3590
4743
28936
4531
6885
1339
24981
50632
31708
23854
13955
20518
23082
23679
25471
27244
27301
24143
4817
9844
32758
21897
16296
30213
385
30283
32528
6079
10296
5963
13572
20353
17670
17691
3168
26440
20729
13848
26423
29019
10447
56368
21136
28018
582
245
7926
30557
27582
20208
19498
28581
929
11955
30965
18473
4157
53118
7523
19700
17668
16654
18635
31114
19815
24407
19605
6837
8556
738
31518
18845
8329
13970
22098
6028
25682
7222
14621
5679
2763
31998
2223
30314
7385
23210
13188
17906
15450
9690
51694
11431
15552
5134
2981
22062
7421
18132
20979
9675
12133
11822
13626
24404
21618
9312
4247
5632
30082
16523
28150
9357
25529
21609
28973
5018
11297
21851
15413
19633
29262
20632
20282
55388
38064
4253
26952
7703
26328
21347
956
7276
6292
25224
10131
12678
28315
18803
32424
13069
2048
24007
31082
48834
10430
1456
17410
2546
30325
8894
37030
13457
8145
9252
4229
2915
8113
31452
25732
31152
28477
10445
17798
17884
32190
25202
23258
667
17743
17025
22253
29051
18370
8718
28520
4661
15927
18872
11745
28128
16873
7003
811
23327
39956
11939
19775
32197
3149
29909
9096
63698
52346
11400
6214
9112
7336
13335
17881
6149
17734
20130
20982
32603
9863
24303
27116
9735
28954
9109
6029
4282
12737
13987
28771
28219
24147
28778
21931
32492
3015
2976
44318
28757
6194
29997
2270
26638
2884
30487
30776
20616
26624
1244
15431
770
24369
23754
2406
1141
29176
780
22720
29623
31553
26729
13610
20223
12757
2361
24897
30065
8885
28364
25404
29546
21103
19341
6666
28592
24776
4271
14470
13760
2811
9715
21758
16280
20184
11206
28330
27638
5468
13859
11059
19401
29879
12998
16268
21710
29361
23292
2064
20894
10872
28628
4007
17593
31133
21457
8051
8301
27092
32018
11943
11173
2611
27990
9731
26703
1508
56328
23026
22369
60526
31825
3148
20340
10203
20290
5098
15068
38984
17215
23033
6463
12627
11843
23990
35606
5814
13172
20269
6187
27566
12003
23781
14772
29755
18159
20470
13980
9506
7371
7840
24330
65298
31618
22232
1755
3298
15627
18154
26409
29889
22266
4517
14921
3929
26058
1600
270
11051
29211
26131
3137
31744
11602
31795
64290
13650
54692
1546
25420
20212
16368
7350
7823
8736
17281
233
6248
18792
9384
985
5031
25957
32260
34600
18595
9868
26826
32289
24570
24833
20367
28148
13718
1402
14076
384
23838
11529
14857
10297
4510
17963
8562
22214
378
10233
19458
42148
27976
13212
13828
24770
30727
12265
20120
4593
5424
14084
5992
25258
10186
222
4059
7758
20803
3746
7320
16751
28202
29841
13612
12164
31158
22463
8320
32600
30807
16895
26019
7952
27752
31279
13496
23953
26107
1661
7269
24128
19819
25533
25908
16124
8348
21055
30798
18496
11401
42972
19230
7871
6029
31165
31204
31673
2003
6529
6941
6002
11169
23722
2164
23909
21049
29983
6125
44618
28146
15627
23971
19519
3260
20407
31827
13557
23908
30467
7552
10348
32562
16794
15772
13716
14034
8002
15433
6908
7438
27713
15225
2620
27955
3545
12185
8938
15694
11344
13675
29215
20930
14034
29647
25865
7137
22910
29831
32552
25083
8054
22643
18482
26161
3717
2012
13923
18049
5225
30874
179
2703
17213
3870
22569
46478
62382
2344
12988
18550
23592
2697
5483
19582
19788
38034
14523
29082
11356
15429
29976
2316
28348
23968
27302
6093
39594
2326
27090
6640
6002
18641
17268
29828
4895
987
26268
12473
24979
2564
64392
13732
24029
24791
12214
17182
23659
784
23082
13118
9707
5137
26670
12318
14825
19746
5509
24072
23296
634
47786
23434
26117
28812
18826
12255
53888
2616
15011
14520
20486
15955
13131
7267
26410
22484
15421
3988
14481
12469
4683
5066
20145
14824
54412
8395
20
19320
15997
32029
4724
17204
9519
16309
6441
24451
53520
20692
13573
941
15074
18208
22430
29271
15326
3482
23812
23005
16383
8859
21458
715
21443
23004
31688
15617
12495
1696
191
1179
17204
15725
27237
27744
21688
10751
3018
8013
23662
9018
23888
12340
9895
28481
10233
7793
886
17228
32534
7594
13957
31684
14902
3150
21532
23524
7395
11008
25374
15833
11052
26165
9072
22920
16087
16422
9389
787
29412
16228
6994
27041
1410
20401
27415
31494
12094
27351
19973
13288
11976
8272
29111
3933
6664
23921
17132
30356
3903
10661
10612
4208
17970
20942
13039
6373
28512
54834
31522
25936
11941
161
26058
28985
30953
16541
13347
27035
23894
21819
21288
14591
15965
16220
22687
23876
20213
10437
14734
58446
19265
18219
57708
28657
18083
27918
16334
10731
27532
49400
19809
606
37358
17963
2204
18563
6430
10520
18438
27456
17556
28216
25608
32431
8355
18747
15528
24961
14309
13884
25650
10176
9847
7660
9414
20677
7694
9785
30518
5398
31434
9222
18682
8257
21371
24902
18344
24499
12472
1205
15670
24873
35408
8255
15488
878
2490
4169
58446
2820
1376
3008
12758
40402
25801
31229
10363
18572
26704
14099
11414
2452
33616
9643
2226
30112
32013
23071
21832
6963
3851
20615
40196
31286
3225
8907
24566
21468
9231
11680
28993
19296
386
27767
21333
29327
25954
9595
7152
3735
25194
22162
27176
23795
25044
1854
27802
26919
6971
5232
32078
17358
11665
25379
35882
29711
41722
14627
6318
15545
25872
19732
7331
3945
14844
20081
20349
13325
24571
21319
13540
10050
12713
28015
28177
26513
21858
41082
31555
19608
23752
25846
10518
10339
3421
26920
26624
4752
32535
53520
25844
13511
30394
24604
30358
16993
4863
16920
5591
10444
15095
40236
21754
14307
2372
29956
3389
10110
14207
1592
3113
585
20739
44596
7050
15789
2449
23103
151
20007
16164
29803
51160
3093
6650
18574
6570
53914
31083
14989
774
6331
649
51010
27496
7949
20406
7350
21136
16732
10815
11052
10402
7861
27242
29
17457
14258
29498
26186
25188
5104
1437
13115
5459
12716
33456
28670
52
21257
20075
4210
1528
20727
22386
3275
8436
28622
29819
11694
35180
22142
8533
19100
26083
19339
1088
24726
14593
3789
25499
29982
5381
2938
644
27236
26429
8518
4617
19127
20970
24789
23758
24817
7546
27353
6325
7625
8972
24038
20880
9801
26330
20193
5825
12779
6416
7443
32521
8785
9769
23327
31711
19016
30204
31146
11419
14689
18546
22082
1744
29327
26076
17153
26920
16566
8854
31779
36570
15504
27892
29398
27871
12820
63552
22238
26753
19591
1346
20081
202
15400
31581
2380
31935
2454
3009
14782
28859
22984
17327
19602
38022
16828
8209
20933
2133
11526
26148
10850
36242
7190
17230
24137
29455
28370
53112
8515
24437
23616
13523
9094
16417
4136
49692
25685
29953
24656
29908
15632
18753
760
3185
13478
18901
13724
27546
7174
28136
4152
29558
20769
21812
13318
5747
22594
19548
28397
30589
3265
13460
15337
32073
882
22083
26462
20037
20561
7367
29694
29319
1138
3596
17020
26298
25534
31419
3922
10560
14580
6516
1272
28772
4135
36579
3409
32413
1421
64300
15236
7241
27187
14344
5121
16101
32031
6314
10632
3890
27433
10319
61920
29652
336
17630
27387
2803
25106
53034
21182
3809
29
12979
30579
5800
11608
6601
19912
9831
3075
28185
22001
17518
30270
30137
28386
11656
17294
31432
874
20005
8185
43206
15458
24480
26349
5958
5217
170
5364
29285
23442
26144
16223
24545
6461
29814
6095
63762
3504
7452
18151
30314
3873
5133
29318
15312
10774
2519
29813
1787
18855
5953
15275
16405
30259
23338
13779
9326
1025
11416
32120
13525
2191
9086
32746
14971
30741
13638
11475
29613
31805
5602
966
8068
11154
2382
22846
27541
3158
23257
31793
4468
12680
2707
15484
30998
25814
14019
13077
19840
18182
14512
4023
19058
5409
8331
30999
11673
5476
1699
41990
4768
19812
32329
1808
58586
29228
2828
31496
21818
20947
20546
26049
5268
1122
12888
5949
47166
6502
13111
23020
11961
13018
24736
36254
23206
20352
17438
29485
30069
797
20799
9118
15652
14477
4831
25519
25066
23791
29894
24862
25941
43704
21001
10151
14893
3878
14050
6776
21342
32210
12670
10170
21001
20002
14693
1861
24776
21350
30085
20464
3638
26488
18502
16703
5800
22497
16541
2643
22146
12400
824
23366
7652
23772
17780
8034
25714
1832
29971
23189
2115
28464
31318
300
3135
6766
19781
15321
29914
24956
3517
19163
22459
16495
13400
28928
4375
13773
20502
22570
18674
23864
38754
10909
8988
5713
19001
16986
3146
155
13620
40676
5452
10807
28985
26350
25715
16018
10809
26812
27444
25038
26861
23655
38420
28007
8210
26194
3413
3644
22292
29159
12463
26523
57044
1452
5318
17672
32318
16302
17365
11882
24829
4097
6726
5030
1391
5706
3748
17754
17849
14081
11246
22001
2786
30421
47428
28945
24880
5120
22353
11182
31214
22344
17396
19326
24744
17527
28467
8948
6463
30192
29652
5921
34932
31115
14534
27104
63116
15425
28133
58718
2499
1447
11101
28895
8950
10904
4071
6804
18171
30668
24127
26471
21092
22347
29282
25338
20236
15832
7965
30175
19589
623
17654
27916
23160
11653
27706
21054
24514
13487
29306
19853
22586
31746
58196
28929
18073
13771
15481
14665
7947
27037
6605
11673
48772
18785
20633
17793
23946
1120
10088
246
9625
695
11210
17718
14512
30341
32182
31481
15178
23071
21905
28014
30980
7626
30017
35250
10326
5398
2699
3194
3078
10158
49326
21909
33730
31272
26728
14688
19054
21961
5426
5418
4443
6534
10689
23023
36470
45214
12743
8948
3717
13601
18616
61406
30358
11480
21258
30938
24502
28839
3294
18755
13173
26427
21340
25040
2107
28438
10008
23299
10349
5774
8318
22300
10167
7555
3592
31960
25606
10756
18385
3072
4595
33024
8571
891
24150
18670
14908
7732
16538
7313
30544
2467
20362
20719
10797
14085
32952
1048
17006
2720
3434
9462
9790
31170
20712
31258
20508
21881
18650
31494
13089
14648
30808
18410
30903
15423
13960
6535
18898
22378
9472
28887
28678
13230
7985
353
28563
16770
15141
5204
5734
31769
13025
11798
15198
13058
4435
21886
12334
15620
1243
15996
25992
3376
8314
26630
27244
21289
21363
22352
55354
28103
5116
487
22113
24808
11650
6315
10579
23071
30931
11094
3476
5668
28512
870
26166
22468
28870
29816
51496
9838
27784
470
19804
8320
11335
3752
31564
20442
24725
23774
6377
25112
14911
11911
5858
23407
5895
26462
28357
60996
29574
16422
7592
29375
3419
851
20680
22474
10267
6388
12893
10210
54084
21453
11839
26699
28055
7625
26004
7963
27480
13819
2131
4417
29576
21004
27399
13700
65272
38010
7476
27750
6904
29158
23722
11243
21615
2987
29888
9491
25015
26997
13508
17065
16268
10265
9115
20758
8539
4806
31576
22659
27302
6138
4763
30625
26254
3276
61768
27882
16371
4855
38240
2550
13827
8485
28074
32356
31660
6807
41428
11757
4198
23465
11932
20606
11976
14106
17549
7224
2219
602
11803
3224
20391
3912
10154
16536
13593
2968
4126
13308
8546
3485
20576
27601
27325
28606
13207
25758
8729
61272
30474
34046
27938
20718
4474
11357
7159
311
23187
13011
49026
4471
30077
13430
32401
4398
24108
12371
23429
8611
1871
19821
7478
18985
30131
11538
32632
8710
4760
27736
17792
27420
3502
17473
3054
26832
29400
2585
25272
21891
9394
7169
10945
26112
14611
7179
21103
5604
10065
54010
25624
10349
10132
13993
26197
17515
2318
14303
27381
27398
24784
11574
5862
9757
5221
25170
45316
27790
14294
18770
29519
24439
13793
14590
1579
19119
17914
6155
28518
32003
13760
8073
12531
23889
25870
16836
53164
6911
24252
10964
8851
33184
13915
27052
27967
16593
43647
24087
28406
17481
11453
9001
30468
11005
11126
8536
24854
1796
14979
1058
8902
51060
3808
15068
49166
27306
59056
32231
757
29156
23301
26621
24899
8448
15565
1256
11309
9540
11204
19163
31487
19442
27467
32407
5969
22486
31507
10126
5344
551
7771
61606
29907
17714
29421
1223
18087
21294
15453
26428
18956
13904
28493
2301
18042
30812
12875
12351
8678
133
4698
18355
55272
25599
8881
9294
27096
9477
11669
16095
5370
7068
20462
3092
16856
15440
9207
4444
13026
22917
28168
19726
3072
4312
29538
12844
3657
14337
2065
9783
22468
21350
1171
8721
3859
21867
3438
11090
37314
25388
22276
13603
6222
21237
18114
22907
9343
1362
3428
17302
21818
64956
14861
27340
7764
27285
14942
9781
23699
28887
8401
16521
18950
42148
25644
13817
24190
28500
30
25468
17153
17974
23828
27898
23197
30894
23050
2813
22699
17775
32590
12793
18011
28780
28295
1186
6314
55486
27334
25280
21906
26035
23434
17646
29784
27763
13571
8911
5826
18037
25654
16060
16604
27479
20102
32155
17319
28964
3690
9774
21141
27819
20548
15295
40962
11665
10663
5210
5518
9156
26484
6227
24183
32343
4851
24701
17842
2668
13578
13294
19920
18286
4443
2614
26301
17008
10469
26242
20117
30357
17695
28395
18828
17456
7115
5012
20464
5351
31745
7194
28430
29828
13377
26567
19962
5592
17957
16230
7209
17482
16978
22461
6570
1028
22257
4185
1761
5928
1583
26365
32294
3552
21055
9796
3672
21232
19500
2601
4574
12576
18364
28801
2265
14696
21498
23920
9383
28998
3203
5728
14930
1281
20011
26013
8871
2446
29039
14422
21710
45962
12472
29270
16673
18966
23173
32115
56342
15644
1207
10744
28410
21287
2964
6671
11857
25436
23192
11032
800
16764
3162
13522
21075
6245
12494
22764
27243
14653
8238
26948
8786
9171
32200
8309
12919
32264
8288
37962
22795
5301
23437
23426
8502
12652
111
20027
25433
18745
40400
386
5272
15817
12409
22227
24452
679
24174
19673
6215
32036
23379
31102
21076
18171
24840
15412
18969
14493
24908
8838
2268
2046
3000
11612
14768
21953
20487
29736
3735
27278
25787
2410
14019
24725
10087
16561
29402
13725
19583
1784
32146
31979
937
20210
1180
14697
38774
12235
29700
8680
879
5726
23004
26488
21141
6640
31063
7379
18974
27603
15296
22366
19639
2912
31435
26462
26854
11851
18917
40752
14503
19517
25914
13448
6912
28864
12250
23098
25691
1542
6598
14920
7197
28668
28878
21814
26106
10658
12778
38886
10112
6364
29475
10727
309
26506
33310
30514
13104
19310
22863
1198
25929
13052
23802
18328
782
16625
3688
58118
13099
18914
29324
31508
30613
24010
14945
13996
16192
17503
10824
21821
23868
13509
31980
45054
14996
12439
26663
22063
12208
40860
9413
36834
47428
7715
17024
32710
14897
16739
10918
2118
26283
12758
24888
23302
16202
5814
22966
32637
31168
13670
12962
21452
20400
30370
31767
24520
4923
501
30817
24740
59934
19867
19963
8281
9644
20611
956
62784
16514
13503
20189
7712
30678
30102
23947
31417
4444
22921
16334
2540
19292
39384
57974
13210
32679
24049
24609
22117
6760
29725
24590
31694
16933
18274
16744
21231
27254
26344
15825
6311
54804
19925
49026
1798
24215
16802
8728
20962
7137
30462
11195
12352
27080
16377
31007
5332
20971
1126
13575
1929
12131
7645
26269
24090
23647
21775
6620
10038
1963
30797
17244
23673
8273
22727
23478
23090
20867
63836
11756
14537
12452
26712
8860
22629
56802
39954
6570
10258
31005
13118
24112
25558
2358
20425
21909
12766
45316
27448
4669
12428
16027
25602
45698
32874
16969
21470
7921
27860
28526
8483
22149
27118
52
46227
32352
15508
12906
3278
39536
1434
8016
704
10815
23130
2881
506
12636
14236
14237
10909
21712
32518
11088
8834
12502
2102
18128
13929
53904
44256
11618
11392
6018
17798
24874
8559
14370
30980
24229
10176
25562
28817
9849
46802
31377
963
10815
11961
4961
7361
38842
22360
5153
31804
15996
20641
7209
2713
1187
9534
19264
5802
21034
15620
18817
7056
12989
55264
12794
12315
59434
12500
21677
15427
4206
2559
5288
20695
846
9335
9243
26653
22987
17361
13531
26688
3300
36184
4916
26079
17054
8900
13182
31070
14558
1445
27935
8580
4719
30042
8222
18916
13883
13248
17014
24183
8233
28014
12424
12544
2803
19229
23645
28248
10525
15745
7197
15731
302
10450
30854
14496
17250
4775
14004
7967
2314
4000
32182
32374
32564
10293
27336
21468
12780
6311
16663
12687
58958
26624
24559
15810
36804
27785
16304
19609
18440
12457
1415
10556
22120
17888
29804
14692
4648
36196
15969
11491
22568
10199
11195
17205
29011
54024
24704
17472
2798
12148
33962
12221
2952
19127
23440
1811
18676
1160
19506
27223
6302
4254
1023
22448
5414
11499
10996
27261
53682
18466
2100
17373
30295
30674
22894
1908
7202
9418
234
10877
25932
9102
25973
13609
17494
9453
54264
3755
29749
17128
17376
5801
27492
60356
16428
25831
17775
52552
27044
26772
23017
27800
31528
42076
5053
16426
23077
32750
10481
25883
18930
13114
7122
25295
25791
32438
4430
22481
577
4413
21067
29736
32330
31276
20794
52308
24543
26679
19511
15317
30890
16852
27822
29538
24995
19882
6997
30313
5167
11161
26230
2504
8477
6245
30122
2480
7173
20006
13828
19578
14976
14019
13081
24031
45336
14864
5728
11320
27267
13130
3270
18634
12781
18646
19061
32136
1317
3562
15312
17376
12429
7919
8934
28515
22187
30526
4648
17955
16852
7783
20990
20903
38684
16464
3264
27121
32520
29337
11043
28817
17911
6350
3293
39195
55432
30509
22281
1955
7363
20160
24783
20562
32682
17044
17063
11305
18890
62252
22114
12851
30665
1126
30860
3569
723
18995
32056
7896
10297
29844
11588
12205
20788
22514
5533
37062
18287
38226
12655
4299
19634
28505
18529
16044
13794
14049
7220
10615
7241
25781
28117
17265
23682
7307
11507
9436
40494
9953
1661
7450
62628
6321
5604
11010
24787
17515
10358
30611
5932
8509
21211
62636
13950
24568
2257
24981
1113
50176
16560
17994
21358
31268
26842
3138
272
1098
18912
10153
14793
14472
6148
20253
5022
53800
12550
20254
17843
7667
7744
24489
23290
55346
28555
32460
7847
21173
30986
5016
20555
29130
29101
20359
5115
24395
23215
20470
1249
26808
36516
8261
41452
25314
11241
21284
20123
1076
10716
17908
25195
2313
10781
24014
7768
18765
17115
30734
25118
3387
138
13413
6112
8608
28681
12032
11517
2570
36234
8457
6509
8314
12870
20410
20145
25648
1072
13985
25315
18143
31804
18883
30373
17326
25
2537
28733
18132
32286
31688
26184
20515
1572
12546
30743
23095
22894
32561
10035
26868
27528
4989
18600
3200
4120
1052
22352
13783
6902
4956
29120
13417
31447
47154
29222
1592
24823
26849
26677
3980
5664
6878
23386
25830
16325
23505
28474
31043
31295
52390
17836
21708
64716
23529
52944
46822
9522
27154
23750
15447
12033
30090
26825
8763
7912
6924
5326
726
3074
28504
60282
27475
29287
27258
8506
18642
21914
43710
27233
16269
25768
17626
4
8451
22820
29143
50310
26257
1639
2487
25017
28042
27194
26074
15429
20509
12727
23447
12234
9858
11987
7658
25960
23097
9258
20914
1192
14907
24333
63656
25980
1510
10296
28914
44388
17321
18422
5930
14459
24955
15046
4408
19148
7643
15072
21450
19993
1571
28739
14350
14612
28483
25054
8929
38828
10662
1213
19885
33291
17535
32450
13644
61676
19844
20513
32630
3228
8007
15487
13704
17807
105
25884
30879
26974
4683
565
8872
1852
38466
63994
29026
29653
1352
3391
9359
8039
8948
15095
29959
31512
7603
23017
7969
9487
3980
20080
27568
295
26390
5319
25092
12439
3920
20188
37918
19164
5030
23135
23531
22506
1951
926
6136
1592
25164
9998
26449
5709
17316
51964
25036
17731
9354
565
13664
25535
29318
671
23370
63946
31229
4362
5507
1299
40644
15484
55574
31541
24370
23001
5398
22084
4050
25205
27742
19655
54372
10228
28857
23392
24407
32576
29790
8189
11537
9799
15827
25337
14720
43740
18484
19046
10329
7440
30264
14369
24946
7943
17561
29343
29831
9111
2217
27655
52922
32114
16566
28903
22571
22750
32387
20721
15260
1666
30757
2924
23382
14557
16564
19964
15029
28654
27235
22161
5404
808
10639
18976
14704
6188
9708
14092
62736
28948
30783
553
29390
36804
4054
27769
19373
8501
13729
31481
30051
30996
28050
20681
14671
25020
29887
25394
17363
19408
21928
11761
14867
2434
24435
18274
19822
1010
41
45600
13172
4872
55668
16996
13012
21706
31552
25412
32627
16328
16942
21654
10688
12069
14833
13784
5069
32745
14398
21542
21099
2584
15400
15810
409
328
18694
44268
20613
3185
16114
29157
9272
31793
23614
18330
29812
29644
46776
10713
29316
645
4592
58958
17454
2257
32413
28638
44781
29988
11707
31230
22774
10320
47518
17772
16758
24568
22369
51470
13378
4326
23478
9065
27202
27277
31313
5388
13566
30272
3763
31648
8348
6980
9434
4025
15576
21635
15444
24237
25498
10148
17015
27130
18023
13360
24121
25819
16802
22259
23009
12522
13485
41458
24621
4974
22648
21388
30524
8378
56664
17471
12717
6324
61768
26147
31237
27122
26406
30789
32075
5464
7137
17920
32550
14508
17779
29689
25237
503
23914
32316
26880
12985
38206
16907
1964
867
4587
8374
22280
56504
57752
14004
2468
21864
913
9858
44193
12976
19101
1701
7056
60380
23696
14509
61982
3808
9633
4489
28688
10908
19796
13395
16291
4963
30998
2604
63344
19012
12613
21324
16143
20688
31178
57320
1176
2353
18237
9915
29397
21008
16560
2281
29386
5927
32205
6821
19319
17648
6956
755
19924
25196
10676
23868
19836
14398
23832
11423
14917
57332
30525
25979
19104
3382
13281
22881
20111
18027
7407
210
26509
40788
31722
5221
29695
7923
15396
27833
13821
16578
31866
31902
7910
13802
12643
50688
1152
25156
2580
46400
3404
3964
10418
58360
30752
18247
32415
5431
5960
6822
30903
14426
20639
49832
28840
12328
29352
1460
17374
704
32404
13507
2497
830
23132
56286
4177
14530
43359
18772
4532
14972
29657
56994
22502
11692
17014
23764
27467
12776
22409
23276
3063
21067
13952
21194
285
996
28846
13247
4923
5690
15927
2014
26205
18813
28870
25961
25278
22921
39867
762
39612
22074
9705
9586
10053
6654
32317
38034
26677
18209
30250
61652
7176
41252
21776
21590
16523
4464
2359
1378
21851
52922
11201
5911
21048
51358
6278
16082
2521
24828
26998
7544
31009
29222
15083
1791
31637
14279
19521
20874
5802
12780
1525
10387
9336
22005
50006
22247
10077
3453
31003
13700
4296
16685
29485
20071
4886
35128
31321
15482
12069
24857
24617
30929
26271
47258
10297
12866
16933
47786
7716
7746
5571
7000
7639
5823
32516
50026
28695
29227
15899
15702
45
30685
22463
8767
34158
6301
8357
60366
35991
16220
10206
27054
25434
20229
30617
12423
27420
8176
31472
27389
11744
24772
17431
16996
55350
20648
44247
36260
64942
8828
3372
31907
24044
20290
23751
17573
2755
28205
15801
24985
16550
15922
27509
9909
23667
11899
19650
6673
16098
4866
7036
13675
167
19162
6160
29846
19285
23671
24573
23567
31704
18851
25496
9962
4237
696
9884
46228
36420
23302
31615
27306
10904
14632
9653
10987
852
21873
6622
23070
27040
4360
28282
11625
13390
10937
24745
32627
1952
30692
18545
33226
30995
17463
40634
9955
21539
28510
25773
14196
32550
19776
9906
29975
5731
4600
9154
25468
18094
46968
2069
15354
21998
20049
6700
15583
14527
4210
9555
9639
23407
30043
28080
13500
26463
22320
24840
27551
21880
31110
60028
29292
18421
28981
18670
781
30233
2424
25563
9765
15300
10747
13418
11655
25827
14921
52138
31478
28225
25830
14238
9156
253
30760
25854
31315
19740
6208
2012
26574
31790
18165
25198
23934
7716
21699
4280
3007
23046
33962
13175
5772
52150
19735
5660
23021
21093
8828
2872
8946
16640
14684
4698
8472
20294
6036
27200
17128
22557
60354
5563
19335
3484
28201
5087
2005
82
15663
18489
18652
57328
25246
27288
31493
4171
28688
32528
40736
17350
42162
23758
2816
26034
9299
11708
9215
29596
9043
39738
25631
11354
21560
45998
319
32049
10442
21106
28983
26189
3902
22151
23589
38854
15537
4204
1777
28610
12493
54036
6783
16278
40428
10813
901
31712
16870
24269
5529
13639
41286
17718
4045
4026
5581
4484
7715
50
5952
25575
15545
16071
17801
1320
22943
26048
3637
25966
30571
4769
21148
48490
14505
5231
2969
28224
27364
13828
22850
11767
21207
9261
22434
35486
1171
3169
4264
22024
41298
20128
30243
24661
42162
19324
22446
21085
29565
31440
4620
13103
6330
1522
14242
12970
27312
20024
20590
18245
9153
25494
14560
22799
8773
14370
15169
5088
64350
6600
43284
35986
3007
27990
678
3875
32148
28196
27766
7546
9520
4050
4304
22521
43332
5895
53826
2438
11750
1299
21822
21506
28440
6322
29935
22092
6281
6821
18492
13679
16035
1630
358
9294
14339
15597
1452
27504
7031
25036
5054
3858
32447
25180
24196
9175
29708
26293
22833
8954
24822
41192
23356
10977
42904
15737
22970
23026
23791
18818
22199
22453
1754
28054
64392
32412
10929
14016
11236
1731
16448
17687
2406
38318
2204
4358
47024
10035
9619
7421
36426
15996
18410
6593
1919
31367
18728
4256
1608
6189
3390
4891
14912
16895
4631
26829
10251
13390
62094
15816
3087
58256
19724
17676
32479
21953
22348
15764
26235
10133
7247
1201
9524
51154
25585
29324
30264
21283
15874
60200
22756
941
54346
13686
31136
4704
1771
27843
14963
29725
22019
17327
5932
58228
32537
26271
22431
19304
7420
16011
11957
29290
24972
12190
24109
10374
31653
21767
10476
1093
7467
46400
23455
9577
40148
14387
16080
31423
30345
41158
16978
9013
31542
30734
23766
16136
29594
15775
17648
31364
32614
11506
28878
12706
27528
47258
15071
7787
25119
18315
21962
23463
17333
17901
16963
29494
9309
24587
24116
8109
28486
62968
3206
19407
9822
21224
4422
24569
7724
64082
31440
4019
18925
11481
18476
19257
14588
44468
27908
25230
2982
54920
9446
26379
14279
29624
22861
15175
6085
10778
2115
26298
24972
1946
2838
5868
21992
29320
7280
8111
32564
12877
60512
8654
13218
21818
15276
30204
31897
6521
14447
3873
11845
31241
16248
1167
27801
11932
27437
2744
3640
18106
17689
59538
10817
15280
5503
22383
28944
9506
12800
27862
2260
30929
4705
17795
9714
24629
24637
6844
8037
6090
18398
14368
26389
63200
5712
27176
26009
21187
10880
44966
17510
6252
22751
25853
15265
20016
6821
13480
17955
28116
28650
10285
26215
17514
29943
3814
7948
27082
58098
4872
29514
3
23198
8536
298
2535
21960
35008
26550
2474
431
381
40472
13077
2460
24947
7724
6161
13979
32280
10002
20460
24977
28568
31250
1560
3118
28791
29986
11171
959
15149
11553
16626
1492
32502
12920
29353
5679
5049
4548
46776
27055
34258
5901
28959
4386
9822
28816
6950
75
43544
12402
3976
10418
10618
6262
29409
20871
14311
9670
24385
47970
18755
24011
25654
16291
27939
8574
31778
13146
9308
28431
24610
18997
38972
29632
27242
13978
25108
11201
4827
21789
10677
18422
34698
53864
3752
22297
10110
30765
3403
17007
260
20483
29768
23948
2962
12983
2065
3055
55630
34756
18500
10680
5943
57046
23160
30558
1526
56342
24680
53118
27145
28651
27372
6073
6890
19952
8205
23320
29088
13459
28067
5201
19310
12956
13921
12992
9318
26337
892
20998
17421
13253
12222
12238
15471
26636
26295
20678
38774
12490
36862
27541
4019
23500
33028
5552
8830
19034
12495
26491
7466
9031
59682
16313
18834
19634
32106
12904
14424
63906
10541
13925
268
21577
19544
24790
4544
25729
1316
12793
24677
8711
20453
4522
29796
16174
15608
20117
1497
46617
99
10976
18160
13157
9812
9154
10378
9159
22398
11407
16802
32255
12066
12031
6045
27616
15377
40816
4248
23141
15941
31948
31571
28795
15071
1524
30718
32449
2845
35720
4384
30203
21703
7697
25654
14585
10780
14622
23407
14912
13520
18654
33678
44028
53164
31118
57126
19178
8711
28442
20670
21540
14359
47122
31641
22313
17579
61334
15831
20789
39164
56408
13424
30736
2595
598
21140
23871
32189
44952
15681
32131
24741
19544
15653
1501
31142
24704
61420
39616
25592
3728
34174
10889
19351
30749
22648
24883
7675
8537
21622
22038
31196
26193
5661
6655
24706
16733
2336
47668
1618
7824
2204
24870
27906
45608
5555
2372
2716
3193
6374
42090
5166
22970
27790
24525
11365
29814
3149
30947
24756
18848
9000
2118
11020
12539
10447
10728
50658
13670
17261
62094
37410
14847
16319
14416
18330
20601
9232
7890
30524
21820
16719
6854
3905
60344
51846
22146
3056
33405
11776
31030
10180
17443
28247
15310
8266
22359
10649
25163
18582
5686
9811
1756
5523
22100
33800
5919
53554
31110
14064
32755
22669
52672
32556
1032
14004
5094
24015
30205
14000
32147
1350
20000
22110
28411
24125
6094
27781
24591
13174
24521
32860
210
23696
4437
8328
7655
8053
47602
26309
23214
2234
19602
5987
25704
32660
30832
4867
29793
30486
10420
60930
28404
29750
35620
5740
56172
13591
35484
20351
4704
1513
5831
6403
2776
6463
24708
92
26423
15434
5388
25452
26869
30807
64220
12171
29103
45970
54686
33868
23431
42236
50900
10091
19269
8267
16366
7611
27213
22272
47553
26431
14690
31943
10734
26058
1174
21263
11836
2843
17063
18430
14496
18102
23841
28549
24402
10237
63074
27727
10625
4122
19328
11670
23901
7836
29514
9042
5920
27866
26608
19504
14194
57038
32748
19739
31709
5394
8171
50714
13558
11368
20153
18540
10277
17251
15
1832
25871
21680
18084
29401
3084
10511
16020
31022
13898
13923
2765
14096
22164
23978
29444
908
5430
20135
23117
16642
28260
27078
12962
