9806
32093
17559
27956
31510
16851
19830
32669
8446
30565
29047
17790
8368
14639
32424
1474
11633
4259
22434
10646
24660
22780
31408
6274
11383
18455
7653
8491
28730
26404
29843
13280
29902
30790
31875
2563
10755
19436
19681
22421
23368
14734
8293
21459
25
2654
15718
8384
29192
11599
6925
24496
15425
23941
10261
19448
19693
7787
3527
28212
30808
7871
2230
21508
24366
11690
30396
18969
12166
6146
20548
30082
30528
14732
19530
19964
31958
12667
2819
27135
23965
14615
4703
14590
6054
19917
210
3460
7699
32129
15338
2180
20319
22346
27607
5706
15650
16065
22671
18676
19796
29972
12389
14973
12296
12815
3085
4933
8210
22650
6135
7078
31797
5959
6100
7192
4911
5947
25096
12331
294
15155
7980
10486
3857
24684
13271
11600
11515
22275
21998
17815
20384
2223
5092
26114
31255
21129
4054
4857
3716
32549
31204
28504
27023
23115
13010
2822
7086
12202
18085
29414
27418
19097
4089
1742
5545
31946
32748
22478
20810
22266
25877
32114
32724
10721
5854
14940
1554
8200
30886
23979
24758
10030
28163
31954
9234
1504
2706
13338
5308
17659
14320
31464
12974
16225
12228
16748
4383
13273
24877
17466
1069
21061
7627
25263
21246
27403
29291
15541
27033
14556
7999
10706
18702
3143
23483
32750
26041
13669
8515
3583
26891
2387
8163
7703
31667
11157
3806
8075
19056
21002
30346
17457
21511
22358
31661
3485
27549
15067
3552
21773
31732
26931
13812
17337
7253
32119
32506
18725
15070
6980
31891
1843
18750
17244
20598
18326
3712
23680
27847
17288
1543
27548
7934
6114
21995
13693
11827
19198
24097
28825
173
30529
19596
13175
10671
21458
8468
27911
28510
17425
6669
551
23229
28073
24555
2759
9446
23217
23834
19943
4925
143
4154
14182
5385
20580
27852
15572
2288
23850
549
3065
21511
26450
2245
28287
4972
1531
24030
30245
31784
32062
6215
2402
26130
23227
19850
1554
14728
28836
12065
9999
8548
19347
8832
18125
28935
12279
11177
2800
25564
14217
10012
29735
14708
20888
31220
31970
28902
32451
26275
3909
11875
31185
18988
28400
1699
30970
16908
1684
624
29553
6739
16188
13702
27641
12006
31437
20059
25905
17691
28810
30885
15525
31339
16381
4770
24971
15436
29661
9126
681
16011
24560
16849
30027
26173
11293
12621
32565
2264
22280
20336
2795
31645
7987
12851
1639
18428
12668
5512
7705
24261
3372
2687
24479
15306
30169
39078
27530
2460
20452
12427
7474
7809
179
4317
20286
1443
10896
6034
29000
10194
14031
27373
31708
459
136
11753
21176
7361
15174
26541
14332
20111
10981
20408
31869
12463
25114
18854
8888
9658
24887
20451
4637
4824
14722
20944
5026
16518
19277
5661
7661
1068
20849
28222
19987
18631
9999
9889
3261
13317
12972
2852
813
17208
10830
23939
6027
26039
19826
14775
1801
18341
8797
28915
5275
10665
11476
26941
16892
6271
28590
2601
8039
21121
14386
27585
24166
26752
25787
3427
31703
22947
22651
5549
24044
20527
31285
12633
4275
4190
3293
28728
29635
30705
19071
19464
31516
10403
15668
33864
26507
15256
9541
16463
6413
17311
18509
6786
32543
21031
27490
25909
2071
19304
18487
5557
1675
656
19808
16466
28662
25948
8813
31954
23376
12812
11001
1510
28024
29925
27053
28350
10596
14961
8215
655
1998
5345
1147
30766
11046
14751
19860
24936
1466
8405
17
1573
29074
14696
22830
8421
5876
6025
30104
27650
2968
32029
7390
13511
18060
15268
32475
13592
21768
20257
8322
14732
32161
25379
13693
18510
6796
24793
6017
23493
7133
19094
26484
16097
8404
11441
9372
28840
27521
18326
1985
18061
10078
25489
6107
28455
21797
9599
32633
14280
25383
16086
11069
4792
13907
29313
30956
21617
22075
26482
21724
6837
17195
3942
16049
1062
18773
27202
15556
23163
15623
10328
5919
5074
22063
27261
11761
5248
686
24023
16413
30647
19194
23783
15027
9382
19984
27854
22060
19326
4528
30454
1835
26849
1285
19747
27801
23048
21096
21275
864
11341
2966
6254
1999
9614
21188
27778
12903
28925
32532
29245
4927
368
6716
23740
7784
7210
23168
16786
9032
29225
17595
26677
12245
28104
26328
25963
14682
7015
21827
13908
17755
8536
14443
28255
21649
20918
27313
3272
29479
8970
6044
29053
9104
3894
21806
31093
12075
31238
17946
22579
32560
10975
16829
14662
27198
16341
27569
25170
1265
10360
22805
29427
24064
18479
1781
12905
9490
7427
31371
15780
11741
30266
3379
3406
16500
4389
27154
55100
26776
8977
13059
4105
8382
24707
27670
20828
10396
27274
11347
31694
19363
8000
23722
19388
21276
3482
29212
29778
12602
10028
1141
8879
18755
19964
14995
5506
31544
13979
29270
9563
27679
27790
29437
9921
7984
23251
29
12017
8346
25500
8348
22715
22261
12602
13929
2822
15992
14032
23849
20907
2540
21133
22499
17380
19448
18187
21700
17549
23402
2808
52024
23610
11555
12470
4483
8754
5
14408
27902
29873
21862
24497
26809
1869
6881
6156
12888
23139
11766
1858
31953
24123
18394
1296
22167
12588
16731
16310
27914
19510
17454
10583
30478
18101
23063
29176
28751
1378
12684
26601
26661
31529
24261
32588
16352
4075
29491
1780
794
20021
805
19491
22886
18321
2541
10060
29592
9555
22857
23116
18857
19641
7607
27764
26619
25664
3678
3362
11950
907
17511
56216
13147
9685
17730
31985
15671
25425
28791
5444
7328
1640
1342
11539
21224
27338
23123
27013
19285
15720
15711
24114
20173
12970
27352
23812
30719
4452
6058
11827
26478
18722
7015
7093
61334
2861
28261
3757
14628
6579
30513
8214
24631
11532
10616
26723
20751
22002
30800
11596
22505
24041
24182
9469
32519
5556
29403
6627
5038
27905
19829
17790
21785
23105
32371
19074
7512
13300
27912
4316
5696
4958
15753
19991
14343
11995
28523
15150
3860
7974
20618
26041
31369
14983
25496
20219
22944
27361
24071
24136
1645
22206
5218
8222
17449
18325
29383
26296
24561
21672
1591
31324
47980
12704
18093
10273
2497
28586
29953
1087
7003
22282
2068
21222
5522
17700
27374
15109
9559
23949
29039
23628
10470
2809
23010
24994
15899
25211
30370
4467
31327
31072
19306
17361
14585
26369
32450
18669
14006
6022
9789
2090
6107
14609
25683
16616
15047
18211
17289
8504
27422
11910
7128
5815
20424
20857
26040
19004
3410
18414
10690
27142
6585
9833
28031
5203
1344
17236
6778
5211
2195
5241
31673
32767
20447
3640
30964
665
9847
20069
27302
25569
18594
5103
1271
30406
1898
20767
10375
12593
32443
3337
28010
24478
62198
8990
31132
21018
15317
34930
434
6969
22130
1011
17199
18171
5357
10959
25124
23950
28647
6140
3817
21181
26998
22295
25931
13426
7957
94
8213
20061
1812
14715
4641
1117
26365
17677
5145
27607
7133
15151
24745
29697
13610
352
4494
23285
30672
14503
17126
17914
1016
5931
8760
5148
17213
6414
19644
24799
8922
5888
14025
28401
29229
1170
13219
7336
27993
11717
1543
26599
17063
824
19996
31946
25179
17389
9477
39274
7376
5293
14170
29533
11865
20323
1214
29292
9065
9929
6817
23497
12257
3686
16034
6818
30603
27296
15538
46378
8850
18924
23711
28441
7081
26792
193
8086
213
32212
27941
17543
22606
27589
32483
22741
16563
24556
3253
21563
18034
25830
10026
22220
7680
2275
8130
1993
28956
18439
10101
1449
3571
17231
18136
6895
15228
31167
11500
5340
21911
24207
28517
629
16392
19570
10091
1420
39114
16625
19843
12620
5853
6728
28036
18281
28360
31695
1849
17894
8067
20500
15106
32078
25974
26081
23065
27142
32315
32636
21101
32256
30587
16605
24979
28345
30243
11075
1872
2290
222
1567
21299
3032
646
1163
5729
32250
4127
9842
30115
4566
13117
27132
2585
11293
31514
635
2227
7487
12769
19856
10391
23957
21370
10197
14330
31344
17712
10912
4509
29742
13989
29060
2570
27632
29104
15849
17467
18158
23301
6349
20596
7934
5777
20932
20689
27706
19905
23116
17271
30152
16445
23756
32644
13508
7178
7500
31838
29777
28908
30374
32252
10792
22870
15042
31230
25417
56396
21379
20377
9959
28906
17559
19654
28548
64392
7600
5473
29225
10051
6505
32515
30388
29628
11104
13584
16236
10555
11682
6412
26903
8418
4880
97
23927
5354
23918
6899
18904
8092
21923
3903
7760
12334
32613
14962
3063
316
18451
20203
15028
4128
21419
4121
4016
6898
17338
21149
2996
8757
21000
9298
20508
32615
5605
13888
45896
7313
13528
17627
3444
9825
19488
21731
24567
8259
22175
3980
2625
32043
18473
20229
31921
24422
19061
16261
6335
1861
28643
9448
29798
22577
125
21352
18016
29195
2599
1370
18267
119
29215
3826
16842
16688
26006
27653
16369
12887
20911
31853
28013
23194
14420
14945
18816
19998
6336
28610
13369
27857
9413
7546
29501
19192
16813
11355
27582
23691
8500
30860
17875
920
6856
50280
11386
2753
24117
11834
1495
14221
6280
1093
27029
61390
29953
21245
18355
30742
21958
18430
6492
25795
12852
21389
19483
31066
6693
32633
21732
23151
24793
1300
9410
21100
4057
10653
12903
20932
10856
27294
17152
3587
22643
10665
29463
3214
7755
20081
4833
27562
54316
19268
9259
11594
28603
16915
6186
20150
8190
10516
6204
8983
20697
21789
30852
22093
3234
7522
16172
3339
18876
21797
16507
23505
27876
26047
3902
19509
11083
3607
17145
24923
902
22187
13476
862
17264
9598
26194
3200
15065
28416
7772
5680
29697
2399
32162
12547
17670
14521
23146
47156
29173
13374
20851
20655
28785
27077
8812
22255
32243
30780
10428
26119
31414
7290
21899
10509
3306
4870
9677
28725
24088
11158
19209
117
15583
30662
8962
8237
22462
13265
18764
19308
2398
11598
21108
4025
32061
19021
25688
6196
25435
27441
15694
62228
15192
11490
16579
6029
318
35614
1924
15017
27064
7802
14097
15015
21340
8501
14297
25159
20555
12813
29676
29916
25364
27995
30133
14890
27207
6536
31350
5135
7912
7631
12719
17180
15201
25052
2882
21618
1218
13441
14189
6997
26531
7761
30905
24068
24120
24462
1898
17869
16914
29133
23809
4303
19622
25645
17620
19862
28276
7071
23416
17567
24633
18995
13486
28597
24575
15720
22934
26022
22102
10932
29245
10819
2696
22360
16345
27756
2011
18382
11115
5849
31369
11669
12798
31751
14046
10098
18426
8235
6887
12465
11362
25243
14053
17050
5101
29650
28643
13964
22751
27206
2701
15472
4985
15754
17359
21442
25429
24146
26460
12555
21691
2214
1962
25410
32158
4840
27278
21022
31662
21980
8579
23926
63104
27189
21797
31426
9057
14765
31681
22582
680
24819
12951
14459
6129
11841
27531
8744
18810
23775
16260
53304
23370
11372
14860
25845
26810
31273
7719
22486
8157
3065
30634
7756
3343
27986
17033
1349
2258
13859
11654
18055
30130
2599
13944
24856
16902
2301
7270
4125
13062
9590
20892
8921
17032
26040
15697
23758
4155
2604
25007
10751
29179
14921
10437
24038
1297
27062
7747
29969
2161
3430
23668
30604
27627
31613
1462
6109
5878
32547
14657
12488
2250
20085
14672
1957
8420
14595
23760
8644
27219
15837
19540
7656
22565
25843
16063
31662
12929
13727
27276
14964
24481
32179
4900
23620
6791
1674
3614
26105
18591
28779
18206
29412
2775
19386
10765
25225
24576
351
24411
28300
24546
22017
27036
5513
32518
18855
830
4498
14814
30002
58702
25863
65350
25933
24240
13196
27453
13106
9707
20778
2234
24664
16986
15821
17115
19084
29065
26404
19104
12799
19180
16655
11757
2891
14484
47002
38282
8073
31162
16682
25748
776
9409
22466
312
3540
2732
32005
11692
23724
13542
8802
1024
4418
34098
30905
19399
25393
9001
6683
9222
26968
14490
14525
31209
2726
20586
13613
17442
23483
9678
17917
17957
9802
56196
23586
692
27176
29777
21656
7474
41034
28388
4056
26383
15121
22006
1038
32746
14326
18093
29927
4604
10408
22198
16558
9065
18939
29226
21807
8134
4530
20181
14288
3593
29324
32274
13398
26410
5233
32178
4840
11005
13200
17820
7803
5264
23292
8252
25841
27335
18108
17671
7999
15199
30798
18525
11983
19658
78
12884
20948
8176
20737
3015
1714
1925
7759
12770
8351
19545
27533
9693
7809
5224
19210
24134
42952
5612
32536
19365
21035
25546
19929
17893
30476
60330
17278
19807
7050
20200
9704
13616
21056
27973
20185
18268
20136
17069
5377
14349
9401
18587
13226
31177
5421
21202
3445
4161
916
16065
13722
779
4195
3928
22717
3322
4032
19221
9210
8819
12474
5720
10886
30217
4350
650
23361
28161
18094
870
23686
2569
8128
6825
31253
57636
10483
16888
15600
5136
25576
21047
18222
1869
9960
30531
11782
22064
2109
24463
31626
414
32065
12935
18931
15711
29594
20283
20544
17838
24034
53440
26411
24975
284
27653
6168
30797
14457
11624
22059
7501
18971
28537
5480
25684
32117
28696
30564
16237
24471
8538
23238
16777
181
17642
4359
3055
24178
22270
61408
7490
26600
1801
15173
17579
4473
10507
14066
8504
1686
17087
25674
25254
14558
16426
5816
6801
30497
1428
30282
10008
23793
22395
8685
1386
352
31904
22952
8675
30593
20601
574
16967
20027
18555
27323
11495
9733
461
10473
3932
50888
17595
30688
12442
12645
12163
21449
13244
2940
22669
18453
2321
32554
24462
32579
9492
941
2310
19650
31610
10306
27838
6429
5753
18815
15420
24845
26916
16095
381
23754
7162
8169
21117
22905
3011
49
5231
3694
24783
107
17018
32090
375
24709
28376
2968
20576
13845
11435
15694
30558
27179
6183
32573
8327
15407
14370
17280
23892
30035
22601
14610
8904
23807
25361
25841
23306
7722
15935
14289
53082
19208
5743
22844
24987
2667
17466
30361
21318
29554
27116
25753
5835
22960
6994
29878
28295
16450
22387
18233
19293
10918
28877
21309
18585
24000
14338
23407
10305
3644
22762
22380
15739
15164
10191
29117
27908
12795
28215
5141
29144
22258
15282
19034
19893
9321
7480
6681
12302
17269
27051
10912
26844
19995
2530
32664
61678
6161
10501
32006
8635
6316
5590
20940
13133
28945
3030
11218
16028
1188
13381
3814
28804
11655
2618
18754
12160
17925
6921
29588
11997
2018
25520
4705
19291
23172
25309
5006
20111
19935
7437
10357
16058
15891
25148
23017
533
12659
849
1132
17538
22896
5107
2912
54198
31615
18493
25618
32554
28401
9823
1343
21606
6341
6127
8075
29353
28781
29947
21080
6005
4289
21764
2462
11625
18827
28233
18060
4728
2050
29608
478
3122
18884
7547
31569
22299
6004
58558
5580
14402
7448
8270
31330
56114
9357
5121
17674
28195
4778
29970
17684
7403
17038
55216
11545
20307
33184
5237
17948
13069
4851
897
7730
2151
163
24656
19010
1549
21974
16845
11952
4431
31875
32667
11539
30919
28775
2981
19113
13512
9750
5479
2853
9060
1293
32084
19694
17800
21877
56396
20300
1699
10732
4674
11488
544
27349
2664
561
6666
10315
5022
18318
30615
2990
31307
4730
15499
28067
2481
10339
5548
24930
964
7359
29811
1621
19136
18515
8779
21050
18498
14951
29637
8660
25433
31278
20488
21762
15189
17534
18307
614
11496
32147
16642
14426
1536
19270
17338
21159
26750
14959
17877
13149
1545
23574
40612
28658
2960
31061
30419
13507
1547
1191
20063
23635
26357
6574
14772
18669
8776
14253
10534
29443
26217
29111
9928
5294
865
26317
24661
302
15063
13963
4414
18544
15528
20342
20780
39866
28851
1260
4473
12484
7869
25015
15842
28486
10705
12894
22523
17905
6321
6859
32755
11492
25302
25885
23274
3137
20785
24470
30745
29137
463
29981
5904
990
4088
17338
6548
30256
15043
19929
12545
17209
12707
16582
6885
27104
27995
22565
883
17209
12585
9476
12036
17815
15485
4781
1440
25423
14534
58920
10245
23448
24614
4022
20463
7658
21006
930
31788
11690
32453
15680
19917
10959
6543
25432
17710
6762
15040
9492
17353
4210
17323
25838
22842
6914
25368
9041
438
11424
164
25466
17381
23579
9220
25670
31827
22523
53886
9097
4296
14556
20028
8449
1407
12107
3596
22017
2996
25615
29851
21730
7
1676
11205
16849
15384
27768
435
5727
27943
27440
27496
22286
11095
5948
1223
11200
190
22738
13062
24539
22619
14254
35532
25054
19844
26404
16566
32320
22968
14813
27127
7471
1455
24262
15877
9405
16011
20938
15360
25647
21197
11455
6962
5792
19907
32729
7338
22938
11692
9124
26337
28311
6726
15595
4732
16149
22054
1327
278
14009
28345
687
10786
12302
18768
17979
29950
24668
24160
29874
25548
4182
10580
14272
24894
4280
14064
9152
2366
18599
32720
8949
3609
4698
25164
18673
1345
31845
29082
38750
16114
19785
747
11539
21643
2523
28557
12623
11754
27382
23706
12277
3645
31170
16155
27311
32740
24635
13759
30946
24285
22768
26020
49598
22335
184
28251
3246
18790
6518
16409
10668
16055
1727
6206
2843
27431
9474
3906
20821
16730
28690
12736
9579
3282
16423
55052
20662
16961
31826
16795
22486
8640
8972
27893
8147
20385
26613
19836
14951
12480
10492
16294
27604
8192
6576
30334
3821
20128
27411
27071
23682
10015
32740
3474
18000
31638
10296
17232
24480
1327
16986
12215
3434
17402
27287
10098
4849
2069
7284
9449
2236
14134
28768
9762
14662
31335
25311
17768
27208
27184
27742
14534
29318
3208
14778
13587
19187
15233
3088
17898
15527
11172
9143
6811
47346
28824
58644
13920
28719
18618
4838
11899
10729
25980
31829
11082
22618
5811
303
1308
23518
20362
21689
863
2943
28935
7775
29955
11870
16774
20113
9945
16900
32019
26894
20954
18260
4792
929
27374
22309
11453
12914
31899
32621
1752
27936
10475
29650
7103
1030
27711
9699
12970
18653
23216
37160
28430
23720
28486
5001
26404
17573
11171
3444
12464
9007
6333
22480
21619
28864
3307
5765
23749
23019
1952
4134
20929
23412
23571
23282
6301
30969
9057
16180
3639
17143
29062
7524
17512
10541
26986
7193
31850
26756
4498
5616
9805
2077
17870
2098
24579
5553
32252
29515
19254
22555
12480
15638
20600
7315
10552
1601
22026
20660
29888
23466
12861
26377
1851
26578
23319
43404
27872
28094
13944
20079
11046
17467
28252
6883
13433
6858
20953
13763
15520
26670
12815
22179
11996
5461
25160
27860
11049
31703
23837
4640
1584
3808
18229
25531
25938
4082
11303
13925
4679
13440
8854
13952
32058
13605
27954
5098
19078
13472
20839
10196
15060
3275
13350
2044
5472
22421
6722
6819
32698
104
16619
12499
26848
7518
13555
10226
25175
30167
18279
473
9449
15790
8418
14545
19076
28954
10552
25158
7751
12036
25514
2933
11147
14696
21409
26058
13566
756
29492
29562
32547
6853
27389
27175
22156
32042
15324
4902
14079
22588
13825
20586
10814
27893
31865
10086
22570
27059
30217
9292
34464
2388
4828
2672
5902
25978
39616
18846
24973
31759
22894
25485
13471
16812
23448
19776
17665
17967
4037
24310
10586
13376
26416
23111
12344
19081
11604
27352
16723
16639
42530
1382
7479
24166
20942
23598
2827
27845
19077
23706
6222
14919
11649
903
5210
23514
18155
3968
27193
11567
1066
14666
20630
22567
14348
25057
62342
16478
7873
1342
29559
15196
26342
21280
28423
8585
10545
31244
5133
21738
29044
40288
17824
12128
15066
21099
23452
1006
10961
19784
28406
5153
17285
3225
27072
15060
28246
15487
28200
2464
33162
31873
42530
14682
19124
723
28372
20091
4005
4640
32530
15291
4437
4850
13970
26729
5216
26526
28326
18969
11160
17788
26628
13190
27599
17651
6783
2408
28322
5313
27202
11359
25173
18963
25624
26615
24134
15610
10644
26408
17376
8636
17821
32314
29573
2040
13323
389
18872
25335
18618
25735
4037
9425
31597
60160
29781
13957
14433
5673
1175
20322
885
27247
22988
19924
3955
18124
16213
28858
27156
8313
9534
10843
21607
14887
29667
11240
63094
3146
25034
23440
8232
31095
2141
23284
17674
12265
2477
14606
3950
26373
17208
32125
15436
2058
21966
102
3200
23589
3516
25005
20894
30538
19827
10044
9777
14155
7614
464
12343
32260
17426
22857
29408
32056
22595
28062
13316
14356
6122
13482
26573
61638
13361
20584
25743
15989
24879
25271
25054
31924
19387
13611
424
48118
23480
2504
18375
377
32029
32699
13956
15512
22569
26150
9791
22528
23110
14450
12935
8698
23316
9271
7768
14715
18418
15506
6531
25292
20438
6291
13224
7835
20130
1681
9630
21734
30454
8918
25085
24880
45172
6983
14127
16080
15640
10767
19125
11082
21938
33096
27052
30872
30818
24440
31806
26776
8252
22491
21336
32097
56060
16619
21960
21854
22314
18218
9727
64182
11219
5188
10247
18740
17459
9729
19013
22743
28142
17250
14707
27406
11542
28326
15589
4053
20740
18186
22434
28090
30651
22771
13622
16546
19252
24488
18807
32714
1066
5775
21346
30914
10284
20192
15937
18588
46938
18605
21484
15379
6704
23600
30447
23419
6305
9472
401
230
3597
22466
4664
16910
20304
30407
26547
320
9156
8609
31218
23776
1984
12139
16724
43142
17979
3135
19855
43724
23772
31831
20562
30484
5015
14700
19872
28943
3115
20565
9469
22253
11351
12067
8972
29273
21427
25389
56672
6051
15106
28908
17516
16741
20954
28866
221
29049
59926
25015
42544
8751
18147
24738
4098
11483
21588
6270
16287
6341
27333
32590
11465
30040
14256
17330
15071
13157
29155
17509
4074
7821
12176
8816
38434
19400
9657
59838
2300
20969
313
9694
31827
61062
3132
25562
21109
17896
27777
8284
3246
23503
6136
12939
4900
21002
8694
38106
2641
29026
28388
4247
15272
17522
13927
9325
13768
23813
15805
30824
15499
22769
29765
16539
1862
22148
32583
25744
7838
30200
9271
24191
6331
23405
7676
8573
596
19300
8965
5448
58658
26869
14971
15168
25294
13424
36506
23696
32107
764
9098
29726
18289
16324
2332
29181
20715
29877
13216
7332
28017
24088
3343
24238
4169
15954
6857
22724
13649
18618
1406
28432
10250
12605
7462
23523
22464
9459
17114
16666
28133
14127
20688
25967
17787
4753
11913
12488
15802
6161
13709
1145
21669
16750
9029
32047
8246
31339
12918
9741
29737
9535
11399
33696
1936
22194
14657
29504
28272
32243
20071
20223
60348
3067
3576
8781
30106
29943
994
21744
29393
11797
10301
13916
4179
633
23640
23760
5813
7052
26172
19891
19353
22145
23037
11890
10105
1204
11094
6444
28431
26229
15648
47432
24039
30648
313
27123
25308
12466
33668
31767
10291
4268
30507
19203
8309
25891
17552
25279
3650
10392
20539
22713
25597
14737
28594
18614
19827
18639
25514
8625
5459
15170
22360
11911
3366
16641
11439
55982
25622
32605
1174
24378
12420
237
16790
20
798
27516
14063
19832
21049
21111
15657
9196
7056
8490
14846
25413
1900
453
8786
29913
6080
30267
13321
17028
13167
25892
18007
1298
8043
6857
6182
44712
58340
18719
8779
17308
30577
5690
14558
15967
2521
52572
16664
32767
50200
13339
577
25694
10504
8772
28099
44906
29189
9367
12860
40214
19054
13649
3721
35200
4289
30834
18366
30017
5162
19853
10388
8925
13992
4895
18642
15247
19153
24176
868
4555
25180
28733
58710
17786
14134
8421
25615
12164
14151
5810
31708
21673
23058
19732
24247
5303
26872
23511
23138
4578
17360
21360
24874
60024
2320
10953
29083
25504
18312
9603
3939
806
11556
8229
23681
13867
31429
29075
26452
7042
8031
6399
4083
16035
30808
1260
8003
8522
20026
7727
28187
29347
3413
2945
2200
23395
16876
9169
3872
13752
13733
58392
22541
14900
19301
1837
10891
26933
12647
23576
2247
10016
24644
41640
30464
741
16366
2533
31654
32269
31499
29090
18168
7268
25644
14680
19894
26622
17362
9233
23734
31494
31469
9623
5882
26077
18409
8610
484
7899
31359
19395
4245
13727
11425
16884
7769
18793
9153
20611
2069
26306
10824
24536
44188
21208
17676
29010
23548
24871
8699
15359
28218
28082
18224
22694
6701
31615
31106
7460
15738
245
1367
25094
12056
10231
29395
28996
4133
30938
5856
11278
19132
465
12840
4511
29651
17280
19451
28266
9591
17460
25999
963
29575
809
2186
2187
29031
15703
2669
23493
16998
25469
6303
2478
25041
3827
23427
31609
22078
14073
17310
44338
32244
2101
8738
24014
22745
21746
9304
19350
16138
15424
47282
28036
56722
31793
10775
17878
30434
14367
9577
23188
5753
7262
25982
9638
14888
25801
30683
11520
11243
1054
22081
34030
5082
26008
17980
13387
27722
14819
26259
38286
5049
9687
18304
12126
8067
25429
26851
3717
7702
11120
28154
15429
1776
16966
3431
21041
7832
13126
6149
17810
956
2288
20571
28435
38082
11193
20863
13504
22417
30230
16283
29541
26128
29887
12600
4429
26406
5362
26493
6512
15566
8709
30836
18894
4083
1042
21016
20196
8709
6792
31074
6785
3273
2077
16283
30243
25455
6826
14269
31223
10137
20064
41748
32258
30209
808
32409
13226
4804
16050
14488
31824
39850
23318
15718
31063
25739
8995
46372
17398
22662
1862
12553
30498
2215
4299
14295
15140
23047
11602
2377
8267
14391
18405
14275
1527
5031
24774
17089
17757
1952
14924
56946
54274
55162
17408
21052
22924
16554
15704
14401
17384
6358
9871
2837
1775
16133
32191
3049
13000
23357
10381
5534
5817
17138
7969
16775
54746
39232
25705
7742
12288
15485
32173
20674
8186
5565
31983
3244
4978
24488
7965
13027
31735
27675
32361
7440
4553
24592
11350
24720
29720
28737
22786
21912
2520
22861
24834
23482
19275
16823
17939
32518
6797
5039
24272
31308
30452
26448
28055
1996
19859
10582
15244
24763
10820
10896
20158
15179
1369
2101
20799
437
1615
20361
25025
7773
10871
29810
27861
1153
4545
23468
19205
26394
30481
27217
8571
31139
51654
27676
25909
9841
2983
18367
31587
31924
4691
17380
26398
2728
24459
22413
10696
8013
11750
4085
25528
17442
11811
1452
941
29782
30095
8174
11708
21515
55942
18411
23717
12375
13418
64262
12782
63208
2877
28730
34431
10131
30240
2911
19498
20582
28871
10856
12904
13551
24223
27803
8402
25697
407
9630
6771
27033
18032
29277
30628
4056
15512
61356
24275
32756
26060
17011
22608
17499
13464
29672
34238
6774
11590
13051
12018
3594
10612
26648
4218
17424
15483
19580
18528
18162
18967
27269
24106
2097
28824
13632
14766
7544
11399
13132
23725
13162
27355
12349
10950
20140
29289
12068
53232
25142
24338
20046
32184
16128
30598
1970
5513
2444
32642
27721
11833
11819
9843
17665
19071
56060
26971
9640
9253
16228
4252
13859
32106
12133
23947
14341
28157
15639
6527
3646
15161
19238
12476
30937
31633
9234
1054
26389
16914
5539
3812
10510
2887
25298
5643
6726
28689
29155
13286
12274
3414
19398
19270
19309
24364
14219
14908
9037
27593
22972
27161
27762
11241
12236
15521
27879
23299
18486
24956
10228
7822
4325
7046
5381
19080
2849
28087
13458
25847
31582
11554
136
19959
17676
5838
12143
18080
29993
19484
29504
23946
7435
4018
27414
26617
40766
29730
5356
42060
31715
4978
22090
565
671
17625
24115
18310
9430
22766
19406
56914
16370
30261
24782
13672
14882
55890
24838
40680
6499
28573
3549
14606
22710
8009
4064
1838
8077
27101
30718
59964
10340
59500
33028
28517
7380
12356
998
6131
13290
24476
35970
29639
9478
29529
148
4850
14430
26817
19459
5748
22599
22467
25706
12320
6053
2956
31840
62934
22903
9298
32596
29732
17156
1986
24608
18721
20935
54160
22522
17994
29599
30687
23268
26559
26793
15282
27242
18436
21576
65154
57278
9669
4766
22719
27174
17715
7968
6667
10386
29022
53990
27035
26878
26130
15960
27936
57158
17314
23229
20600
17120
23687
29606
438
5296
11737
59224
16244
8662
21857
12027
19061
1383
13294
13394
19283
1454
25317
16974
17951
8006
49768
13734
20417
12438
28111
28665
17331
24791
1888
2305
802
20645
2737
16850
4669
13054
30834
2316
15971
28199
32436
8594
16098
27810
27190
439
47282
28595
48291
6153
22030
7964
45670
1971
18220
25718
7059
32430
6512
20244
2556
22616
3216
31016
2630
16000
16248
55740
24143
36712
14476
16802
26504
8892
8581
9766
12398
28669
10383
379
26388
40542
30038
13809
23016
22428
23640
26069
24520
13516
14579
18170
16343
7683
5934
22923
5723
3928
2078
16972
18828
19827
17094
4610
3540
1577
28280
9078
23116
16444
7695
3893
21813
10873
23521
7550
5836
46134
10226
53018
793
17028
3780
21618
34324
17513
45698
10398
2571
12124
554
6146
36922
1245
31050
21373
12407
5516
1719
20854
31271
17756
22708
11193
14755
31205
30270
28735
10859
17579
30311
7888
19519
17225
17531
19811
26986
2133
29199
31057
28858
3261
11159
20550
11340
27807
150
31087
25113
6044
9422
18539
14126
4905
32335
16795
25239
23256
11048
622
7941
35474
2676
12895
29570
10406
49138
28408
14130
13515
3444
5434
14312
25616
19828
16330
23293
53938
13384
27771
17216
23664
3889
13078
31150
3196
5214
10845
11496
8073
62318
13444
5014
27173
5772
31674
23095
4821
25880
31225
562
18656
31279
18957
27458
21459
19446
15346
14509
14991
9823
15576
5163
9597
28394
12042
32197
12518
8271
8504
28166
1365
9106
14562
7579
10696
17108
29406
30015
16184
27584
15978
22180
18846
22176
23103
26674
23436
32322
19500
1847
4553
30947
11709
29072
21375
12706
21366
10564
25686
344
8609
28851
3505
2412
15045
5756
6609
6802
26732
9253
8840
17805
13814
31723
2888
244
29027
18878
12362
18756
24428
27012
22382
31817
25263
14938
13482
31600
184
11697
32028
22974
5001
9388
3166
7516
6636
27271
3969
27871
27929
7459
29398
20285
14359
629
13284
21062
1520
1961
24771
10583
6398
8033
28696
24355
19072
3884
6429
13390
12014
7720
25130
4484
6300
7178
6092
26304
26145
19989
20530
27021
24165
5490
25287
1281
25409
19958
7538
32739
41748
28584
23099
32367
46428
11755
15008
1793
13559
20441
32494
14528
26911
759
25315
779
7466
746
2016
25173
28156
19665
24197
22964
10232
11266
12218
35178
28277
45255
1292
20547
28459
61844
27321
32304
46756
13814
22487
7053
13286
19351
27393
18265
10956
25953
15556
17983
4683
24587
14255
27463
17368
25460
24938
29444
21976
23136
26946
11862
8924
15176
54854
15751
329
3923
38
29321
7872
24836
1177
30540
19287
18440
5718
30753
23197
14548
19108
22689
6504
2144
7096
31228
17588
19551
7767
31967
16591
4332
32057
48
8624
21572
24342
16270
12995
18148
7380
20356
3688
6407
1792
7358
21963
31969
21926
7226
5819
19797
17367
18681
32257
1347
26365
10597
29414
26973
29842
6189
4671
4341
7255
27539
12678
18739
30897
12544
30742
26630
24598
17149
57862
679
57028
12770
5477
31180
50708
15115
11957
26019
25303
138
24078
32006
29200
5718
7356
32092
13519
62820
3781
3955
11827
17719
12082
5848
1803
6692
20399
15058
11542
27726
3890
20683
13814
15208
2208
43098
14544
15142
6516
30069
28585
13485
9108
4394
1642
29098
5518
58710
7772
13896
12659
18509
25243
9658
5626
2121
27836
28682
12748
27171
16161
21498
18060
8776
6124
23322
1124
23946
32218
21720
30683
8297
8617
18430
12818
16237
8674
12885
11473
21826
27846
688
25349
16053
49698
19888
25750
29425
15467
29690
16386
13055
18627
22850
17640
13032
20135
9286
22279
13316
15398
26596
26128
20078
19940
25207
30877
16881
21161
7521
13919
44829
2238
6821
22479
17948
14185
1607
17258
15265
6418
6650
3046
30615
9187
898
23764
7568
40542
29006
18103
13044
19710
25215
10275
19030
1925
48984
16351
28477
15674
27678
4013
2384
24150
3056
12063
8757
60504
2155
27397
4471
62404
2739
5159
27397
24145
3787
6164
61082
26858
16203
40970
12937
9588
53540
26474
29812
17906
23874
27562
8711
18872
28399
9320
16523
41154
27050
22447
16314
12093
32130
25118
33434
6467
1642
15409
17124
18307
5823
19621
3584
21628
9609
25294
29536
9694
54804
21127
9297
28292
32678
18591
212
9490
21269
6488
23244
16811
7756
10303
18371
23696
19849
1435
24837
6998
30186
17352
10039
44424
16170
7459
26583
20236
20527
6213
2926
31963
26622
182
7466
10877
7370
11806
22112
7620
18529
10104
3995
32154
13022
8186
11889
297
20079
10132
19364
29976
21627
27478
19774
19632
8636
14314
17698
8238
29588
18529
27195
38312
713
8478
56196
28044
2133
27984
11541
17234
17462
19602
16401
21508
27180
32227
6496
28053
13404
58726
21663
11123
1908
23586
27003
15202
8584
28610
19430
4223
15978
7113
19064
3577
50828
28779
13811
31558
245
6898
27430
22348
50482
18780
32201
17420
12941
31523
5214
24488
23385
8409
5570
41174
12347
31735
52828
27474
13650
14832
6920
32549
2870
5369
13687
14763
1032
7580
20779
32275
45244
9420
11062
19381
23464
43180
5531
19974
20573
16189
16962
28370
14197
2126
29316
19299
31536
23750
15149
28848
52828
13805
13587
12837
21430
16186
19966
13352
21463
7992
9049
23875
26822
14031
61064
9748
2696
25963
28404
30396
27768
21135
34158
14171
25814
26886
14069
11583
22619
2500
26106
21289
11046
22367
23523
869
31739
13850
31614
1842
26606
13986
9586
25794
30491
23440
3218
32025
5354
13125
18725
27754
19967
3528
28486
29782
28936
11791
479
3454
31151
10387
12455
25853
48256
17250
7377
20054
30714
7632
29618
2087
16048
17240
4213
5976
25284
18784
616
2443
21375
1347
12366
1022
24101
24448
10697
28534
24581
2086
23074
19882
7487
28519
22996
26102
9416
26270
9945
28779
15127
32003
1504
26148
31458
20457
9721
29810
51886
36062
28721
8745
8352
6504
18993
6773
34200
7294
9524
17688
9565
5101
52450
5243
11295
29283
3717
22016
11542
1275
15604
30837
6917
21607
10472
34082
28170
24706
382
31892
6026
10512
986
4325
24226
12484
24729
15706
18755
23411
23085
31635
4293
17007
32396
7280
31096
23169
28755
16936
22021
54982
28504
3151
28636
15553
17855
12836
16563
1786
13672
32398
32299
18295
1236
19325
19400
32284
23420
3661
48396
28973
21188
57404
25930
26434
53218
12913
30040
21872
19356
58262
9846
8913
7190
15463
24020
1592
20112
325
7489
19353
28340
18908
7937
23744
3696
25379
15914
24160
3966
24889
18498
11837
11157
6115
31947
22856
12945
29734
23682
24676
26482
10784
12860
31686
8441
45382
20398
30787
17120
9420
4718
25598
9488
14378
13422
28532
17264
14405
6936
2000
31532
4718
18338
25224
25043
15248
3023
30813
14690
23202
15292
7530
30584
18521
18823
23289
20508
38570
4581
14443
30500
28399
28625
40100
31129
13414
3969
60186
16694
21634
7744
2825
14932
1048
27213
713
2956
20979
16845
8340
9236
6692
38146
12198
50620
19861
29112
3896
16521
13893
19280
18774
5780
10152
60244
43270
61140
13659
29136
22308
50342
3727
18628
5011
8955
1974
6687
6806
32469
16786
2402
62486
64392
875
18625
13315
4856
31127
26967
20325
4639
31225
26867
6364
27898
15407
1097
9188
48118
16916
13370
13068
180
10260
26258
17843
31403
17212
17134
17627
53120
24285
2773
25095
1210
9716
22476
36348
21328
23470
17444
4330
11848
24729
14628
2118
13498
11987
3432
19130
3393
26661
25876
24598
16552
2278
18897
31502
22439
24864
16455
3487
8213
11274
10550
12454
29796
7742
18468
14542
19308
13401
9586
63010
45476
28071
9049
27962
27346
29436
31286
32176
6758
16814
24836
6337
15451
27843
20086
23950
27228
8210
10497
26291
22559
1327
2870
32766
27711
17719
16551
1860
19043
59800
27025
26287
1772
8364
6445
7283
57138
13322
16826
8587
22026
26736
10732
12429
3480
20594
24478
26744
9646
25851
11440
5493
20787
25985
32580
15692
1984
8433
3260
29443
4640
20413
27467
11514
17904
3931
20070
8755
30544
6646
19254
24788
16453
14587
12621
32051
28746
11121
22182
7284
17379
12750
30214
31332
2444
17208
13055
20816
28056
13440
17661
10972
28087
31533
13917
13183
6301
10718
8623
21721
45333
25224
12295
10970
13263
15739
18772
28126
29430
23794
12161
49258
5414
19034
29937
18543
28695
22498
3092
42162
28176
12494
3585
21373
20248
17968
21329
8564
3884
13792
3081
19131
22756
9615
12996
32667
2439
30072
21734
931
3664
34152
22694
21840
10988
17508
17913
28044
5780
14309
8810
28919
22018
27242
12191
23591
26754
36626
5527
15296
29689
31391
32396
25703
2302
748
3737
51084
7827
20391
44436
30993
26563
18550
29097
30684
21203
24115
15077
29864
25334
5631
9897
12358
5182
12828
10319
27857
19076
45093
32637
7714
7745
25960
1132
17742
8149
17038
25370
31036
26626
23976
21389
7375
10348
20348
21068
4230
42564
15003
10239
5124
13859
26850
30616
31135
9493
16698
28165
25637
9204
19427
4178
28983
39638
14214
28142
3280
19669
30024
22444
26457
22375
5397
3114
21628
5294
3790
3760
29603
7110
14565
25086
10365
15718
1331
4109
6246
19894
6987
10868
20241
27444
24102
268
3849
14141
5570
2185
30356
30057
23282
11376
24899
27687
12948
24854
16074
16230
1256
30331
12149
27546
32535
23274
36648
52572
14430
13539
5265
57262
3821
19954
2118
61482
937
3357
8524
41320
7014
30268
11052
23854
21721
35944
1034
13800
4420
16467
20710
5656
4911
25056
464
14715
23283
1720
31749
881
12530
25635
19733
14180
12866
13461
16263
5458
13905
28157
47778
3509
20088
19858
27319
3336
2779
29178
22541
20193
33392
15309
16477
2975
21455
16741
25620
25938
9624
4089
20174
15770
15492
28206
15268
2137
905
7785
407
11436
6359
12036
24659
14303
13297
3194
27339
9165
22491
19390
31026
48064
20754
4186
22425
9621
18474
16606
9123
16635
1507
21748
7969
13521
18620
32047
24199
4298
64640
18056
7317
5673
27221
64196
28128
17813
43382
5982
27147
26002
28236
12997
22456
5551
26281
22438
31459
5886
863
932
15188
2295
7946
552
17039
27074
27628
23216
21211
6849
14786
58794
17727
5176
13465
22780
24422
1633
476
10581
23594
9990
5162
15259
13526
20273
26125
25336
20249
13513
16860
13196
2460
12930
13529
39232
3467
1904
1185
20194
25824
33778
20958
4483
19958
10457
14963
23425
19235
13766
12572
32588
26235
20341
3969
7117
2343
28940
49384
31836
31128
18484
8076
42426
7376
7868
8092
30105
5828
311
54446
17657
17699
8509
1746
30621
6164
15095
36648
59136
29393
6995
13492
25007
32565
1800
31186
24536
23025
23537
5943
16463
9430
19132
6716
3457
7600
6725
11675
29975
4377
10695
7086
26111
15589
22513
16191
31960
12114
25880
11011
41392
3834
9432
58914
42078
5493
19954
26395
15059
2616
6893
29438
9254
16156
21026
10805
26724
23261
8350
4785
4217
12055
17420
18723
20313
19805
605
28347
1296
19174
17705
7106
21456
4081
2381
20922
31345
4696
9235
47904
24414
13151
43906
8427
25982
9979
5180
6336
16683
13468
22021
768
16238
14362
4918
15661
3810
9962
2324
11513
28632
31905
28630
26399
30524
3238
21694
31007
8090
18785
3353
30241
18922
60168
22363
23113
13669
18742
27100
5448
21254
23008
30596
1167
5407
14412
7706
12966
5688
22963
13468
22543
26600
10919
28438
5165
28688
28772
15900
18655
13495
47830
15332
2439
4133
13446
15655
26538
29494
12830
2135
18421
17472
22388
30373
7884
27285
5515
22109
13960
6750
18935
3905
29580
8899
7669
3034
18633
10527
27818
14723
35892
9151
24268
9419
7788
31140
16665
19200
25737
22058
7059
29878
57050
7327
15981
30455
6406
12272
27033
24990
5035
28077
11831
5088
32328
1907
19650
23567
11386
24955
15247
20861
11115
23338
13536
52164
9808
22199
1376
22683
4593
33008
25707
18750
19064
6298
28590
14917
26217
12783
32645
1208
28376
20011
30546
7099
27505
36424
21569
29230
15475
27774
11388
14945
57634
3446
58874
13480
2406
33864
32503
18805
9733
6674
9406
19000
7296
31640
18091
6142
17105
2705
24010
59460
38314
51328
26261
12968
31133
3771
6616
4372
12581
11318
11492
23830
7294
30082
14033
7309
26693
11516
18893
4514
18273
9230
10349
10448
18147
5047
20800
1064
30748
32720
15074
8602
7032
16063
4722
25164
17139
10087
29443
10437
7868
20850
27837
31432
5476
64004
2297
2986
32078
25918
4691
30043
9656
3968
7830
21741
30133
31450
40766
19721
10188
21206
14397
54712
3058
10858
61136
8989
30460
15663
4921
46230
50690
22376
14781
10165
31994
1829
396
30134
7941
30747
9320
12963
13406
21607
12636
30659
16086
64474
23603
52468
2834
36288
20752
1549
35842
6940
28955
10025
4811
14568
15556
8433
3290
9731
63230
5931
15499
22232
28408
26618
16964
29103
3683
5789
12594
27920
32766
19353
2056
60
7941
6938
3542
6396
10529
24102
21043
803
15773
9610
877
21789
32626
6339
32455
5853
25504
20718
19206
20676
15590
4377
3417
2518
45168
12882
964
23941
19552
21810
25504
23797
9893
45192
40700
30830
25188
8167
1866
25530
13468
22557
25030
12935
28015
1844
17885
5253
2291
12490
18794
30698
35236
13969
30939
15130
13447
26310
9782
8254
22983
16585
30465
31295
16570
16676
14220
22072
28158
22773
61242
20835
11393
30749
6443
21410
29073
9433
19875
17459
17193
11113
16467
1679
4514
39556
24035
30063
15647
13905
8969
18006
11648
18060
44738
26106
5103
3984
19088
14342
23454
18409
944
30361
17388
21437
7117
858
4101
43270
9136
21965
28849
59462
18995
19106
12186
20530
31025
5727
44834
12636
17584
1497
18318
26342
24984
11993
14871
16703
27176
25460
21522
25001
16638
748
10435
26663
27338
17891
26249
20182
33850
31983
43467
29885
21038
64692
1698
23669
53956
31003
48762
46756
4709
29873
70
43732
29267
23476
15092
62898
9996
64400
6093
7474
31009
56634
21078
16506
2667
2018
46958
3040
124
11718
12297
18715
8191
11461
813
14734
8757
24878
14998
16920
11677
7950
20356
50860
8147
392
22852
20742
53850
5823
23885
15014
11682
12251
3223
208
17265
15568
17850
14213
29932
21427
7143
30073
13366
192
8091
1888
32698
10358
44058
25377
15176
336
59364
15338
30478
17133
17995
22446
23743
25466
22046
20299
19913
2517
23234
3960
12887
21338
11867
29698
32024
35060
5231
17966
43689
8296
4921
31974
20988
10360
16788
32666
13583
6839
9118
14664
17234
4046
32159
10181
27747
25954
23482
25552
1969
1168
30966
212
26103
9656
18246
35310
11608
29488
16110
27202
9944
25252
26031
13522
58350
15612
33980
8294
1777
32216
21473
3984
5886
13351
31638
19886
13316
27738
15186
18015
479
19404
12164
16905
14010
30962
25950
17731
55666
3346
30499
18249
19120
46622
30463
28715
32625
1839
19094
8350
11837
6151
25159
20670
20752
39018
20785
32700
8765
63138
26442
23946
17272
33222
3739
10929
17365
5732
27875
15659
24596
19152
9722
18142
17675
5082
63826
11138
198
12647
3154
6608
26317
39309
53214
5091
40100
31102
23692
5418
64684
63010
27002
32126
20771
22684
30392
13659
25572
31360
28914
22143
45698
2545
31613
31562
25789
29551
7296
23790
17130
20045
11561
19892
4997
26928
3605
23384
590
28848
32515
21171
48610
10680
15688
8606
31078
24461
1365
28808
28121
13414
6560
11326
16428
12932
19280
26086
531
31298
25685
15643
25807
24310
19412
31944
11867
17360
29483
8174
59552
21066
20431
1560
24536
29440
25651
9388
2728
29321
14633
22214
6505
23238
23796
49450
6383
14
5081
23001
13285
7557
26048
12855
64874
4546
27620
31864
23063
10042
49252
8076
36
11277
13145
51420
15594
14435
23894
11566
14343
22571
12369
30419
17897
24677
12214
10459
28562
30495
25173
11690
8642
1571
17452
26408
182
26153
10453
21624
7779
13485
56804
23919
45172
49922
24621
5232
28847
29648
22668
12518
32044
7296
13039
19288
6921
12006
9156
3391
24286
31286
15607
3713
978
5898
5996
30125
4406
4838
3799
21180
39726
29107
17371
10010
16052
27579
9708
15128
454
26853
23984
49424
8523
5365
1266
3708
8505
23426
17770
32667
1346
13126
9615
17510
13447
7796
58760
24852
47108
11261
26481
43098
28035
3384
14065
57300
4541
29115
18707
7843
5370
55260
30832
27429
4959
518
6258
15514
8298
25416
21543
4259
53336
23683
12954
22544
12336
20873
12342
30606
29129
11951
25504
11344
24481
9586
8153
5035
15980
9264
16812
1622
27272
8712
19256
18350
46346
31935
21661
922
24775
20514
47140
5688
19448
32322
1458
29284
27531
14966
19040
56114
19458
5307
2153
4801
31260
42460
8273
26982
11228
13190
10547
32339
56010
32229
61790
8280
37398
19093
18581
10854
12585
30061
11309
27413
3629
7564
17774
11745
31704
2300
7461
23029
21338
12487
29243
32316
7178
20160
9983
8702
49846
14578
13552
1602
24056
15647
27756
20227
13197
23170
335
10693
12938
