3418
6661
1232
14048
10173
11287
27490
22201
26167
501
30476
16522
20587
4414
17753
30683
11801
24552
30503
12336
30455
24869
30653
32345
7096
17794
2515
1031
4067
10356
9035
9832
2231
22018
8089
30675
10725
449
32404
1459
8186
11271
4430
19012
23060
25576
1395
3303
27592
14436
22597
13424
7649
1374
21470
679
13865
22576
25411
14131
22284
9086
10073
11997
15676
18650
11280
24327
18367
10116
28917
28866
259
2582
395
17730
23692
927
25808
3031
15515
22324
12400
9791
14811
19519
11629
28212
27877
2811
27384
9436
22547
10392
29227
24941
16423
28978
18306
20832
877
26147
28736
4883
23229
32037
29921
24822
6768
8601
4371
20010
22114
13139
20297
28391
25446
19478
18566
28220
20152
26577
17169
20048
13459
5082
24580
21475
8603
11527
19385
10508
19336
26663
10204
20650
3868
17865
6599
32734
17341
16207
17137
26557
31833
4946
14320
1762
22155
8083
27239
15581
31172
7589
10996
22083
17411
2385
31950
29262
31955
18970
29669
15059
14817
24402
12588
15287
25231
3099
21870
21279
17262
32503
884
12755
28241
893
16602
25469
26734
8687
10336
7930
21038
24117
14310
2630
8209
9742
24937
24896
29055
19338
16537
6208
2979
27489
7747
28687
4331
18941
12967
22968
722
28770
23628
4098
4594
23088
4667
14324
32260
30351
6543
7937
8696
26802
27991
6866
22511
29694
4893
13405
26317
23992
8981
28687
9761
1586
25633
20326
8975
1852
24707
12630
12741
26568
15624
22851
2963
5869
29384
10055
20772
15670
11264
2013
26910
22174
13395
16710
24679
11515
13117
26950
12208
19811
32277
8428
23933
26749
7302
23256
20533
30527
10086
28076
7466
12996
13212
25455
23231
26172
2110
2638
12613
30878
385
9024
19294
16159
707
10158
18145
20198
9275
3197
18555
208
24767
31414
29959
23948
17930
19067
5231
9812
3301
7475
94
14086
32528
2237
19596
25518
24778
24412
15847
22440
26935
24367
24636
22606
16571
29285
6445
11140
16595
2819
25103
26642
20968
11143
2931
7567
32073
9600
24898
15552
24727
26426
16543
5413
32460
18010
6086
26594
13882
6716
27837
32114
27529
31635
8141
26153
14425
796
998
16160
65172
7908
16830
28053
15117
26950
26281
23542
9898
15642
11153
8470
8043
18668
8584
2940
3560
17468
23981
3364
4892
24071
7404
11462
21512
20524
27754
29186
17351
6707
25353
17962
26136
13376
20817
2014
23737
11774
3100
30747
11094
14728
19785
29661
20375
24586
11005
10733
1180
23473
32393
12223
4975
15927
18187
1178
3602
36142
1834
8215
4152
4512
29794
27433
21326
8615
20352
8458
27952
12813
8309
20980
15516
16833
23896
14942
15782
3180
4889
25964
11765
26849
3374
18525
2562
32018
3470
1183
5799
28078
8585
30431
22283
13742
20644
28285
17147
13646
14071
24405
19553
30396
15828
14681
23816
27130
19696
28769
29643
6544
9221
22430
13328
20963
3808
25958
4057
1200
23916
12246
23808
16549
28376
30644
19925
1753
31893
6215
24051
13020
8330
26526
23226
11733
5747
13834
2914
1578
25022
17128
21173
22821
6521
709
8792
18779
21073
10289
9386
18005
30424
7719
24291
20218
28020
6013
19017
21395
16367
28323
20360
1420
5857
25637
8807
1541
11735
27194
22739
20504
26399
16125
10382
13738
13911
30217
26270
30282
23092
31549
1305
10785
26129
17405
27573
10653
21425
15717
22584
5865
20231
28612
32442
5013
18890
19530
26069
5188
24055
8056
7374
7576
14306
25128
76
19448
6633
19156
9722
17410
4035
12386
50710
6445
10344
4365
23104
5317
24969
24494
29930
3490
15138
25166
5670
11295
25486
22938
24353
2461
2973
31403
11540
19103
8057
27814
24548
20186
32295
26546
9263
9227
29447
13972
31057
25228
31438
7797
24357
13529
3869
13219
6055
16651
20574
1508
23048
11902
24044
31912
25270
23838
26680
13933
21524
21015
18671
304
29351
29886
11387
10971
2867
31133
1477
8650
15936
14310
21677
11305
30604
20683
20450
6957
10364
22306
10545
5233
31916
23098
12285
17278
22590
15815
16694
6154
16794
25290
26169
8301
25437
11172
21216
10194
11441
13941
1080
20775
5346
12283
15704
272
20990
7054
13452
3233
31761
27263
18549
1929
32205
6512
12808
20529
6324
23887
17690
21373
19612
344
30743
3121
21302
3198
24117
11758
18517
29618
13175
5188
27670
25073
2160
9545
9160
462
25293
12072
583
18515
18752
24568
26550
24991
32493
2172
25052
8111
3054
19917
25191
29832
4657
26213
26162
6030
11577
8694
2231
17133
19495
8098
24604
26318
2568
5175
9007
18728
4849
2983
24640
22010
6779
32623
2113
12230
7322
16892
11889
20100
227
19926
24344
19294
18836
1870
11919
6558
20322
10625
16426
11477
30191
4628
16268
14850
15775
10370
13574
28191
2660
15959
15831
540
22477
5907
13497
19549
10639
10051
13468
4358
30660
12452
4064
19665
1590
20978
10662
23090
5678
14842
17498
24916
24147
1724
8247
15590
20903
22630
24438
10566
7594
7003
7439
24323
15740
791
18780
16017
15902
12271
3758
4411
2039
15873
7924
6370
22153
29391
6870
4295
6895
6974
31753
26706
36728
20399
23246
10548
24587
16443
26096
10614
25319
10157
4561
6228
11948
24067
12489
7288
13962
4213
15772
57048
30835
30539
7209
18216
2901
3632
9042
8755
963
12553
27330
15109
19915
18298
27235
2311
7681
15269
3203
23241
11428
3937
11424
6997
3259
19458
4701
22469
17496
5310
19183
677
19103
4687
8384
4268
22201
8597
28695
13777
8084
9889
5718
27302
31736
10873
2488
29049
9517
11029
13519
3660
24002
13597
11780
19668
12209
3502
27625
6429
31444
31462
21052
8368
17872
14114
25458
23992
21356
5216
32080
30024
20312
5392
31147
23205
15996
23732
9578
30381
20615
12326
25563
8649
11274
21592
25084
31037
9387
1145
23680
8092
37080
13125
7474
1406
32602
17745
3083
28286
19911
1311
5662
14950
27296
16863
24307
23034
1287
27924
6795
6440
23406
935
7275
12411
31133
22385
4728
8572
13402
14178
20027
4263
467
5952
19453
21759
12752
2605
22799
13690
27628
24354
12241
20243
30715
21176
4623
20372
8016
19061
29610
17819
4244
9604
26940
9548
886
16724
27250
17487
10313
14047
4175
27076
4839
31081
12047
4179
30427
24650
10297
2989
12128
25949
29801
13676
31258
23270
14377
5980
4846
23902
12994
6957
9943
18738
2622
6068
32466
39630
12831
17004
366
20098
30791
18242
21684
25891
26937
29693
13795
4297
18674
52164
19848
24932
1117
4254
20304
23836
5354
11299
2752
29516
29707
25511
6075
26388
30841
8527
29392
31804
10585
17323
12617
31926
27890
13648
48948
14060
14423
12988
20020
5043
10133
19819
12871
21905
4002
26353
31647
6856
10943
1921
3101
8595
24575
16767
28312
23418
32293
3005
15859
3692
31855
26604
2799
10004
30153
18242
11204
23052
9761
4652
12597
696
2827
3396
17535
30975
16686
24681
10325
19121
29718
4482
32157
8943
20012
17199
10716
29207
27086
24180
14797
2752
18316
1248
1205
27848
4545
17355
27551
30732
262
8125
5812
27472
29291
10639
11012
14189
10544
2108
26863
3268
11595
7609
25226
30473
27199
21316
4690
25352
22140
11665
21038
29060
8410
3492
29443
2073
21814
8266
28198
25465
2716
16811
29748
30619
7981
26018
20051
13154
4396
5500
4274
4516
32523
5098
8996
22980
21173
18119
22954
22899
14700
30094
26242
11086
788
16661
14450
15429
16957
18650
981
11847
405
29514
16146
1345
30736
23464
31269
2183
26809
16492
12494
29763
14801
20598
31693
23307
1011
5465
30945
1405
10599
22781
679
4514
24658
12801
486
9903
20946
10382
3603
11646
1132
29912
10644
12097
20035
31012
30487
25969
8121
14442
17254
25412
27982
9105
21273
17631
16754
28346
2489
19090
11023
8898
21489
17161
31851
16114
771
40898
14504
25284
10061
27676
3290
24652
20858
25524
29061
23866
24175
16638
21802
13724
6390
11478
11938
29843
13233
2952
28905
27387
27826
11520
29853
24722
29843
2770
15747
18493
22425
9177
10465
3662
9281
17123
386
15002
1679
23164
17512
31300
2259
17240
9761
32292
19958
24102
28858
21629
18602
7811
24321
24788
19782
2504
6049
36
22971
10916
25296
17569
11127
11893
19433
17890
3109
7897
2249
4782
19124
3876
11852
8727
18275
23204
15836
5670
23589
20093
12165
17420
19195
25668
28819
18848
3994
4501
22549
13963
26411
1308
26106
22017
8432
24140
22980
892
55560
32254
7471
23029
8553
24335
18256
30838
2172
15112
30147
22790
61106
23247
24911
28386
27988
11870
21385
28675
22724
18033
7316
26219
36672
14373
20507
14225
18865
27171
29646
27269
23331
32466
23195
12929
12926
4413
752
27361
6360
15020
23394
32673
15071
14283
4362
1292
19992
31706
20301
20574
15002
32208
1443
13527
10152
29762
15978
4073
22883
32506
8196
14260
3366
21102
6473
32592
16352
1382
32507
24270
13060
27940
4125
28834
18656
29125
31704
26836
23838
23769
23200
8747
4604
4493
20941
32360
30261
15934
15760
6783
21286
26889
28034
21075
30773
10487
28115
27794
10493
20122
27721
18503
18324
14158
35742
32384
13581
1616
3006
2166
32053
26792
5857
27680
707
2971
24509
10738
26312
24188
9234
16951
37272
39374
24108
19278
14808
5623
5811
28257
4020
28448
8797
2558
16341
5299
6597
2606
27015
20104
30115
40626
13724
30925
31554
5246
2489
9019
4840
21269
28201
21754
1969
26639
7791
13975
9729
36666
30159
12754
26269
20619
17231
9454
18232
25781
31931
23849
11529
8640
30618
11579
32237
11393
15476
9758
15121
11721
12388
22307
27747
10429
30401
709
23354
19021
6791
23038
26850
8347
11983
9530
15017
43764
3275
21885
32647
7861
592
20920
25895
10668
24708
21632
4797
10206
2210
8969
4764
7179
1763
4930
22454
5552
13534
3982
2354
28110
13196
3817
19535
11683
17536
11221
23628
32554
56258
773
28655
10759
25912
16229
10155
3309
23520
20575
2659
27835
5246
7371
29948
31738
2364
7174
15594
7266
2407
13646
21847
15385
4401
11650
14238
3881
26312
9635
15738
14599
24600
24410
25499
30716
31395
10890
18222
11645
9055
21502
20690
25170
19945
8912
28724
20413
17513
2642
19474
16054
2110
3196
26732
5074
29893
12332
18448
13096
30771
8415
22740
16950
5040
63238
5347
19649
54176
28046
10094
28444
31777
29665
201
26982
9364
6726
19239
29968
15630
15324
15366
29858
15876
13192
708
29773
7254
25593
8963
16308
20099
23091
29279
10220
23824
19837
10838
25871
10843
5115
6907
7024
5979
3828
30997
4230
4166
27079
28084
20274
26428
27929
6246
10990
15852
14251
7689
30727
7610
21790
3923
14556
17911
30176
16338
24120
7565
11815
14874
16140
32603
29293
8598
8232
5192
14091
1406
26699
1351
26178
32369
4618
5364
15224
7068
20680
11818
7964
5355
14629
6866
16449
56902
26431
11353
31320
27110
27790
13303
15980
16615
6921
3672
12299
5977
32221
21969
721
8583
27934
19143
14844
27646
25273
32153
13707
18157
22470
23935
36588
24338
9531
2318
729
16812
29778
12662
18229
24919
14684
16320
21360
19219
3658
9701
1816
3985
28796
10202
12595
24760
1599
51172
1766
3550
14233
16350
20760
25367
20158
31597
34872
23460
29531
24519
8826
28557
26966
23426
30593
23438
18058
13667
26059
5041
12673
5376
22212
9940
27351
13927
21559
17465
4074
26163
54212
5180
19727
19531
9374
4127
21245
1880
26722
24336
11648
28439
3543
345
29413
9799
5291
2264
14186
7188
23131
6338
25928
12944
12532
12207
11359
11803
11628
29679
18847
1352
30197
16437
11211
8973
30370
2755
19757
2768
8287
13369
1250
5850
8285
30415
9021
11640
693
6231
8567
13443
27343
1557
9931
14727
16395
10414
10134
25981
10245
13188
1679
4432
30530
14052
28275
24621
27568
25502
24971
29372
24108
16411
25825
16335
10365
29920
26473
19871
19296
5033
16068
21350
10275
58672
24797
14753
5114
20516
13406
32078
29566
11132
20092
21080
16743
2131
1368
20985
1293
17456
19681
28405
13501
32268
10834
4852
14882
2839
24279
32184
4084
29405
8458
19820
22354
6927
5818
17960
30414
29171
18844
7391
24125
7319
5323
19395
10843
21545
14038
20855
28149
4401
8115
10877
9723
29305
20931
10900
26507
9013
17381
17824
16539
13951
32707
1509
13146
17965
17827
14528
8980
3349
31972
29643
14358
29386
11888
9341
25218
10439
7044
7076
12010
1725
26938
27842
29105
31956
3160
30697
20467
15264
28592
19613
13353
3109
21099
395
904
3843
14018
7827
10876
17437
19985
854
31601
12938
853
13942
971
29748
3010
13262
23773
26842
15139
30195
12219
18575
2021
12757
23489
25066
17271
18151
4880
7928
27684
13144
23574
29854
32657
27470
12958
12235
11604
8199
20296
25913
11976
9226
29684
19074
8305
12731
27874
27291
21143
16724
2730
29238
17023
17580
10542
32306
21995
20013
8029
20157
6334
31951
10275
5785
13220
20174
16204
6095
26319
11010
23841
19474
1514
14130
17267
12871
24048
28023
12789
53446
25241
25847
18985
16860
5976
1803
21814
11272
30473
18671
2184
6648
20651
30061
4351
22623
24645
16714
9547
28201
11518
24886
18678
7289
24726
25445
9521
13061
22981
15375
29661
11852
28590
3193
28591
14982
16865
30444
337
4072
11557
7448
14922
25204
27181
25467
21830
4354
1544
8606
8934
25293
27315
1385
6578
1568
31018
3619
31509
25165
6204
23775
29386
22985
24002
16358
8480
5386
7168
25165
29490
21388
28446
2205
18776
37344
9189
28292
12769
6538
23402
11905
14109
23785
8518
28479
26810
14140
6282
12843
23628
17418
15213
20947
18246
13107
2587
7450
5163
5428
17410
18205
23907
4086
17011
15299
5499
31963
32485
16242
53068
9558
54342
1847
18950
22988
28531
10509
9022
17797
6967
2434
29227
20687
1852
25100
14603
32175
30640
40822
721
23827
8668
9161
7298
29518
20400
11747
22633
15671
15379
27543
25127
28227
28730
10886
1746
3448
28251
5169
5110
29171
22771
29216
29152
31993
11162
21181
7877
17942
24777
5844
7379
12393
14595
13581
32602
14686
17063
1998
9184
14776
9409
10941
214
17972
15025
21165
20634
14058
1306
15817
6903
16781
8137
14036
23985
28739
11846
26640
22364
26707
14322
29601
20047
4853
8371
29503
21613
2716
10222
845
12826
12635
13726
29387
10802
14215
17029
3061
25676
9726
23530
20121
13064
30333
28698
11281
7751
25969
16313
6278
10676
10555
25988
30671
16420
25997
15820
10528
22607
9348
26169
28796
23220
10693
11201
54680
6986
28838
28620
345
17267
101
10826
23473
16870
7912
14257
22470
5192
24635
11186
5905
10893
14807
1865
26545
1710
35666
25005
28565
16965
11206
21360
4303
22671
7122
27301
27606
482
21102
24744
16834
62218
32397
7146
25005
24695
8075
1387
19008
28283
9970
25454
29710
4116
6263
21803
13853
25303
25573
29435
20448
26964
16260
29728
32197
2890
17758
28476
32252
24669
7723
22994
3600
28460
29640
31431
11004
20486
25512
16705
30831
9392
7975
18706
26697
10079
2842
14651
16264
22086
11167
17388
1475
5962
13877
21438
32591
6145
29989
13541
5328
4389
30332
27770
28192
4574
26752
22234
17517
17582
28256
21486
30547
17725
8130
29166
28151
8559
31800
23587
8625
14864
27092
14943
13548
7469
5330
3573
32757
28941
4711
24264
17350
1197
20427
27958
2978
8350
27578
27514
4083
18742
23581
12406
29693
22515
30152
7791
24283
21063
6672
29433
25992
2897
30419
31632
14776
31007
18787
21365
26663
26136
27221
24740
18542
3415
5402
11821
9611
2081
1810
11346
19889
29370
29201
10925
15295
25453
15868
5458
19857
9858
21000
29728
114
10531
3769
5051
2870
13801
3446
20274
8973
29459
6650
8448
16301
27422
17804
27972
22506
52550
21991
18583
12531
28073
6577
16190
29848
5209
31810
12556
31030
8526
22860
21479
31622
29942
11201
20105
61324
5885
3024
19218
20413
21267
3701
11467
24393
24519
6223
18927
27224
27624
9785
15836
43224
21603
14538
11888
18317
6144
13124
11795
22705
24582
7
16805
14479
22529
31364
30698
15862
52216
8204
7870
26722
21289
23901
22409
3968
7116
21922
15284
9211
3361
6042
32436
6386
18161
28234
8541
13427
31304
28136
275
4255
8860
9008
2903
8321
22234
11799
28916
38320
14706
1113
8811
12961
22835
14956
5872
8426
13676
18524
17680
571
27236
14543
13052
21443
10819
11109
17451
16727
19223
32082
18901
1781
16454
9905
30630
58312
13588
32326
5298
31055
2220
1058
28637
19556
23970
16015
26995
18718
4492
2214
30741
10342
24110
37216
24113
11349
8728
21592
13004
27004
25465
6704
4359
23905
7343
8421
1117
17400
29831
573
29750
26457
7493
12825
6578
362
14107
13285
8116
14393
17358
24276
2984
6689
10274
2062
7636
30660
12886
28576
11675
19910
9902
30056
10528
3687
29164
64560
4867
19893
6266
30232
26104
10994
32215
606
7382
30348
11777
17086
6635
11692
3220
21457
32146
4425
21912
7263
28798
27837
18421
29445
7133
21955
4036
22427
23916
54082
11329
7712
17252
9438
9154
9048
59936
12066
31554
20220
12862
8046
12983
10821
57560
10021
21672
20107
12936
20880
17188
17491
18281
5709
31146
20603
20259
26734
9339
23334
7423
310
16849
29509
4925
940
15537
22498
11333
11691
10659
26674
20835
28865
21901
5996
27273
9900
15662
7343
24874
2647
22873
6288
11820
21286
7294
31268
32059
19736
29577
10511
26875
26835
25876
24085
6428
25149
12787
5771
52498
10800
994
36968
23767
7958
14152
21009
11596
7136
12159
14399
11086
11003
32648
26589
7417
32397
17869
23317
9025
11621
6545
44004
22121
24021
26552
31461
11968
3281
26658
23192
16210
29703
5000
4594
1579
12055
2916
4445
4617
13632
26661
23732
23790
11302
15425
25050
22363
32064
9600
19993
12519
32694
534
11172
27832
13896
6482
7750
20854
16867
3782
32550
15527
2360
25166
31182
25327
2897
24012
14716
21029
7259
29904
9081
2075
57916
29250
10280
25453
13590
5786
13915
25909
17157
13651
26026
25382
20616
8480
572
28657
3605
28280
23716
31977
23060
1693
12849
21382
20081
1734
27009
8401
23614
7505
6247
14735
12077
11886
27508
23689
18444
32092
9506
25410
23481
7403
3617
23339
662
6410
27900
23076
18067
2839
11538
4934
20368
18145
23867
29694
20464
34496
22038
522
52512
13265
30364
5165
31713
21352
22833
22406
29483
53992
32583
41490
2726
17252
4846
22831
9341
27144
32210
29836
6947
21896
30714
18983
8442
20199
52742
30244
15969
14957
22558
4894
20712
31706
19861
23801
23461
3020
30187
21057
11468
25241
10965
36346
13822
2728
2789
570
8583
1903
4424
10751
21538
1539
8683
16477
1172
11040
8159
24597
28077
19374
31518
22460
25119
20185
30134
6151
8741
19751
29819
5418
15134
31376
32364
25081
23480
30357
15656
4764
9750
24
26134
5963
8276
19829
7834
4115
25061
22774
26080
29535
13419
8953
15912
24089
31859
11148
3424
25609
10651
25866
13807
1656
22010
28582
26949
19243
31950
20348
834
14572
15198
5300
22102
25202
24862
3834
26026
29548
31030
12246
17664
15593
8807
6301
12312
19329
13483
27699
15779
17145
15322
16022
22772
5436
2574
19152
27305
10995
8426
13977
15844
14450
590
21545
47050
47020
28690
8426
28488
26571
14620
23828
6939
5175
15418
18367
13824
4940
8610
22713
20115
31208
19094
28869
22577
76
20569
37002
14440
31364
18159
15092
11168
24565
20376
31988
1556
29771
20780
30793
23208
25720
25709
16373
6103
27820
26902
9817
13462
30846
7375
28145
12508
27437
23867
24309
4111
27073
6008
25203
10229
9258
17932
1573
11088
6897
18684
7456
10823
30116
19775
56688
13644
16013
3535
15064
1537
6684
16134
10746
5949
22735
29120
1014
1244
23182
24750
15463
1808
24240
18398
659
18251
44924
8300
19792
10710
31718
31936
38274
59848
26580
17020
11927
14432
30002
4503
31940
19067
32372
1885
17938
8451
22731
332
19636
22195
23950
8442
42600
31629
33660
25985
28718
21082
13491
13043
2688
11412
7875
11886
16460
23153
1560
25989
14159
4447
57072
4698
12186
16379
4683
63464
29140
15723
14045
28319
27180
20826
1776
19887
6729
5920
553
21162
12462
11805
23907
20253
17488
28234
2881
11321
20830
2600
20136
23150
2120
61884
14663
53556
22173
364
6154
2896
30100
29128
13679
45824
1825
2491
26669
14038
31997
11626
4451
8524
13529
6463
30973
6343
30259
24233
5687
32753
26063
4611
26414
10955
2239
26246
11491
16404
20808
11470
12580
27212
7585
6931
5194
7572
17127
3768
5266
1406
25430
30085
4488
22485
27520
16675
13320
14799
8853
8605
31892
30472
42860
852
12356
16629
8733
3053
3552
29733
8215
16752
31339
31606
20061
19589
18578
9752
4937
15799
7699
22644
31004
8037
12796
16452
23008
40
823
28152
19512
41376
18676
898
1861
26001
6817
16357
26127
10239
1813
668
66
7287
23768
1141
2649
3056
27494
24813
1881
53134
1132
25799
11170
14049
2331
12795
35928
5550
19908
16234
21699
31298
5050
44742
7166
14666
13306
6517
9204
5624
21731
13975
26172
15284
8263
29993
16850
23210
963
12991
22750
14998
11982
24565
46866
120
14594
17219
8430
23270
13053
19682
16082
39018
13422
9449
6714
13467
24971
27772
156
12361
8113
2979
11309
3211
11584
29567
30589
20182
3980
1315
22505
28090
9958
25372
776
10028
28732
26380
4820
15884
325
20839
13111
26031
28808
10952
60648
8637
12581
60142
22815
9591
10236
5008
21446
8745
29931
2729
17809
2864
15013
13051
5765
30619
23314
17141
24803
20463
25812
16167
64378
26819
24342
8676
2763
16073
29215
13865
44706
4127
22852
4441
43456
29465
31526
7146
32581
24742
2511
2149
367
25575
46082
11155
22287
13532
21392
23225
5463
24074
1034
6864
32697
14329
11196
14559
3065
16578
19661
17399
16224
21651
24542
29643
11854
29213
25561
18637
20385
27960
32683
25407
42794
23864
22357
25309
6272
15423
28657
12136
1406
4258
931
14293
13619
15725
10875
6238
6516
11900
19454
6083
20153
13478
19441
9595
10786
28456
26459
17725
933
22270
29039
377
9919
16932
552
19573
21941
15799
11492
1509
9965
8598
12082
20061
29010
19195
27579
27001
12490
17676
8480
12891
19116
27234
5754
15780
5823
23770
2505
28926
14473
26936
27313
4429
145
3936
4933
24891
25122
20089
19219
30738
13950
29489
40344
15702
8050
41572
28476
12937
58926
32269
17104
21138
9998
23718
6465
22292
24921
30427
13548
20438
9288
28761
23676
9807
12668
32741
20694
14651
21470
16144
7032
10028
18711
3052
15418
28696
10057
26594
11453
18442
34142
20231
2818
16288
16710
25452
12865
16782
30773
12982
9236
19720
21129
8454
19576
10659
10697
18278
26867
12523
29605
50286
29504
7148
11832
29861
23454
7390
27439
10636
3436
15858
10740
31551
28074
45460
2486
21935
30482
13534
12049
19888
7469
24296
22510
5258
31938
11656
17507
9262
27481
15264
30210
15548
23551
6782
60758
22077
29308
18944
27638
16108
31383
15819
9681
10025
4354
14404
29777
22511
8520
32457
13575
31393
2681
28160
31053
5823
10270
14365
31550
15572
20629
1107
31738
5818
27334
24868
5703
18384
14839
13258
3214
57072
5819
9738
28566
21850
5326
8128
10381
21459
31284
31350
6467
23380
18078
31364
18182
1278
28474
14225
10214
857
18005
59836
17319
18644
6904
1292
571
9859
56852
4840
13991
10835
16962
10157
7968
6768
10689
14529
40898
33396
476
18849
20933
9513
8003
11049
32635
19948
27773
21431
2414
23170
2587
19923
2354
10243
27238
20430
11144
15392
31412
14633
27756
14296
28222
11524
230
31039
2702
3845
20558
23270
28108
18553
4661
4211
26022
25281
4565
26722
6472
9281
17341
10223
1420
56186
30778
26623
14366
28545
32215
2609
18321
27330
15972
28699
27495
14952
20935
4107
2025
4723
22633
14191
12667
30221
11539
23531
21485
53622
11272
13958
5228
18910
23139
20567
5319
7921
23764
27664
14272
5751
32045
25088
2910
61240
19598
13917
31527
11897
11386
9314
11934
12435
14672
17432
22231
10322
8522
20348
3020
31819
14070
11229
44318
12191
759
21028
27437
30908
23377
11493
6753
10737
54740
1967
32092
30368
10368
29772
27931
15630
25295
5610
7720
22325
29690
49146
11863
13684
239
19341
21960
19042
23808
18403
1675
2572
18716
18264
15662
29578
18578
27890
6515
24401
15950
20764
24535
10663
9135
43746
17021
20092
8485
3738
14593
15898
16455
30504
26288
17554
19173
1462
9698
1587
19551
11290
11344
28542
6793
13854
23409
31120
9388
6643
30007
5492
12714
30389
15733
17750
30307
4209
9140
32192
5770
19582
31265
20534
10652
22164
23443
5256
16646
5177
364
13981
19865
44696
36550
4601
220
239
4564
55804
30685
19199
21975
1107
13207
8823
29305
29853
8769
12964
27338
12996
7520
26897
4430
28752
23964
9551
31051
15376
7142
8443
44182
2712
7610
30839
46248
8376
16927
21933
32555
8211
11452
7355
20926
23047
1462
14679
16590
29211
14236
21021
18950
1579
14582
22095
2468
5049
30252
10690
16241
13389
1077
16659
4845
31318
16087
13300
556
16245
6521
30531
36534
29701
26356
1413
5420
23153
18555
18755
19985
25595
15968
29394
1848
26078
7479
22664
17442
61776
15056
3691
6183
11072
25126
36948
4534
31188
7524
9532
13663
22111
2815
24166
5907
22230
13446
7853
21186
1669
8321
13232
61976
4099
36766
24682
26665
5405
331
64408
26395
2837
14313
18682
32199
598
27312
30153
15731
24016
22997
6272
21251
22182
30534
2214
11614
12972
14093
13583
3945
16381
24977
1806
19382
30698
22375
25263
19797
30479
26736
12693
24821
2227
10128
13517
6052
25825
4668
26445
22132
35332
33426
16802
19166
22328
1148
57108
13730
28764
21316
25582
11707
14753
14712
7033
25408
29873
8447
9812
21022
27654
2073
3167
30332
32321
9033
950
22426
20329
6035
16089
4658
25484
11092
9791
7285
39798
24728
15759
29505
11328
4894
29099
1062
5279
21518
31227
15482
18325
14130
28092
50490
19185
21629
59850
17280
26987
59970
15080
5894
27047
28370
24537
1982
25511
63190
18182
6038
11638
2443
1921
23703
27452
10900
1378
25775
4258
22849
61318
19192
10886
30512
29307
1732
26380
6979
32290
12582
19559
12019
56
44044
19961
65214
9202
30505
18214
3884
11540
14061
30125
3161
8860
2412
11160
7797
8914
58272
9636
51506
18467
5948
5989
9084
24817
11263
4182
4565
20872
20385
16940
12564
32442
19770
1046
19879
1730
28723
22810
10830
2680
5732
25157
